%% logfile from robot 5
%  1    time 0.023 sec
%  2    mission (2) state 2
%  3  4  5 Acc x,y,z [m/s2]: -3.490703 0.227759 -15.624252
%  6  7  8 Gyro x,y,z [deg/s]: 9.796143 40.618896 1.159668
%  9 10 Motor velocity ref left, right: 139.02 139.02
% 11 12 Motor voltage [V] left, right: 8.0 8.0
% 13 14 Motor current left, right [A]: 2.250 1.594
% 15 16 Wheel velocity [r/s] left, right: 21.4605 22.9074
% 17    Turnrate [r/s]: 0.2773
% 18 19 20 21 Pose x,y,h,tilt [m,m,rad,rad]: 0.0096 0.0000 0.000000 0.503032
% 22    Battery voltage [V]: 11.42
% 23 24 Get data time [us]: 500 +ctrl 790
0.063 2 -4.977129 1.565542 -12.526733 5.157471 181.030273 -6.683350 130.99 132.03 8.0 8.0 1.565 1.364 33.8067 32.1840 -0.3109 0.0426 -0.0001 -0.010364 0.409674 11.47 500 820 
0.103 2 -0.038359 2.157715 -9.069594 14.129639 338.775635 -2.929688 98.34 99.63 8.0 8.0 1.399 1.101 40.9738 39.7702 -0.2306 0.0849 -0.0007 -0.012956 0.221183 11.47 500 810 
0.143 2 -4.034926 0.175015 -4.571958 5.279541 406.250000 -7.873535 46.72 47.75 -1.1 -1.1 -0.637 -0.823 30.0474 30.7236 0.1296 0.1289 -0.0012 -0.010364 -0.052038 11.63 500 840 
0.183 2 0.290093 -0.002397 -10.198798 10.864258 169.982910 -22.277832 1.20 2.24 -5.1 -4.5 -1.354 -1.588 4.7735 4.4354 -0.0648 0.1490 -0.0015 -0.010364 -0.240682 11.56 500 820 
0.223 2 -0.721636 -0.107886 -9.745678 3.814697 -72.540283 -21.972656 -32.74 -31.44 -8.0 -7.2 -2.177 -1.786 -15.0237 -16.2813 -0.2410 0.1400 -0.0013 -0.012956 -0.264272 11.49 500 820 
0.263 2 -0.184604 -0.498672 -6.504311 -5.981445 -284.729004 -16.021729 -33.48 -32.19 -3.9 -3.4 -0.387 -0.532 -20.1759 -20.1759 0.0000 0.1155 -0.0010 -0.012956 -0.127015 11.60 500 820 
0.303 2 0.572993 1.100435 -11.678032 0.518799 -235.137939 -1.953125 5.35 5.87 5.7 3.4 1.735 1.299 -2.1231 1.6768 0.7281 0.1032 -0.0009 -0.005182 0.090175 11.54 500 830 
0.343 2 -0.261323 -1.721377 -14.037133 0.213623 6.256104 -5.798340 38.70 39.22 7.8 7.7 1.808 1.572 21.1224 21.4605 0.0648 0.1169 -0.0010 -0.005182 0.161004 11.46 500 830 
0.383 2 -4.811704 -0.623340 -9.611421 14.587402 229.827881 -5.401611 45.15 45.66 4.9 4.8 0.806 0.709 29.3848 30.0474 0.1270 0.1490 -0.0011 -0.005182 0.069527 11.59 500 820 
0.423 2 -1.342578 -0.273311 -7.947583 11.108398 224.029541 -9.460449 16.89 17.66 -2.7 -2.7 -0.942 -0.975 17.3361 17.7823 0.0855 0.1769 -0.0012 -0.007773 -0.115588 11.62 500 830 
0.463 2 -0.656904 -0.601763 -9.445995 -0.579834 -37.292480 4.333496 -5.05 -4.53 -3.3 -3.0 -0.867 -0.929 1.3793 1.1494 -0.0440 0.1847 -0.0013 -0.005182 -0.176363 11.61 500 820 
0.503 2 0.100693 0.304478 -10.381005 -3.997803 -99.456787 6.591797 -3.58 -3.32 -0.0 -0.5 0.142 -0.073 -1.7444 -1.0277 0.1373 0.1837 -0.0013 -0.002591 -0.101909 11.63 500 800 
0.543 2 -0.314067 -0.184604 -9.728896 -2.105713 -63.018799 -0.366211 0.66 1.18 0.9 1.2 0.108 0.096 -0.2840 -0.3651 -0.0155 0.1835 -0.0013 -0.005182 -0.044825 11.63 500 820 
0.583 2 -0.465107 -0.011987 -10.052553 1.892090 -22.888184 -7.263184 6.45 6.97 1.2 2.3 0.419 0.394 3.6511 2.2177 -0.2747 0.1859 -0.0013 -0.005182 -0.011843 11.62 500 820 
0.623 2 -0.232554 0.201387 -10.390595 0.122070 12.908936 2.349854 8.94 8.94 1.6 0.7 0.307 -0.052 4.7735 6.1123 0.2565 0.1912 -0.0013 0.000000 -0.011636 11.61 500 820 
0.663 2 -0.421953 0.100693 -9.597035 -0.213623 20.233154 -3.906250 8.81 8.81 0.7 0.9 0.169 0.013 5.9770 5.5984 -0.0726 0.1976 -0.0013 0.000000 -0.023839 11.62 500 780 
0.703 2 -0.584980 -0.160630 -9.728896 -0.427246 9.765625 4.119873 7.53 7.27 0.9 0.6 0.064 -0.165 4.5301 4.8006 0.0518 0.2034 -0.0013 0.002591 -0.035099 11.64 500 820 
0.743 2 -0.510659 -0.081514 -9.776845 -0.183105 1.159668 2.990723 6.88 7.14 0.9 1.2 0.033 0.079 4.0974 3.7458 -0.0674 0.2082 -0.0013 -0.002591 -0.036327 11.63 500 820 
0.783 2 -0.467505 0.153437 -9.817602 -0.732422 0.091553 0.518799 6.16 6.41 1.1 0.7 0.253 -0.132 3.1508 3.8675 0.1373 0.2127 -0.0013 -0.002591 -0.037521 11.63 500 820 
0.823 2 -0.525044 -0.064731 -9.724101 0.335693 -1.800537 -5.737305 6.21 6.73 0.5 1.6 0.059 0.160 4.1244 2.6775 -0.2773 0.2165 -0.0013 -0.005182 -0.034562 11.63 490 810 
0.863 2 -0.656904 -0.338042 -9.573061 -0.762939 2.197266 0.122070 5.65 5.91 0.5 1.1 0.013 0.138 3.4753 2.6775 -0.1529 0.2203 -0.0013 -0.002591 -0.035667 11.63 490 820 
0.903 2 -0.858291 0.002397 -9.359687 -0.244141 -4.241943 1.617432 5.13 5.65 0.0 1.6 0.041 0.212 3.7593 1.7309 -0.3887 0.2233 -0.0013 -0.005182 -0.034877 11.63 500 820 
0.943 2 -0.985356 0.201387 -9.024043 1.403809 2.899170 -4.028320 4.79 5.05 1.1 1.3 0.236 0.062 1.8120 1.5686 -0.0466 0.2259 -0.0014 -0.002591 -0.033774 11.63 500 820 
0.983 2 -0.028770 -0.465107 -10.062143 -0.732422 -9.765625 2.593994 4.60 4.86 1.2 -0.0 0.240 -0.130 1.5145 3.5159 0.3835 0.2283 -0.0014 -0.002591 -0.032778 11.61 490 800 
1.023 2 -0.359619 -0.091104 -9.925488 -0.671387 1.617432 -0.488281 3.80 4.06 0.6 1.1 0.068 0.122 1.5010 1.0548 -0.0855 0.2299 -0.0014 -0.002591 -0.032137 11.63 500 820 
1.063 2 -0.122271 -0.412363 -10.448134 -2.136230 -0.976562 3.540039 4.09 4.09 1.3 0.3 0.325 0.173 0.9736 2.1366 0.2228 0.2313 -0.0014 0.000000 -0.028765 11.63 490 760 
1.103 2 -0.016782 0.412363 -9.875141 -0.183105 7.904053 -7.141113 2.83 2.83 0.8 0.4 0.082 -0.093 0.7167 1.2035 0.0933 0.2325 -0.0014 0.000000 -0.031448 11.63 500 810 
1.143 2 -0.350029 -0.134258 -10.117285 0.610352 -8.666992 0.061035 2.60 2.60 0.9 0.9 0.165 -0.057 0.2299 0.3245 0.0181 0.2325 -0.0014 0.000000 -0.028906 11.62 500 780 
1.183 2 -0.443530 -0.321260 -9.983027 -0.671387 -1.861572 0.976562 2.24 2.24 0.7 0.7 0.092 -0.095 0.1352 0.1623 0.0052 0.2325 -0.0014 0.000000 -0.026641 11.62 490 780 
1.223 2 -0.503467 -0.050347 -9.877539 0.152588 3.662109 0.488281 1.29 1.29 0.2 0.2 0.080 -0.094 0.0947 0.1082 0.0026 0.2325 -0.0014 0.000000 -0.027622 11.63 500 780 
1.263 2 -0.405171 -0.134258 -9.839179 0.061035 8.880615 0.030518 -0.59 -0.59 -0.5 -0.5 0.087 -0.076 0.0676 0.0811 0.0026 0.2325 -0.0014 0.000000 -0.031749 11.62 500 780 
1.303 2 -0.939805 0.134258 -9.609023 0.823975 14.038086 0.152588 -4.04 -3.78 -1.9 -0.6 -0.183 -0.359 -0.0541 -1.9067 -0.3550 0.2319 -0.0014 -0.002591 -0.039235 11.62 500 810 
1.343 2 -0.165425 0.009590 -9.872744 0.213623 -9.063721 -1.098633 -6.06 -6.06 -1.8 -1.2 -0.145 -0.335 -1.6227 -2.3394 -0.1373 0.2301 -0.0014 0.000000 -0.036924 11.62 500 780 
1.383 2 -0.465107 0.395581 -9.714512 0.976562 -12.725830 -7.171631 -7.19 -7.19 -2.2 -0.6 -0.095 -0.253 -1.8120 -4.1785 -0.4534 0.2273 -0.0014 0.000000 -0.029761 11.64 500 780 
1.423 2 -1.004536 -0.302080 -9.333315 1.068115 -16.082764 -6.164551 -7.24 -7.50 -1.9 -0.8 -0.028 -0.338 -2.2177 -3.9351 -0.3291 0.2239 -0.0014 0.002591 -0.021759 11.62 500 820 
1.463 2 -0.673687 -0.234951 -9.831987 1.678467 -7.659912 -5.401611 -6.84 -7.10 -1.9 -0.9 -0.112 -0.269 -1.8256 -3.5700 -0.3343 0.2207 -0.0014 0.002591 -0.014385 11.63 490 810 
1.503 2 -0.203784 -0.208579 -9.901513 1.220703 1.068115 -8.392334 -6.88 -7.14 -1.5 -1.2 0.036 -0.342 -2.5558 -3.1778 -0.1192 0.2175 -0.0014 0.002591 -0.011721 11.62 500 810 
1.543 2 -0.700059 -0.028770 -9.445995 -0.244141 -4.119873 -4.119873 -6.85 -6.85 -1.2 -0.8 0.105 -0.523 -3.0291 -3.4483 -0.0803 0.2145 -0.0014 0.000000 -0.010220 11.63 500 820 
1.583 2 -0.414761 -0.115078 -9.683345 -0.640869 3.906250 2.899170 -7.01 -7.27 -0.7 -2.3 -0.055 -0.550 -3.7999 -1.5957 0.4224 0.2114 -0.0014 0.002591 -0.010439 11.63 500 820 
1.623 2 -0.805547 -0.306875 -9.585049 -0.030518 -4.272461 -1.525879 -7.13 -7.13 -1.1 -2.0 0.011 -0.451 -3.2319 -2.0419 0.2280 0.2080 -0.0014 0.000000 -0.009592 11.63 500 780 
1.663 2 -0.678481 -0.887061 -9.573061 -0.366211 -5.432129 8.087158 -7.31 -7.05 -0.8 -1.8 -0.063 -0.428 -3.8404 -2.3529 0.2850 0.2046 -0.0014 -0.002591 -0.008740 11.61 500 810 
1.703 2 -0.671289 -0.999741 -9.647383 -0.274658 -3.845215 1.800537 -7.54 -7.03 -1.3 -1.8 -0.084 -0.432 -3.2860 -2.4070 0.1684 0.2012 -0.0014 -0.005182 -0.008196 11.63 500 820 
1.743 2 0.045552 -0.632930 -9.510727 -0.061035 -2.868652 -1.586914 -7.41 -6.90 -1.2 -1.7 0.150 -0.394 -3.3672 -2.2989 0.2047 0.1976 -0.0014 -0.005182 -0.006611 11.61 490 800 
1.783 2 -0.767187 0.110283 -9.467573 -0.213623 0.457764 -0.488281 -7.91 -7.13 -1.9 -1.1 -0.165 -0.376 -2.8668 -3.4753 -0.1166 0.1938 -0.0013 -0.007773 -0.007127 11.61 500 820 
1.823 2 -0.664097 -0.462710 -10.007002 1.312256 2.105713 -1.525879 -8.00 -7.22 -1.4 -1.0 -0.250 -0.016 -3.5294 -3.7323 -0.0389 0.1898 -0.0013 -0.007773 -0.006175 11.63 500 830 
1.863 2 -0.745610 0.098296 -9.287764 -2.227783 -8.209229 6.317139 -8.09 -7.32 -1.3 -1.7 0.061 -0.167 -3.8945 -2.7722 0.2151 0.1857 -0.0013 -0.007773 -0.005808 11.62 500 830 
1.903 2 -0.285298 -1.205923 -9.714512 -0.793457 -4.608154 -0.518799 -7.83 -7.31 -1.3 -1.6 0.078 -0.311 -3.7728 -2.9885 0.1503 0.1815 -0.0013 -0.005182 -0.003766 11.62 500 820 
1.943 2 -0.460312 0.541826 -9.728896 0.152588 -4.272461 -1.556396 -7.85 -7.33 -1.8 -1.0 -0.129 -0.125 -2.9479 -3.8404 -0.1710 0.1775 -0.0012 -0.005182 -0.003179 11.63 500 810 
1.983 2 -0.477095 -0.234951 -9.882334 -0.518799 5.554199 4.882812 -7.85 -7.33 -1.1 -1.3 0.016 -0.151 -4.0703 -3.5294 0.1036 0.1735 -0.0012 -0.005182 -0.002323 11.63 490 810 
2.023 2 -0.429145 -0.306875 -9.968642 0.122070 -7.781982 -2.532959 -7.81 -7.29 -1.3 -1.9 -0.036 -0.428 -3.5429 -2.4070 0.2177 0.1695 -0.0012 -0.005182 -0.002797 11.61 500 810 
2.063 2 -0.318862 0.282900 -10.076528 -0.457764 -5.767822 0.030518 -7.87 -7.09 -1.9 -1.0 -0.217 -0.186 -2.7316 -3.6241 -0.1710 0.1653 -0.0012 -0.007773 -0.001651 11.63 500 820 
2.103 2 0.268516 0.294888 -10.910845 0.274658 -0.030518 0.061035 -8.03 -7.25 -1.4 -0.6 -0.164 -0.045 -3.5565 -4.5031 -0.1814 0.1608 -0.0011 -0.007773 -0.001141 11.62 500 830 
2.143 2 -0.510659 0.340439 -9.398046 0.183105 -0.183105 -1.007080 -8.10 -7.32 -1.1 -0.6 0.109 0.006 -4.1920 -4.5707 -0.0726 0.1568 -0.0011 -0.007773 -0.000932 11.62 500 820 
2.183 2 -1.102832 0.098296 -9.419623 -0.366211 -2.502441 2.777100 -7.69 -7.17 -0.9 -1.4 -0.081 -0.198 -4.0703 -3.2860 0.1503 0.1526 -0.0011 -0.005182 -0.000120 11.63 500 830 
2.223 2 -0.364414 -0.400376 -9.901513 -0.701904 -3.265381 -0.457764 -7.63 -7.12 -1.2 -1.8 0.039 -0.373 -3.6511 -2.4882 0.2228 0.1486 -0.0010 -0.005182 -0.000041 11.61 490 810 
2.263 2 -0.023975 -0.668892 -10.553622 0.823975 0.457764 -0.793457 -7.45 -7.19 -0.8 -1.6 0.171 -0.316 -4.1920 -2.9074 0.2462 0.1444 -0.0010 -0.002591 0.000768 11.62 500 810 
2.303 2 -0.441133 -0.486685 -10.105297 0.091553 -5.798340 -4.730225 -7.49 -6.97 -1.3 -1.6 -0.024 -0.325 -3.4212 -2.6640 0.1451 0.1406 -0.0010 -0.005182 0.000442 11.61 490 820 
2.343 2 -0.366812 -0.450723 -9.961450 0.640869 -8.483887 -1.312256 -7.19 -6.67 -1.5 -1.6 0.144 -0.337 -2.9479 -2.3665 0.1114 0.1365 -0.0010 -0.005182 0.001669 11.62 500 820 
2.383 2 -0.393184 -0.210977 -10.126875 -0.030518 2.502441 1.159668 -7.53 -7.01 -1.2 -1.8 0.041 -0.315 -3.6241 -2.5828 0.1995 0.1325 -0.0010 -0.005182 0.000571 11.62 500 830 
2.423 2 -0.268516 -0.105488 -10.146054 0.823975 -0.213623 0.457764 -7.06 -6.80 -0.8 -1.6 0.139 -0.325 -3.8404 -2.5693 0.2436 0.1287 -0.0009 -0.002591 0.002066 11.63 500 820 
2.463 2 -0.357222 0.100693 -10.033374 0.488281 1.464844 -1.312256 -7.64 -6.86 -1.6 -1.0 -0.137 -0.230 -3.1508 -3.6511 -0.0959 0.1247 -0.0009 -0.007773 0.000758 11.62 500 820 
2.503 2 -0.357222 -0.151040 -10.057348 -0.488281 -3.082275 3.509521 -7.40 -6.88 -1.3 -1.1 -0.241 -0.052 -3.2319 -3.5024 -0.0518 0.1209 -0.0009 -0.005182 0.001346 11.63 500 820 
2.543 2 -0.726431 0.184604 -9.822397 -0.488281 -3.601074 -0.061035 -7.49 -6.97 -1.2 -1.5 -0.019 -0.261 -3.5835 -2.8398 0.1425 0.1169 -0.0009 -0.005182 0.001221 11.62 490 820 
2.583 2 -0.266118 -0.222964 -10.289902 -0.335693 -0.457764 3.753662 -7.30 -6.78 -1.2 -1.5 0.095 -0.291 -3.3672 -2.7586 0.1166 0.1133 -0.0009 -0.005182 0.002491 11.63 500 820 
2.623 2 -0.635327 -0.074321 -9.793628 -0.396729 4.821777 -0.518799 -7.48 -6.96 -1.2 -1.0 0.096 -0.121 -3.5429 -3.6917 -0.0285 0.1092 -0.0008 -0.005182 0.002113 11.62 500 830 
2.663 2 -0.306875 0.273311 -9.896718 -0.122070 1.464844 2.990723 -7.26 -6.75 -1.0 -0.9 0.104 -0.013 -3.7458 -3.6511 0.0181 0.1056 -0.0008 -0.005182 0.002712 11.62 500 820 
2.703 2 -0.798354 -0.023975 -9.211044 0.122070 0.000000 -3.265381 -7.21 -6.43 -1.2 -0.8 0.029 -0.024 -3.2725 -3.5565 -0.0544 0.1022 -0.0008 -0.007773 0.002753 11.61 500 800 
2.743 2 -0.958984 0.232554 -9.594639 -0.030518 -3.265381 3.479004 -6.96 -6.18 -1.6 -0.6 -0.188 -0.043 -2.5287 -3.5565 -0.1969 0.0990 -0.0008 -0.007773 0.002917 11.62 500 810 
2.783 2 -0.982959 -0.297285 -9.189467 1.708984 -3.051758 -6.866455 -6.95 -6.17 -2.0 -0.4 -0.067 -0.054 -1.9473 -3.8404 -0.3628 0.0958 -0.0007 -0.007773 0.002333 11.61 500 820 
2.823 2 -0.982959 -0.570596 -9.568266 0.305176 0.305176 -4.974365 -7.05 -6.27 -1.5 -0.7 -0.043 -0.345 -2.8939 -3.5294 -0.1218 0.0922 -0.0007 -0.007773 0.002039 11.63 500 820 
2.863 2 -0.445928 -0.810342 -9.697729 0.061035 -1.831055 -2.044678 -6.84 -6.07 -1.2 -1.4 0.139 -0.359 -3.0561 -2.2989 0.1451 0.0890 -0.0007 -0.007773 0.002931 11.62 500 820 
2.903 2 -0.894253 -0.589775 -9.465176 -0.122070 -1.342773 3.601074 -6.94 -6.42 -0.6 -1.7 0.060 -0.355 -3.9351 -2.1501 0.3420 0.0855 -0.0007 -0.005182 0.001965 11.61 500 820 
2.943 2 -0.630532 -0.143848 -9.585049 -0.549316 -6.683350 7.232666 -6.67 -6.15 -0.5 -1.7 -0.020 -0.237 -3.9486 -1.9473 0.3835 0.0823 -0.0006 -0.005182 0.003034 11.62 500 820 
2.983 2 -0.278105 0.465107 -9.815205 -0.549316 -1.098633 1.068115 -6.58 -5.81 -1.9 -0.5 -0.245 -0.032 -1.7039 -3.4483 -0.3343 0.0793 -0.0006 -0.007773 0.003983 11.63 500 810 
3.023 2 -0.023975 0.028770 -10.335454 0.305176 1.922607 -3.601074 -6.62 -5.84 -2.1 -0.5 -0.314 -0.044 -1.4334 -3.3536 -0.3679 0.0765 -0.0006 -0.007773 0.003283 11.61 500 800 
3.063 2 -0.752803 -0.513057 -9.601830 1.037598 -0.457764 -14.953613 -6.63 -6.11 -1.8 -0.8 -0.006 -0.313 -1.9202 -3.0561 -0.2177 0.0739 -0.0006 -0.005182 0.002062 11.63 500 820 
3.103 2 -0.237349 -0.131860 -10.110092 -0.061035 0.488281 -2.288818 -6.32 -6.06 -0.5 -1.9 0.154 -0.416 -3.7458 -1.4064 0.4483 0.0709 -0.0006 -0.002591 0.003233 11.62 500 820 
3.143 2 -0.731226 -0.294888 -10.112490 -0.488281 -1.922607 7.263184 -6.10 -5.84 -1.8 -1.6 -0.249 -0.223 -1.4605 -1.6092 -0.0285 0.0685 -0.0006 -0.002591 0.003478 11.63 500 820 
3.183 2 -0.810342 -0.441133 -9.400444 2.227783 2.838135 -7.446289 -6.09 -5.57 -1.8 -0.1 -0.143 -0.029 -1.4605 -3.7323 -0.4353 0.0659 -0.0006 -0.005182 0.004302 11.63 500 820 
3.223 2 -0.870278 -0.815137 -9.776845 1.159668 -0.427246 -8.819580 -5.94 -5.94 -0.9 -1.9 0.134 -0.489 -2.7722 -1.2576 0.2902 0.0635 -0.0006 0.000000 0.002742 11.61 500 780 
3.263 2 -0.563403 -0.441133 -10.241953 -0.366211 3.021240 4.119873 -5.83 -5.83 -1.0 -1.5 -0.143 -0.346 -2.3394 -1.7580 0.1114 0.0610 -0.0006 0.000000 0.002850 11.63 500 780 
3.303 2 -0.630532 -0.285298 -10.325864 -0.427246 -1.770020 6.378174 -5.97 -5.45 -1.9 -0.8 -0.219 -0.048 -1.1089 -2.4747 -0.2617 0.0590 -0.0006 -0.005182 0.002714 11.63 490 810 
3.343 2 -1.162768 -0.191797 -8.988081 -0.061035 -5.950928 -9.399414 -5.66 -5.66 -1.3 -1.1 0.087 -0.397 -1.8391 -2.0690 -0.0440 0.0566 -0.0006 0.000000 0.002953 11.62 500 820 
3.383 2 -0.690469 -0.326055 -9.568266 0.885010 10.894775 -9.979248 -5.59 -5.33 -1.4 -0.0 0.112 -0.078 -1.8932 -3.5700 -0.3213 0.0548 -0.0006 -0.002591 0.003806 11.63 500 820 
3.423 2 -0.378799 -0.148643 -9.959052 -1.007080 -1.007080 7.171631 -5.34 -5.60 -0.8 -1.5 -0.075 -0.323 -2.2312 -1.3793 0.1632 0.0528 -0.0006 0.002591 0.002414 11.63 500 820 
3.463 2 -1.268257 0.791162 -8.678808 -0.854492 -8.392334 0.305176 -5.56 -5.56 -1.3 -0.7 0.091 -0.058 -1.8256 -2.7857 -0.1840 0.0510 -0.0006 0.000000 0.001626 11.64 500 790 
3.503 2 -1.316206 -1.071665 -9.805614 1.220703 -1.922607 2.471924 -4.90 -4.90 -1.3 -1.6 -0.106 -0.432 -1.0683 -0.7437 0.0622 0.0494 -0.0006 0.000000 0.003952 11.63 500 780 
3.543 2 -0.491479 -0.220566 -10.536840 -0.762939 -5.371094 3.479004 -5.01 -4.75 -1.5 -1.3 -0.181 -0.252 -0.7708 -1.1494 -0.0726 0.0476 -0.0006 -0.002591 0.003191 11.63 490 810 
3.583 2 -0.664097 -0.270913 -9.546689 -0.244141 6.134033 -0.793457 -5.01 -5.01 -0.1 -0.9 0.106 -0.357 -3.0291 -1.7985 0.2358 0.0458 -0.0006 0.000000 0.003124 11.62 500 780 
3.623 2 0.175015 0.563403 -10.671099 -0.091553 -5.096436 -4.333496 -4.69 -4.95 -1.3 -1.3 0.089 -0.334 -1.2035 -0.9601 0.0466 0.0448 -0.0006 0.002591 0.002427 11.62 500 810 
3.663 2 -0.390786 0.115078 -10.210786 -0.457764 4.425049 3.906250 -4.67 -4.93 -1.5 -1.4 -0.108 -0.310 -0.7978 -0.9331 -0.0259 0.0436 -0.0006 0.002591 0.001988 11.62 500 820 
3.703 2 -0.342837 0.287695 -10.381005 0.122070 6.500244 -1.739502 -4.64 -5.15 -0.2 -1.5 -0.126 -0.292 -2.4747 -0.9466 0.2928 0.0422 -0.0006 0.005182 0.001279 11.63 500 830 
3.743 2 -0.436338 -0.237349 -10.040566 0.061035 1.403809 -2.960205 -4.06 -4.58 -1.3 -1.2 -0.095 -0.251 -0.4057 -0.7978 -0.0751 0.0414 -0.0006 0.005182 0.002403 11.62 500 820 
3.783 2 -0.556211 0.119873 -9.896718 -0.366211 2.319336 14.221191 -4.58 -4.84 -1.6 -1.2 -0.165 -0.259 -0.5139 -1.0277 -0.0985 0.0404 -0.0006 0.002591 0.000088 11.63 500 820 
3.823 2 -0.695264 -0.340439 -9.853564 0.030518 3.997803 -6.500244 -4.00 -4.26 -1.2 -1.3 0.083 -0.291 -0.5409 -0.5815 -0.0078 0.0396 -0.0006 0.002591 0.002139 11.63 500 820 
3.863 2 -0.541826 -0.023975 -10.232363 -0.823975 -5.493164 0.122070 -3.87 -4.39 -1.0 -1.2 0.103 -0.266 -1.0142 -0.6085 0.0777 0.0386 -0.0006 0.005182 0.001171 11.63 500 820 
3.903 2 -1.047690 0.266118 -9.060004 0.396729 9.185791 0.946045 -4.27 -4.53 -1.5 -1.5 -0.173 -0.366 -0.2569 -0.4057 -0.0285 0.0379 -0.0006 0.002591 -0.000665 11.64 500 820 
3.943 2 -0.899048 -0.263721 -9.520317 0.518799 3.021240 1.159668 -3.60 -3.86 -1.1 -1.0 0.048 -0.129 -0.3786 -0.5680 -0.0363 0.0375 -0.0006 0.002591 0.001629 11.64 500 820 
3.983 2 -0.501069 0.175015 -9.613818 -0.213623 -12.786865 -0.732422 -3.52 -3.78 -0.6 -0.9 0.081 -0.161 -1.1765 -0.5680 0.1166 0.0367 -0.0006 0.002591 0.000349 11.63 500 820 
4.023 2 -0.517852 0.000000 -9.959052 0.000000 3.326416 1.770020 -3.95 -4.21 -1.4 -1.4 -0.080 -0.370 -0.2569 -0.3110 -0.0104 0.0367 -0.0006 0.002591 -0.001508 11.63 500 820 
4.063 2 -0.671289 -0.160630 -9.731294 0.457764 1.983643 -6.347656 -3.41 -3.67 -1.0 -1.1 0.089 -0.241 -0.2569 -0.2164 0.0078 0.0363 -0.0006 0.002591 0.000119 11.63 500 820 
4.103 2 -0.513057 -0.052744 -9.882334 0.000000 1.342773 1.129150 -3.61 -4.13 -1.1 -1.4 0.055 -0.341 -0.1758 -0.2028 -0.0052 0.0361 -0.0006 0.005182 -0.002148 11.63 500 820 
4.143 2 -0.692866 -0.215771 -9.822397 -0.427246 0.061035 1.342773 -3.69 -4.46 -1.1 -1.5 0.048 -0.402 -0.2975 -0.1217 0.0337 0.0359 -0.0006 0.007773 -0.003146 11.63 500 810 
4.183 2 -0.726431 -0.069526 -9.757666 -0.244141 0.366211 3.387451 -3.72 -4.24 -1.1 -1.4 0.109 -0.352 -0.2975 -0.1082 0.0363 0.0357 -0.0006 0.005182 -0.002547 11.62 500 810 
4.223 2 -0.707251 -0.112681 -9.743281 0.030518 -0.762939 1.770020 -3.69 -3.95 -1.2 -1.2 0.080 -0.344 -0.1623 -0.1893 -0.0052 0.0355 -0.0006 0.002591 -0.001999 11.62 500 830 
4.263 2 -0.654507 -0.119873 -9.702524 -0.152588 -1.068115 0.244141 -3.61 -3.87 -1.2 -1.2 0.062 -0.292 -0.1082 -0.1893 -0.0155 0.0355 -0.0006 0.002591 -0.001929 11.61 500 810 
4.303 2 -0.594570 -0.088706 -9.899116 -0.213623 -1.251221 0.244141 -3.41 -3.67 -1.1 -1.1 0.100 -0.270 -0.0811 -0.1623 -0.0155 0.0355 -0.0006 0.002591 -0.001424 11.63 500 820 
4.343 2 -0.635327 -0.124668 -9.798423 -0.152588 -1.739502 -0.274658 -3.03 -3.28 -0.9 -1.0 0.092 -0.093 -0.0541 -0.1082 -0.0104 0.0355 -0.0006 0.002591 -0.000479 11.62 500 810 
4.383 2 -0.678481 -0.127065 -9.858359 -0.183105 -3.082275 0.091553 -2.34 -2.60 -0.6 -0.7 0.083 -0.093 -0.0541 -0.0811 -0.0052 0.0355 -0.0006 0.002591 0.001133 11.64 500 820 
4.423 2 -0.683276 -0.163027 -9.867949 -0.061035 -4.150391 0.030518 -1.26 -1.52 -0.2 -0.3 0.093 -0.086 -0.0406 -0.0541 -0.0026 0.0355 -0.0006 0.002591 0.003516 11.63 490 810 
4.463 2 -0.659302 -0.122271 -9.808012 -0.488281 -5.401611 0.061035 0.28 0.02 0.4 0.3 0.080 -0.096 -0.0406 -0.0541 -0.0026 0.0355 -0.0006 0.002591 0.006660 11.63 500 820 
4.503 2 -0.671289 -0.105488 -9.846372 -0.274658 -7.354736 0.061035 2.46 2.20 1.2 1.1 0.323 0.036 0.0270 0.0406 0.0026 0.0359 -0.0006 0.002591 0.010778 11.63 500 820 
4.543 2 -0.664097 0.112681 -10.539238 0.335693 15.472412 3.021240 4.42 4.42 0.7 1.6 0.070 0.298 2.0960 0.6356 -0.2798 0.0373 -0.0006 0.000000 0.011281 11.63 500 780 
4.583 2 -0.496274 -1.016523 -10.237158 0.946045 15.594482 -4.730225 4.70 4.44 1.5 0.4 0.386 -0.124 1.1089 2.4611 0.2591 0.0392 -0.0006 0.002591 0.002783 11.61 500 810 
4.623 2 -0.762393 0.654507 -9.992617 -0.152588 3.753662 -0.335693 3.81 4.07 -0.3 1.2 0.314 0.116 2.9074 0.8249 -0.3990 0.0408 -0.0006 -0.002591 -0.005479 11.63 500 820 
4.663 2 -0.364414 -0.218169 -10.544033 0.122070 0.579834 3.051758 3.86 3.86 0.9 0.6 0.188 -0.033 1.2441 1.5281 0.0544 0.0422 -0.0006 0.000000 -0.007299 11.63 500 780 
4.703 2 -0.280503 0.184604 -10.249146 1.220703 16.662598 1.159668 3.26 3.51 0.3 0.8 0.314 -0.097 1.3387 1.0142 -0.0622 0.0432 -0.0006 -0.002591 -0.008167 11.62 500 820 
4.743 2 -0.071924 -0.522646 -10.007002 -0.122070 -2.227783 -1.586914 3.44 3.70 -0.3 0.7 0.302 -0.088 2.6234 1.3658 -0.2410 0.0440 -0.0006 -0.002591 -0.007685 11.62 500 810 
4.783 2 -0.525044 0.143848 -10.208388 0.152588 0.030518 -1.342773 2.87 3.39 0.8 1.0 0.143 0.086 0.4733 0.4733 0.0000 0.0446 -0.0006 -0.005182 -0.008851 11.62 500 810 
4.823 2 -0.755200 -0.441133 -9.843974 0.305176 0.030518 -7.324219 3.74 3.74 1.3 0.9 0.377 -0.021 0.4327 0.9331 0.0959 0.0454 -0.0006 0.000000 -0.005635 11.61 500 780 
4.863 2 -0.587378 -0.079116 -9.733691 -0.152588 -3.570557 2.807617 3.68 3.68 1.1 1.0 0.248 0.061 0.6356 0.8249 0.0363 0.0462 -0.0006 0.000000 -0.006517 11.62 500 780 
4.903 2 -0.496274 0.028770 -9.887129 0.213623 -0.732422 0.213623 3.54 3.54 1.1 0.9 0.295 -0.021 0.4733 0.6897 0.0415 0.0470 -0.0006 0.000000 -0.007128 11.63 500 780 
4.943 2 -0.764790 -0.388389 -9.740884 -1.007080 -1.983643 0.640869 3.30 3.81 1.0 1.1 0.212 0.116 0.5139 0.4598 -0.0104 0.0478 -0.0006 -0.005182 -0.007514 11.62 500 820 
4.983 2 -0.397979 0.258926 -10.090913 -0.030518 1.831055 -4.302979 3.53 3.79 1.1 0.9 0.321 -0.006 0.5815 0.8925 0.0596 0.0488 -0.0006 -0.002591 -0.006684 11.63 500 820 
5.023 3 -0.438735 -0.146245 -9.707319 -0.366211 -5.554199 3.234863 2.69 2.95 0.6 0.7 0.087 -0.078 0.4462 0.5544 0.0207 0.0492 -0.0006 -0.002591 -0.005954 11.63 500 820 
5.063 3 -0.594570 -0.004795 -10.011797 -0.579834 -7.781982 -3.448486 2.80 3.05 0.9 1.0 0.169 0.092 0.2164 0.2028 -0.0026 0.0492 -0.0006 -0.002591 0.000474 11.62 490 810 
5.103 3 -0.613750 -0.110283 -10.054951 0.000000 -1.861572 4.486084 2.82 3.08 0.9 1.0 0.217 0.101 0.1487 0.1893 0.0078 0.0496 -0.0006 -0.002591 0.004641 11.63 500 820 
5.143 3 -0.712046 -0.364414 -9.695332 -0.244141 -5.859375 -4.211426 3.11 3.63 0.9 1.2 0.179 0.184 0.4192 0.1623 -0.0492 0.0498 -0.0006 -0.005182 0.007854 11.63 500 820 
5.183 3 -0.700059 0.059937 -9.743281 -0.244141 1.220703 2.929688 3.28 3.80 0.6 1.0 0.314 0.051 0.7978 0.5680 -0.0440 0.0506 -0.0006 -0.005182 0.008999 11.61 500 830 
5.223 3 -0.930215 -0.412363 -9.544291 -0.183105 2.868652 -1.251221 4.02 4.28 1.2 1.3 0.350 0.175 0.5409 0.5544 0.0026 0.0512 -0.0006 -0.002591 0.010962 11.61 500 820 
5.263 3 -0.577788 -0.191797 -9.695332 0.396729 -0.946045 -11.566162 4.35 4.61 1.4 1.1 0.364 -0.070 0.6626 1.4199 0.1451 0.0524 -0.0006 -0.002591 0.010305 11.62 500 810 
5.303 3 -1.656645 -0.141450 -9.148710 0.427246 1.098633 7.446289 4.15 4.15 1.2 0.4 0.263 0.021 0.9331 1.9067 0.1866 0.0538 -0.0006 0.000000 0.006994 11.62 500 780 
5.343 3 -1.069268 -0.122271 -9.467573 -0.335693 -1.861572 0.183105 4.19 4.45 1.0 1.3 0.227 0.207 1.1224 0.7843 -0.0648 0.0552 -0.0006 -0.002591 0.007301 11.63 500 820 
5.383 3 -0.630532 -0.374004 -9.211044 0.122070 -5.035400 -2.868652 4.38 4.12 1.4 0.6 0.359 -0.094 0.7708 1.8661 0.2099 0.0564 -0.0006 0.002591 0.006524 11.63 500 820 
5.423 3 -0.338042 -0.311670 -10.970781 0.213623 6.256104 3.143311 3.98 4.50 0.2 1.4 0.059 0.207 2.2583 0.7978 -0.2798 0.0578 -0.0006 -0.005182 0.006798 11.63 500 820 
5.463 3 -0.405171 -0.625737 -10.376210 -0.274658 3.021240 2.136230 4.10 4.10 1.1 -0.2 0.165 -0.116 1.2982 3.0020 0.3265 0.0594 -0.0006 0.000000 0.005682 11.63 500 780 
5.503 3 -1.064473 -0.527441 -9.347700 0.946045 -0.579834 -0.091553 3.94 4.20 1.2 1.2 0.355 0.021 0.7437 1.1359 0.0751 0.0608 -0.0006 -0.002591 0.005611 11.62 500 810 
5.543 3 -1.301821 -0.378799 -10.285107 -5.645752 8.666992 2.807617 4.06 4.32 1.1 1.3 0.192 0.172 1.1494 0.7573 -0.0751 0.0624 -0.0006 -0.002591 0.006155 11.64 500 820 
5.583 3 -0.419556 0.165425 -9.738486 1.342773 -3.967285 -7.843018 4.46 4.46 1.5 1.0 0.416 -0.100 0.8519 1.7174 0.1658 0.0643 -0.0006 0.000000 0.006323 11.62 500 770 
5.623 3 0.175015 0.956587 -11.589326 -0.671387 5.249023 10.589600 4.47 4.73 0.3 1.6 0.069 0.264 2.7045 0.7437 -0.3757 0.0661 -0.0006 -0.002591 0.007012 11.63 500 820 
5.663 3 0.347632 -1.366553 -11.263271 -0.335693 2.502441 0.061035 5.11 5.11 1.8 0.7 0.565 -0.120 0.8925 2.8127 0.3679 0.0683 -0.0006 0.000000 0.007745 11.62 500 820 
5.703 3 -0.740815 0.112681 -9.606626 -1.647949 -4.028320 0.335693 4.26 4.78 0.7 1.5 0.070 0.211 1.9608 1.0277 -0.1788 0.0703 -0.0006 -0.005182 0.004012 11.63 500 820 
5.743 3 0.215771 -0.539429 -11.246489 -0.244141 5.310059 0.518799 4.97 5.23 1.6 0.9 0.468 -0.099 0.9331 2.3529 0.2721 0.0725 -0.0007 -0.002591 0.007237 11.63 510 830 
5.783 3 -0.484287 0.503467 -10.213183 3.417969 0.213623 -5.706787 5.09 5.35 -0.3 1.7 0.028 0.276 4.0839 1.3252 -0.5286 0.0749 -0.0007 -0.002591 0.006137 11.62 500 810 
5.823 3 0.222964 -0.407568 -10.400186 1.220703 -0.335693 -4.302979 5.29 5.29 1.7 0.6 0.463 -0.164 1.2170 2.9479 0.3317 0.0775 -0.0007 0.000000 0.005664 11.62 500 780 
5.863 3 -1.122012 -1.189141 -9.680947 -1.037598 10.375977 3.417969 4.94 4.94 1.3 0.1 0.240 -0.102 1.5686 3.3131 0.3343 0.0799 -0.0007 0.000000 0.004055 11.61 500 780 
5.903 3 -0.839111 0.059937 -9.887129 -0.427246 -5.218506 1.708984 5.37 5.37 0.9 1.3 0.253 0.215 2.5017 1.9202 -0.1114 0.0827 -0.0007 0.000000 0.005394 11.62 500 780 
5.943 3 -0.297285 -0.426748 -10.515264 0.701904 -1.403809 -11.657715 5.91 5.66 1.2 1.0 0.363 -0.024 2.4611 2.7586 0.0570 0.0853 -0.0007 0.002591 0.006918 11.63 500 820 
5.983 3 -0.151040 -0.143848 -9.961450 -0.335693 -2.685547 1.953125 5.51 4.99 1.7 0.1 0.463 -0.120 1.3387 3.3672 0.3887 0.0880 -0.0007 0.005182 0.004005 11.62 500 820 
6.023 3 -0.664097 -0.134258 -9.767256 2.258301 0.366211 -1.098633 5.67 5.15 1.8 0.4 0.306 0.131 1.4875 2.9615 0.2824 0.0908 -0.0007 0.005182 0.004682 11.63 500 820 
6.063 3 -0.453120 0.414761 -9.882334 0.213623 2.685547 -7.171631 5.75 5.75 0.7 1.7 0.370 0.228 3.0967 1.6633 -0.2747 0.0940 -0.0007 0.000000 0.005578 11.63 500 780 
6.103 3 -0.215771 -0.203784 -10.445737 1.770020 4.180908 -2.044678 5.36 5.10 0.8 0.7 0.297 -0.120 2.5964 2.7316 0.0259 0.0970 -0.0006 0.002591 0.002788 11.62 500 810 
6.143 3 -0.577788 -0.829521 -10.098105 -1.770020 -1.190186 4.516602 5.77 5.77 1.8 0.4 0.456 -0.069 1.5957 3.6241 0.3887 0.1000 -0.0006 0.000000 0.005059 11.62 500 780 
6.183 3 -0.740815 0.021577 -10.167631 -1.068115 -1.251221 7.019043 5.76 5.76 1.4 0.6 0.291 0.125 2.2989 3.3536 0.2021 0.1032 -0.0006 0.000000 0.004392 11.62 500 820 
6.223 3 -0.688071 -0.371606 -9.920693 0.000000 0.885010 1.770020 5.41 5.67 1.3 0.9 0.153 0.049 2.0825 2.7857 0.1347 0.1062 -0.0007 -0.002591 0.003553 11.63 500 820 
6.263 3 -0.314067 0.091104 -10.414570 -0.061035 3.723145 0.244141 6.10 6.10 1.2 1.0 0.302 0.037 2.7992 3.0426 0.0466 0.1096 -0.0007 0.000000 0.005275 11.62 500 780 
6.303 3 -0.695264 -0.045552 -9.728896 -0.823975 -4.302979 3.448486 6.15 6.15 1.2 0.6 0.253 -0.171 2.7722 3.8404 0.2047 0.1133 -0.0007 0.000000 0.003873 11.63 500 780 
6.343 3 -0.489082 -0.477095 -9.973437 0.213623 0.793457 -6.042480 6.51 6.51 1.0 0.9 0.313 -0.127 3.3131 3.6647 0.0674 0.1169 -0.0007 0.000000 0.004655 11.63 500 780 
6.383 3 -1.210718 0.222964 -9.757666 -0.305176 -2.960205 2.441406 6.55 6.29 1.1 0.8 0.021 -0.162 3.2995 3.6782 0.0726 0.1207 -0.0007 0.002591 0.003038 11.63 500 820 
6.423 3 -0.230156 -0.232554 -10.227568 0.732422 5.889893 -2.960205 6.51 6.51 1.0 1.3 0.283 0.044 3.3942 2.9209 -0.0907 0.1245 -0.0007 0.000000 0.003329 11.63 500 780 
6.463 3 -0.630532 0.584980 -9.812807 -0.915527 -0.061035 4.974365 6.56 6.56 0.7 1.4 0.094 0.154 3.9757 2.7857 -0.2280 0.1285 -0.0007 0.000000 0.002193 11.61 500 780 
6.503 3 -0.474697 0.021577 -10.476904 -0.335693 -2.166748 -2.014160 6.87 7.13 1.2 0.9 0.288 0.093 3.4753 4.0298 0.1062 0.1327 -0.0007 -0.002591 0.003317 11.63 490 820 
6.543 3 -0.311670 -0.201387 -10.105297 -0.854492 -1.159668 3.662109 6.63 6.63 1.3 0.2 0.238 -0.119 3.1643 4.7329 0.3006 0.1365 -0.0007 0.000000 0.001119 11.63 490 770 
6.583 3 -1.169961 0.246938 -9.194263 0.335693 3.448486 -3.723145 6.83 6.83 1.3 0.8 0.470 -0.092 3.2319 3.9757 0.1425 0.1410 -0.0007 0.000000 0.001763 11.62 500 820 
6.623 3 -0.484287 -0.517852 -10.016591 0.946045 0.488281 2.838135 6.72 6.72 0.8 1.0 0.218 -0.188 3.7458 3.6782 -0.0130 0.1450 -0.0007 0.000000 0.000293 11.62 500 790 
6.663 3 -0.592173 0.064731 -9.980630 0.885010 3.417969 -5.157471 7.44 7.44 1.0 1.2 0.154 0.110 4.1785 3.9216 -0.0492 0.1498 -0.0007 0.000000 0.002605 11.62 500 820 
6.703 3 -0.702456 -0.352427 -9.652178 -0.152588 -4.180908 0.549316 7.34 7.08 1.0 1.1 0.063 -0.010 4.2867 3.8810 -0.0777 0.1544 -0.0007 0.002591 -0.000205 11.63 500 820 
6.743 3 -0.527441 0.004795 -9.843974 0.213623 0.457764 -0.427246 7.20 7.20 1.0 0.7 0.104 0.010 4.0162 4.4895 0.0907 0.1590 -0.0007 0.000000 -0.000664 11.64 500 820 
6.783 3 -0.076719 0.088706 -10.225170 -0.762939 1.983643 0.244141 7.35 7.35 1.4 0.9 0.368 0.169 3.6241 4.2461 0.1192 0.1639 -0.0007 0.000000 -0.000096 11.61 500 770 
6.823 3 -1.006934 0.110283 -9.628202 -0.518799 0.457764 1.373291 6.92 6.92 1.1 0.9 0.274 -0.124 3.6917 3.9892 0.0570 0.1683 -0.0007 0.000000 -0.002255 11.61 500 780 
6.863 3 -0.987754 -0.362017 -9.189467 0.823975 -3.326416 -0.244141 7.71 7.71 1.6 0.8 0.470 0.050 3.6376 4.8276 0.2280 0.1731 -0.0007 0.000000 0.000636 11.63 490 770 
6.903 3 -0.906240 -0.407568 -9.613818 0.610352 -0.427246 0.091553 7.28 7.54 0.7 1.2 0.241 -0.006 4.6518 4.1109 -0.1036 0.1781 -0.0007 -0.002591 -0.001919 11.63 500 820 
6.943 3 -0.712046 -0.117476 -9.930283 -0.061035 5.828857 0.274658 7.54 7.54 0.9 0.8 0.196 0.107 4.4219 4.5977 0.0337 0.1831 -0.0007 0.000000 -0.001816 11.63 500 780 
6.983 3 -0.362017 -0.218169 -10.635137 -0.152588 -5.371094 -0.244141 8.32 8.32 1.5 0.9 0.316 -0.055 4.3949 5.3415 0.1814 0.1884 -0.0007 0.000000 -0.000057 11.62 500 780 
7.023 3 -0.273311 -0.059937 -9.930283 0.946045 3.204346 -4.364014 7.64 7.90 0.8 1.4 0.267 0.082 4.8006 4.0974 -0.1347 0.1938 -0.0007 -0.002591 -0.002975 11.62 500 820 
7.063 3 -0.848701 -0.282900 -9.544291 -0.610352 5.554199 2.502441 7.74 7.49 1.6 0.8 0.393 -0.006 3.6241 4.6518 0.1969 0.1990 -0.0007 0.002591 -0.003862 11.62 500 820 
7.103 3 -1.258667 -0.170220 -9.244609 -0.549316 3.356934 -5.981445 7.65 7.91 0.7 1.6 0.219 0.135 4.9493 3.7864 -0.2228 0.2042 -0.0007 -0.002591 -0.003474 11.61 500 820 
7.143 3 -0.477095 0.023975 -9.513124 -0.762939 -8.392334 3.936768 8.02 8.28 1.3 1.0 0.274 0.070 4.3137 4.9223 0.1166 0.2094 -0.0007 -0.002591 -0.002960 11.61 500 820 
7.183 3 -0.234951 -0.254131 -9.947065 0.427246 2.746582 1.037598 7.86 8.12 0.4 1.5 0.286 0.189 5.5578 3.9081 -0.3161 0.2147 -0.0007 -0.002591 -0.003390 11.64 500 830 
7.223 3 -0.326055 -0.330850 -10.663906 -0.701904 3.021240 -1.708984 8.16 8.68 1.4 1.2 0.330 0.057 4.3137 4.9087 0.1140 0.2201 -0.0007 -0.005182 -0.002206 11.62 500 830 
7.263 3 -0.604160 -0.433940 -10.052553 0.122070 -1.647949 -6.347656 8.33 8.85 1.3 1.6 0.265 0.240 4.7059 4.4219 -0.0544 0.2257 -0.0008 -0.005182 -0.002775 11.63 500 830 
7.303 3 -0.980561 0.282900 -9.553882 -0.610352 -2.532959 3.540039 7.99 8.50 1.0 1.3 0.204 0.107 4.7059 4.5436 -0.0311 0.2309 -0.0008 -0.005182 -0.005238 11.63 490 810 
7.343 3 -0.189399 -0.059937 -10.352236 0.946045 6.774902 -1.708984 7.77 8.03 1.3 0.9 0.227 0.076 4.1244 4.7329 0.1166 0.2364 -0.0008 -0.002591 -0.005908 11.63 500 830 
7.383 3 -0.520249 -0.366812 -10.194004 -0.122070 2.014160 -3.814697 7.81 8.07 1.4 1.0 0.430 -0.045 3.9081 4.7329 0.1581 0.2416 -0.0008 -0.002591 -0.005285 11.62 500 820 
7.423 3 -0.508262 -0.100693 -9.968642 -0.640869 2.655029 -0.183105 7.51 8.03 0.6 1.1 0.059 0.048 4.9223 4.5436 -0.0726 0.2466 -0.0008 -0.005182 -0.005522 11.61 490 820 
7.463 3 0.052744 0.134258 -10.874883 0.549316 2.868652 2.166748 7.83 8.09 1.0 1.3 0.184 0.045 4.5571 4.1785 -0.0726 0.2516 -0.0009 -0.002591 -0.004079 11.63 500 820 
7.503 3 -0.448325 -0.431543 -10.153247 -0.091553 -2.410889 -2.563477 7.65 8.17 1.1 1.7 0.244 0.222 4.2867 3.6782 -0.1166 0.2566 -0.0009 -0.005182 -0.004245 11.62 500 820 
7.543 3 -0.855894 0.455518 -9.716908 -0.854492 1.892090 3.326416 7.47 7.73 0.7 1.2 0.101 0.072 4.7600 4.0568 -0.1347 0.2617 -0.0009 -0.002591 -0.005535 11.62 500 820 
7.583 3 -0.647314 0.455518 -9.748075 -0.122070 5.859375 -1.342773 7.33 7.85 1.3 1.9 0.082 0.247 3.6647 3.0832 -0.1114 0.2667 -0.0009 -0.005182 -0.004831 11.61 500 830 
7.623 3 -0.551416 -0.716841 -9.975835 -0.579834 -2.014160 -5.615234 7.38 7.90 1.6 1.5 0.154 0.227 3.3942 3.7458 0.0674 0.2715 -0.0009 -0.005182 -0.004754 11.59 500 820 
7.663 3 -0.222964 0.273311 -10.177221 -0.488281 1.007080 -0.854492 7.18 7.44 0.9 1.0 0.107 0.124 4.1109 4.2461 0.0259 0.2765 -0.0009 -0.002591 -0.005687 11.63 490 820 
7.703 3 -0.508262 -0.115078 -10.090913 -0.457764 1.403809 2.288818 7.51 7.51 1.1 1.1 0.233 0.200 4.1650 4.0568 -0.0207 0.2811 -0.0010 0.000000 -0.004161 11.63 500 780 
7.743 3 -0.522646 -0.079116 -9.810410 -0.732422 -2.593994 1.983643 7.29 7.29 1.0 0.7 0.166 0.079 4.1109 4.4625 0.0674 0.2860 -0.0010 0.000000 -0.005153 11.62 500 780 
7.783 3 -0.553813 -0.297285 -10.011797 0.244141 7.293701 -0.366211 7.24 7.24 1.1 1.1 0.261 -0.021 3.8269 3.9757 0.0285 0.2908 -0.0010 0.000000 -0.004415 11.63 500 780 
7.823 3 -0.767187 -0.280503 -9.630600 -0.244141 -3.723145 0.854492 7.19 7.45 0.7 1.6 0.204 0.169 4.4760 3.4348 -0.1995 0.2954 -0.0010 -0.002591 -0.004320 11.63 490 810 
7.863 3 -1.040498 -0.429145 -9.321328 0.488281 2.105713 0.976562 7.04 7.04 1.1 1.0 0.169 0.066 3.7728 3.8269 0.0104 0.3000 -0.0010 0.000000 -0.005104 11.63 500 780 
7.903 3 -0.580186 -0.210977 -9.501138 0.488281 5.493164 -2.593994 7.29 7.29 1.6 1.4 0.432 0.132 3.2184 3.5294 0.0596 0.3048 -0.0010 0.000000 -0.003367 11.61 500 780 
7.943 3 -0.623340 -0.230156 -9.858359 -0.091553 2.197266 -1.434326 6.76 6.50 0.9 0.8 0.229 -0.011 3.6917 3.7458 0.0104 0.3094 -0.0010 0.002591 -0.006219 11.63 500 820 
7.983 3 -0.762393 0.239746 -9.975835 -0.732422 3.417969 9.857178 7.15 7.15 1.3 1.1 0.242 0.173 3.5565 3.8540 0.0570 0.3141 -0.0010 0.000000 -0.003096 11.62 500 820 
8.023 3 -0.700059 0.050347 -9.736089 -0.976562 -2.227783 3.723145 7.08 7.08 1.3 0.2 0.220 -0.135 3.5024 5.1521 0.3161 0.3185 -0.0010 0.000000 -0.004063 11.63 500 770 
8.063 3 -1.050088 -0.424351 -9.445995 -0.122070 3.875732 3.143311 7.29 7.29 1.3 0.2 0.318 -0.135 3.6511 5.3820 0.3317 0.3233 -0.0010 0.000000 -0.003159 11.62 490 820 
8.103 3 -0.599365 -0.290093 -9.786435 0.488281 -2.014160 -4.913330 7.29 7.29 1.7 0.9 0.353 0.028 3.1373 4.3273 0.2280 0.3281 -0.0010 0.000000 -0.003646 11.63 490 780 
8.143 3 -0.453120 0.081514 -10.186811 0.183105 2.380371 1.678467 6.67 6.67 0.4 0.7 0.165 -0.144 4.4354 4.1244 -0.0596 0.3325 -0.0010 0.000000 -0.005897 11.61 500 820 
8.183 3 -0.702456 0.009590 -10.014194 0.305176 3.570557 -4.638672 7.08 7.08 1.2 1.5 0.329 0.166 3.6782 3.1373 -0.1036 0.3370 -0.0010 0.000000 -0.002968 11.62 500 770 
8.223 3 -0.867881 -0.273311 -9.652178 0.335693 -3.417969 -2.288818 6.67 6.41 1.2 0.6 0.209 -0.008 3.2860 3.9081 0.1192 0.3412 -0.0010 0.002591 -0.005441 11.62 500 820 
8.263 3 -0.630532 0.107886 -9.798423 0.030518 3.509521 5.096436 7.20 7.20 1.0 1.9 0.230 0.294 4.0162 2.5828 -0.2747 0.3454 -0.0010 0.000000 -0.001628 11.63 500 780 
8.303 3 -0.498672 -0.400376 -9.824795 0.854492 -1.953125 -3.540039 7.13 7.13 0.7 0.5 0.005 0.104 4.5707 4.5977 0.0052 0.3502 -0.0009 0.000000 -0.003583 11.63 500 820 
8.343 3 -0.985356 -0.158232 -9.520317 -0.549316 0.061035 2.319336 6.78 6.78 1.1 0.9 0.253 -0.002 3.4889 3.8134 0.0622 0.3546 -0.0010 0.000000 -0.004663 11.62 500 770 
8.383 3 -0.136655 0.033564 -10.174824 0.122070 -1.342773 -1.586914 7.10 7.10 1.3 1.1 0.325 0.075 3.5565 3.7999 0.0466 0.3590 -0.0010 0.000000 -0.002979 11.61 500 770 
8.423 3 -0.503467 -0.184604 -9.896718 0.091553 -1.251221 2.014160 6.83 6.83 1.4 0.6 0.261 -0.093 3.1102 4.3678 0.2410 0.3635 -0.0010 0.000000 -0.004237 11.62 500 770 
8.463 3 -0.863086 -0.263721 -9.913501 0.305176 4.058838 -4.730225 7.02 7.02 1.3 1.0 0.329 -0.173 3.3672 3.9081 0.1036 0.3679 -0.0010 0.000000 -0.003284 11.62 500 780 
8.503 3 -0.649712 -0.117476 -9.618613 0.061035 -2.319336 -0.762939 6.43 6.43 1.2 0.8 0.249 -0.158 3.1102 3.7864 0.1296 0.3723 -0.0010 0.000000 -0.005751 11.63 500 780 
8.543 3 -0.889458 -0.378799 -9.405239 -0.030518 3.723145 -3.387451 7.26 7.26 1.2 1.2 0.455 0.055 3.6917 3.7864 0.0181 0.3767 -0.0010 0.000000 -0.001522 11.63 500 780 
8.583 3 -0.982959 -0.175015 -9.381265 0.671387 -6.500244 2.563477 7.34 7.08 1.0 1.3 0.173 -0.115 4.2461 3.6241 -0.1192 0.3813 -0.0010 0.002591 -0.003286 11.63 500 820 
8.623 3 -0.215771 0.163027 -10.347441 0.549316 2.960205 3.082275 7.03 7.03 1.1 1.3 0.139 -0.013 3.7728 3.3131 -0.0881 0.3860 -0.0010 0.000000 -0.004095 11.63 500 820 
8.663 3 -0.805547 0.184604 -10.486494 0.274658 2.960205 1.983643 7.20 7.45 0.8 1.3 0.034 0.219 4.3678 3.6241 -0.1425 0.3906 -0.0010 -0.002591 -0.003416 11.62 500 820 
8.703 3 -0.364414 0.016782 -10.074131 -1.281738 -0.305176 0.915527 6.91 7.43 1.0 1.5 0.006 0.197 3.9351 3.3807 -0.1062 0.3952 -0.0010 -0.005182 -0.004296 11.63 500 830 
8.743 3 -0.783970 -0.350029 -9.697729 -0.793457 -2.471924 3.814697 7.07 7.33 1.4 0.9 0.344 -0.074 3.2995 4.1515 0.1632 0.3998 -0.0010 -0.002591 -0.004514 11.62 500 820 
8.783 3 -0.443530 -0.095898 -10.162837 -0.610352 0.732422 -1.068115 7.01 7.27 1.2 1.4 0.296 0.093 3.7187 3.3807 -0.0648 0.4042 -0.0010 -0.002591 -0.004273 11.61 500 830 
8.823 3 -0.534634 -0.215771 -9.434009 0.030518 -1.708984 -0.030518 6.78 7.30 1.1 1.4 0.430 -0.112 3.4348 3.3401 -0.0181 0.4084 -0.0010 -0.005182 -0.004832 11.63 490 810 
8.863 3 -0.352427 0.201387 -9.820000 0.518799 3.448486 -6.805420 6.93 7.45 0.9 1.5 0.259 0.139 3.8540 3.2725 -0.1114 0.4129 -0.0011 -0.005182 -0.003630 11.62 500 810 
8.903 3 0.016782 0.172617 -10.556020 0.579834 -1.342773 4.089355 6.81 7.07 1.0 0.9 0.105 0.176 3.7458 3.8675 0.0233 0.4171 -0.0011 -0.002591 -0.004632 11.63 500 820 
8.943 3 -0.786367 -0.489082 -9.877539 -2.105713 1.403809 -0.762939 6.81 7.33 1.1 0.6 0.361 0.009 3.4212 4.5166 0.2099 0.4213 -0.0011 -0.005182 -0.003627 11.63 500 830 
8.983 3 -0.752803 0.196592 -10.129272 -0.274658 0.305176 -1.525879 6.66 7.17 0.3 1.5 0.086 0.121 4.5571 3.1102 -0.2773 0.4253 -0.0011 -0.005182 -0.003948 11.62 500 810 
9.023 3 -0.939805 0.160630 -9.457983 0.122070 -1.098633 0.122070 6.58 7.10 1.0 1.3 0.321 0.107 3.4348 3.2860 -0.0285 0.4293 -0.0011 -0.005182 -0.003936 11.63 500 820 
9.063 3 -0.731226 -0.232554 -9.477162 -1.098633 -2.990723 -0.732422 6.57 6.83 1.1 1.3 0.272 0.069 3.2184 3.0291 -0.0363 0.4331 -0.0011 -0.002591 -0.003837 11.63 500 820 
9.103 3 -0.083911 -0.198989 -10.381005 1.068115 3.265381 -1.800537 6.35 6.87 0.7 1.5 0.280 0.129 3.6511 2.8533 -0.1529 0.4370 -0.0012 -0.005182 -0.003335 11.63 500 800 
9.143 3 -0.201387 -0.242144 -10.289902 1.434326 6.500244 -6.408691 5.93 6.19 0.5 1.3 0.348 -0.021 3.5294 2.5558 -0.1866 0.4408 -0.0012 -0.002591 -0.004603 11.63 500 820 
9.183 3 -0.915830 0.472300 -9.589844 0.091553 5.615234 -7.751465 6.37 6.63 1.3 1.6 0.376 0.051 2.7181 2.3665 -0.0674 0.4444 -0.0012 -0.002591 -0.001733 11.62 500 820 
9.223 3 -0.982959 0.079116 -9.724101 2.563477 -0.244141 -4.821777 6.19 6.45 0.4 1.6 0.016 0.038 4.0433 2.2718 -0.3394 0.4480 -0.0012 -0.002591 -0.002776 11.64 500 830 
9.263 3 -0.059937 0.882266 -10.076528 1.586914 12.359619 -4.974365 6.20 6.46 0.8 1.5 0.121 0.135 3.3807 2.4341 -0.1814 0.4516 -0.0012 -0.002591 -0.001505 11.63 490 810 
9.303 3 -0.076719 0.359619 -10.944408 -0.488281 7.324219 5.645752 6.06 6.32 1.2 1.4 0.220 0.150 2.6099 2.5693 -0.0078 0.4552 -0.0012 -0.002591 -0.001851 11.63 500 810 
9.343 3 -0.539429 0.393184 -9.656972 0.579834 12.603760 -1.739502 5.97 6.23 1.1 1.6 0.192 0.177 2.7316 2.0149 -0.1373 0.4588 -0.0012 -0.002591 -0.001923 11.62 500 830 
9.383 3 -0.606558 -0.023975 -10.083720 -0.640869 5.889893 3.326416 6.09 5.83 1.1 0.4 0.280 -0.068 2.8803 3.6782 0.1529 0.4625 -0.0012 0.002591 -0.002922 11.62 490 810 
9.423 3 -0.894253 -0.093501 -9.755268 -0.152588 -4.791260 1.373291 6.15 6.15 1.4 0.4 0.036 -0.097 2.6775 4.0568 0.2643 0.4659 -0.0012 0.000000 -0.002180 11.61 500 780 
9.463 3 -0.525044 0.213374 -9.712114 -1.373291 -0.396729 7.965088 5.80 5.80 1.5 0.2 0.252 -0.118 2.1231 3.9757 0.3550 0.4695 -0.0012 0.000000 -0.002523 11.63 500 770 
9.503 3 -1.014126 -0.179810 -9.371675 -0.335693 -9.582520 -2.319336 6.07 6.07 1.2 0.7 0.093 -0.067 2.8398 3.4618 0.1192 0.4727 -0.0012 0.000000 -0.001125 11.64 490 780 
9.543 3 -0.419556 -0.098296 -9.546689 -0.091553 2.593994 1.770020 5.79 5.53 1.4 0.2 0.174 0.103 2.2448 3.6241 0.2643 0.4761 -0.0012 0.002591 -0.001691 11.63 500 820 
9.583 3 -0.668892 -0.326055 -9.541894 0.122070 -2.044678 -0.915527 5.57 5.57 0.3 1.2 0.048 0.057 3.6241 2.4476 -0.2254 0.4795 -0.0012 0.000000 -0.001723 11.63 500 820 
9.623 3 -0.369209 0.026372 -9.824795 0.885010 2.624512 -4.577637 5.84 5.84 0.6 1.6 0.384 0.201 3.3807 1.8120 -0.3006 0.4827 -0.0012 0.000000 0.000131 11.62 500 780 
9.663 3 -0.112681 -0.930215 -10.246748 1.220703 1.556396 0.122070 5.54 5.28 0.9 1.1 0.494 -0.106 2.6099 2.2718 -0.0648 0.4862 -0.0012 0.002591 -0.001647 11.62 500 810 
9.703 3 -0.052744 -0.824727 -10.611162 -0.518799 4.516602 -5.065918 6.05 5.79 1.7 0.8 0.455 -0.089 1.9743 3.0832 0.2125 0.4894 -0.0012 0.002591 0.001426 11.62 500 810 
9.743 3 -0.402773 0.505864 -10.028579 0.061035 -0.671387 0.091553 5.48 5.48 1.4 0.4 0.282 0.032 1.9337 3.3807 0.2773 0.4924 -0.0012 0.000000 -0.000715 11.63 500 780 
9.783 3 -0.539429 -0.493877 -9.834385 1.098633 0.671387 1.831055 5.83 5.83 1.0 1.7 0.178 0.271 2.8398 1.7309 -0.2125 0.4956 -0.0012 0.000000 0.000881 11.63 500 780 
9.823 3 -1.074062 -0.628135 -9.048018 -1.556396 -2.685547 -0.061035 5.78 5.78 0.2 1.0 0.108 -0.143 3.9351 2.9074 -0.1969 0.4992 -0.0012 0.000000 -0.000348 11.63 500 790 
9.863 3 -0.956587 0.232554 -9.455585 -0.671387 3.143311 0.579834 5.49 5.49 0.6 1.2 0.137 -0.094 3.0156 2.2177 -0.1529 0.5020 -0.0012 0.000000 -0.000772 11.63 500 780 
9.903 3 -0.592173 0.117476 -10.040566 0.000000 -1.403809 -5.310059 5.76 6.02 0.9 0.9 0.363 -0.106 2.9209 3.2049 0.0544 0.5054 -0.0012 -0.002591 0.000821 11.61 500 810 
9.943 3 -0.477095 -0.970972 -10.042964 0.366211 -2.868652 -0.823975 5.62 5.62 1.5 0.5 0.360 -0.150 1.9337 3.4483 0.2902 0.5084 -0.0012 0.000000 0.000086 11.62 500 780 
9.983 3 -0.333247 -0.304478 -10.146054 -0.976562 -3.021240 0.579834 5.44 5.44 1.3 0.7 0.423 -0.131 2.0419 2.9209 0.1684 0.5117 -0.0012 0.000000 0.000158 11.61 500 780 
10.023 3 -0.935010 -0.676084 -9.565868 -0.762939 2.716064 1.464844 5.42 5.42 1.2 -0.0 0.300 -0.082 2.1907 3.9216 0.3317 0.5145 -0.0012 0.000000 0.000587 11.62 490 770 
10.063 3 -1.184346 0.383594 -9.748075 -0.762939 -6.347656 4.913330 5.34 5.34 1.2 1.2 0.069 0.116 2.1231 2.1095 -0.0026 0.5173 -0.0012 0.000000 0.000564 11.63 500 790 
10.103 3 -0.354824 0.469902 -10.196401 0.000000 -5.218506 -0.213623 5.59 5.85 1.0 1.3 0.371 0.169 2.7181 2.3935 -0.0622 0.5203 -0.0012 -0.002591 0.002896 11.63 500 820 
10.143 3 -0.891855 -0.124668 -9.419623 -0.579834 -1.464844 0.183105 5.15 5.41 -0.3 1.4 0.014 -0.003 4.2732 1.8526 -0.4638 0.5231 -0.0012 -0.002591 0.000796 11.63 500 820 
10.183 3 -0.210977 -0.455518 -10.052553 0.518799 -2.410889 3.356934 5.10 5.36 0.9 1.2 0.381 -0.123 2.3124 2.1772 -0.0259 0.5259 -0.0012 -0.002591 0.001550 11.62 500 820 
10.224 3 -0.160630 0.107886 -10.361826 0.549316 7.965088 -6.134033 5.23 5.49 1.2 1.2 0.272 -0.080 2.0690 2.1907 0.0233 0.5291 -0.0013 -0.002591 0.002745 11.63 500 830 
10.264 3 -0.107886 -0.182207 -10.572803 -0.366211 7.507324 5.340576 5.28 5.54 1.0 1.0 0.272 0.114 2.3259 2.5423 0.0415 0.5319 -0.0013 -0.002591 0.002640 11.63 490 800 
10.304 3 -0.992549 -0.400376 -9.613818 -0.488281 -5.981445 0.579834 5.65 5.91 0.8 0.7 0.023 0.177 3.0697 3.2454 0.0337 0.5352 -0.0013 -0.002591 0.002905 11.62 490 810 
10.344 3 -0.724033 -0.194194 -10.088515 -0.152588 8.453369 3.295898 5.41 5.66 1.1 1.4 0.065 0.228 2.2989 1.9202 -0.0726 0.5380 -0.0013 -0.002591 0.002427 11.63 500 820 
10.384 3 -0.493877 -0.141450 -9.597035 -1.098633 0.732422 -2.166748 5.37 5.37 0.3 1.3 0.131 0.007 3.5294 2.0960 -0.2747 0.5414 -0.0013 0.000000 0.000941 11.63 490 810 
10.424 3 -1.119614 -0.709648 -9.942270 -0.366211 -7.324219 -3.509521 5.69 5.95 1.2 0.7 0.292 -0.158 2.4341 3.5024 0.2047 0.5444 -0.0013 -0.002591 0.002683 11.62 500 810 
10.464 3 -0.798354 0.016782 -9.668960 -1.617432 -1.312256 -1.220703 5.69 5.69 1.6 0.0 0.391 -0.146 1.8391 4.2056 0.4534 0.5474 -0.0013 0.000000 0.002360 11.61 490 770 
10.504 3 -0.421953 0.165425 -10.088515 -0.366211 -4.119873 1.892090 5.47 5.21 1.0 1.1 0.028 0.129 2.5558 2.2448 -0.0596 0.5504 -0.0013 0.002591 0.001085 11.62 500 820 
10.544 3 -0.218169 0.400376 -10.009399 1.708984 4.394531 -2.685547 5.70 5.96 0.8 2.0 0.116 0.332 3.0426 1.3117 -0.3317 0.5536 -0.0013 -0.002591 0.003755 11.63 500 820 
10.584 3 -0.321260 -0.213374 -10.618354 0.213623 3.875732 -0.579834 5.46 5.20 0.8 0.7 0.449 -0.143 2.5828 2.8803 0.0570 0.5568 -0.0013 0.002591 0.000707 11.62 500 820 
10.624 3 -0.074321 -0.278105 -10.661509 -2.014160 -1.525879 -2.532959 6.14 6.14 1.4 1.0 0.335 0.122 2.5828 3.0156 0.0829 0.5599 -0.0013 0.000000 0.004325 11.61 500 760 
10.664 3 -0.611353 -0.107886 -9.755268 -1.342773 -1.281738 0.091553 5.28 5.28 0.7 1.2 0.329 0.101 2.6775 2.0419 -0.1218 0.5631 -0.0013 0.000000 0.000605 11.62 500 820 
10.704 3 -0.676084 0.481890 -9.786435 1.098633 0.579834 -1.892090 6.01 6.01 0.5 1.6 0.070 0.199 3.6647 1.9743 -0.3239 0.5663 -0.0013 0.000000 0.003823 11.62 500 780 
10.744 3 -1.033306 -0.194194 -9.541894 0.122070 -2.502441 1.678467 5.83 5.83 0.6 1.0 0.072 -0.001 3.3807 2.8533 -0.1011 0.5695 -0.0013 0.000000 0.001961 11.62 500 770 
10.784 3 -0.783970 -0.052744 -9.184672 -0.366211 -3.082275 4.058838 6.08 6.08 0.3 1.6 0.004 0.179 4.1109 2.0825 -0.3887 0.5727 -0.0013 0.000000 0.002755 11.63 490 770 
10.824 3 -0.544224 0.460312 -9.788833 1.068115 4.882812 -7.354736 6.00 6.26 0.2 1.3 0.186 0.112 4.1379 2.6099 -0.2928 0.5761 -0.0013 -0.002591 0.002704 11.63 500 820 
10.864 3 -1.069268 0.031167 -9.644985 0.122070 -2.349854 -2.532959 5.47 5.99 0.6 1.1 0.243 0.004 3.1914 2.7586 -0.0829 0.5795 -0.0013 -0.005182 0.000726 11.63 510 830 
10.904 3 -1.021318 0.122271 -9.268583 0.854492 -2.960205 -3.845215 5.41 6.19 0.4 1.8 0.026 0.291 3.4753 1.7309 -0.3343 0.5825 -0.0013 -0.007773 0.001878 11.62 500 810 
10.944 3 -0.870278 0.321260 -8.916157 -0.183105 -0.915527 0.488281 5.25 5.76 0.3 1.4 0.072 0.112 3.2995 2.0825 -0.2332 0.5856 -0.0013 -0.005182 0.001059 11.63 500 820 
10.984 3 -0.050347 0.086309 -10.122080 1.098633 1.617432 -4.882812 5.68 6.19 0.6 1.6 0.242 -0.044 3.3131 2.2583 -0.2021 0.5888 -0.0013 -0.005182 0.003453 11.61 500 800 
11.024 3 -0.374004 -0.124668 -10.277915 -0.091553 4.058838 -3.234863 5.95 6.47 0.6 1.3 0.388 -0.020 3.3942 2.8398 -0.1062 0.5924 -0.0014 -0.005182 0.003747 11.63 500 830 
11.064 3 -0.975767 -0.035962 -9.335712 -1.281738 1.037598 -6.042480 5.98 6.50 1.3 1.2 0.359 -0.124 2.4070 3.0020 0.1140 0.5956 -0.0014 -0.005182 0.003146 11.62 500 820 
11.104 3 -0.939805 0.242144 -9.398046 -0.274658 1.220703 -4.425049 6.14 6.66 1.2 1.4 0.416 -0.020 2.6640 2.7586 0.0181 0.5992 -0.0014 -0.005182 0.003056 11.62 500 820 
11.144 3 -0.678481 -0.321260 -9.963847 -0.213623 -1.647949 0.732422 6.06 6.58 1.4 1.3 0.364 -0.076 2.4206 2.9615 0.1036 0.6024 -0.0014 -0.005182 0.002454 11.63 500 820 
11.184 3 0.098296 -0.074321 -11.287246 -1.678467 2.655029 -1.586914 6.51 7.03 1.5 0.5 0.352 -0.106 2.6640 4.3678 0.3265 0.6060 -0.0014 -0.005182 0.004251 11.61 500 800 
11.224 3 -0.618545 0.335645 -9.395649 -0.549316 1.617432 3.051758 6.22 6.48 1.6 0.5 0.419 -0.040 2.1366 3.9081 0.3394 0.6095 -0.0015 -0.002591 0.001752 11.61 500 820 
11.264 3 -0.230156 0.163027 -10.680688 1.098633 1.556396 1.556396 6.40 6.92 1.3 1.0 0.248 -0.016 2.8803 3.5024 0.1192 0.6129 -0.0015 -0.005182 0.002951 11.63 500 820 
11.304 3 -0.870278 -0.239746 -9.434009 -0.732422 2.990723 1.403809 5.95 6.21 1.3 0.5 0.310 -0.008 2.4206 3.6376 0.2332 0.6163 -0.0015 -0.002591 0.000461 11.62 500 820 
11.344 3 -0.501069 -0.309272 -10.093310 0.885010 1.007080 6.561279 5.63 6.15 1.1 1.0 0.171 0.222 2.5693 2.7857 0.0415 0.6197 -0.0015 -0.005182 0.000551 11.63 490 810 
11.384 3 -0.397979 -0.141450 -10.078925 1.892090 8.850098 -0.274658 5.45 5.96 0.9 1.7 0.112 0.241 2.5828 1.6903 -0.1710 0.6229 -0.0015 -0.005182 0.001294 11.62 500 810 
11.424 3 -0.733623 1.227500 -10.220376 -1.525879 1.678467 2.929688 5.75 6.01 0.6 1.8 0.058 0.264 3.2454 1.6362 -0.3083 0.6259 -0.0015 -0.002591 0.002355 11.63 500 820 
11.464 3 -0.350029 0.246938 -10.064541 0.885010 0.976562 -2.319336 6.19 6.45 1.1 1.8 0.430 0.226 2.7992 2.0149 -0.1503 0.6291 -0.0015 -0.002591 0.004332 11.61 500 810 
11.504 3 -0.853496 0.736021 -9.870346 -0.091553 3.448486 0.762939 5.83 6.09 0.4 1.5 0.042 0.115 3.6241 2.1636 -0.2798 0.6323 -0.0015 -0.002591 0.002192 11.63 500 810 
11.544 3 -0.239746 -0.112681 -10.083720 0.335693 -5.981445 -1.708984 6.03 6.29 0.3 1.9 0.031 0.306 4.0839 1.7039 -0.4560 0.6356 -0.0015 -0.002591 0.002998 11.63 500 820 
11.584 3 -0.841509 -0.316465 -9.604228 2.868652 1.892090 -6.927490 5.79 6.05 0.1 1.7 0.029 0.280 4.1785 1.7850 -0.4586 0.6388 -0.0015 -0.002591 0.002110 11.63 490 810 
11.624 3 -0.290093 -1.050088 -10.244350 0.762939 -0.427246 -2.014160 5.83 5.83 0.8 1.3 0.242 0.103 3.1102 2.3665 -0.1425 0.6422 -0.0015 0.000000 0.002173 11.63 500 780 
11.664 3 -0.719238 0.131860 -9.700127 0.091553 0.061035 -6.774902 5.95 5.95 1.3 1.5 0.393 0.181 2.3529 2.0690 -0.0544 0.6454 -0.0015 0.000000 0.003201 11.62 500 780 
11.704 3 -0.836714 0.230156 -9.889526 1.281738 -0.366211 -2.777100 5.91 5.91 0.8 1.3 0.087 0.017 3.0426 2.4611 -0.1114 0.6490 -0.0015 0.000000 0.002833 11.62 500 820 
11.744 3 -0.635327 -1.028511 -10.838921 -0.335693 -1.770020 -5.493164 6.36 6.36 0.7 0.8 0.273 -0.088 3.7593 3.5429 -0.0415 0.6522 -0.0015 0.000000 0.004496 11.63 500 780 
11.784 3 -0.383594 -0.105488 -10.141259 0.000000 3.692627 -0.762939 5.79 5.53 0.8 0.2 0.208 -0.157 3.0697 3.7999 0.1399 0.6556 -0.0015 0.002591 0.001458 11.63 500 820 
11.824 3 -1.203525 0.043154 -9.429214 0.091553 -6.469727 6.195068 5.99 5.73 1.6 0.9 0.382 0.086 2.0284 2.8533 0.1581 0.6589 -0.0015 0.002591 0.002827 11.63 500 820 
11.864 3 -0.652109 -0.225361 -9.481957 -0.885010 1.708984 3.784180 5.96 5.96 1.5 0.5 0.253 -0.051 2.1231 3.5835 0.2798 0.6623 -0.0015 0.000000 0.003705 11.62 500 780 
11.904 3 -1.215513 -0.474697 -9.354893 0.152588 -2.441406 4.364014 5.88 5.88 1.7 0.5 0.321 -0.093 1.7444 3.6511 0.3653 0.6655 -0.0015 0.000000 0.003026 11.63 500 820 
11.944 3 -0.625737 0.433940 -9.980630 0.549316 -1.983643 2.532959 6.31 6.31 1.3 0.5 0.316 0.109 2.8398 3.9757 0.2177 0.6691 -0.0015 0.000000 0.004470 11.61 500 770 
11.984 3 -0.515454 0.047949 -10.057348 -0.244141 -5.889893 -1.983643 6.06 6.06 1.2 1.3 0.310 0.122 2.6504 2.5693 -0.0155 0.6723 -0.0015 0.000000 0.003245 11.62 500 780 
12.024 3 -0.664097 -0.244541 -10.234760 0.854492 5.279541 1.708984 6.23 6.49 1.2 1.8 0.173 0.291 2.7586 2.1231 -0.1218 0.6761 -0.0015 -0.002591 0.004547 11.62 500 820 
12.064 3 -0.575391 0.100693 -10.237158 -0.061035 -1.708984 3.143311 6.24 6.24 1.2 1.0 0.124 0.154 2.9344 3.1102 0.0337 0.6799 -0.0015 0.000000 0.002609 11.63 500 820 
12.104 3 -0.791162 0.153437 -9.937475 -0.274658 -4.241943 -2.410889 6.43 6.43 1.0 0.9 0.087 0.135 3.5024 3.4212 -0.0155 0.6836 -0.0015 0.000000 0.003013 11.63 500 790 
12.144 3 -0.894253 0.323657 -9.484355 -0.976562 -0.396729 2.899170 6.10 6.10 1.3 0.7 0.329 0.006 2.5828 3.3942 0.1555 0.6872 -0.0015 0.000000 0.001774 11.62 500 770 
12.184 3 -0.956587 0.764790 -9.649780 -1.556396 -7.019043 3.326416 6.51 6.51 1.4 0.4 0.268 0.181 2.9074 4.2326 0.2539 0.6908 -0.0015 0.000000 0.003226 11.62 500 770 
12.224 3 -0.831919 -0.021577 -9.146314 -0.427246 -0.762939 -2.868652 5.99 5.99 1.7 0.6 0.352 0.048 1.7985 3.4348 0.3135 0.6944 -0.0015 0.000000 0.001536 11.60 500 770 
12.264 3 -0.884663 -0.326055 -9.760063 0.061035 -7.232666 2.105713 5.89 5.89 1.4 0.7 0.299 0.129 2.3800 3.2860 0.1736 0.6980 -0.0015 0.000000 0.001509 11.63 500 790 
12.304 3 -1.071665 -0.644917 -9.752871 0.122070 0.366211 3.387451 6.09 6.09 1.3 0.7 0.238 0.084 2.5964 3.3672 0.1477 0.7012 -0.0015 0.000000 0.003221 11.63 500 770 
12.344 3 -0.889458 0.105488 -9.438804 -1.983643 -6.652832 8.148193 6.14 6.14 1.2 1.3 0.188 0.162 2.7992 2.6640 -0.0259 0.7048 -0.0015 0.000000 0.003264 11.63 500 780 
12.384 3 -0.139053 -0.009590 -10.239555 -0.976562 5.645752 7.171631 6.29 6.29 1.6 0.1 0.265 0.039 2.2177 4.3678 0.4120 0.7085 -0.0015 0.000000 0.004266 11.62 500 780 
12.424 3 -0.668892 -0.198989 -9.414829 0.152588 -3.570557 -2.319336 5.90 5.90 0.7 1.3 0.018 -0.002 3.4348 2.6369 -0.1529 0.7121 -0.0016 0.000000 0.001694 11.63 490 770 
12.464 3 -0.520249 0.390786 -10.086118 1.251221 0.213623 -5.218506 6.09 6.09 1.0 1.6 0.315 0.247 2.9209 2.0960 -0.1581 0.7153 -0.0015 0.000000 0.003681 11.62 500 780 
12.504 3 -0.939805 -0.383594 -9.721704 0.671387 -7.537842 -2.502441 6.18 5.92 1.5 1.2 0.378 0.039 2.2448 2.7722 0.1011 0.7187 -0.0015 0.002591 0.003348 11.62 500 820 
12.544 3 -0.697661 0.218169 -9.472368 -0.854492 -6.011963 -2.624512 6.28 6.28 0.9 1.7 0.221 0.230 3.4077 2.1636 -0.2384 0.7221 -0.0015 0.000000 0.004546 11.62 500 770 
12.584 3 -0.728828 -0.163027 -9.565868 0.823975 -0.244141 -5.218506 6.11 6.11 0.3 1.3 0.048 0.120 4.0568 2.6234 -0.2747 0.7257 -0.0015 0.000000 0.003489 11.61 500 820 
12.624 3 -0.664097 -0.421953 -9.853564 0.091553 -5.706787 1.708984 6.31 6.05 0.4 1.3 0.091 0.177 4.0433 2.5287 -0.2902 0.7291 -0.0015 0.002591 0.003573 11.62 500 820 
12.664 3 -0.481890 -0.160630 -9.649780 -0.122070 1.525879 0.976562 6.12 5.86 0.9 0.7 0.096 0.143 3.2454 3.2454 0.0000 0.7327 -0.0015 0.002591 0.003047 11.63 500 810 
12.705 3 -0.863086 -0.445928 -9.836782 -0.030518 2.624512 6.591797 5.78 5.52 1.5 1.2 0.152 0.115 2.0554 2.2989 0.0466 0.7360 -0.0015 0.002591 0.002414 11.63 500 820 
12.745 3 -0.690469 0.304478 -9.891924 -0.030518 1.434326 -2.624512 6.02 6.28 0.7 1.7 0.306 0.254 3.3401 2.1231 -0.2332 0.7396 -0.0015 -0.002591 0.004647 11.62 500 820 
12.785 3 -0.762393 -0.158232 -9.843974 0.549316 -0.152588 -2.105713 5.69 5.69 0.5 0.9 0.291 -0.100 3.4077 2.9344 -0.0907 0.7430 -0.0015 0.000000 0.002202 11.61 500 770 
12.825 3 -0.688071 -0.112681 -9.640190 0.213623 0.793457 -3.204346 6.76 6.50 1.1 1.3 0.349 0.162 3.4212 2.9074 -0.0985 0.7468 -0.0015 0.002591 0.006180 11.63 490 810 
12.865 3 -0.841509 -0.160630 -9.469971 0.915527 -7.049561 0.518799 6.41 6.15 1.0 0.8 0.156 -0.063 3.2860 3.3942 0.0207 0.7504 -0.0015 0.002591 0.003225 11.63 500 820 
12.905 3 -1.215513 -0.103091 -9.237416 -1.617432 -2.014160 -1.251221 6.60 6.60 1.0 1.1 0.363 0.009 3.4212 3.3672 -0.0104 0.7542 -0.0015 0.000000 0.004206 11.63 500 780 
12.945 3 -1.160371 -0.345234 -9.525112 -1.007080 -3.570557 1.129150 6.59 6.59 1.0 1.2 0.346 0.112 3.4889 3.1914 -0.0570 0.7583 -0.0015 0.000000 0.003516 11.62 500 770 
12.985 3 -0.839111 -0.800752 -9.714512 -0.122070 -2.685547 -6.561279 6.67 6.93 0.9 1.1 0.230 0.015 3.7728 3.5835 -0.0363 0.7621 -0.0015 -0.002591 0.003974 11.63 500 820 
13.025 3 -0.846304 0.309272 -9.479560 0.854492 4.608154 -4.364014 6.34 6.60 0.1 1.8 0.049 0.094 4.6248 2.1772 -0.4690 0.7661 -0.0015 -0.002591 0.002574 11.63 500 830 
13.065 3 -0.951792 -0.496274 -9.369277 2.166748 -0.732422 -6.866455 6.41 6.93 0.4 1.6 0.023 0.182 4.3949 2.7586 -0.3135 0.7699 -0.0015 -0.005182 0.002805 11.63 500 820 
13.105 3 -0.306875 -0.280503 -10.071733 -0.640869 6.011963 7.232666 6.22 6.74 0.9 1.2 0.120 0.225 3.3401 3.1102 -0.0440 0.7739 -0.0015 -0.005182 0.001916 11.63 500 820 
13.145 3 -0.503467 -0.374004 -10.059746 -2.563477 -5.218506 -3.173828 6.90 7.68 1.3 1.0 0.224 0.105 3.4618 4.1650 0.1347 0.7781 -0.0016 -0.007773 0.004260 11.64 500 830 
13.185 3 -0.935010 0.215771 -9.498740 -1.434326 -0.427246 3.723145 6.62 7.14 1.0 1.5 0.219 0.157 3.5835 3.0697 -0.0985 0.7823 -0.0016 -0.005182 0.002039 11.63 500 820 
13.225 3 -1.179551 0.021577 -9.417226 0.671387 3.784180 1.159668 6.65 7.17 1.0 0.9 0.192 0.078 3.4753 3.8540 0.0726 0.7864 -0.0016 -0.005182 0.001669 11.64 500 820 
13.265 3 -0.644917 -0.786367 -9.736089 -1.922607 -3.662109 2.288818 6.71 7.23 1.4 1.0 0.334 -0.085 2.8939 3.8675 0.1866 0.7904 -0.0016 -0.005182 0.001645 11.62 500 810 
13.305 3 -0.306875 0.201387 -10.421762 -0.549316 5.218506 -8.453369 6.38 7.16 0.2 1.2 0.023 0.087 4.5436 3.3942 -0.2202 0.7946 -0.0017 -0.007773 0.001153 11.63 500 820 
13.345 3 -0.786367 0.489082 -9.604228 1.251221 0.823975 -5.676270 6.47 7.25 0.2 1.8 0.006 0.211 4.6112 2.6640 -0.3731 0.7986 -0.0017 -0.007773 0.001659 11.63 500 810 
13.385 3 -0.834316 -0.649712 -9.503535 0.030518 1.403809 -1.220703 6.54 7.05 1.1 0.7 0.134 0.108 3.3807 4.1244 0.1425 0.8028 -0.0017 -0.005182 0.001103 11.63 500 830 
13.425 3 -0.589775 -0.460312 -9.668960 -1.800537 -4.943848 -0.396729 6.83 7.35 1.4 0.9 0.331 0.092 3.0156 4.1244 0.2125 0.8068 -0.0017 -0.005182 0.002085 11.62 500 810 
13.465 3 -1.069268 -0.282900 -9.457983 0.549316 2.441406 -5.615234 6.60 7.12 1.5 1.2 0.337 0.058 2.6504 3.4889 0.1606 0.8109 -0.0018 -0.005182 0.001511 11.62 490 810 
13.505 3 -0.184604 -0.297285 -10.654316 -0.488281 -2.563477 -1.831055 6.69 7.20 1.1 1.6 0.264 0.096 3.5159 3.0832 -0.0829 0.8149 -0.0018 -0.005182 0.001929 11.63 500 820 
13.545 3 -0.668892 -0.110283 -9.796025 0.244141 5.920410 -4.364014 6.72 6.98 0.9 1.6 0.264 0.012 3.5970 2.6640 -0.1788 0.8191 -0.0018 -0.002591 0.001693 11.63 500 830 
13.585 3 -0.997344 0.381196 -9.704922 0.762939 -1.281738 -6.347656 7.18 7.44 0.9 1.3 0.136 0.127 4.1650 3.6376 -0.1011 0.8235 -0.0018 -0.002591 0.002454 11.62 500 820 
13.625 3 -0.498672 0.131860 -10.040566 -0.579834 0.427246 4.638672 7.04 7.04 1.7 1.4 0.078 0.156 2.8398 3.2590 0.0803 0.8277 -0.0018 0.000000 0.001117 11.63 490 780 
13.665 3 -0.287695 0.596968 -10.639932 -0.701904 0.976562 4.150391 7.17 7.17 1.6 0.5 0.153 0.158 3.2454 4.6924 0.2773 0.8321 -0.0018 0.000000 0.001495 11.63 500 820 
13.705 3 -0.690469 -0.510659 -9.798423 -0.579834 0.946045 3.662109 6.61 6.61 1.5 0.4 0.327 -0.074 2.7586 4.3543 0.3058 0.8362 -0.0018 0.000000 -0.000442 11.62 500 780 
13.745 3 -0.781572 -0.155835 -9.419623 -0.122070 -2.044678 -2.380371 7.08 7.08 1.2 0.7 0.320 -0.116 3.6647 4.4354 0.1477 0.8406 -0.0018 0.000000 0.001319 11.63 500 780 
13.785 3 -0.688071 -0.083911 -9.616216 -0.396729 0.671387 1.922607 6.73 6.73 0.9 0.7 0.068 -0.026 3.8404 4.1109 0.0518 0.8450 -0.0018 0.000000 -0.000209 11.63 500 780 
13.825 3 -0.561006 -0.143848 -9.719306 1.129150 2.075195 -3.997803 7.36 7.11 0.9 0.9 0.173 0.070 4.2867 4.1244 -0.0311 0.8496 -0.0018 0.002591 0.001803 11.61 500 820 
13.865 3 -0.647314 -0.242144 -9.589844 0.701904 -4.913330 -2.532959 6.51 6.51 0.9 1.0 0.028 -0.046 3.6376 3.4483 -0.0363 0.8538 -0.0018 0.000000 -0.001477 11.62 500 780 
13.905 3 -0.472300 -0.414761 -10.656713 0.030518 -3.662109 8.972168 8.09 7.83 1.6 1.4 0.446 0.011 3.7458 4.1920 0.0855 0.8585 -0.0018 0.002591 0.004685 11.63 500 830 
13.945 3 -0.697661 0.153437 -9.839179 0.335693 5.493164 -3.601074 7.59 7.59 0.6 1.7 0.017 0.145 4.9223 3.3807 -0.2954 0.8635 -0.0018 0.000000 0.000899 11.61 500 780 
13.985 3 -0.865483 -0.453120 -9.328520 0.030518 3.967285 2.990723 7.43 7.17 1.1 0.8 0.255 0.060 4.0162 4.3678 0.0674 0.8685 -0.0018 0.002591 -0.001605 11.63 500 810 
14.025 3 -0.889458 -0.268516 -9.378867 -0.366211 3.723145 0.701904 7.07 7.07 1.1 0.8 0.312 -0.153 3.8269 4.2056 0.0726 0.8735 -0.0018 0.000000 -0.002619 11.63 500 820 
14.065 3 -0.819932 -0.604160 -9.796025 0.854492 -3.875732 -5.187988 7.42 7.42 0.9 1.6 0.095 0.103 4.5166 3.3536 -0.2228 0.8783 -0.0018 0.000000 -0.000814 11.62 500 780 
14.105 3 -1.354565 0.081514 -9.282969 -0.152588 6.256104 3.509521 7.02 7.02 0.9 1.6 0.158 0.127 3.9757 2.9074 -0.2047 0.8828 -0.0018 0.000000 -0.001803 11.63 500 780 
14.145 3 -0.457915 -0.189399 -10.069336 1.373291 -6.591797 -6.652832 7.76 7.76 0.9 1.6 0.217 0.156 4.7194 3.6241 -0.2099 0.8876 -0.0018 0.000000 0.000577 11.63 490 770 
14.185 3 -0.709648 -0.158232 -9.513124 -0.091553 -3.814697 -0.122070 7.21 7.21 1.0 1.0 0.051 0.067 4.1785 4.0974 -0.0155 0.8924 -0.0018 0.000000 -0.001952 11.64 500 780 
14.225 3 -0.465107 0.079116 -10.021386 0.549316 8.026123 0.823975 7.28 7.28 1.1 0.6 0.276 -0.183 3.8810 4.8006 0.1762 0.8972 -0.0018 0.000000 -0.001194 11.63 500 820 
14.265 3 -0.841509 -0.210977 -9.839179 -0.213623 -5.310059 -0.152588 7.34 7.34 0.9 0.9 0.306 -0.177 4.3408 4.5301 0.0363 0.9020 -0.0018 0.000000 -0.001658 11.62 490 810 
14.305 3 -0.354824 0.158232 -10.016591 0.183105 1.983643 1.525879 7.30 7.04 1.1 1.0 0.201 0.113 3.9081 3.9081 0.0000 0.9066 -0.0018 0.002591 -0.001782 11.62 500 820 
14.345 3 -0.179810 -0.028770 -10.208388 -0.030518 2.746582 1.892090 7.12 7.12 1.3 1.0 0.278 0.061 3.5429 3.9892 0.0855 0.9113 -0.0018 0.000000 -0.001516 11.62 490 770 
14.385 3 -0.222964 0.160630 -9.975835 0.122070 0.213623 2.319336 6.94 6.68 1.2 0.5 0.315 -0.131 3.5024 4.3273 0.1581 0.9159 -0.0018 0.002591 -0.002542 11.63 500 830 
14.425 3 -0.707251 -0.409966 -10.069336 0.518799 1.861572 -3.265381 7.57 7.57 1.0 1.1 0.280 0.127 4.4219 4.1379 -0.0544 0.9205 -0.0018 0.000000 0.000710 11.63 490 770 
14.465 3 -0.733623 -0.124668 -9.668960 0.457764 -7.629395 -2.166748 7.48 7.48 0.8 1.1 0.048 0.029 4.7194 4.2461 -0.0907 0.9253 -0.0018 0.000000 -0.001083 11.63 500 780 
14.505 3 -0.539429 0.019180 -9.853564 -0.274658 2.746582 4.821777 7.52 7.52 1.1 1.4 0.068 0.089 4.1244 3.6917 -0.0829 0.9305 -0.0017 0.000000 -0.001152 11.63 510 830 
14.545 3 -0.486685 -0.318862 -10.011797 -0.701904 6.774902 -0.457764 7.57 7.31 1.6 0.8 0.370 -0.157 3.4483 4.4760 0.1969 0.9356 -0.0017 0.002591 -0.002005 11.62 490 810 
14.585 3 -0.441133 -0.608955 -10.383403 0.793457 -0.213623 -4.699707 7.66 7.66 0.7 1.7 0.169 -0.071 4.9899 3.3807 -0.3083 0.9406 -0.0017 0.000000 -0.001801 11.62 500 820 
14.625 3 -0.728828 0.453120 -9.719306 -0.762939 -1.892090 7.080078 7.30 7.56 1.0 1.5 0.212 0.158 4.0974 3.5835 -0.0985 0.9452 -0.0018 -0.002591 -0.002713 11.63 500 820 
14.665 3 -0.366812 -0.580186 -10.009399 -0.366211 7.629395 -0.213623 7.10 7.36 1.4 1.0 0.387 -0.047 3.3942 4.0433 0.1244 0.9500 -0.0018 -0.002591 -0.002598 11.62 500 810 
14.705 3 -0.975767 -0.280503 -9.752871 -0.671387 -3.601074 4.455566 7.22 7.48 1.0 0.7 0.209 0.070 4.1109 4.5571 0.0855 0.9548 -0.0018 -0.002591 -0.002738 11.63 500 820 
14.745 3 -1.273052 0.139053 -9.704922 -0.457764 2.441406 4.730225 7.25 7.77 1.0 1.1 0.243 0.124 4.1650 4.2461 0.0155 0.9595 -0.0018 -0.005182 -0.001737 11.63 500 820 
14.785 3 -0.400376 -0.282900 -9.851167 -0.640869 -3.753662 -4.455566 7.55 8.07 1.4 1.2 0.329 0.157 3.8810 4.2867 0.0777 0.9643 -0.0018 -0.005182 -0.000961 11.62 490 810 
14.825 3 -0.541826 -0.299683 -9.956655 -0.183105 2.441406 -0.335693 7.20 7.72 1.2 0.8 0.300 -0.131 3.6647 4.6924 0.1969 0.9691 -0.0019 -0.005182 -0.002799 11.62 500 810 
14.865 3 -0.846304 0.002397 -9.556279 0.488281 -0.823975 -1.770020 7.25 7.77 0.9 0.9 0.226 0.002 4.1650 4.5166 0.0674 0.9739 -0.0019 -0.005182 -0.003017 11.63 500 820 
14.905 3 -0.522646 -0.095898 -9.939873 0.518799 -0.274658 -4.974365 7.19 7.71 0.8 1.3 0.031 0.261 4.4084 3.8134 -0.1140 0.9787 -0.0019 -0.005182 -0.002613 11.63 500 830 
14.945 3 -0.997344 -0.052744 -9.481957 -0.518799 -0.427246 2.044678 7.14 7.40 1.4 0.8 0.293 -0.118 3.3131 4.3408 0.1969 0.9834 -0.0019 -0.002591 -0.003133 11.62 500 820 
14.985 3 -0.865483 0.616147 -9.517920 0.366211 2.288818 -3.540039 7.14 7.66 1.1 1.6 0.333 0.198 3.8540 3.2995 -0.1062 0.9876 -0.0019 -0.005182 -0.001821 11.62 490 810 
15.025 3 -0.961382 -0.350029 -9.405239 0.518799 1.983643 -0.671387 6.91 7.17 1.1 1.3 0.338 0.065 3.4889 3.3942 -0.0181 0.9922 -0.0020 -0.002591 -0.002987 11.63 490 820 
15.065 3 -0.402773 -0.045552 -9.968642 0.854492 -4.089355 -1.800537 7.35 7.87 1.0 1.1 0.154 0.126 4.1785 4.2191 0.0078 0.9968 -0.0020 -0.005182 -0.001042 11.63 500 830 
15.105 3 -0.697661 -0.189399 -9.690536 -0.183105 -5.798340 2.227783 7.35 7.61 1.1 1.3 0.055 0.133 4.1109 3.8134 -0.0570 1.0014 -0.0020 -0.002591 -0.002001 11.62 500 820 
15.145 3 -1.107627 -0.155835 -8.801079 0.305176 2.136230 0.518799 7.07 7.33 1.9 0.3 0.375 -0.135 2.4476 5.0710 0.5027 1.0058 -0.0020 -0.002591 -0.002997 11.62 500 820 
15.186 3 -0.246938 0.021577 -10.143657 0.549316 -0.091553 -6.042480 7.37 7.63 1.3 1.0 0.294 0.078 3.7864 4.3002 0.0985 1.0107 -0.0020 -0.002591 -0.001672 11.63 500 820 
15.226 3 -0.508262 -0.098296 -9.923091 -0.213623 0.396729 3.967285 6.84 7.10 1.0 1.1 0.299 -0.018 3.6917 3.8404 0.0285 1.0151 -0.0020 -0.002591 -0.003709 11.61 500 820 
15.266 3 -0.383594 0.326055 -10.381005 -0.366211 6.134033 -2.014160 6.87 7.12 1.0 1.4 0.216 0.110 3.6647 3.3401 -0.0622 1.0195 -0.0020 -0.002591 -0.002595 11.63 500 810 
15.306 3 -0.479492 -0.390786 -9.846372 -0.396729 -4.180908 -0.152588 6.87 6.87 1.7 1.0 0.400 -0.020 2.6099 3.8404 0.2358 1.0237 -0.0020 0.000000 -0.003024 11.60 490 780 
15.346 3 -0.407568 0.194194 -9.925488 -0.091553 -0.152588 -0.244141 7.05 6.80 1.0 1.1 0.207 -0.162 3.8945 3.5970 -0.0570 1.0283 -0.0020 0.002591 -0.002622 11.63 500 830 
15.386 3 -0.194194 -0.270913 -10.155644 0.732422 -0.976562 -1.647949 7.09 6.83 0.7 1.5 0.047 0.092 4.4084 3.1102 -0.2487 1.0328 -0.0020 0.002591 -0.002056 11.63 500 820 
15.426 3 -0.942202 -0.318862 -9.395649 -0.366211 4.547119 3.936768 6.93 6.67 1.3 1.1 0.295 0.045 3.3536 3.3807 0.0052 1.0372 -0.0020 0.002591 -0.002551 11.62 500 820 
15.466 3 -0.678481 -0.362017 -9.568266 0.152588 -2.197266 -5.950928 6.78 7.04 0.7 1.5 0.245 0.169 4.1244 3.1373 -0.1892 1.0416 -0.0020 -0.002591 -0.002226 11.62 500 820 
15.506 3 -1.102832 -0.647314 -9.561074 0.457764 0.640869 -2.593994 6.46 6.46 0.3 1.0 -0.002 0.113 4.5571 3.3807 -0.2254 1.0458 -0.0020 0.000000 -0.003780 11.64 500 780 
15.546 3 -0.302080 0.179810 -10.402583 0.244141 -0.396729 4.516602 7.02 6.76 1.6 1.0 0.283 0.162 3.0697 3.6241 0.1062 1.0500 -0.0020 0.002591 -0.000860 11.62 500 820 
15.586 3 -0.620942 -0.136655 -9.544291 0.213623 -0.335693 1.403809 6.79 6.53 1.6 0.5 0.391 -0.156 2.6504 4.2461 0.3058 1.0541 -0.0020 0.002591 -0.001902 11.60 500 810 
15.626 3 -0.678481 0.158232 -9.863154 0.183105 0.061035 0.701904 6.84 7.10 0.9 1.6 0.216 0.168 3.8810 2.9344 -0.1814 1.0585 -0.0020 -0.002591 -0.000737 11.61 500 820 
15.666 3 -0.937407 -0.417158 -9.520317 -1.037598 -0.152588 3.845215 6.60 6.60 1.1 1.0 0.322 0.218 3.2319 3.3536 0.0233 1.0627 -0.0020 0.000000 -0.002239 11.63 500 790 
15.706 3 -0.611353 -0.141450 -9.520317 0.305176 -2.410889 -1.739502 6.59 6.85 1.0 0.6 0.254 0.082 3.4753 4.1785 0.1347 1.0669 -0.0020 -0.002591 -0.001864 11.63 490 820 
15.746 3 -0.498672 0.153437 -10.038169 0.457764 0.732422 1.220703 6.31 6.31 0.7 1.1 0.085 0.040 3.7052 3.1102 -0.1140 1.0707 -0.0020 0.000000 -0.002707 11.63 500 780 
15.786 3 -0.592173 0.273311 -10.227568 0.549316 6.134033 -4.821777 6.79 6.79 1.0 1.0 0.156 0.086 3.6782 3.5970 -0.0155 1.0751 -0.0020 0.000000 -0.000135 11.61 500 780 
15.826 3 -0.750405 -0.213374 -9.410034 -0.305176 -5.187988 0.549316 6.59 6.59 1.3 1.3 0.127 0.096 3.1373 3.0020 -0.0259 1.0792 -0.0020 0.000000 -0.001595 11.62 500 780 
15.866 3 -0.656904 -0.347632 -9.712114 0.335693 7.354736 3.356934 6.26 6.00 1.2 0.5 0.231 -0.108 2.9344 3.6511 0.1373 1.0830 -0.0020 0.002591 -0.002619 11.62 500 820 
15.906 3 -0.584980 -0.426748 -9.649780 -0.915527 -9.155273 3.662109 6.47 6.47 1.2 0.9 0.212 0.074 3.2049 3.5970 0.0751 1.0868 -0.0020 0.000000 -0.000804 11.62 500 820 
15.946 3 -0.774380 0.074321 -9.568266 -1.159668 -2.929688 2.593994 6.30 6.30 1.5 0.5 0.415 -0.130 2.4341 4.0839 0.3161 1.0904 -0.0020 0.000000 -0.000713 11.63 500 820 
15.986 3 -0.043154 -0.481890 -10.196401 0.671387 2.532959 0.122070 6.17 6.17 1.4 0.6 0.336 -0.078 2.5558 3.7864 0.2358 1.0940 -0.0020 0.000000 -0.000593 11.63 500 770 
16.026 3 -0.318862 -0.376401 -10.146054 -0.671387 3.082275 1.251221 5.90 6.16 1.3 1.4 0.281 0.169 2.5287 2.5287 0.0000 1.0978 -0.0020 -0.002591 -0.000573 11.63 500 810 
16.066 3 -0.836714 -0.501069 -9.352495 0.427246 1.647949 -1.281738 5.77 6.03 1.0 1.2 0.143 0.153 2.7992 2.5152 -0.0544 1.1015 -0.0021 -0.002591 -0.000830 11.63 500 820 
16.106 3 -0.513057 0.501069 -10.256337 -0.823975 -0.396729 -0.946045 6.55 6.55 1.3 0.7 0.056 0.209 3.1508 3.7864 0.1218 1.1053 -0.0021 0.000000 0.001788 11.63 490 820 
16.146 3 -0.623340 -0.163027 -9.625805 -1.373291 5.004883 5.249023 6.30 6.04 1.3 0.1 0.290 -0.065 2.7722 4.3543 0.3032 1.1091 -0.0021 0.002591 -0.000247 11.63 500 820 
16.186 3 -0.620942 -0.050347 -9.992617 -0.732422 2.624512 -0.610352 6.30 6.30 1.2 0.6 0.258 0.085 3.0561 3.7458 0.1321 1.1129 -0.0021 0.000000 -0.000011 11.63 500 780 
16.226 3 -0.668892 0.213374 -10.275517 -0.061035 -2.502441 -2.441406 5.84 5.84 0.9 1.2 0.017 0.116 3.0561 2.6234 -0.0829 1.1165 -0.0021 0.000000 -0.001804 11.63 490 770 
16.266 3 -0.855894 -0.163027 -9.402842 0.030518 3.479004 -0.183105 6.00 6.00 1.5 0.8 0.368 -0.086 2.1501 3.2590 0.2125 1.1201 -0.0021 0.000000 0.000163 11.63 500 780 
16.306 3 -0.225361 -0.112681 -10.107695 -0.091553 1.800537 4.455566 5.73 5.73 1.4 0.7 0.267 0.017 2.2177 3.2454 0.1969 1.1237 -0.0021 0.000000 -0.000573 11.62 500 780 
16.346 3 -0.378799 -0.297285 -9.834385 -0.610352 -0.244141 -0.244141 6.29 6.29 1.5 0.6 0.287 0.085 2.6234 3.7728 0.2202 1.1274 -0.0021 0.000000 0.001838 11.62 490 810 
16.386 3 -0.678481 -0.040757 -10.083720 -0.671387 2.593994 5.462646 6.20 6.20 1.6 0.4 0.348 -0.037 2.2448 4.0298 0.3420 1.1310 -0.0020 0.000000 0.000996 11.63 500 780 
16.426 3 -1.309014 -0.175015 -9.371675 -1.464844 -6.530762 3.845215 6.62 6.62 1.3 0.6 0.243 -0.175 3.1373 4.1109 0.1866 1.1350 -0.0021 0.000000 0.001433 11.63 500 780 
16.466 3 -0.839111 -0.448325 -9.769653 -0.030518 -4.119873 1.220703 6.67 6.67 1.4 0.6 0.364 -0.165 2.8398 4.1920 0.2591 1.1386 -0.0021 0.000000 0.001017 11.62 500 780 
16.506 3 -0.198989 -0.673687 -10.306684 -0.183105 -4.272461 -3.570557 6.62 6.88 1.1 1.5 0.287 -0.111 3.3536 2.9479 -0.0777 1.1424 -0.0021 -0.002591 0.001246 11.63 500 820 
16.546 3 -0.445928 0.496274 -9.870346 0.305176 1.434326 -3.204346 6.44 6.70 0.6 1.4 0.327 0.112 3.9216 3.0156 -0.1736 1.1464 -0.0021 -0.002591 0.000025 11.62 500 820 
16.586 3 -0.776777 -0.534634 -9.486753 -0.183105 -3.417969 -7.080078 6.88 7.14 1.2 1.7 0.275 0.223 3.5159 2.8533 -0.1270 1.1505 -0.0021 -0.002591 0.001463 11.62 500 820 
16.625 3 -0.575391 -0.551416 -9.865551 0.335693 -1.373291 -3.234863 6.62 6.88 0.4 1.3 0.205 0.047 4.3002 3.2590 -0.1995 1.1545 -0.0021 -0.002591 -0.000318 11.62 490 810 
16.665 3 -0.776777 0.527441 -9.529907 1.281738 5.676270 -7.537842 6.83 7.09 1.4 1.5 0.343 0.152 3.0697 2.9750 -0.0181 1.1585 -0.0021 -0.002591 0.000911 11.62 500 810 
16.705 3 -0.994946 0.035962 -9.585049 1.739502 -3.540039 -0.396729 6.60 7.12 0.9 1.8 0.358 0.159 3.5294 2.4882 -0.1995 1.1623 -0.0021 -0.005182 -0.000330 11.63 490 810 
16.745 3 -0.417158 -0.158232 -9.712114 0.671387 -3.417969 0.762939 6.89 7.15 1.4 0.6 0.279 0.188 3.1102 4.3408 0.2358 1.1665 -0.0021 -0.002591 -0.000009 11.63 500 830 
16.785 3 -0.654507 -0.469902 -10.225170 -0.823975 -2.075195 3.723145 6.73 6.99 1.3 0.8 0.403 -0.143 3.0291 4.0162 0.1892 1.1705 -0.0021 -0.002591 -0.000704 11.62 500 820 
16.825 3 -0.961382 0.745610 -9.064799 0.762939 4.638672 -5.432129 6.79 7.05 1.3 1.7 0.360 0.131 3.0561 2.5693 -0.0933 1.1746 -0.0022 -0.002591 0.000080 11.62 500 820 
16.865 3 -0.714443 0.620942 -9.968642 1.129150 3.692627 2.349854 6.50 7.02 0.0 1.8 0.028 0.299 4.8952 2.4611 -0.4664 1.1784 -0.0022 -0.005182 -0.001063 11.63 500 810 
16.905 3 -0.618545 -0.107886 -9.872744 0.518799 -3.723145 -4.394531 6.46 6.98 1.1 1.7 0.195 0.287 3.2725 2.5558 -0.1373 1.1824 -0.0022 -0.005182 -0.000870 11.63 500 820 
16.945 3 -0.791162 -0.563403 -9.589844 0.183105 -2.685547 1.434326 6.31 6.57 1.5 0.5 0.320 0.032 2.3394 4.0974 0.3368 1.1862 -0.0022 -0.002591 -0.001401 11.63 500 820 
16.985 3 -0.314067 -0.553813 -9.884731 -0.183105 1.647949 0.671387 6.56 6.82 1.5 0.8 0.372 -0.019 2.7045 3.8540 0.2202 1.1898 -0.0022 -0.002591 0.000495 11.62 500 810 
17.025 3 -0.805547 0.297285 -9.033632 0.610352 3.631592 -4.333496 6.21 6.47 1.5 1.3 0.391 0.139 2.3259 2.7316 0.0777 1.1934 -0.0022 -0.002591 -0.000275 11.62 500 820 
17.065 3 -1.433682 0.417158 -8.772309 2.319336 2.593994 -11.871338 6.34 6.85 0.7 1.7 0.413 0.059 3.6241 2.4747 -0.2202 1.1973 -0.0022 -0.005182 0.000595 11.61 500 810 
17.105 3 -1.133999 -0.644917 -9.268583 1.708984 -4.425049 -3.814697 6.42 6.42 1.2 1.4 0.313 0.090 2.9615 2.6775 -0.0544 1.2009 -0.0022 0.000000 -0.000377 11.63 500 780 
17.145 3 -1.448066 -0.465107 -9.103159 0.305176 -1.159668 -6.408691 6.57 6.31 1.7 0.7 0.493 0.025 2.3665 3.5970 0.2358 1.2047 -0.0022 0.002591 0.000141 11.60 490 820 
17.185 3 -1.112422 0.278105 -9.247006 -1.617432 -3.051758 5.554199 6.25 6.25 1.2 0.9 0.406 -0.179 2.7045 3.3536 0.1244 1.2085 -0.0022 0.000000 -0.000850 11.63 490 810 
17.225 3 -0.503467 -0.661699 -10.325864 -0.122070 -3.753662 -4.486084 6.26 6.26 1.3 1.2 0.355 -0.153 2.7586 2.9344 0.0337 1.2121 -0.0022 0.000000 -0.000020 11.63 500 780 
17.265 3 -0.350029 -0.242144 -10.265927 -0.244141 -0.640869 0.122070 6.39 6.13 1.0 0.9 0.258 -0.150 3.2860 3.2590 -0.0052 1.2159 -0.0022 0.002591 0.000282 11.63 500 820 
17.305 3 -0.599365 -0.302080 -9.728896 -0.549316 -4.180908 0.610352 5.99 5.99 0.7 0.3 0.064 -0.147 3.4753 4.0568 0.1114 1.2194 -0.0022 0.000000 -0.000563 11.64 500 780 
17.345 3 -0.908638 0.220566 -9.609023 -2.014160 5.462646 0.976562 5.95 5.95 1.2 0.1 0.234 -0.168 2.5287 4.2461 0.3291 1.2230 -0.0022 0.000000 0.000342 11.63 500 780 
17.385 3 -0.443530 -0.004795 -9.971040 -0.183105 -2.380371 0.549316 5.96 5.96 0.9 0.5 0.067 -0.112 3.1237 3.6647 0.1036 1.2266 -0.0022 0.000000 0.000292 11.63 490 770 
17.425 3 -1.030908 -0.242144 -9.388456 -1.281738 6.347656 -0.305176 5.89 5.89 1.3 0.7 0.157 -0.120 2.3394 3.3401 0.1917 1.2302 -0.0022 0.000000 0.000539 11.64 500 820 
17.465 3 -1.002139 -0.222964 -9.335712 -0.091553 -1.312256 5.798340 6.38 6.12 1.5 0.6 0.434 0.001 2.4070 3.6917 0.2462 1.2336 -0.0022 0.002591 0.001791 11.62 500 820 
17.505 3 -1.373745 -0.517852 -9.000068 0.793457 0.579834 -1.831055 6.24 5.98 1.7 0.2 0.317 -0.190 2.0419 4.1785 0.4094 1.2372 -0.0022 0.002591 0.000549 11.63 500 820 
17.545 3 -1.165166 -0.724033 -9.374072 1.129150 -4.364014 1.495361 6.39 5.88 1.7 0.9 0.412 -0.154 2.2312 3.0967 0.1658 1.2410 -0.0022 0.005182 0.000574 11.60 500 830 
17.585 3 -0.750405 0.326055 -9.724101 -0.946045 0.885010 2.502441 6.24 6.24 1.1 1.4 0.255 0.158 3.0291 2.5152 -0.0985 1.2447 -0.0022 0.000000 0.001346 11.61 500 780 
17.625 3 -0.659302 0.239746 -10.026181 -0.946045 0.885010 5.554199 6.07 6.07 0.6 1.3 0.055 0.143 3.6647 2.6504 -0.1943 1.2483 -0.0022 0.000000 0.000547 11.63 500 780 
17.665 3 -0.575391 0.146245 -10.316274 0.122070 -3.662109 -2.777100 6.09 6.35 0.9 1.4 0.053 0.181 3.2454 2.6504 -0.1140 1.2521 -0.0022 -0.002591 0.001327 11.62 500 820 
17.705 3 -0.752803 -0.294888 -9.719306 0.244141 3.417969 1.678467 5.54 5.79 0.9 1.4 0.213 0.163 2.6640 2.1231 -0.1036 1.2553 -0.0022 -0.002591 -0.000076 11.62 500 810 
17.745 3 -0.786367 0.203784 -9.383662 -0.610352 -3.387451 -4.882812 6.01 6.01 1.2 1.7 0.302 0.167 2.7316 1.9743 -0.1451 1.2587 -0.0022 0.000000 0.001882 11.62 490 770 
17.785 3 -0.587378 0.026372 -9.462778 0.762939 -1.281738 -5.371094 5.53 5.53 0.2 1.0 0.269 -0.140 3.7323 2.6640 -0.2047 1.2619 -0.0022 0.000000 0.000171 11.63 500 780 
17.825 3 -1.234692 -0.134258 -9.119941 -1.068115 -10.589600 4.241943 6.14 5.62 1.6 0.6 0.376 -0.061 2.0825 3.3672 0.2462 1.2651 -0.0022 0.005182 0.002300 11.62 500 820 
17.865 3 -0.884663 0.000000 -9.690536 -0.396729 -1.129150 0.152588 5.63 5.63 1.0 1.0 0.389 -0.150 2.5017 2.7045 0.0389 1.2684 -0.0022 0.000000 0.001826 11.61 500 820 
17.905 3 -0.882266 0.146245 -9.652178 0.122070 -7.049561 3.814697 6.06 5.80 1.2 0.9 0.474 -0.131 2.6775 3.0967 0.0803 1.2718 -0.0022 0.002591 0.003088 11.61 500 820 
17.945 3 -0.736021 -0.093501 -9.721704 -0.518799 -2.593994 -2.227783 6.03 5.77 1.0 0.0 0.115 -0.073 3.0967 4.1515 0.2021 1.2750 -0.0022 0.002591 0.002741 11.63 500 820 
17.985 3 -0.414761 0.047949 -9.623408 0.701904 3.540039 -0.396729 5.79 5.53 0.8 0.7 0.086 0.134 2.9750 2.9615 -0.0026 1.2782 -0.0022 0.002591 0.001943 11.62 500 820 
18.025 3 -0.635327 -0.414761 -9.865551 0.457764 -7.415771 -1.525879 6.09 6.09 0.6 1.7 0.068 0.240 3.6782 1.9608 -0.3291 1.2816 -0.0022 0.000000 0.003468 11.62 500 820 
18.065 3 -0.498672 -0.237349 -9.961450 0.946045 2.838135 -3.051758 5.82 5.82 0.3 1.4 0.070 0.123 3.7458 2.2989 -0.2773 1.2848 -0.0022 0.000000 0.002384 11.63 500 780 
18.105 3 -0.136655 -0.726431 -10.215581 0.427246 -1.251221 1.831055 5.87 5.61 0.6 1.3 0.321 0.003 3.4348 2.1772 -0.2410 1.2882 -0.0022 0.002591 0.002187 11.62 500 810 
18.145 3 -0.767187 -0.561006 -10.035771 -0.122070 -3.234863 -6.439209 5.91 5.91 1.0 0.7 0.450 -0.155 2.8668 3.3807 0.0985 1.2917 -0.0022 0.000000 0.002929 11.62 500 820 
18.185 3 -0.374004 -0.107886 -9.685741 -0.274658 -0.427246 1.434326 5.54 5.28 1.1 0.2 0.272 0.038 2.4206 3.5024 0.2073 1.2947 -0.0022 0.002591 0.001549 11.61 500 820 
18.225 3 -0.846304 -0.007192 -9.767256 -0.061035 -4.852295 -0.091553 5.81 5.81 0.9 1.6 0.135 0.239 2.9479 1.8391 -0.2125 1.2977 -0.0022 0.000000 0.003875 11.63 500 780 
18.265 3 -0.148643 -0.177412 -10.064541 0.091553 5.737305 5.157471 5.43 5.43 1.1 1.4 0.111 0.192 2.3124 1.8526 -0.0881 1.3009 -0.0022 0.000000 0.002913 11.62 500 820 
18.305 3 -0.258926 0.424351 -10.337852 -0.762939 1.037598 7.904053 5.76 5.76 1.0 1.3 0.051 0.136 2.8127 2.3665 -0.0855 1.3041 -0.0022 0.000000 0.004225 11.63 500 820 
18.345 3 -0.385991 -0.520249 -10.050156 0.885010 0.244141 -5.096436 5.63 5.88 0.9 1.8 0.312 0.307 2.7451 1.4469 -0.2487 1.3071 -0.0022 -0.002591 0.004177 11.63 490 810 
18.385 3 -0.385991 0.314067 -9.942270 0.701904 0.335693 -0.305176 5.85 5.85 0.6 1.1 0.048 0.104 3.3672 2.6910 -0.1296 1.3105 -0.0022 0.000000 0.003905 11.62 500 820 
18.425 3 -0.807944 0.225361 -10.064541 0.152588 -3.479004 -0.976562 6.03 6.03 0.7 1.3 0.091 0.236 3.5429 2.5152 -0.1969 1.3138 -0.0021 0.000000 0.004286 11.62 500 770 
18.464 3 -0.388389 0.007192 -9.839179 -0.274658 0.030518 2.838135 5.75 5.75 0.3 1.6 0.018 0.226 3.8945 1.7580 -0.4094 1.3170 -0.0021 0.000000 0.003066 11.63 500 780 
18.504 3 -0.918227 0.098296 -9.625805 -0.366211 -1.861572 -1.678467 5.73 5.99 0.3 2.0 0.058 0.215 3.7864 1.4334 -0.4509 1.3200 -0.0021 -0.002591 0.003729 11.62 500 820 
18.544 3 -0.637725 -0.045552 -9.927885 1.037598 7.904053 -3.448486 5.66 5.91 0.1 1.7 0.127 0.089 3.9621 1.7580 -0.4224 1.3236 -0.0021 -0.002591 0.003498 11.61 500 820 
18.584 3 -1.006934 -0.187002 -9.438804 0.335693 -2.014160 0.640869 5.39 5.65 0.9 1.5 0.249 0.027 2.4747 1.9337 -0.1036 1.3264 -0.0022 -0.002591 0.002226 11.62 500 810 
18.624 3 -1.033306 0.887061 -9.414829 0.000000 -0.213623 -4.608154 5.64 5.90 1.5 1.1 0.414 0.047 1.9067 2.6504 0.1425 1.3296 -0.0022 -0.002591 0.003980 11.61 500 820 
18.664 3 -0.853496 -0.318862 -10.129272 1.037598 -2.532959 -1.007080 5.48 5.99 0.4 1.4 0.385 -0.098 3.2860 2.3800 -0.1736 1.3326 -0.0022 -0.005182 0.003834 11.63 500 820 
18.704 3 -0.990151 -0.875073 -9.537099 1.190186 -5.310059 -3.906250 5.77 6.03 1.6 1.2 0.435 -0.146 1.8526 2.6504 0.1529 1.3352 -0.0022 -0.002591 0.005102 11.60 500 820 
18.744 3 -0.846304 0.002397 -10.047758 0.122070 4.455566 -5.340576 5.40 5.66 1.6 0.3 0.424 -0.124 1.4199 3.4889 0.3964 1.3385 -0.0022 -0.002591 0.003755 11.62 500 820 
18.784 3 -0.019180 -0.450723 -10.496083 -0.701904 4.730225 10.711670 5.54 5.80 1.0 0.9 0.106 0.265 2.6099 2.6640 0.0104 1.3413 -0.0022 -0.002591 0.005101 11.63 500 800 
18.824 3 -0.510659 -0.064731 -10.174824 0.457764 1.434326 2.380371 5.67 6.19 0.8 1.3 0.097 0.375 3.1508 2.3800 -0.1477 1.3443 -0.0022 -0.005182 0.005901 11.63 500 830 
18.864 3 -0.582583 -0.776777 -9.266186 -1.678467 -9.521484 3.540039 5.50 6.02 0.3 1.5 0.124 0.097 3.5835 2.0419 -0.2954 1.3471 -0.0022 -0.005182 0.004714 11.62 500 820 
18.904 3 -0.683276 0.664097 -9.997412 2.136230 5.432129 -4.058838 5.12 5.64 1.4 0.9 0.406 -0.127 1.4064 2.5693 0.2228 1.3495 -0.0022 -0.005182 0.004810 11.61 500 820 
18.944 3 -0.604160 -0.935010 -11.256079 -2.563477 -1.159668 -0.549316 5.38 6.16 1.6 0.8 0.413 -0.055 1.4469 3.0426 0.3058 1.3525 -0.0023 -0.007773 0.005725 11.60 490 820 
18.984 3 -0.187002 0.163027 -9.927885 0.213623 2.929688 9.216309 5.27 6.05 1.5 1.4 0.309 0.237 1.5281 2.0149 0.0933 1.3553 -0.0023 -0.007773 0.005825 11.62 510 830 
19.024 3 -1.491221 -0.194194 -9.410034 0.244141 1.068115 -2.044678 5.20 5.72 0.6 1.8 0.018 0.314 2.8939 1.2711 -0.3109 1.3579 -0.0023 -0.005182 0.004982 11.63 500 820 
19.064 3 -0.788765 -0.330850 -9.577856 1.281738 -0.854492 -8.178711 5.21 5.98 0.5 1.8 0.434 0.087 2.8398 1.5957 -0.2384 1.3605 -0.0023 -0.007773 0.005902 11.60 500 830 
19.104 3 -1.285039 -1.323398 -10.378608 -1.647949 -5.981445 -1.800537 5.45 5.71 1.5 0.9 0.375 -0.150 1.5822 2.7316 0.2202 1.3630 -0.0023 -0.002591 0.006042 11.62 500 820 
19.144 3 -0.728828 0.851099 -9.333315 -0.946045 -0.030518 3.448486 4.79 5.05 1.4 0.4 0.261 0.215 1.3252 2.6775 0.2591 1.3654 -0.0023 -0.002591 0.004605 11.62 500 810 
19.184 3 -0.664097 -0.338042 -9.887129 6.042480 4.943848 -12.451172 5.05 5.57 0.4 1.1 0.423 0.065 2.9074 2.3935 -0.0985 1.3680 -0.0023 -0.005182 0.007017 11.63 500 820 
19.224 3 -0.364414 -0.376401 -11.045102 0.213623 -2.288818 8.270264 4.83 5.09 1.2 0.3 0.097 0.067 1.8391 3.1643 0.2539 1.3702 -0.0024 -0.002591 0.005889 11.62 500 820 
19.264 3 -1.179551 -0.882266 -8.729155 -1.922607 -9.979248 4.119873 4.48 4.74 0.7 1.5 0.135 0.224 2.0690 1.1089 -0.1840 1.3722 -0.0024 -0.002591 0.005683 11.63 500 820 
19.304 3 -1.354565 0.237349 -9.297353 1.739502 -2.899170 -3.692627 4.67 4.92 1.4 0.8 0.299 -0.086 1.2306 2.1772 0.1814 1.3742 -0.0024 -0.002591 0.007800 11.63 500 820 
19.344 3 -0.333247 -0.788765 -10.241953 -4.547119 8.361816 7.965088 5.26 5.52 0.8 0.4 0.071 0.238 2.5423 3.0967 0.1062 1.3766 -0.0024 -0.002591 0.010673 11.63 500 820 
19.384 3 -0.047949 -0.644917 -9.872744 -0.396729 -1.861572 2.746582 5.25 4.99 1.9 1.1 0.534 0.063 0.8249 1.9473 0.2151 1.3786 -0.0024 0.002591 0.008566 11.62 490 800 
19.424 3 -0.906240 0.134258 -10.325864 0.671387 -7.659912 0.946045 4.77 5.54 -0.1 1.9 0.005 0.318 3.7052 0.8655 -0.5441 1.3810 -0.0024 -0.007773 0.008188 11.63 500 810 
19.464 3 -0.175015 1.210718 -9.275776 2.349854 8.056641 -10.681152 4.92 5.18 1.6 0.7 0.475 -0.095 1.0277 2.6775 0.3161 1.3834 -0.0024 -0.002591 0.008519 11.61 500 820 
19.504 3 -0.935010 0.613750 -10.318671 2.227783 -5.218506 -3.448486 4.73 4.99 0.3 1.2 0.013 0.158 2.9615 1.8391 -0.2151 1.3859 -0.0024 -0.002591 0.007174 11.62 500 820 
19.544 3 -1.086050 -0.556211 -9.007260 -1.739502 1.708984 -3.387451 4.33 4.59 0.4 0.8 0.409 -0.097 2.2853 1.9337 -0.0674 1.3879 -0.0024 -0.002591 0.007268 11.62 500 820 
19.584 3 -1.306616 -1.400117 -9.642588 0.366211 12.054443 7.049561 4.78 4.78 1.3 1.5 0.292 0.264 1.3252 0.9736 -0.0674 1.3897 -0.0024 0.000000 0.009969 11.63 500 780 
19.624 3 -0.704853 -0.381196 -9.347700 -0.427246 3.936768 -8.666992 4.73 4.99 0.3 0.9 0.192 -0.124 2.9750 2.3935 -0.1114 1.3923 -0.0024 -0.002591 0.008894 11.63 500 820 
19.664 3 -0.496274 -0.371606 -10.071733 0.091553 3.021240 5.981445 4.34 4.34 1.2 1.2 0.255 0.166 1.2576 1.1089 -0.0285 1.3941 -0.0024 0.000000 0.008014 11.62 500 780 
19.704 3 -0.486685 -0.676084 -9.918296 1.037598 2.716064 -16.143799 4.78 4.52 0.4 0.8 0.291 -0.120 2.6099 2.2989 -0.0596 1.3963 -0.0024 0.002591 0.009809 11.62 490 810 
19.744 3 -0.743213 -0.189399 -9.980630 -0.122070 1.464844 4.302979 4.69 4.43 1.1 1.4 0.097 0.192 1.7580 1.0548 -0.1347 1.3983 -0.0024 0.002591 0.009972 11.63 500 820 
19.784 3 -1.275449 0.352427 -8.690796 -0.579834 4.211426 0.976562 4.47 4.21 -0.2 0.8 0.039 -0.099 3.4889 1.8120 -0.3213 1.4007 -0.0024 0.002591 0.008715 11.63 490 810 
19.824 3 -1.388130 -0.647314 -8.594897 -0.274658 2.014160 -3.082275 4.24 3.98 1.3 1.1 0.273 0.122 1.0683 0.9466 -0.0233 1.4023 -0.0024 0.002591 0.008835 11.62 500 820 
19.864 3 -1.373745 -0.546621 -9.004863 -1.464844 -7.019043 3.723145 4.53 4.53 0.5 1.2 0.053 0.068 2.3800 1.4875 -0.1710 1.4045 -0.0024 0.000000 0.010484 11.62 500 770 
19.904 3 -0.115078 -0.690469 -10.105297 0.854492 -5.187988 -2.716064 5.09 4.83 1.7 0.5 0.451 -0.136 1.0818 2.6910 0.3083 1.4067 -0.0024 0.002591 0.012465 11.62 500 800 
19.944 3 -0.793560 0.314067 -9.983027 -2.593994 -0.915527 -2.929688 4.82 4.82 0.0 1.1 -0.003 0.124 3.4618 1.6768 -0.3420 1.4090 -0.0024 0.000000 0.011399 11.62 500 770 
19.984 3 -0.927817 0.122271 -9.227827 0.274658 5.737305 -0.518799 4.62 4.11 1.4 1.1 0.421 0.055 0.8655 1.1765 0.0596 1.4110 -0.0024 0.005182 0.010024 11.61 500 830 
20.024 3 -0.982959 -0.342837 -10.172426 0.488281 -1.007080 3.295898 4.48 4.74 0.9 1.6 0.116 0.251 1.9473 0.7843 -0.2228 1.4132 -0.0024 -0.002591 0.010811 11.62 500 810 
20.064 3 -1.251475 0.062334 -8.908964 2.410889 3.814697 -10.772705 4.71 4.97 -0.2 1.6 0.072 0.187 3.5024 1.1359 -0.4534 1.4156 -0.0024 -0.002591 0.011152 11.62 500 820 
20.104 3 -1.543965 -0.767187 -9.019248 -0.854492 -11.688232 5.035400 5.15 4.63 1.8 0.5 0.438 -0.080 1.0142 2.6910 0.3213 1.4178 -0.0024 0.005182 0.010635 11.63 500 820 
20.144 3 -0.714443 0.179810 -9.872744 0.030518 -4.302979 4.119873 4.85 5.10 0.8 1.7 0.045 0.298 2.4341 0.9872 -0.2773 1.4204 -0.0024 -0.002591 0.011405 11.63 500 820 
20.184 3 -0.652109 0.889458 -9.712114 -0.152588 -0.152588 -4.974365 5.07 5.33 1.1 1.5 0.376 0.068 1.9202 1.5822 -0.0648 1.4228 -0.0024 -0.002591 0.012081 11.62 500 810 
20.224 3 -1.433682 -0.532236 -9.388456 -0.030518 -2.502441 -2.441406 5.21 4.95 1.7 0.9 0.394 -0.126 1.2170 2.2718 0.2021 1.4252 -0.0024 0.002591 0.010849 11.61 500 810 
20.263 3 -0.795957 -0.239746 -9.359687 0.000000 -5.676270 0.030518 5.26 5.00 0.4 0.5 0.010 0.122 3.3536 2.8803 -0.0907 1.4280 -0.0024 0.002591 0.010511 11.63 500 820 
20.303 3 -0.714443 0.282900 -9.805614 0.000000 -2.899170 0.335693 5.13 5.13 1.8 1.2 0.513 0.106 0.9195 1.9337 0.1943 1.4302 -0.0024 0.000000 0.011434 11.61 500 780 
20.343 3 -0.920625 -0.297285 -10.395391 0.793457 0.396729 4.119873 5.08 5.08 1.5 -0.5 0.280 -0.114 1.5010 4.3949 0.5545 1.4331 -0.0024 0.000000 0.010591 11.62 500 820 
20.383 3 -0.853496 0.016782 -10.112490 -0.579834 -1.190186 2.258301 4.92 4.92 0.4 1.5 0.082 0.212 3.0426 1.3793 -0.3187 1.4355 -0.0024 0.000000 0.010338 11.63 500 770 
20.423 3 -0.450723 -0.762393 -10.129272 0.366211 -9.613037 -7.873535 5.63 5.37 1.6 0.9 0.420 -0.146 1.7444 2.7722 0.1969 1.4381 -0.0024 0.002591 0.012951 11.60 500 820 
20.463 3 -0.496274 0.256528 -9.457983 -0.061035 -3.387451 1.556396 5.10 5.10 1.4 1.5 0.367 0.211 1.4334 1.3523 -0.0155 1.4403 -0.0024 0.000000 0.011706 11.61 500 780 
