%% logfile from robot 5
%  1    time 0.003 sec
%  2    mission (2) state 2
%  3  4  5 Acc x,y,z [m/s2]: -5.487788 0.064731 -8.429472
%  6  7  8 Gyro x,y,z [deg/s]: -0.091553 -0.122070 0.061035
%  9 10 Motor velocity ref left, right: 107.39 107.39
% 11 12 Motor voltage [V] left, right: 8.0 8.0
% 13 14 Motor current left, right [A]: 1.858 1.334
% 15 16 Wheel velocity [r/s] left, right: -0.0000 0.0000
% 17    Turnrate [r/s]: 0.0000
% 18 19 20 21 Pose x,y,h,tilt [m,m,rad,rad]: 0.0000 0.0000 0.000000 0.511352
% 22    Battery voltage [V]: 11.36
% 23 24 Get data time [us]: 500 +ctrl 770
% 25 26 27 28 29 Ballance pitch ref 0.000000 [rad], bal-out 107.385956 [rad], I-out 5.113451 [m/s], D-out 102.272507 [rad], vel ref [m/s] 0.000000
%% Configuration as seen in client (assumed updated from robot)
% [main]
% version = 2.159
% mission = 2
% statusinterval = 50
% usbdevicename = /dev/ttyACM0
% connect = True
% 
% [log]
% interval = 50
% mission_state = True
% acceleration = True
% gyro = True
% encoder = False
% motorref = True
% motorvoltage = True
% motorcurrent = True
% wheelvelocity = True
% robotpose = True
% linesensor = False
% batteryvoltage = True
% balancectrl = True
% controltime = True
% extrainfo = False
% logfilename = /home/chr/svnregbot/matlab/log_2015_10_31/bal_velctrl_8.log
% allow = True
% 
% [wheelVel]
% reguse = True
% usevelest = False
% usevelleadfwd = True
% acclimit = 100.0
% kp = 0.33
% taui = 0.0
% taud = 0.043
% alpha = 0.5
% imax = 8.0
% steptime = 3.3
% stepfromreg = -8.0
% steptoreg = -15.0
% stepfromv = 2.1
% steptov = 4.1
% motorvoltlimit = 8.0
% 
% [turn]
% reguse = True
% leadfwd = False
% kp = 50.0
% taui = 0.0
% taud = 0.0
% alpha = 0.1
% imax = 0.4
% outmax = 15.0
% stepontime = 0.1
% stepofftime = 0.6
% stepvaluereg = 5.0
% stepvaluemotreg = 5.0
% stepvaluemotv = 0.35
% stepvelocitymotreg = 20.0
% stepvelocitymotv = 20.0
% 
% [mission]
% mission = # demo mission
% 	vel=0.2, acc=1   : dist = 0.3
% 	tr=0.3 : turn=45
% 	vel=0.7, acc=3   : dist = 0.3
% 	vel=0.15, tr=-0.1,bal=0,log=3 : turn=-45,time=8,dist=0.75
% 	# go straight
% 	: dist = 0.3
% 	vel=0 : time=1
% filename = mission_1.mis
% 
% [balance]
% use = True
% kp = -200.0
% taui = 0.07
% taud = 1.0
% alpha = 0.2
% imax = 40.0
% outmax = 199.0
% leadfwd = True
% leadgyro = True
% 
% [balanceVel]
% use = True
% kp = 0.4
% taui = 1.5
% taud = 0.007
% alpha = 10.0
% zeta = 0.05
% imax = 0.075
% leadfwd = True
% outmax = 0.075
% steptime = 5.0
% stepfrom = 0.0
% stepto = 0.0
% stepfromvel = 0.0
% steptovel = 0.1
% stepfrommsec = 0.0
% steptomsec = 0.0
% stepfrommotvolt = 0.0
% steptomotvolt = 0.0
% 
% [balanceSS]
% use = False
% k_tilt = -8.0
% k_gyro = 0.02
% k_pos = 0.0
% k_vel = 0.0
% k_motor = 0.0
% outmax = 0.1
% steptime = 50.0
% stepfrom = 0.09
% stepto = 0.09
% steppos = -1
% 
% [lineSensor]
% maximum = 1024
% 
% [robot5]
% version = 2.156.13
% robotbase = 0.155
% gear = 9.68
% encoderppr = 48.0
% weelradiusleft = 0.0297
% weelradiusright = 0.0297
% balanceoffset = 0.07
% 
%% data log
0.053 2 -2.495757 0.791162 -14.957758 -5.401611 115.661621 -3.387451 144.18 143.40 8.0 8.0 1.659 1.413 34.6722 34.6722 0.0000 0.0363 0.0002 0.007773 0.454039 11.41 500 830 -0.075000 143.789078 40.000000 103.789078 0.000000 
0.103 2 -1.915571 -0.846304 -12.807236 31.585693 297.302246 -1.434326 103.92 103.14 8.0 8.0 1.442 1.177 39.7702 40.9738 0.2306 0.0906 0.0007 0.007773 0.268606 11.43 500 830 -0.075000 103.532394 40.000000 63.532394 0.000000 
0.153 2 -3.466728 -0.244541 -4.749370 0.915527 338.562012 7.629395 41.50 40.98 -0.8 -1.0 -0.636 -0.713 26.5045 26.5045 0.0000 0.1438 0.0012 0.005182 -0.039271 11.59 500 840 -0.075000 41.236874 40.000000 1.236873 0.000000 
0.203 2 -0.462710 -0.683276 -8.549345 6.195068 61.401367 -10.162354 3.63 3.89 -2.6 -1.9 -0.980 -0.679 5.1116 4.0162 -0.2099 0.1657 0.0012 -0.002591 -0.202257 11.59 500 820 -0.075000 3.757359 30.280325 -26.522966 0.000000 
0.253 2 -0.443530 -0.481890 -8.575718 0.793457 -124.176025 -11.962891 3.03 3.55 1.5 0.9 0.172 0.243 1.1089 2.0149 0.1736 0.1679 0.0012 -0.005182 -0.141113 11.59 490 810 -0.075000 3.289598 14.344985 -11.055387 0.000000 
0.303 2 -0.620942 -0.234951 -8.702783 0.122070 -14.892578 -6.713867 9.37 9.63 0.8 1.5 0.281 0.075 6.2475 5.5308 -0.1373 0.1737 0.0012 -0.002591 -0.081533 11.60 490 810 -0.075000 9.498459 10.545183 -1.046724 0.000000 
0.353 2 -0.234951 -0.443530 -9.980630 -1.037598 2.807617 0.061035 10.24 10.24 1.4 1.5 0.190 0.108 6.3421 6.1663 -0.0337 0.1831 0.0012 0.000000 -0.074639 11.59 490 810 -0.075000 10.238957 10.215794 0.023164 0.000000 
0.403 2 -0.263721 0.033564 -9.796025 0.091553 8.453369 3.387451 8.78 8.78 0.8 0.3 0.044 -0.094 5.9229 6.7613 0.1606 0.1924 0.0012 0.000000 -0.079930 11.60 500 780 -0.075000 8.780228 9.913759 -1.133531 0.000000 
0.453 2 -0.364414 -0.273311 -10.052553 0.549316 -4.943848 -3.570557 9.19 8.93 1.3 0.8 0.143 0.066 5.6254 6.2881 0.1270 0.2010 0.0012 0.002591 -0.076521 11.59 500 820 -0.075000 9.063354 9.281264 -0.217910 0.000000 
0.503 2 -0.323657 -0.196592 -10.021386 -0.183105 16.693115 0.640869 7.75 7.75 0.5 0.9 -0.077 -0.027 5.4226 4.9087 -0.0985 0.2092 0.0012 0.000000 -0.080300 11.61 500 780 -0.075000 7.749476 9.100896 -1.351420 0.000000 
0.553 2 -0.369209 -0.366812 -10.045361 -0.946045 -11.047363 3.143311 6.58 6.58 0.7 1.1 -0.061 0.127 4.3137 3.6241 -0.1321 0.2153 0.0012 0.000000 -0.081950 11.60 500 780 -0.075000 6.581203 7.778297 -1.197094 0.000000 
0.603 2 -0.474697 -0.215771 -9.628202 1.159668 14.068604 -4.760742 6.50 6.50 1.2 1.0 0.218 0.109 3.3401 3.5024 0.0311 0.2213 0.0012 0.000000 -0.077978 11.59 490 770 -0.075000 6.496729 7.337825 -0.841097 0.000000 
0.653 2 -0.647314 0.050347 -9.561074 -0.640869 -3.295898 -0.244141 4.26 4.00 0.6 0.5 -0.041 -0.078 2.4070 2.2989 -0.0207 0.2255 0.0012 0.002591 -0.085378 11.60 500 820 -0.075000 4.131198 6.149283 -2.018085 0.000000 
0.703 2 -0.098296 -0.256528 -9.935078 -1.373291 -3.692627 7.141113 5.06 5.06 1.2 0.6 0.260 0.196 2.0419 2.8398 0.1529 0.2289 0.0012 0.000000 -0.076691 11.60 500 770 -0.075000 5.057278 5.331042 -0.273765 0.000000 
0.753 2 -0.558608 0.359619 -9.239814 1.586914 16.784668 -1.129150 1.86 2.37 -0.0 0.5 0.010 -0.038 1.1224 0.7437 -0.0726 0.2313 0.0012 -0.005182 -0.086255 11.59 500 820 -0.075000 2.114717 4.658721 -2.544003 0.000000 
0.803 2 -0.103091 0.062334 -9.944668 -0.030518 -3.967285 -1.251221 1.02 1.28 0.1 0.3 0.018 -0.020 0.4733 0.3516 -0.0233 0.2319 0.0012 -0.002591 -0.084688 11.61 500 800 -0.075000 1.153371 3.021630 -1.868259 0.000000 
0.853 2 -0.153437 0.004795 -9.918296 0.396729 11.993408 -0.305176 -1.67 -1.41 -1.0 -0.9 0.022 -0.025 0.1758 0.1487 -0.0052 0.2319 0.0012 -0.002591 -0.087057 11.60 500 820 -0.072693 -1.542431 1.539672 -3.082103 0.000000 
0.903 2 -0.091104 0.076719 -9.930283 -0.671387 -1.922607 5.218506 -6.68 -6.42 -2.2 -1.7 -0.352 -0.257 -1.4199 -2.2989 -0.1684 0.2303 0.0012 -0.002591 -0.087775 11.60 500 800 -0.061822 -6.553234 -1.396288 -5.156945 0.000000 
0.953 2 -0.776777 -0.338042 -9.549087 -0.518799 -36.895752 1.647949 -11.77 -10.99 -2.4 -2.1 -0.420 -0.393 -4.9899 -5.2603 -0.0518 0.2247 0.0012 -0.007773 -0.068348 11.59 500 830 -0.036748 -11.378303 -5.702314 -5.675989 0.000000 
1.003 2 -0.601763 -0.364414 -9.841577 -1.495361 -49.346924 6.896973 -11.93 -10.64 -1.6 -1.3 -0.101 -0.182 -6.3151 -6.2881 0.0052 0.2159 0.0013 -0.012956 -0.026500 11.60 500 830 -0.011743 -11.283818 -9.193768 -2.090051 0.000000 
1.053 2 -0.666494 -0.136655 -10.059746 -0.793457 -15.258789 -7.568359 -6.31 -4.76 -1.1 0.3 0.006 0.078 -2.4206 -3.7052 -0.2462 0.2092 0.0014 -0.015547 0.005739 11.60 490 810 -0.010582 -5.537360 -9.067768 3.530408 0.000000 
1.103 2 -0.364414 -0.091104 -10.155644 1.617432 40.588379 -1.617432 -5.81 -4.25 -2.0 -1.0 -0.309 -0.169 -0.9195 -1.5957 -0.1296 0.2060 0.0015 -0.015547 -0.011466 11.59 500 830 -0.023207 -5.031171 -6.670879 1.639708 0.000000 
1.153 2 -0.004795 -0.098296 -10.325864 0.335693 3.692627 0.030518 -8.27 -7.24 -1.4 -2.1 0.086 -0.408 -3.8134 -2.1231 0.3239 0.2024 0.0015 -0.010364 -0.027903 11.61 500 810 -0.023067 -7.755108 -6.723506 -1.031602 0.000000 
1.203 2 -0.342837 0.426748 -9.935078 0.610352 -12.481689 -1.983643 -9.90 -8.86 -1.3 -1.9 -0.074 -0.329 -5.3009 -3.8134 0.2850 0.1964 0.0016 -0.010364 -0.022600 11.61 490 810 -0.013739 -9.381673 -7.827261 -1.554411 0.000000 
1.253 2 -0.712046 -0.014385 -9.879936 -0.183105 -19.805908 -4.669189 -9.65 -8.87 -1.7 -1.4 0.002 -0.242 -4.6248 -4.6789 -0.0104 0.1890 0.0016 -0.007773 -0.007245 11.61 490 810 -0.003619 -9.259893 -8.880363 -0.379531 0.000000 
1.303 2 -0.270913 -0.129463 -10.205991 0.091553 -10.803223 -0.091553 -8.39 -7.87 -1.0 -1.3 0.067 -0.208 -4.7059 -3.9081 0.1529 0.1819 0.0017 -0.005182 0.003864 11.61 490 810 0.000454 -8.132519 -9.003093 0.870574 0.000000 
1.353 2 -0.568198 -0.318862 -9.959052 0.244141 11.627197 2.593994 -6.70 -5.92 -1.7 -0.6 -0.188 0.072 -2.1907 -3.3672 -0.2254 0.1769 0.0017 -0.007773 0.003327 11.60 500 820 -0.005897 -6.306719 -7.948643 1.641925 0.000000 
1.403 2 -0.848701 -0.937407 -9.443599 -0.061035 -2.868652 -4.302979 -8.75 -8.23 -1.5 -1.8 -0.160 -0.359 -4.1109 -3.3942 0.1373 0.1719 0.0017 -0.005182 -0.010317 11.59 500 830 -0.006253 -8.492431 -7.729586 -0.762845 0.000000 
1.453 2 -0.875073 -0.316465 -9.621011 -0.701904 -11.291504 -2.685547 -9.60 -8.83 -1.7 -1.4 -0.154 -0.268 -4.7059 -4.5977 0.0207 0.1653 0.0018 -0.007773 -0.003373 11.60 500 830 0.001296 -9.214341 -8.477548 -0.736794 0.000000 
1.503 2 -0.625737 -0.232554 -9.992617 -0.122070 -10.955811 3.295898 -8.80 -8.28 -1.3 -1.2 -0.021 -0.180 -4.6112 -4.5436 0.0130 0.1578 0.0018 -0.005182 0.008007 11.59 500 820 0.007166 -8.536531 -8.895992 0.359461 0.000000 
1.553 2 -0.376401 0.184604 -10.050156 -0.366211 5.126953 -2.166748 -8.12 -7.60 -1.5 -0.8 -0.164 -0.046 -3.7323 -4.5166 -0.1503 0.1518 0.0019 -0.005182 0.010412 11.61 500 810 0.006829 -7.859643 -8.486830 0.627186 0.000000 
1.603 2 -0.613750 -0.328452 -9.796025 -0.915527 3.540039 0.610352 -7.90 -7.39 -1.0 -2.0 -0.086 -0.285 -4.2596 -2.5017 0.3368 0.1462 0.0019 -0.005182 0.006333 11.60 490 820 0.004154 -7.645108 -8.019161 0.374053 0.000000 
1.653 2 -0.256528 0.433940 -10.062143 0.183105 5.920410 1.281738 -8.19 -7.68 -1.8 -1.1 -0.276 0.048 -3.3266 -4.2056 -0.1684 0.1410 0.0019 -0.005182 0.004006 11.60 500 820 0.004117 -7.935321 -7.809613 -0.125708 0.000000 
1.703 2 -0.191797 -0.016782 -10.347441 -0.762939 1.220703 0.946045 -8.47 -7.96 -1.6 -1.0 -0.105 0.058 -3.8540 -4.5301 -0.1296 0.1353 0.0019 -0.005182 0.004400 11.60 490 810 0.005866 -8.214699 -7.900225 -0.314473 0.000000 
1.753 2 -0.450723 0.057539 -10.323466 -1.007080 -6.195068 1.617432 -8.20 -7.68 -1.1 -1.3 -0.213 -0.190 -4.2732 -3.8134 0.0881 0.1293 0.0020 -0.005182 0.007690 11.61 500 830 0.007790 -7.938934 -8.027116 0.088182 0.000000 
1.803 2 -0.788765 -0.424351 -9.779243 -0.152588 -5.950928 -0.640869 -7.93 -7.42 -1.3 -1.4 -0.129 -0.204 -3.8540 -3.4753 0.0726 0.1237 0.0020 -0.005182 0.010083 11.61 490 810 0.009042 -7.675143 -7.987364 0.312221 0.000000 
1.853 2 -0.580186 -0.028770 -9.822397 -0.488281 -0.488281 2.014160 -7.36 -7.10 -1.0 -1.8 -0.167 -0.019 -3.7458 -2.5287 0.2332 0.1187 0.0020 -0.002591 0.010090 11.60 490 820 0.007769 -7.228664 -7.701255 0.472591 0.000000 
1.903 2 -0.525044 0.091104 -10.047758 1.129150 2.502441 -6.469727 -7.39 -7.13 -2.0 -1.1 -0.173 -0.067 -2.2989 -3.4753 -0.2254 0.1139 0.0021 -0.002591 0.007398 11.59 490 820 0.006122 -7.264511 -7.475941 0.211430 0.000000 
1.953 2 -0.561006 -0.055142 -9.644985 0.610352 0.976562 -10.498047 -7.39 -7.65 -1.8 -2.0 -0.102 -0.402 -2.6775 -2.3935 0.0544 0.1094 0.0021 0.002591 0.005176 11.59 500 820 0.005487 -7.520161 -7.440833 -0.079327 0.000000 
2.003 2 -0.563403 -0.712046 -9.724101 -2.777100 -10.314941 1.556396 -6.92 -7.18 -0.8 -1.9 0.035 -0.325 -3.6106 -2.0419 0.3006 0.1046 0.0020 0.002591 0.008368 11.61 500 810 0.006792 -7.052216 -7.547462 0.495246 0.000000 
2.053 2 -0.505864 0.201387 -9.359687 0.640869 -4.150391 2.838135 -7.44 -7.44 -1.7 -0.9 -0.253 -0.006 -2.8262 -3.9216 -0.2099 0.1000 0.0020 -0.000000 0.008406 11.61 500 770 0.008589 -7.439293 -7.475101 0.035809 0.000000 
2.103 2 -0.985356 -0.254131 -9.067197 0.518799 -2.777100 -3.295898 -6.63 -6.89 -1.2 -1.9 -0.013 -0.390 -2.8533 -1.8526 0.1917 0.0958 0.0020 0.002591 0.009305 11.59 500 820 0.006925 -6.760530 -7.285116 0.524585 0.000000 
2.153 2 -0.362017 0.009590 -9.666562 0.000000 0.244141 -3.601074 -6.77 -6.77 -2.1 -1.0 -0.322 0.048 -1.5416 -3.3807 -0.3524 0.0916 0.0020 -0.000000 0.009453 11.59 500 790 0.007725 -6.774412 -7.115736 0.341324 0.000000 
2.203 2 -0.407568 -0.374004 -10.572803 0.061035 3.509521 0.183105 -6.49 -7.00 -0.3 -2.2 0.064 -0.297 -4.0568 -1.7174 0.4483 0.0876 0.0020 0.005182 0.009340 11.59 500 820 0.008188 -6.745030 -6.914277 0.169247 0.000000 
2.253 2 -0.172617 -0.491479 -10.146054 2.288818 -1.312256 -2.929688 -6.46 -6.20 -2.0 -0.1 -0.173 -0.097 -1.5010 -4.1515 -0.5079 0.0837 0.0020 -0.002591 0.009431 11.61 500 820 0.007647 -6.331327 -6.710947 0.379620 0.000000 
2.303 2 -0.546621 0.026372 -9.676152 0.213623 3.143311 4.180908 -6.19 -5.94 -2.0 -0.8 -0.435 0.043 -1.0412 -2.9344 -0.3628 0.0805 0.0020 -0.002591 0.007165 11.60 500 820 0.005220 -6.064680 -6.398796 0.334116 0.000000 
2.353 2 -1.352168 0.100693 -9.098364 -1.312256 -2.441406 4.852295 -6.20 -5.94 -1.1 -0.9 -0.299 0.040 -2.4341 -2.9479 -0.0985 0.0773 0.0020 -0.002591 0.006718 11.60 490 810 0.006207 -6.071919 -6.216657 0.144738 0.000000 
2.403 2 -0.503467 -0.249336 -10.256337 1.403809 8.087158 3.936768 -5.72 -5.47 -1.9 0.2 -0.290 0.062 -1.0548 -4.3002 -0.6219 0.0745 0.0020 -0.002591 0.006902 11.61 500 830 0.005142 -5.595015 -5.805905 0.210891 0.000000 
2.453 2 -0.558608 -0.206182 -9.453188 0.488281 10.131836 2.258301 -5.50 -4.72 -1.6 -0.6 -0.195 0.014 -1.2847 -2.2583 -0.1866 0.0721 0.0020 -0.007773 0.004348 11.61 500 830 0.002077 -5.107625 -5.385050 0.277425 0.000000 
2.503 2 -0.314067 0.146245 -9.575459 -0.457764 -3.692627 -7.781982 -4.82 -4.30 -1.1 -1.3 0.025 -0.284 -1.4469 -0.6626 0.1503 0.0703 0.0021 -0.005182 0.002313 11.61 500 810 -0.000368 -4.558965 -5.159482 0.600518 0.000000 
2.553 2 -0.764790 -0.575391 -9.412432 -0.335693 -2.380371 0.274658 -5.15 -4.63 -1.4 -1.4 -0.220 -0.226 -1.0953 -1.0548 0.0078 0.0683 0.0021 -0.005182 0.000109 11.59 500 820 -0.000405 -4.892686 -5.036942 0.144257 0.000000 
2.603 2 -0.115078 -0.115078 -10.388198 -0.488281 1.770020 2.990723 -4.45 -3.67 -1.4 -0.1 -0.179 0.025 -0.5950 -2.1907 -0.3058 0.0665 0.0021 -0.007773 0.002470 11.60 500 810 -0.001070 -4.060906 -4.738192 0.677285 0.000000 
2.653 2 -0.640122 0.352427 -9.529907 -0.427246 -5.432129 0.549316 -4.47 -3.69 -1.0 -1.1 0.029 -0.215 -1.1494 -0.5950 0.1062 0.0649 0.0021 -0.007773 -0.001330 11.59 500 830 -0.003146 -4.078064 -4.536130 0.458065 0.000000 
2.703 2 -0.227759 0.582583 -9.724101 0.091553 8.941650 0.366211 -4.78 -4.27 -0.6 -1.4 0.000 -0.181 -2.0690 -0.7573 0.2513 0.0635 0.0021 -0.005182 -0.002938 11.60 500 820 -0.003097 -4.525427 -4.401201 -0.124225 0.000000 
2.753 2 -0.143848 -0.160630 -9.767256 0.183105 3.967285 -1.708984 -4.74 -3.96 -1.5 -1.2 -0.211 -0.184 -0.6220 -0.5003 0.0233 0.0625 0.0021 -0.007773 -0.004876 11.59 490 810 -0.005335 -4.346891 -4.369496 0.022604 0.000000 
2.803 2 -0.249336 0.031167 -10.102901 -0.091553 2.380371 0.488281 -4.28 -3.77 -0.3 -1.1 0.072 -0.033 -2.1231 -0.8114 0.2513 0.0606 0.0021 -0.005182 -0.002128 11.61 500 820 -0.003524 -4.025421 -4.263082 0.237661 0.000000 
2.853 2 -0.872676 -0.009590 -9.510727 -0.152588 2.777100 -6.164551 -4.21 -3.69 -1.2 -1.2 -0.150 -0.188 -0.5139 -0.3922 0.0233 0.0602 0.0021 -0.005182 -0.005406 11.59 500 820 -0.006540 -3.948095 -4.126538 0.178444 0.000000 
2.903 2 -0.731226 -0.697661 -9.496343 -0.244141 -0.213623 5.035400 -4.34 -3.82 -1.4 -1.0 -0.206 -0.033 -0.3110 -0.6491 -0.0648 0.0594 0.0021 -0.005182 -0.009007 11.60 490 810 -0.009015 -4.079607 -4.085105 0.005498 0.000000 
2.953 2 -0.635327 -0.316465 -9.623408 0.152588 -12.054443 -1.983643 -4.49 -3.97 -1.2 -1.1 -0.123 -0.085 -0.5950 -0.8114 -0.0415 0.0586 0.0021 -0.005182 -0.009490 11.59 500 810 -0.008280 -4.233138 -4.201460 -0.031677 0.000000 
3.003 2 0.076719 0.117476 -10.985166 0.579834 -5.310059 -6.195068 -4.79 -4.02 -1.1 -1.3 0.027 -0.240 -1.2711 -0.5950 0.1296 0.0572 0.0021 -0.007773 -0.007037 11.61 500 810 -0.006071 -4.405195 -4.304685 -0.100510 0.000000 
3.053 2 -0.508262 0.891855 -9.937475 0.274658 -0.183105 0.701904 -4.53 -3.75 -1.5 -0.3 -0.247 0.003 -0.4598 -1.9878 -0.2928 0.0560 0.0021 -0.007773 -0.003613 11.61 500 820 -0.004393 -4.138263 -4.297562 0.159299 0.000000 
3.103 2 -0.210977 0.304478 -10.457725 -0.366211 5.249023 4.333496 -3.60 -3.08 -1.0 -0.9 0.018 -0.028 -0.5003 -0.4327 0.0130 0.0554 0.0022 -0.005182 -0.002318 11.60 490 810 -0.006088 -3.341656 -4.004062 0.662406 0.000000 
3.153 2 -0.035962 0.215771 -10.496083 -0.427246 -0.701904 -4.119873 -3.50 -2.98 -1.0 -0.9 0.017 -0.015 -0.2434 -0.2569 -0.0026 0.0550 0.0022 -0.005182 -0.006678 11.61 500 800 -0.008904 -3.242035 -3.699505 0.457470 0.000000 
3.203 2 -0.501069 -0.069526 -10.052553 -0.122070 5.645752 1.556396 -3.77 -3.26 -1.2 -1.1 -0.034 -0.078 -0.2164 -0.1623 0.0104 0.0550 0.0022 -0.005182 -0.010299 11.59 490 810 -0.010580 -3.515196 -3.472759 -0.042438 0.000000 
3.253 2 -0.834316 -0.179810 -9.680947 0.335693 2.746582 -3.662109 -3.58 -3.06 -1.1 -1.0 0.036 -0.004 -0.1758 -0.1487 0.0052 0.0546 0.0022 -0.005182 -0.011019 11.59 490 810 -0.011728 -3.317053 -3.410907 0.093855 0.000000 
3.303 2 -0.539429 -0.122271 -9.834385 -0.396729 -3.387451 3.295898 -3.54 -3.02 -1.0 -0.9 0.027 -0.025 -0.2164 -0.1623 0.0104 0.0542 0.0022 -0.005182 -0.011573 11.59 500 820 -0.012140 -3.276331 -3.448714 0.172383 0.000000 
3.353 2 -0.798354 -0.433940 -9.752871 -0.152588 -3.631592 1.159668 -3.98 -3.46 -1.2 -1.0 -0.149 -0.100 -0.2028 -0.3110 -0.0207 0.0538 0.0022 -0.005182 -0.012974 11.59 500 820 -0.011970 -3.718329 -3.580940 -0.137389 0.000000 
3.403 2 -0.515454 -0.131860 -9.987822 -0.213623 -4.394531 3.448486 -4.31 -3.79 -1.3 -1.2 -0.169 -0.204 -0.3786 -0.3110 0.0130 0.0534 0.0022 -0.005182 -0.012896 11.61 500 810 -0.011300 -4.046583 -3.804028 -0.242554 0.000000 
3.453 2 -0.525044 -0.184604 -9.937475 -0.152588 -3.723145 -3.265381 -4.11 -3.59 -1.1 -0.9 0.003 -0.032 -0.4057 -0.5680 -0.0311 0.0526 0.0022 -0.005182 -0.010128 11.59 500 820 -0.010249 -3.847628 -3.936901 0.089273 0.000000 
3.503 2 -0.201387 0.134258 -10.054951 -0.122070 -1.678467 4.119873 -3.66 -3.14 -1.0 -0.8 0.017 -0.039 -0.3516 -0.3110 0.0078 0.0522 0.0022 -0.005182 -0.007754 11.60 500 820 -0.010154 -3.402322 -3.911530 0.509208 0.000000 
3.553 2 -0.472300 0.479492 -9.297353 0.579834 -6.683350 -5.859375 -4.40 -3.37 -1.5 -0.1 -0.243 -0.021 -0.1893 -1.7715 -0.3032 0.0518 0.0022 -0.010364 -0.010491 11.61 500 810 -0.009202 -3.885205 -3.744131 -0.141074 0.000000 
3.603 2 -0.558608 -0.143848 -9.870346 0.030518 6.622314 -1.892090 -3.38 -2.61 -1.0 -0.8 0.026 -0.025 -0.1893 -0.2434 -0.0104 0.0516 0.0022 -0.007773 -0.006972 11.60 500 820 -0.009856 -2.995144 -3.456431 0.461287 0.000000 
3.653 2 -0.556211 -0.112681 -9.894321 -0.091553 2.807617 -0.518799 -3.41 -2.63 -1.1 -0.8 0.021 -0.020 -0.1352 -0.1217 0.0026 0.0516 0.0022 -0.007773 -0.009735 11.61 490 810 -0.010938 -3.018734 -3.210371 0.191638 0.000000 
3.703 2 -0.539429 -0.124668 -9.820000 -0.061035 1.220703 0.183105 -3.38 -2.60 -1.1 -0.8 0.025 -0.030 -0.0811 -0.0811 0.0000 0.0516 0.0022 -0.007773 -0.011213 11.60 500 810 -0.011806 -2.987200 -3.084449 0.097249 0.000000 
3.753 2 -0.616147 -0.122271 -9.812807 -0.030518 1.525879 -0.030518 -3.52 -2.75 -1.2 -0.9 0.013 -0.019 -0.0676 -0.0541 0.0026 0.0516 0.0022 -0.007773 -0.012629 11.59 500 820 -0.012373 -3.136052 -3.058310 -0.077742 0.000000 
3.803 2 -0.702456 -0.023975 -9.664165 0.305176 1.220703 0.091553 -3.85 -3.07 -1.3 -1.0 -0.181 -0.044 -0.0541 -0.0541 0.0000 0.0512 0.0022 -0.007773 -0.014071 11.61 500 810 -0.012722 -3.458119 -3.167080 -0.291039 0.000000 
3.853 2 -0.863086 -0.136655 -9.472368 -0.305176 -0.335693 4.760742 -3.92 -3.40 -1.3 -1.2 -0.159 -0.204 -0.3110 -0.0541 0.0492 0.0510 0.0022 -0.005182 -0.013738 11.59 500 820 -0.011903 -3.662409 -3.301304 -0.361104 0.000000 
3.903 2 -0.541826 0.115078 -9.889526 0.305176 4.913330 -3.692627 -4.06 -3.54 -1.3 -1.2 -0.155 -0.162 -0.1758 -0.1758 0.0000 0.0506 0.0022 -0.005182 -0.012982 11.61 500 810 -0.011714 -3.798771 -3.459436 -0.339334 0.000000 
3.953 2 -0.630532 -0.091104 -9.733691 -0.122070 -1.129150 0.183105 -4.18 -3.66 -1.3 -1.2 -0.184 -0.224 -0.1758 -0.1623 0.0026 0.0506 0.0022 -0.005182 -0.012921 11.61 500 820 -0.011569 -3.921438 -3.670700 -0.250738 0.000000 
4.003 2 -0.596968 -0.074321 -9.781640 -0.061035 -1.556396 0.213623 -4.11 -3.59 -1.3 -1.1 -0.174 -0.214 -0.1487 -0.1352 0.0026 0.0502 0.0022 -0.005182 -0.012042 11.60 500 820 -0.011655 -3.849879 -3.799752 -0.050127 0.000000 
4.053 2 -0.546621 0.062334 -9.968642 0.030518 -0.518799 0.488281 -4.18 -3.66 -1.3 -1.1 -0.166 -0.195 -0.2434 -0.2164 0.0052 0.0498 0.0022 -0.005182 -0.011780 11.60 500 820 -0.011280 -3.920918 -3.829966 -0.090952 0.000000 
4.103 2 -0.616147 -0.167822 -9.851167 -0.152588 -0.793457 -4.943848 -4.07 -3.55 -1.3 -1.1 -0.162 -0.135 -0.1758 -0.2434 -0.0130 0.0494 0.0022 -0.005182 -0.010837 11.61 490 810 -0.010964 -3.806161 -3.845359 0.039198 0.000000 
4.153 2 -0.299683 -0.023975 -10.256337 -0.122070 0.549316 0.244141 -3.87 -3.61 -1.1 -1.2 0.026 -0.184 -0.3381 -0.1893 0.0285 0.0492 0.0022 -0.002591 -0.010253 11.60 490 810 -0.010617 -3.737327 -3.800610 0.063283 0.000000 
4.203 2 -0.409966 -0.141450 -10.071733 -0.183105 1.342773 2.197266 -3.74 -3.23 -1.2 -1.0 0.012 -0.032 -0.2028 -0.1352 0.0130 0.0490 0.0022 -0.005182 -0.009415 11.60 500 820 -0.010660 -3.485804 -3.711280 0.225476 0.000000 
4.253 2 -0.431543 -0.187002 -9.975835 -0.091553 -0.061035 -0.701904 -3.61 -3.09 -1.1 -0.9 0.012 -0.029 -0.1082 -0.1352 -0.0052 0.0490 0.0022 -0.005182 -0.009804 11.59 500 820 -0.011071 -3.350103 -3.604446 0.254343 0.000000 
4.303 2 -0.664097 -0.203784 -9.776845 0.061035 4.119873 0.274658 -3.82 -3.30 -1.3 -1.1 -0.098 -0.105 -0.0811 -0.0947 -0.0026 0.0490 0.0022 -0.005182 -0.011335 11.61 500 820 -0.011442 -3.561972 -3.511362 -0.050611 0.000000 
4.353 2 -0.541826 -0.134258 -9.889526 0.000000 2.075195 -0.457764 -3.76 -3.24 -1.2 -1.1 -0.061 -0.070 -0.0541 -0.0676 -0.0026 0.0490 0.0022 -0.005182 -0.011655 11.60 500 820 -0.011801 -3.497749 -3.490562 -0.007186 0.000000 
4.403 2 -0.647314 -0.023975 -9.609023 -0.091553 0.366211 -2.166748 -3.79 -3.27 -1.2 -1.1 -0.135 -0.127 -0.0541 -0.0676 -0.0026 0.0486 0.0022 -0.005182 -0.012188 11.59 500 820 -0.012008 -3.526168 -3.483704 -0.042464 0.000000 
4.453 2 -0.570596 -0.151040 -9.853564 -0.061035 2.990723 -0.427246 -3.81 -3.30 -1.3 -1.1 -0.089 -0.114 -0.0541 -0.0676 -0.0026 0.0486 0.0022 -0.005182 -0.012160 11.59 500 820 -0.012097 -3.554382 -3.489453 -0.064930 0.000000 
4.503 2 -0.604160 -0.122271 -9.894321 -0.396729 -1.098633 3.570557 -3.58 -3.32 -1.1 -1.1 0.018 -0.148 -0.0947 -0.0676 0.0052 0.0484 0.0022 -0.002591 -0.011900 11.61 500 820 -0.012058 -3.451988 -3.502730 0.050742 0.000000 
4.553 2 -0.601763 -0.179810 -9.793628 0.213623 1.678467 -2.929688 -3.77 -3.26 -1.2 -1.1 -0.071 -0.068 -0.0947 -0.0811 0.0026 0.0482 0.0022 -0.005182 -0.012034 11.59 500 820 -0.011931 -3.515756 -3.466034 -0.049722 0.000000 
4.603 2 -0.484287 -0.047949 -10.016591 -0.091553 -2.471924 -0.213623 -3.71 -3.20 -1.2 -1.0 0.010 -0.061 -0.0947 -0.0811 0.0026 0.0482 0.0022 -0.005182 -0.011913 11.61 500 820 -0.011848 -3.455391 -3.485645 0.030254 0.000000 
4.653 2 -0.625737 -0.076719 -9.829590 -0.122070 -4.089355 0.610352 -3.73 -3.21 -1.2 -1.0 -0.048 -0.066 -0.0811 -0.0811 0.0000 0.0482 0.0022 -0.005182 -0.011910 11.61 490 810 -0.011819 -3.468348 -3.521477 0.053129 0.000000 
4.703 2 -0.608955 -0.081514 -9.688139 -0.213623 -2.655029 0.244141 -3.80 -3.29 -1.2 -1.1 -0.151 -0.158 -0.0541 -0.0676 -0.0026 0.0478 0.0022 -0.005182 -0.012163 11.59 500 820 -0.011895 -3.545619 -3.538407 -0.007213 0.000000 
4.753 2 -0.695264 -0.064731 -9.585049 -0.122070 -1.342773 -0.671387 -3.87 -3.35 -1.3 -1.1 -0.181 -0.176 -0.0541 -0.0676 -0.0026 0.0478 0.0022 -0.005182 -0.012316 11.59 500 820 -0.011949 -3.613269 -3.563366 -0.049903 0.000000 
4.803 2 -0.728828 -0.045552 -9.618613 -0.030518 -1.037598 0.091553 -3.89 -3.38 -1.3 -1.1 -0.182 -0.184 -0.0541 -0.0676 -0.0026 0.0478 0.0022 -0.005182 -0.012280 11.59 500 820 -0.011964 -3.635837 -3.590721 -0.045116 0.000000 
4.853 2 -0.664097 -0.119873 -9.738486 -0.030518 0.518799 -1.678467 -4.10 -3.32 -1.4 -1.1 -0.219 -0.100 -0.0541 -0.0811 -0.0052 0.0476 0.0022 -0.007773 -0.012317 11.59 500 820 -0.011937 -3.707152 -3.621973 -0.085178 0.000000 
4.903 2 -0.537031 -0.124668 -9.827192 -0.183105 -0.549316 1.312256 -4.04 -3.52 -1.3 -1.2 -0.164 -0.199 -0.0676 -0.0811 -0.0026 0.0474 0.0022 -0.005182 -0.012342 11.60 500 810 -0.011864 -3.777228 -3.691356 -0.085872 0.000000 
4.953 2 -0.544224 -0.134258 -9.896718 -0.091553 0.000000 2.807617 -4.10 -3.32 -1.4 -1.0 -0.172 -0.053 -0.0676 -0.1217 -0.0104 0.0472 0.0022 -0.007773 -0.011682 11.60 500 800 -0.011761 -3.710437 -3.726343 0.015906 0.000000 
5.003 3 -0.601763 -0.093501 -9.800820 -0.152588 -0.091553 -0.335693 -5.33 -4.55 -2.1 -1.8 -0.264 -0.246 -0.0676 -0.1217 -0.0104 0.0472 0.0022 -0.007773 -0.012044 11.59 500 820 -0.006337 -4.941739 -3.801965 -1.139775 0.100000 
5.053 3 -0.683276 -0.023975 -9.820000 -1.770020 -40.802002 0.213623 -7.29 -6.51 -1.6 -1.5 -0.207 -0.254 -2.3529 -2.2312 0.0233 0.0444 0.0022 -0.007773 0.011945 11.60 500 820 0.022973 -6.899934 -5.406312 -1.493622 0.100000 
5.103 3 -0.481890 -0.184604 -9.865551 -1.647949 -46.234131 2.655029 -3.90 -3.13 -0.4 -0.2 0.040 -0.007 -1.2847 -1.2306 0.0104 0.0412 0.0023 -0.007773 0.048430 11.60 500 820 0.039869 -3.516235 -6.035275 2.519040 0.100000 
5.153 3 -0.944600 -0.105488 -9.908706 -0.274658 -10.925293 -0.183105 1.76 2.53 1.4 1.1 0.312 0.061 -0.3651 0.7437 0.2125 0.0408 0.0023 -0.007773 0.064044 11.61 490 810 0.037666 2.144491 -3.321725 5.466217 0.100000 
5.203 3 -0.549019 -0.318862 -9.573061 1.220703 24.932861 -2.655029 7.52 8.30 1.6 2.0 0.387 0.334 3.5159 3.4753 -0.0078 0.0440 0.0022 -0.007773 0.057355 11.61 490 820 0.021564 7.912772 1.189768 6.723004 0.100000 
5.253 3 -0.417158 0.357222 -10.220376 1.861572 55.572510 -2.624512 9.69 9.95 1.5 1.3 0.372 0.017 5.2739 5.8283 0.1062 0.0516 0.0022 -0.002591 0.019750 11.59 500 820 -0.005009 9.823996 5.841963 3.982032 0.100000 
5.303 3 -0.630532 0.045552 -9.942270 1.678467 35.644531 -2.990723 6.64 6.64 0.8 0.6 -0.058 -0.097 3.6917 4.1515 0.0881 0.0594 0.0022 -0.000000 -0.018302 11.60 490 820 -0.016265 6.641253 7.670773 -1.029520 0.100000 
5.353 3 -0.455518 0.028770 -9.625805 -1.068115 -25.817871 6.378174 2.22 2.22 0.2 0.3 0.001 -0.038 1.4469 1.0953 -0.0674 0.0627 0.0022 -0.000000 -0.022479 11.61 500 830 -0.003635 2.224014 5.542153 -3.318139 0.100000 
5.403 3 -0.541826 -0.160630 -9.762461 -0.762939 -29.815674 -7.751465 3.42 3.68 1.3 1.1 0.280 0.026 0.4733 1.0953 0.1192 0.0637 0.0022 -0.002591 0.006529 11.61 500 810 0.010336 3.547640 3.788603 -0.240963 0.100000 
5.453 3 -0.635327 0.390786 -9.189467 4.547119 3.265381 -10.040283 5.73 6.24 0.3 1.9 0.223 0.170 3.6511 1.6768 -0.3783 0.0663 0.0022 -0.005182 0.017447 11.61 500 810 0.009383 5.984886 4.429161 1.555725 0.100000 
5.503 3 -0.791162 -1.237090 -9.712114 2.136230 18.676758 -3.143311 7.61 7.87 1.5 1.0 0.240 0.261 3.3807 4.2732 0.1710 0.0713 0.0022 -0.002591 0.012063 11.60 500 820 0.001295 7.736351 5.908855 1.827497 0.100000 
5.553 3 -0.515454 0.100693 -9.668960 1.312256 19.409180 -3.265381 7.26 7.78 0.9 1.6 0.127 0.223 4.1515 3.3536 -0.1529 0.0775 0.0021 -0.005182 -0.003044 11.59 500 830 -0.007061 7.522126 7.057583 0.464542 0.100000 
5.603 3 -0.539429 0.242144 -9.884731 0.000000 2.227783 1.953125 6.17 6.69 0.6 1.2 0.036 0.090 3.7458 3.1643 -0.1114 0.0831 0.0021 -0.005182 -0.011760 11.60 500 830 -0.008538 6.425959 7.109395 -0.683436 0.100000 
5.653 3 -0.697661 -0.429145 -10.146054 -1.129150 -8.087158 -3.479004 6.01 6.27 1.8 0.9 0.400 0.066 1.8120 3.1237 0.2513 0.0874 0.0021 -0.002591 -0.006536 11.59 490 820 -0.003636 6.137787 6.576647 -0.438859 0.100000 
5.703 3 -0.443530 0.366812 -9.594639 1.037598 -0.946045 -7.415771 6.23 6.74 -0.1 2.0 0.015 0.307 4.8006 1.9878 -0.5390 0.0916 0.0021 -0.005182 -0.002256 11.59 500 830 -0.002619 6.485275 6.396123 0.089152 0.100000 
5.753 3 -0.549019 -0.326055 -9.867949 -2.593994 2.716064 0.274658 7.10 7.36 1.4 1.0 0.280 -0.046 3.2454 3.9757 0.1399 0.0966 0.0021 -0.002591 -0.002096 11.59 490 820 -0.004717 7.230691 6.754012 0.476680 0.100000 
5.803 3 -0.525044 -0.198989 -10.625546 -1.525879 2.014160 2.227783 7.14 7.66 1.3 1.4 0.149 0.293 3.5159 3.5970 0.0155 0.1016 0.0020 -0.005182 -0.003936 11.59 500 820 -0.006191 7.399451 6.983645 0.415806 0.100000 
5.853 3 -0.700059 -0.299683 -9.985424 1.312256 -4.638672 0.152588 6.57 6.83 1.0 1.2 -0.006 0.258 3.4212 3.2319 -0.0363 0.1066 0.0020 -0.002591 -0.007547 11.59 490 820 -0.005843 6.700751 6.960485 -0.259734 0.100000 
5.903 3 -0.517852 0.848701 -9.913501 0.518799 -0.549316 -0.122070 6.61 6.87 1.1 1.4 0.253 0.222 3.1508 2.9344 -0.0415 0.1114 0.0020 -0.002591 -0.005980 11.60 500 820 -0.005184 6.743225 6.892707 -0.149482 0.100000 
5.953 3 -0.445928 -0.333247 -9.791230 -1.068115 1.647949 0.946045 6.67 6.93 1.6 1.1 0.288 0.264 2.5828 3.3536 0.1477 0.1163 0.0020 -0.002591 -0.004546 11.60 500 820 -0.004556 6.802090 6.828856 -0.026766 0.100000 
6.003 3 -0.673687 0.201387 -9.908706 0.518799 4.028320 1.312256 6.97 7.23 0.7 1.6 -0.017 0.286 4.2461 3.1102 -0.2177 0.1215 0.0020 -0.002591 -0.005785 11.61 500 820 -0.006859 7.104272 6.959770 0.144502 0.100000 
6.053 3 -0.455518 -0.350029 -9.839179 -0.030518 2.593994 -6.225586 7.18 7.18 0.8 1.5 0.354 -0.023 4.1515 3.1102 -0.1995 0.1269 0.0020 -0.000000 -0.006607 11.59 500 820 -0.007550 7.177968 7.034712 0.143256 0.100000 
6.103 3 -0.558608 -0.210977 -10.083720 -0.213623 -4.058838 -1.647949 7.27 7.27 1.3 1.0 0.165 0.107 3.6917 4.0298 0.0648 0.1321 0.0020 -0.000000 -0.008012 11.60 490 770 -0.008927 7.267179 7.013295 0.253884 0.100000 
6.153 3 -1.018921 0.409966 -9.949463 -0.518799 -2.960205 0.610352 6.54 6.28 0.8 1.1 -0.001 0.078 3.7458 3.0967 -0.1244 0.1372 0.0020 0.002591 -0.010025 11.61 490 810 -0.007647 6.408931 6.832820 -0.423889 0.100000 
6.203 3 -0.911035 -0.210977 -9.829590 -0.488281 -4.150391 1.007080 6.77 6.51 1.1 0.7 0.237 -0.111 3.3942 3.9486 0.1062 0.1420 0.0020 0.002591 -0.006823 11.60 490 810 -0.006504 6.642576 6.633800 0.008777 0.100000 
6.253 3 -0.855894 -0.632930 -10.167631 -0.061035 -7.781982 -2.075195 7.15 6.89 1.3 1.2 0.082 0.166 3.5565 3.5159 -0.0078 0.1468 0.0020 0.002591 -0.004620 11.61 490 810 -0.006125 7.018098 6.581214 0.436884 0.100000 
6.303 3 -1.028511 -0.122271 -8.997670 0.762939 4.760742 0.885010 7.05 6.53 1.8 0.3 0.352 -0.085 2.4611 4.4354 0.3783 0.1522 0.0020 0.005182 -0.007451 11.59 500 820 -0.007483 6.791357 6.868191 -0.076834 0.100000 
6.353 3 -0.589775 0.074321 -9.796025 0.183105 3.662109 -0.823975 7.11 7.11 0.6 1.5 0.067 0.227 4.4895 3.1643 -0.2539 0.1578 0.0020 -0.000000 -0.008707 11.60 500 780 -0.009563 7.106240 6.999037 0.107203 0.100000 
6.403 3 -0.601763 0.062334 -9.724101 -0.427246 -0.732422 4.669189 6.19 5.93 1.1 0.6 0.232 -0.082 2.9074 3.6376 0.1399 0.1633 0.0021 0.002591 -0.011937 11.61 500 830 -0.008330 6.057261 6.765935 -0.708675 0.100000 
6.453 3 -0.752803 -0.299683 -9.985424 -0.061035 -1.464844 0.305176 6.55 6.55 1.8 0.7 0.338 0.114 2.2718 3.8945 0.3109 0.1679 0.0021 -0.000000 -0.006523 11.59 500 780 -0.006509 6.554472 6.531642 0.022830 0.100000 
6.503 3 -0.752803 -0.026372 -10.040566 0.061035 6.317139 1.861572 6.76 6.76 1.2 0.7 0.227 0.062 3.3266 4.0568 0.1399 0.1731 0.0021 -0.000000 -0.006746 11.61 490 770 -0.007726 6.762186 6.676438 0.085748 0.100000 
6.553 3 -0.534634 -0.347632 -9.990219 -0.732422 -2.563477 3.204346 6.59 6.59 1.3 1.1 0.157 0.215 2.9885 3.3807 0.0751 0.1783 0.0021 -0.000000 -0.007765 11.60 490 770 -0.007182 6.593967 6.665952 -0.071985 0.100000 
6.603 3 -0.604160 0.021577 -10.023784 -0.274658 5.340576 2.777100 6.24 6.50 0.5 1.4 -0.025 0.200 3.9081 2.7722 -0.2177 0.1833 0.0021 -0.002591 -0.008436 11.61 500 810 -0.007426 6.372022 6.667137 -0.295115 0.100000 
6.653 3 -0.572993 -0.131860 -9.923091 0.000000 -1.831055 -7.141113 6.93 7.19 1.3 1.3 0.188 0.192 3.3942 3.6241 0.0440 0.1886 0.0021 -0.002591 -0.005867 11.61 490 820 -0.008043 7.062305 6.595158 0.467147 0.100000 
6.703 3 -0.469902 -0.338042 -9.827192 -0.732422 -4.486084 0.701904 7.25 7.25 1.3 0.9 0.179 0.114 3.7052 4.2596 0.1062 0.1940 0.0020 -0.000000 -0.007487 11.60 490 770 -0.009572 7.251645 6.756417 0.495228 0.100000 
6.753 3 -0.100693 0.009590 -10.030976 -0.061035 4.394531 5.065918 6.46 6.46 1.2 0.9 0.013 0.162 3.1508 3.5700 0.0803 0.1996 0.0021 -0.000000 -0.011352 11.61 500 810 -0.009790 6.460797 6.849893 -0.389096 0.100000 
6.803 3 -0.565801 0.457915 -10.114887 0.061035 1.098633 -6.347656 6.59 6.59 0.8 1.5 -0.008 0.252 3.9081 2.7451 -0.2228 0.2044 0.0021 -0.000000 -0.008270 11.59 500 780 -0.008224 6.593225 6.621562 -0.028338 0.100000 
6.853 3 -0.395581 -0.412363 -10.021386 -0.610352 -3.936768 3.601074 6.71 6.45 1.2 0.9 0.116 -0.014 3.3266 3.5159 0.0363 0.2094 0.0021 0.002591 -0.007798 11.60 490 810 -0.007765 6.577623 6.515569 0.062055 0.100000 
6.903 3 -1.110024 0.309272 -9.683345 -0.488281 -2.929688 3.204346 6.52 6.52 1.0 1.2 0.002 0.110 3.4483 3.1914 -0.0492 0.2145 0.0021 -0.000000 -0.007383 11.61 500 770 -0.007224 6.516782 6.497474 0.019308 0.100000 
6.953 3 -1.179551 0.031167 -9.158300 -0.854492 -3.326416 -1.220703 6.62 6.62 1.7 0.9 0.359 -0.129 2.4747 3.7052 0.2358 0.2197 0.0021 -0.000000 -0.006890 11.60 490 780 -0.006979 6.615745 6.539965 0.075780 0.100000 
7.003 3 -0.767187 -0.057539 -9.776845 -0.579834 -3.204346 2.471924 6.46 6.72 1.0 1.3 -0.054 0.207 3.5294 3.1778 -0.0674 0.2247 0.0021 -0.002591 -0.007897 11.59 490 810 -0.007829 6.590530 6.548207 0.042323 0.100000 
7.053 3 -0.584980 -0.139053 -9.997412 -0.152588 2.410889 0.122070 6.34 6.34 0.6 1.3 0.045 0.200 3.9081 2.7181 -0.2280 0.2297 0.0021 -0.000000 -0.008626 11.59 500 770 -0.007575 6.337680 6.590080 -0.252400 0.100000 
7.103 3 -0.963779 -0.234951 -9.659369 0.305176 3.265381 -2.532959 6.44 6.44 1.4 0.7 0.279 -0.051 2.7722 3.8404 0.2047 0.2349 0.0021 -0.000000 -0.008498 11.60 490 770 -0.008014 6.440599 6.594348 -0.153749 0.100000 
7.153 3 -0.935010 -0.134258 -9.714512 -0.610352 -6.439209 -0.915527 6.44 6.70 1.0 1.2 -0.025 0.182 3.3807 3.2454 -0.0259 0.2400 0.0021 -0.002591 -0.007613 11.61 490 810 -0.007382 6.567619 6.501443 0.066176 0.100000 
7.203 3 -0.944600 0.412363 -9.309340 -0.946045 -4.180908 4.516602 6.67 6.67 1.1 1.0 0.041 0.246 3.3536 3.4753 0.0233 0.2450 0.0020 -0.000000 -0.006948 11.60 500 780 -0.007205 6.672369 6.548120 0.124248 0.100000 
7.253 3 -0.824727 -0.112681 -9.800820 -0.061035 -0.213623 -4.699707 6.61 6.87 1.1 1.2 0.003 0.281 3.5294 3.2860 -0.0466 0.2500 0.0020 -0.002591 -0.006101 11.61 500 830 -0.006987 6.743909 6.563162 0.180747 0.100000 
7.303 3 -0.750405 0.016782 -9.599433 -0.244141 -2.471924 6.622314 6.30 6.30 0.9 0.9 0.014 0.177 3.3536 3.3131 -0.0078 0.2546 0.0020 -0.000000 -0.007013 11.59 500 820 -0.005758 6.299897 6.507845 -0.207948 0.100000 
7.353 3 -0.412363 0.074321 -10.134068 -0.610352 6.744385 -3.967285 6.68 6.94 1.4 1.3 0.310 0.135 3.0426 3.1778 0.0259 0.2596 0.0020 -0.002591 -0.004077 11.61 500 820 -0.005932 6.813498 6.560390 0.253108 0.100000 
7.403 3 -0.323657 -0.340439 -10.381005 -0.854492 3.997803 -1.403809 6.90 7.41 1.4 0.9 0.279 0.038 3.2049 4.2056 0.1917 0.2647 0.0020 -0.005182 -0.005415 11.61 490 810 -0.007661 7.155762 6.776315 0.379446 0.100000 
7.453 3 -0.115078 0.115078 -10.392993 0.030518 5.401611 -1.373291 6.49 7.00 0.8 1.1 0.150 0.091 3.7458 3.5294 -0.0415 0.2699 0.0020 -0.005182 -0.008409 11.60 500 800 -0.008347 6.745080 6.851845 -0.106765 0.100000 
7.503 3 -0.714443 -0.407568 -9.983027 -0.579834 -2.655029 -0.244141 6.24 6.76 1.2 1.0 0.291 -0.031 2.7451 3.5565 0.1555 0.2747 0.0020 -0.005182 -0.007888 11.59 500 820 -0.006533 6.498098 6.722708 -0.224610 0.100000 
7.553 3 -1.119614 -0.498672 -9.505932 1.831055 -6.500244 -4.089355 6.13 6.91 0.4 2.1 -0.043 0.383 4.1109 1.9202 -0.4198 0.2793 0.0019 -0.007773 -0.005447 11.60 500 820 -0.004892 6.522289 6.519819 0.002470 0.100000 
7.603 3 -0.479492 0.330850 -9.906308 -1.556396 -6.195068 3.753662 6.71 7.23 0.9 0.7 0.340 -0.115 3.6917 4.3949 0.1347 0.2839 0.0019 -0.005182 -0.004369 11.59 500 830 -0.005712 6.966552 6.589868 0.376684 0.100000 
7.653 3 -1.129204 -0.450723 -9.573061 -1.434326 4.852295 0.793457 6.57 7.08 1.4 0.6 0.321 0.085 2.7181 4.2732 0.2980 0.2888 0.0019 -0.005182 -0.004760 11.59 490 820 -0.005662 6.825345 6.729556 0.095789 0.100000 
7.703 3 -1.004536 0.040757 -9.481957 0.396729 -2.471924 -1.159668 6.31 6.57 0.4 1.1 -0.044 0.215 4.1515 3.0967 -0.2021 0.2934 0.0019 -0.002591 -0.006222 11.59 500 810 -0.005164 6.440054 6.608595 -0.168541 0.100000 
7.753 3 -0.858291 0.287695 -9.582651 -0.701904 -6.622314 0.640869 6.34 6.34 1.3 0.6 0.384 -0.094 2.7316 3.9081 0.2254 0.2980 0.0019 -0.000000 -0.005137 11.61 490 810 -0.003912 6.344241 6.473746 -0.129504 0.100000 
7.803 3 -0.457915 0.282900 -9.793628 0.335693 -2.502441 -6.195068 6.12 6.38 0.5 1.9 0.028 0.351 3.8134 1.8797 -0.3705 0.3022 0.0019 -0.002591 -0.002565 11.59 490 820 -0.002357 6.249156 6.247067 0.002089 0.100000 
7.853 3 -0.819932 0.203784 -9.597035 -0.152588 3.234863 -0.427246 6.21 6.21 1.3 1.2 0.421 -0.041 2.4747 2.7857 0.0596 0.3064 0.0019 -0.000000 -0.002179 11.59 500 770 -0.001905 6.206867 6.318205 -0.111338 0.100000 
7.903 3 -0.625737 -0.314067 -9.925488 -0.305176 -0.335693 0.976562 6.44 6.70 0.9 1.2 0.055 0.257 3.4618 3.0291 -0.0829 0.3111 0.0019 -0.002591 -0.002140 11.59 500 820 -0.003047 6.568205 6.380878 0.187327 0.100000 
7.953 3 -0.800752 -0.292490 -9.767256 0.823975 -3.723145 -0.427246 6.14 6.14 0.9 0.9 0.211 -0.077 3.0967 3.2725 0.0337 0.3157 0.0019 -0.000000 -0.004288 11.61 490 770 -0.002956 6.135238 6.336582 -0.201343 0.100000 
8.003 3 -0.457915 -0.074321 -10.225170 0.244141 3.204346 3.753662 6.32 6.32 1.2 0.7 -0.036 0.318 3.0291 3.5835 0.1062 0.3201 0.0018 -0.000000 -0.002399 11.61 500 820 -0.002801 6.320002 6.295599 0.024403 0.100000 
8.053 3 -1.179551 0.486685 -9.347700 -0.976562 -8.209229 3.021240 5.86 5.60 1.0 1.0 0.265 0.075 2.7045 2.7451 0.0078 0.3243 0.0019 0.002591 -0.003199 11.61 500 820 -0.000953 5.733729 6.039624 -0.305895 0.100000 
8.103 3 -1.208320 -0.779175 -9.362084 0.518799 1.403809 0.396729 6.35 6.09 1.8 0.1 0.340 -0.121 1.8526 4.3949 0.4871 0.3287 0.0019 0.002591 -0.001111 11.59 500 810 -0.001609 6.222234 6.147209 0.075025 0.100000 
8.153 3 -0.867881 -0.316465 -9.402842 -0.274658 -2.288818 -0.213623 6.44 6.18 0.2 1.5 0.013 0.009 4.4625 2.5152 -0.3731 0.3335 0.0019 0.002591 -0.002264 11.61 490 820 -0.002680 6.313802 6.190695 0.123108 0.100000 
8.203 3 -0.630532 0.040757 -9.652178 -0.122070 1.129150 1.464844 6.18 5.92 1.3 0.5 0.218 -0.056 2.5558 3.7187 0.2228 0.3380 0.0019 0.002591 -0.003901 11.60 500 820 -0.002792 6.045735 6.287156 -0.241421 0.100000 
8.253 3 -0.721636 0.172617 -9.740884 0.701904 -0.885010 -1.647949 6.01 6.01 0.7 1.6 0.016 0.233 3.4618 1.9878 -0.2824 0.3426 0.0019 -0.000000 -0.002115 11.60 500 820 -0.001473 6.005054 6.117950 -0.112896 0.100000 
8.303 3 -0.728828 0.318862 -9.211044 0.518799 -4.760742 5.126953 6.20 5.94 1.4 0.7 0.339 -0.090 2.4341 3.5024 0.2047 0.3468 0.0019 0.002591 -0.000950 11.60 500 810 -0.000879 6.069795 6.001087 0.068708 0.100000 
8.353 3 -0.503467 0.021577 -10.035771 -1.312256 1.525879 6.408691 6.36 6.36 1.5 1.0 0.190 0.263 2.6369 3.2590 0.1192 0.3514 0.0019 -0.000000 0.000471 11.60 490 780 -0.001048 6.363491 6.086429 0.277062 0.100000 
8.403 3 -0.582583 -0.951792 -10.138862 0.030518 -4.791260 -0.549316 6.56 6.56 1.0 1.1 0.250 -0.067 3.4077 3.4618 0.0104 0.3558 0.0019 -0.000000 -0.000828 11.60 500 780 -0.002317 6.562150 6.180779 0.381371 0.100000 
8.453 3 -0.474697 0.333247 -9.378867 -1.281738 3.692627 1.403809 6.17 6.17 1.0 0.4 -0.022 0.215 3.1373 3.8675 0.1399 0.3607 0.0019 -0.000000 -0.003789 11.59 500 780 -0.003198 6.167490 6.350013 -0.182522 0.100000 
8.503 3 -0.666494 -0.227759 -9.745678 -0.305176 -1.922607 -1.831055 6.52 6.52 1.2 1.1 0.139 0.232 3.2860 3.2725 -0.0026 0.3655 0.0019 -0.000000 -0.002012 11.60 490 770 -0.003076 6.520314 6.273878 0.246435 0.100000 
8.553 3 -0.503467 0.218169 -10.201196 -0.610352 1.739502 4.974365 5.86 5.86 0.7 1.3 0.021 0.215 3.3807 2.2989 -0.2073 0.3699 0.0019 -0.000000 -0.003095 11.61 490 770 -0.001618 5.860001 6.185682 -0.325681 0.100000 
8.603 3 -0.239746 -0.007192 -10.081323 -0.885010 -2.716064 -5.218506 6.15 6.41 1.4 0.8 0.177 0.122 2.6775 3.5970 0.1762 0.3745 0.0019 -0.002591 -0.000173 11.60 490 810 -0.001090 6.282975 6.052113 0.230862 0.100000 
8.653 3 -0.244541 0.055142 -9.995014 0.000000 -1.861572 -3.662109 6.21 6.47 0.2 1.4 0.025 0.188 4.3543 2.7992 -0.2980 0.3789 0.0019 -0.002591 -0.000405 11.59 500 820 -0.001408 6.342525 6.109367 0.233158 0.100000 
8.703 3 -0.505864 0.388389 -9.951860 -0.061035 0.854492 0.274658 6.35 6.35 1.3 1.2 0.373 -0.067 2.6369 2.9344 0.0570 0.3835 0.0019 -0.000000 -0.001297 11.61 500 780 -0.001512 6.345280 6.317296 0.027984 0.100000 
8.753 3 -0.450723 0.033564 -9.623408 0.274658 -4.394531 -3.234863 6.39 6.39 0.8 0.9 -0.053 0.213 3.7864 3.3807 -0.0777 0.3884 0.0019 -0.000000 -0.002344 11.60 490 770 -0.002525 6.388607 6.275631 0.112976 0.100000 
8.803 3 -0.503467 -0.350029 -9.855962 0.488281 -1.861572 -0.122070 5.64 5.64 1.0 0.6 0.240 -0.104 2.5693 3.2995 0.1399 0.3928 0.0019 -0.000000 -0.002977 11.59 500 780 -0.000459 5.640827 6.111939 -0.471112 0.100000 
8.853 3 -0.115078 1.119614 -9.987822 0.396729 4.272461 -2.960205 6.14 6.40 0.6 1.7 -0.031 0.327 3.7864 2.2853 -0.2876 0.3970 0.0019 -0.002591 0.001573 11.59 490 800 -0.000001 6.272646 6.032327 0.240319 0.100000 
8.903 3 -0.561006 0.021577 -9.668960 -0.183105 0.305176 4.119873 5.83 5.83 1.0 0.9 0.253 0.050 2.8398 3.1102 0.0518 0.4016 0.0019 -0.000000 -0.000989 11.59 500 830 -0.000074 5.828461 6.016804 -0.188343 0.100000 
8.953 3 -0.676084 0.335645 -10.095708 -0.274658 9.429932 -1.495361 6.11 6.11 1.0 0.9 0.059 0.118 3.0426 3.0967 0.0104 0.4060 0.0019 -0.000000 0.000290 11.61 500 780 -0.000361 6.112639 6.147005 -0.034366 0.100000 
9.003 3 -0.513057 -1.018921 -10.493686 0.366211 1.678467 -3.509521 6.10 6.10 0.6 1.3 0.214 0.022 3.7187 2.5964 -0.2151 0.4109 0.0019 -0.000000 -0.000894 11.60 500 820 -0.000761 6.099642 6.155612 -0.055970 0.100000 
9.053 3 -0.704853 -0.673687 -10.018989 -0.030518 -0.823975 -0.671387 5.99 6.25 1.4 0.8 0.206 0.102 2.4206 3.4483 0.1969 0.4155 0.0019 -0.002591 -0.001147 11.59 490 810 -0.000712 6.121702 6.194183 -0.072481 0.100000 
9.103 3 -0.779175 0.184604 -9.429214 -0.610352 -3.540039 -3.326416 6.03 6.29 0.8 1.7 0.060 0.303 3.2860 2.0825 -0.2306 0.4199 0.0019 -0.002591 -0.000038 11.60 500 820 0.000125 6.164467 6.135426 0.029041 0.100000 
9.153 3 -1.088447 -0.175015 -9.071992 -2.593994 3.448486 0.244141 5.95 6.21 1.5 0.5 0.185 0.072 2.1772 3.6917 0.2902 0.4247 0.0019 -0.002591 -0.001347 11.60 500 820 -0.000524 6.080834 6.305587 -0.224753 0.100000 
9.203 3 -0.616147 0.107886 -10.256337 0.488281 6.347656 0.762939 6.52 7.04 0.9 1.7 0.010 0.297 3.5835 2.6910 -0.1710 0.4297 0.0018 -0.005182 -0.000062 11.59 500 820 -0.001984 6.779568 6.505901 0.273667 0.100000 
9.253 3 -0.378799 0.311670 -10.143657 0.610352 3.356934 -0.091553 6.52 7.04 0.7 1.6 0.121 0.302 3.7999 2.6775 -0.2151 0.4345 0.0018 -0.005182 -0.001647 11.60 490 810 -0.002622 6.777648 6.641169 0.136479 0.100000 
9.303 3 -1.033306 0.683276 -9.692934 -1.281738 0.122070 -0.457764 6.57 7.09 0.3 1.4 0.165 0.153 4.4625 3.3131 -0.2202 0.4398 0.0018 -0.005182 -0.003836 11.59 500 830 -0.004363 6.833198 6.729955 0.103242 0.100000 
9.353 3 -0.189399 -0.314067 -9.628202 -2.655029 -9.094238 0.213623 6.63 7.15 1.6 0.5 0.156 0.205 2.7181 4.5301 0.3472 0.4446 0.0018 -0.005182 -0.002803 11.60 500 810 -0.003376 6.886904 6.613634 0.273271 0.100000 
9.403 3 -0.779175 -0.201387 -9.980630 0.549316 -4.150391 0.762939 5.94 6.72 0.2 1.8 -0.068 0.312 4.1244 2.2312 -0.3628 0.4492 0.0018 -0.007773 -0.003316 11.60 500 830 -0.002002 6.327308 6.517680 -0.190372 0.100000 
9.453 3 -0.033564 0.057539 -10.443339 -0.366211 -6.072998 3.936768 6.05 6.57 1.3 0.8 0.375 -0.088 2.5423 3.7187 0.2254 0.4538 0.0017 -0.005182 -0.002223 11.59 490 810 -0.001036 6.308321 6.439807 -0.131485 0.100000 
9.503 3 -0.786367 0.508262 -10.026181 -0.793457 -4.089355 -0.640869 6.39 7.17 0.9 1.9 0.002 0.333 3.5024 2.3529 -0.2202 0.4584 0.0017 -0.007773 0.000875 11.59 500 830 -0.000389 6.781568 6.457308 0.324259 0.100000 
9.553 3 -0.692866 0.249336 -9.851167 1.373291 3.234863 -2.868652 6.32 6.84 0.8 1.9 0.122 0.298 3.4077 2.0960 -0.2513 0.4631 0.0017 -0.005182 -0.000571 11.61 500 810 -0.000491 6.580691 6.653190 -0.072499 0.100000 
9.603 3 -0.918227 -0.935010 -9.858359 1.129150 9.429932 -4.547119 6.79 7.31 1.5 0.9 0.295 0.045 2.7857 3.9757 0.2280 0.4683 0.0017 -0.005182 -0.002033 11.60 500 820 -0.003298 7.053026 6.964611 0.088416 0.100000 
9.653 3 -0.915830 -0.326055 -9.561074 -0.335693 -3.204346 -2.777100 6.72 7.24 1.3 0.9 0.116 0.117 3.1373 3.9621 0.1581 0.4735 0.0016 -0.005182 -0.004242 11.59 500 820 -0.003941 6.978701 6.982995 -0.004294 0.100000 
9.703 3 -0.716841 0.304478 -9.913501 0.366211 -0.335693 7.476807 6.56 6.82 0.5 1.3 -0.028 0.259 4.1379 3.1237 -0.1943 0.4785 0.0016 -0.002591 -0.004791 11.61 490 810 -0.003799 6.692935 6.885517 -0.192582 0.100000 
9.753 3 -0.594570 -0.702456 -9.980630 -0.305176 -2.075195 -9.063721 6.62 6.88 1.9 0.6 0.393 -0.038 2.0960 4.1109 0.3861 0.4829 0.0016 -0.002591 -0.001113 11.61 500 820 -0.001366 6.747934 6.661210 0.086724 0.100000 
9.803 3 -0.604160 0.146245 -9.671357 -1.434326 -2.075195 6.378174 6.25 6.51 0.6 1.6 -0.050 0.296 3.7999 2.2989 -0.2876 0.4874 0.0016 -0.002591 -0.001434 11.59 500 810 -0.000344 6.378544 6.560398 -0.181854 0.100000 
9.853 3 -0.589775 0.045552 -10.210786 0.061035 -3.265381 0.000000 6.77 6.77 1.3 0.9 0.253 -0.083 3.0020 3.7187 0.1373 0.4920 0.0016 -0.000000 0.000240 11.59 490 770 -0.000344 6.771572 6.597834 0.173739 0.100000 
9.903 3 -0.405171 -0.342837 -10.376210 -0.610352 -6.347656 0.427246 7.14 7.14 1.6 1.2 -0.001 0.298 3.0426 3.5024 0.0881 0.4968 0.0016 -0.000000 0.000875 11.59 500 770 -0.000981 7.135868 6.653883 0.481984 0.100000 
9.953 3 -0.700059 -0.127065 -10.450532 0.579834 2.410889 0.946045 6.33 6.59 0.7 1.7 -0.055 0.360 3.5429 2.1095 -0.2747 0.5014 0.0016 -0.002591 -0.001926 11.60 490 810 -0.000675 6.462075 6.754451 -0.292376 0.100000 
10.003 3 -0.613750 0.203784 -10.265927 0.671387 6.286621 -0.915527 6.39 6.65 0.8 1.1 0.164 0.120 3.5294 3.2590 -0.0518 0.5066 0.0016 -0.002591 -0.002790 11.61 500 810 -0.002247 6.523792 6.741954 -0.218162 0.100000 
10.053 3 -0.771982 -0.378799 -9.580254 -0.244141 -4.699707 1.495361 6.22 6.22 1.1 1.1 0.269 0.125 2.8533 3.0426 0.0363 0.5113 0.0016 -0.000000 -0.002333 11.61 490 770 -0.000604 6.216212 6.479962 -0.263750 0.100000 
10.103 3 -0.613750 -0.189399 -9.853564 -0.244141 3.967285 4.882812 6.40 6.14 1.4 0.5 -0.021 0.242 2.6640 3.7458 0.2073 0.5159 0.0016 0.002591 -0.000837 11.61 500 820 -0.000449 6.268493 6.415422 -0.146929 0.100000 
10.153 3 -1.155576 -0.362017 -9.256597 0.030518 -6.774902 -1.892090 6.55 6.29 1.1 1.5 0.203 0.043 3.3536 2.5152 -0.1606 0.5207 0.0016 0.002591 -0.000794 11.59 490 810 -0.000606 6.416909 6.336317 0.080592 0.100000 
10.203 3 -0.620942 -0.189399 -9.311738 -0.396729 -1.129150 0.122070 5.95 5.95 1.1 0.8 0.115 -0.013 2.7316 3.2860 0.1062 0.5253 0.0016 -0.000000 -0.002296 11.61 500 790 -0.000251 5.954526 6.343830 -0.389304 0.100000 
10.254 3 -0.395581 0.352427 -10.270722 0.152588 -1.251221 1.129150 6.58 6.58 0.9 1.3 0.141 0.222 3.5429 2.9885 -0.1062 0.5301 0.0016 -0.000000 0.000927 11.61 500 780 -0.000307 6.578683 6.310128 0.268555 0.100000 
10.304 3 -0.498672 0.131860 -10.148452 0.396729 -2.990723 2.807617 6.84 6.58 0.6 0.9 0.264 -0.109 4.1785 3.7593 -0.0803 0.5352 0.0016 0.002591 -0.000630 11.60 500 820 -0.001870 6.711219 6.411022 0.300196 0.100000 
10.354 3 -0.779175 0.105488 -10.007002 0.213623 5.004883 -0.091553 6.71 6.71 0.3 1.8 -0.016 0.257 4.6383 2.3665 -0.4353 0.5402 0.0016 -0.000000 -0.002252 11.60 500 780 -0.002907 6.708586 6.664958 0.043627 0.100000 
10.404 3 -0.935010 0.258926 -9.877539 -0.061035 6.256104 -0.183105 6.53 6.79 0.7 1.4 0.086 0.169 3.8134 3.0832 -0.1399 0.5456 0.0016 -0.002591 -0.004289 11.60 490 820 -0.004344 6.661897 6.760100 -0.098203 0.100000 
10.454 3 -0.951792 -0.062334 -9.546689 -0.518799 -5.096436 1.434326 6.38 6.12 1.6 0.8 0.327 -0.025 2.3124 3.3672 0.2021 0.5504 0.0016 0.002591 -0.004303 11.61 500 820 -0.002291 6.247246 6.560642 -0.313396 0.100000 
10.504 3 -0.561006 -0.112681 -9.666562 0.183105 3.997803 0.640869 6.09 6.09 1.0 0.9 0.148 0.158 2.9885 3.1102 0.0233 0.5550 0.0016 -0.000000 -0.002746 11.61 500 770 -0.001414 6.093696 6.429797 -0.336102 0.100000 
10.554 3 -0.366812 -0.009590 -10.316274 0.152588 -0.030518 2.441406 6.69 6.69 1.3 1.1 0.253 0.306 3.0832 3.3942 0.0596 0.5599 0.0016 -0.000000 0.000586 11.61 490 770 -0.001054 6.688423 6.359822 0.328601 0.100000 
10.604 3 -0.302080 -0.239746 -10.498481 1.770020 -1.342773 -3.692627 6.68 6.68 0.9 1.3 0.198 0.070 3.7187 3.1778 -0.1036 0.5647 0.0016 -0.000000 -0.000424 11.61 490 770 -0.001682 6.680056 6.405005 0.275050 0.100000 
10.654 3 -1.110024 0.100693 -9.457983 0.030518 -0.152588 -1.892090 6.95 6.69 1.6 0.5 0.333 -0.111 2.7316 4.3002 0.3006 0.5697 0.0016 0.002591 -0.000715 11.59 500 810 -0.002028 6.823836 6.558656 0.265180 0.100000 
10.704 3 -0.697661 -0.409966 -9.678550 0.030518 -6.622314 -0.549316 6.59 6.59 0.8 1.4 0.102 0.211 3.7728 2.8939 -0.1684 0.5747 0.0016 -0.000000 -0.002606 11.59 500 820 -0.002274 6.588809 6.539645 0.049163 0.100000 
10.754 3 -0.640122 0.047949 -9.827192 -0.457764 0.152588 2.899170 6.49 6.23 1.3 0.3 0.304 -0.121 2.7722 4.2596 0.2850 0.5797 0.0016 0.002591 -0.003779 11.61 500 820 -0.002617 6.356415 6.591455 -0.235040 0.100000 
10.804 3 -0.395581 -0.040757 -10.565610 0.366211 4.852295 1.098633 6.33 6.07 1.4 0.9 0.013 0.294 2.6369 3.0832 0.0855 0.5846 0.0016 0.002591 -0.002627 11.60 490 810 -0.001541 6.195587 6.497575 -0.301988 0.100000 
10.854 3 -0.182207 -0.031167 -10.052553 0.122070 1.861572 1.373291 5.91 5.65 1.4 1.1 0.341 -0.036 2.0554 2.5828 0.1011 0.5890 0.0016 0.002591 -0.001694 11.60 500 820 0.000710 5.776661 6.290009 -0.513348 0.100000 
10.904 3 -0.505864 -0.815137 -10.191607 1.007080 6.103516 1.586914 6.14 6.14 1.2 1.3 0.231 0.256 2.6369 2.5152 -0.0233 0.5936 0.0017 -0.000000 0.000857 11.60 500 780 0.001071 6.142270 6.291483 -0.149214 0.100000 
10.954 3 -0.244541 -0.311670 -10.026181 -1.037598 -3.814697 3.356934 6.86 6.60 1.4 0.7 0.225 -0.056 3.1508 4.0162 0.1658 0.5986 0.0017 0.002591 0.000554 11.59 490 820 -0.001006 6.733696 6.355114 0.378581 0.100000 
11.004 3 -1.304219 0.254131 -9.860757 -0.274658 1.159668 5.126953 6.35 6.61 1.0 1.4 -0.009 0.267 3.2860 2.8398 -0.0855 0.6034 0.0017 -0.002591 -0.000706 11.61 500 820 -0.000777 6.477507 6.483383 -0.005876 0.100000 
11.054 3 -0.664097 -0.273311 -9.726499 -0.610352 -3.479004 -0.274658 6.84 6.84 1.1 0.9 0.423 -0.116 3.5024 3.8404 0.0648 0.6084 0.0017 -0.000000 -0.000558 11.59 490 810 -0.001729 6.844693 6.549827 0.294866 0.100000 
11.104 3 -0.942202 -0.081514 -9.616216 -1.068115 -9.124756 3.967285 6.70 6.70 0.9 1.4 0.003 0.210 3.8404 3.0697 -0.1477 0.6133 0.0017 -0.000000 -0.001919 11.60 490 780 -0.002118 6.700419 6.501469 0.198951 0.100000 
11.154 3 -0.285298 0.182207 -9.774448 0.762939 1.098633 -2.716064 6.09 6.09 0.8 1.2 0.235 0.086 3.2454 2.6775 -0.1088 0.6181 0.0017 -0.000000 -0.002218 11.59 500 780 -0.000506 6.087675 6.449239 -0.361564 0.100000 
11.204 3 0.004795 0.460312 -10.381005 -1.312256 -4.547119 -2.716064 6.54 6.80 1.4 0.6 0.072 0.044 2.9885 4.2867 0.2487 0.6227 0.0017 -0.002591 0.000778 11.60 500 810 -0.000474 6.666806 6.336878 0.329928 0.100000 
11.254 3 -0.709648 0.620942 -9.623408 -0.274658 -2.197266 4.821777 6.15 6.41 1.2 1.6 0.016 0.253 2.7992 2.3124 -0.0933 0.6271 0.0016 -0.002591 0.001278 11.60 500 820 0.001648 6.276413 6.312052 -0.035639 0.100000 
11.304 3 -0.534634 -0.131860 -9.896718 0.152588 7.690430 -4.760742 6.29 6.55 1.0 1.3 0.225 -0.010 3.0967 2.8262 -0.0518 0.6315 0.0016 -0.002591 0.001523 11.61 490 810 0.000880 6.419681 6.425315 -0.005635 0.100000 
11.354 3 -0.748008 -0.244541 -9.515522 -0.091553 2.807617 -2.563477 6.30 6.82 0.5 1.7 -0.063 0.334 4.0162 2.3124 -0.3265 0.6362 0.0016 -0.005182 0.001637 11.60 490 810 0.000947 6.556297 6.467263 0.089034 0.100000 
11.404 3 -0.196592 -0.328452 -10.179619 0.915527 1.037598 -0.061035 6.48 6.73 0.7 1.4 0.139 0.034 3.7052 2.9074 -0.1529 0.6412 0.0016 -0.002591 0.000201 11.59 500 820 0.000059 6.605022 6.594845 0.010177 0.100000 
11.454 3 -0.194194 -0.091104 -10.275517 -1.098633 4.638672 0.732422 6.65 7.17 1.5 1.1 0.252 0.218 2.8533 3.4618 0.1166 0.6458 0.0016 -0.005182 0.001784 11.60 500 820 0.000065 6.906742 6.644026 0.262715 0.100000 
11.504 3 -1.100435 0.057539 -9.712114 0.793457 -3.295898 1.037598 6.95 7.21 1.2 0.8 -0.049 0.249 3.5159 4.0433 0.1011 0.6508 0.0016 -0.002591 0.000120 11.61 500 820 -0.001096 7.084120 6.783452 0.300668 0.100000 
11.554 3 -0.793560 0.493877 -9.501138 1.403809 4.455566 -3.173828 6.57 7.09 0.6 1.6 -0.029 0.309 3.9216 2.7586 -0.2228 0.6558 0.0015 -0.005182 -0.002313 11.61 500 810 -0.001976 6.826141 6.971310 -0.145169 0.100000 
11.604 3 -0.877471 0.347632 -9.515522 0.762939 1.068115 -9.490967 6.54 6.80 0.9 1.3 0.045 0.231 3.5970 2.9074 -0.1321 0.6609 0.0015 -0.002591 -0.002105 11.59 500 830 -0.001292 6.667367 6.848468 -0.181101 0.100000 
11.654 3 -0.647314 -0.182207 -9.767256 -0.579834 -7.965088 2.044678 6.08 6.34 1.1 1.2 0.312 0.055 2.7316 2.8398 0.0207 0.6653 0.0015 -0.002591 -0.001113 11.59 500 820 0.001309 6.212055 6.557509 -0.345455 0.100000 
11.704 3 -0.800752 -0.019180 -9.879936 -0.610352 -1.281738 3.601074 6.34 6.60 1.3 0.9 0.234 0.141 2.6775 3.3536 0.1296 0.6693 0.0015 -0.002591 0.002992 11.61 500 810 0.002805 6.470684 6.410952 0.059732 0.100000 
11.754 3 -0.731226 0.071924 -9.913501 0.366211 -0.396729 2.319336 6.27 6.53 0.8 1.6 0.035 0.283 3.4077 2.3665 -0.1995 0.6737 0.0015 -0.002591 0.003390 11.61 500 820 0.003446 6.397664 6.401855 -0.004191 0.100000 
11.804 3 -1.014126 -0.115078 -9.879936 0.701904 1.403809 -4.638672 6.69 7.21 0.6 1.6 0.212 0.213 3.9757 2.8939 -0.2073 0.6783 0.0015 -0.005182 0.004405 11.61 500 820 0.002334 6.947108 6.557301 0.389807 0.100000 
11.854 3 -0.196592 -0.700059 -10.508071 -0.335693 -2.929688 -0.854492 7.27 7.53 1.5 0.8 0.264 -0.086 3.2454 4.5571 0.2513 0.6834 0.0014 -0.002591 0.002429 11.60 490 810 -0.000396 7.401835 6.785696 0.616139 0.100000 
11.904 3 -0.551416 -0.558608 -10.064541 0.000000 7.751465 5.584717 6.35 6.61 1.4 0.4 0.082 0.204 2.5152 4.2056 0.3239 0.6886 0.0014 -0.002591 -0.002318 11.61 500 820 -0.000737 6.480435 6.931848 -0.451413 0.100000 
11.954 3 -1.021318 -0.448325 -9.740884 0.274658 -2.807617 -7.904053 6.42 6.68 0.9 0.9 0.295 -0.073 3.4483 3.7458 0.0570 0.6934 0.0014 -0.002591 -0.002089 11.60 490 810 -0.000948 6.551808 6.730987 -0.179179 0.100000 
12.004 3 -0.755200 -0.194194 -9.297353 -0.885010 -1.037598 6.225586 5.87 5.87 1.1 1.3 0.196 0.207 2.5287 2.3665 -0.0311 0.6976 0.0014 -0.000000 0.000193 11.61 500 780 0.002765 5.869162 6.365314 -0.496153 0.100000 
12.054 3 -0.690469 0.278105 -10.134068 0.396729 2.227783 -3.143311 6.26 6.26 0.7 1.6 0.096 0.242 3.4889 2.2718 -0.2332 0.7020 0.0014 -0.000000 0.003335 11.61 500 770 0.003243 6.257493 6.278117 -0.020623 0.100000 
12.104 3 -0.848701 0.292490 -9.402842 -0.823975 2.075195 -5.706787 6.63 6.37 1.1 1.4 0.311 -0.030 3.2725 2.6775 -0.1140 0.7066 0.0014 0.002591 0.003665 11.59 490 810 0.002821 6.498905 6.366370 0.132536 0.100000 
12.154 3 -1.107627 -0.191797 -9.680947 0.396729 2.624512 2.746582 6.80 6.54 1.4 0.8 0.307 -0.020 2.8398 3.6782 0.1606 0.7115 0.0014 0.002591 0.001278 11.59 500 820 0.000865 6.665586 6.628696 0.036889 0.100000 
12.204 3 -0.587378 -0.246938 -9.913501 -0.488281 -4.119873 -2.288818 6.62 6.62 1.0 1.5 0.090 0.253 3.5565 2.7316 -0.1581 0.7165 0.0014 -0.000000 0.000722 11.59 490 820 0.000661 6.618720 6.534646 0.084074 0.100000 
12.254 3 -0.858291 0.038359 -9.784038 -0.457764 -1.342773 2.838135 6.10 6.10 1.2 0.5 0.227 -0.071 2.6640 3.7999 0.2177 0.7213 0.0014 -0.000000 -0.000575 11.60 510 790 0.001334 6.103062 6.461296 -0.358234 0.100000 
12.304 3 -0.388389 0.393184 -10.222774 0.244141 9.948730 1.892090 6.27 6.53 0.8 1.4 0.004 0.257 3.5429 2.7586 -0.1503 0.7259 0.0014 -0.002591 0.001350 11.59 490 810 0.000955 6.404042 6.498791 -0.094749 0.100000 
12.354 3 -0.465107 -0.222964 -10.258735 0.000000 2.777100 -5.798340 6.74 6.74 1.2 1.2 0.295 0.144 3.2590 3.2184 -0.0078 0.7309 0.0014 -0.000000 0.001530 11.60 490 770 0.000263 6.741924 6.536973 0.204950 0.100000 
12.404 3 -1.193936 -0.297285 -8.976093 -1.373291 0.213623 0.946045 6.17 6.17 1.4 0.5 0.289 -0.082 2.4476 3.8675 0.2721 0.7358 0.0014 -0.000000 -0.001007 11.59 500 820 0.000682 6.166771 6.508315 -0.341543 0.100000 
12.454 3 -0.827124 -0.146245 -9.652178 -1.068115 1.708984 6.774902 6.36 6.36 0.9 1.0 -0.002 0.262 3.4348 3.2184 -0.0415 0.7406 0.0014 -0.000000 0.000324 11.60 500 820 0.000724 6.364716 6.474414 -0.109698 0.100000 
12.504 3 -0.491479 0.184604 -9.908706 0.152588 -0.366211 -3.692627 6.17 6.43 0.9 1.4 0.181 0.189 3.3131 2.7451 -0.1088 0.7452 0.0014 -0.002591 0.000898 11.59 500 820 0.001093 6.304225 6.336930 -0.032704 0.100000 
12.554 3 -0.402773 -0.129463 -10.203593 0.183105 -2.716064 2.777100 6.46 6.46 0.8 1.1 0.234 -0.035 3.5565 3.1914 -0.0700 0.7502 0.0014 -0.000000 0.000855 11.60 490 770 0.000802 6.459428 6.401421 0.058007 0.100000 
12.604 3 -0.469902 -0.385991 -9.836782 0.549316 7.141113 -2.624512 6.80 6.80 1.8 0.6 0.513 0.012 2.3529 4.1109 0.3368 0.7550 0.0014 -0.000000 0.001643 11.60 490 770 0.000097 6.795907 6.611362 0.184545 0.100000 
12.654 3 -0.695264 -0.304478 -9.609023 -0.610352 -2.960205 0.793457 6.63 6.63 0.7 1.2 -0.034 0.179 4.0568 3.1778 -0.1684 0.7603 0.0014 -0.000000 -0.001867 11.61 500 780 -0.001352 6.632836 6.684114 -0.051278 0.100000 
12.705 3 -0.134258 0.093501 -9.803218 0.610352 1.678467 -0.091553 6.33 6.33 1.0 1.1 0.016 0.208 3.2725 3.0697 -0.0389 0.7655 0.0014 -0.000000 -0.002300 11.60 500 770 -0.000711 6.329663 6.676822 -0.347159 0.100000 
12.755 3 -0.170220 0.064731 -10.287504 0.091553 1.159668 -1.129150 6.29 6.29 1.4 0.7 0.135 0.210 2.5964 3.6376 0.1995 0.7703 0.0014 -0.000000 -0.000392 11.60 490 770 0.000412 6.288609 6.469620 -0.181012 0.100000 
12.805 3 -0.680879 -0.105488 -10.059746 0.549316 -6.134033 1.312256 6.47 6.21 0.7 1.3 0.149 0.108 3.8810 2.7586 -0.2151 0.7749 0.0014 0.002591 0.000673 11.60 490 810 0.001158 6.339153 6.329129 0.010024 0.100000 
12.855 3 -1.098037 0.254131 -9.302148 -1.495361 0.762939 3.082275 6.71 6.45 1.6 0.3 0.268 -0.025 2.6640 4.3543 0.3239 0.7797 0.0014 0.002591 0.002177 11.59 500 820 0.001044 6.577944 6.364759 0.213185 0.100000 
12.905 3 -0.807944 0.095898 -9.748075 -0.396729 -7.690430 0.427246 6.70 6.70 0.8 1.6 0.023 0.265 3.9216 2.6910 -0.2358 0.7844 0.0014 -0.000000 0.001788 11.61 500 790 0.000777 6.698321 6.361890 0.336431 0.100000 
12.955 3 -0.673687 0.129463 -9.767256 -0.213623 -2.410889 1.220703 7.09 6.83 1.2 0.3 0.083 -0.004 3.7593 4.7735 0.1943 0.7898 0.0014 0.002591 -0.000238 11.60 500 820 -0.001825 6.964218 6.604807 0.359411 0.100000 
13.005 3 -0.594570 -0.143848 -9.884731 0.732422 8.209229 0.671387 6.72 6.72 1.1 0.9 0.093 0.178 3.3266 3.6917 0.0700 0.7952 0.0014 -0.000000 -0.001962 11.61 500 780 -0.002124 6.720652 6.831419 -0.110768 0.100000 
13.055 3 -0.841509 0.167822 -9.486753 -0.427246 -6.164551 -0.915527 6.95 6.95 0.6 1.6 -0.045 0.269 4.4219 2.9344 -0.2850 0.8004 0.0014 -0.000000 -0.002683 11.60 500 770 -0.002918 6.947279 6.792622 0.154657 0.100000 
13.105 3 -0.673687 0.405171 -9.884731 -0.305176 4.028320 6.347656 6.33 6.07 1.4 1.2 -0.006 0.211 2.6234 2.6910 0.0130 0.8054 0.0014 0.002591 -0.003290 11.60 500 820 -0.000956 6.203318 6.740432 -0.537115 0.100000 
13.155 3 -0.522646 0.776777 -10.285107 1.007080 -3.631592 -1.281738 6.66 6.66 0.9 1.3 0.010 0.232 3.7052 3.0020 -0.1347 0.8105 0.0014 -0.000000 -0.000669 11.60 500 820 -0.000540 6.660686 6.623033 0.037652 0.100000 
13.205 3 -0.052744 -0.424351 -10.016591 -0.152588 2.716064 -0.915527 6.59 6.85 0.5 1.2 0.281 0.104 4.1379 3.2860 -0.1632 0.8151 0.0014 -0.002591 0.000908 11.59 490 800 0.000100 6.723287 6.609177 0.114110 0.100000 
13.255 3 -0.484287 -0.728828 -9.719306 -0.915527 0.854492 3.631592 6.68 6.94 1.6 0.2 0.153 0.185 2.7181 4.7329 0.3861 0.8203 0.0014 -0.002591 -0.000414 11.60 500 820 -0.000737 6.810021 6.760300 0.049721 0.100000 
13.305 3 -0.748008 0.155835 -9.803218 0.152588 0.091553 -2.838135 6.90 7.42 1.2 1.8 -0.032 0.297 3.6241 2.9074 -0.1373 0.8257 0.0014 -0.005182 -0.000613 11.61 500 830 -0.002004 7.162123 6.885593 0.276530 0.100000 
13.355 3 -0.067129 -0.033564 -10.287504 1.312256 3.662109 -0.366211 6.78 7.04 0.8 1.3 0.207 0.032 3.8404 3.3401 -0.0959 0.8307 0.0014 -0.002591 -0.002477 11.60 500 800 -0.002571 6.906891 6.951950 -0.045059 0.100000 
13.405 3 -0.431543 0.419556 -10.018989 -0.396729 0.823975 0.732422 6.57 7.09 0.9 1.2 0.112 0.238 3.6917 3.3807 -0.0596 0.8362 0.0014 -0.005182 -0.003760 11.60 500 820 -0.002915 6.830233 7.013685 -0.183452 0.100000 
13.455 3 -0.594570 0.577788 -10.246748 0.732422 4.608154 -8.575439 6.70 7.22 0.7 1.3 0.108 0.184 4.0568 3.3266 -0.1399 0.8414 0.0013 -0.005182 -0.002693 11.59 500 810 -0.002804 6.961103 7.019420 -0.058317 0.100000 
13.505 3 0.069526 0.000000 -10.285107 0.823975 -1.342773 -0.701904 6.83 7.09 0.9 1.7 0.209 0.113 3.7593 2.6775 -0.2073 0.8464 0.0013 -0.002591 -0.002111 11.59 500 800 -0.001952 6.957078 6.965339 -0.008261 0.100000 
13.555 3 -0.599365 -0.539429 -9.282969 -0.244141 1.525879 2.166748 6.38 6.90 1.4 1.0 0.291 0.128 2.6234 3.4753 0.1632 0.8514 0.0013 -0.005182 -0.003209 11.60 500 820 -0.001537 6.638765 6.999750 -0.360985 0.100000 
13.605 3 -0.374004 0.433940 -10.225170 1.617432 7.202148 -4.119873 6.56 7.08 1.0 1.5 0.041 0.211 3.4212 2.9615 -0.0881 0.8566 0.0013 -0.005182 -0.001778 11.61 500 810 -0.001678 6.816681 6.962312 -0.145631 0.100000 
13.655 3 -0.273311 -0.474697 -10.100503 1.403809 1.434326 -5.218506 6.56 6.82 0.6 1.8 0.107 0.210 3.8810 2.3665 -0.2902 0.8617 0.0013 -0.002591 -0.001675 11.59 490 820 -0.000829 6.692811 6.887129 -0.194317 0.100000 
13.705 3 -0.673687 -0.558608 -10.028579 -0.244141 -0.396729 1.678467 7.22 7.22 1.7 0.5 0.339 -0.105 2.8398 4.7600 0.3679 0.8667 0.0013 -0.000000 -0.001504 11.59 500 780 -0.002501 7.221106 7.014867 0.206239 0.100000 
13.755 3 -0.769585 -0.067129 -10.261132 -1.037598 3.662109 0.762939 7.02 7.02 1.6 0.8 0.278 0.202 2.8803 3.9757 0.2099 0.8719 0.0012 -0.000000 -0.002343 11.61 500 780 -0.002570 7.020373 7.038719 -0.018345 0.100000 
13.805 3 -0.537031 -0.100693 -10.285107 -0.213623 -5.004883 1.312256 6.51 6.77 0.3 1.6 -0.059 0.235 4.4895 2.5828 -0.3653 0.8769 0.0012 -0.002591 -0.003557 11.61 500 820 -0.002022 6.641663 6.861250 -0.219587 0.100000 
13.855 3 -0.409966 0.160630 -9.827192 -0.091553 -5.584717 -2.258301 6.54 6.54 1.1 0.8 0.234 -0.112 3.2725 3.8134 0.1036 0.8820 0.0012 -0.000000 -0.002603 11.59 490 810 -0.001297 6.535325 6.698948 -0.163623 0.100000 
13.905 3 -0.357222 0.611353 -9.925488 -0.366211 3.448486 -6.591797 6.55 6.55 1.2 1.7 0.287 0.144 3.1373 2.3665 -0.1477 0.8868 0.0012 -0.000000 -0.000060 11.59 500 820 -0.000039 6.547683 6.611905 -0.064222 0.100000 
13.955 3 -0.335645 -0.282900 -10.105297 -0.244141 -1.159668 4.119873 6.84 6.58 1.0 1.1 0.143 0.140 3.6647 3.3672 -0.0570 0.8918 0.0012 0.002591 -0.000874 11.59 490 810 -0.001061 6.713928 6.656349 0.057580 0.100000 
14.005 3 -0.630532 -0.009590 -9.949463 0.732422 4.608154 -0.366211 6.57 6.57 0.9 1.4 0.051 0.214 3.5159 2.7451 -0.1477 0.8968 0.0012 -0.000000 -0.002127 11.61 490 770 -0.001556 6.573709 6.768329 -0.194619 0.100000 
14.055 3 -0.400376 -0.563403 -9.867949 -0.091553 -1.281738 -5.126953 6.63 6.63 1.3 1.1 0.294 -0.070 3.0020 3.4212 0.0803 0.9020 0.0012 -0.000000 -0.002187 11.61 490 770 -0.001835 6.626892 6.674831 -0.047939 0.100000 
14.105 3 -0.961382 -0.172617 -10.023784 -0.427246 5.798340 6.958008 6.47 5.95 1.7 0.5 0.099 0.162 2.2718 3.6782 0.2695 0.9069 0.0012 0.005182 -0.002335 11.60 500 820 -0.000889 6.210096 6.600389 -0.390293 0.100000 
14.155 3 -1.282642 0.321260 -9.419623 0.122070 -1.342773 -5.981445 6.56 6.56 0.8 1.3 0.267 0.002 3.7052 2.9615 -0.1425 0.9117 0.0012 -0.000000 -0.000324 11.61 490 770 -0.000519 6.560519 6.498083 0.062436 0.100000 
14.205 3 -1.335386 -0.587378 -9.724101 -0.274658 -6.774902 0.305176 6.78 6.52 1.6 0.8 0.169 -0.013 2.8398 3.7999 0.1840 0.9167 0.0013 0.002591 0.000087 11.61 500 830 -0.000345 6.650798 6.446021 0.204777 0.100000 
14.255 3 -0.942202 0.009590 -9.774448 -0.762939 2.716064 9.338379 6.27 6.27 1.5 1.2 0.200 0.179 2.3394 2.9209 0.1114 0.9213 0.0013 -0.000000 -0.000179 11.59 500 780 0.000723 6.274166 6.501989 -0.227823 0.100000 
14.305 3 -0.529839 0.230156 -9.779243 0.122070 -4.577637 -0.946045 6.28 6.54 1.2 1.5 0.103 0.294 2.9479 2.5152 -0.0829 0.9259 0.0013 -0.002591 0.000496 11.60 500 820 0.001161 6.414437 6.467673 -0.053236 0.100000 
14.355 3 -0.649712 0.167822 -9.520317 0.061035 -6.225586 1.220703 6.26 6.26 0.9 0.8 0.124 -0.074 3.3942 3.5294 0.0259 0.9309 0.0012 -0.000000 -0.000852 11.61 500 770 0.000333 6.256016 6.384343 -0.128327 0.100000 
14.405 3 -1.064473 -0.527441 -9.191865 0.946045 0.244141 -2.136230 6.38 6.38 1.6 0.2 0.278 -0.057 2.3800 4.4354 0.3939 0.9358 0.0012 -0.000000 -0.000098 11.61 500 770 0.000206 6.378172 6.443333 -0.065161 0.100000 
14.455 3 -1.234692 0.026372 -9.621011 0.518799 -3.784180 -2.227783 6.96 6.96 1.2 1.0 0.113 0.191 3.5970 3.7458 0.0285 0.9410 0.0012 -0.000000 0.000902 11.61 500 820 -0.000969 6.956916 6.516634 0.440282 0.100000 
14.505 3 -0.584980 -0.309272 -9.700127 0.854492 -2.563477 -0.335693 6.27 6.27 0.8 0.6 0.226 -0.096 3.3942 3.8540 0.0881 0.9458 0.0012 -0.000000 -0.001975 11.60 500 820 -0.000668 6.270294 6.487143 -0.216849 0.100000 
14.555 3 -0.537031 -0.556211 -9.628202 0.061035 4.425049 -0.793457 6.28 6.02 1.3 0.7 0.199 0.015 2.6640 3.4348 0.1477 0.9504 0.0012 0.002591 -0.000539 11.61 500 820 0.000499 6.153369 6.438240 -0.284870 0.100000 
14.605 3 -0.683276 -0.558608 -10.194004 0.976562 0.579834 -2.105713 6.39 6.13 0.9 1.4 0.139 0.069 3.3942 2.5558 -0.1606 0.9552 0.0013 0.002591 0.000893 11.60 500 820 0.001235 6.255912 6.334491 -0.078579 0.100000 
14.655 3 -0.872676 -0.762393 -9.438804 -0.244141 4.241943 0.488281 6.87 6.61 1.9 0.7 0.458 -0.029 2.1772 4.0027 0.3498 0.9601 0.0013 0.002591 0.001344 11.61 490 810 0.000090 6.739256 6.562407 0.176849 0.100000 
14.705 3 -0.187002 -0.067129 -9.995014 0.762939 3.387451 -3.967285 7.09 7.09 0.8 1.6 0.135 0.143 4.2732 3.1102 -0.2228 0.9659 0.0013 -0.000000 -0.001032 11.61 500 820 -0.003017 7.088220 6.750217 0.338002 0.100000 
14.755 3 -0.618545 -0.383594 -9.815205 -0.823975 -1.678467 3.356934 6.50 6.50 1.4 0.9 0.219 -0.057 2.9344 3.6782 0.1425 0.9711 0.0013 -0.000000 -0.004039 11.59 490 770 -0.002890 6.504419 6.704982 -0.200563 0.100000 
14.805 3 -0.083911 -0.011987 -10.205991 -0.335693 5.889893 0.335693 6.61 6.61 1.4 0.6 0.132 0.070 2.9885 4.0433 0.2021 0.9763 0.0013 -0.000000 -0.002532 11.59 490 800 -0.002698 6.609038 6.678577 -0.069539 0.100000 
14.855 3 -0.740815 0.093501 -9.493945 -0.976562 1.922607 -1.434326 6.77 7.03 0.4 1.6 0.177 0.181 4.5301 2.9074 -0.3109 0.9818 0.0013 -0.002591 -0.002758 11.60 500 820 -0.003639 6.903828 6.761046 0.142781 0.100000 
14.905 3 -0.851099 -0.134258 -9.659369 -0.885010 -8.605957 2.502441 6.93 7.19 1.4 1.0 0.175 -0.002 3.2860 4.1515 0.1658 0.9870 0.0012 -0.002591 -0.003568 11.60 500 820 -0.004423 7.059412 6.738244 0.321168 0.100000 
14.955 3 -0.553813 -0.244541 -9.803218 -0.915527 -1.098633 9.613037 6.81 6.81 1.4 1.0 0.218 0.105 3.1508 3.7458 0.1140 0.9924 0.0012 -0.000000 -0.004178 11.61 490 820 -0.004112 6.812430 6.806471 0.005959 0.100000 
15.005 3 -0.572993 -0.031167 -10.083720 -0.885010 0.518799 2.227783 7.20 7.20 1.1 1.3 0.193 0.017 3.9486 3.6241 -0.0622 0.9980 0.0012 -0.000000 -0.004110 11.59 500 820 -0.005444 7.198211 6.940401 0.257811 0.100000 
15.055 3 -0.630532 -0.304478 -9.776845 -0.915527 -4.699707 -0.549316 7.04 7.30 1.2 0.8 0.104 0.281 3.7458 4.2191 0.0907 1.0034 0.0012 -0.002591 -0.004850 11.60 490 820 -0.005446 7.167954 6.966552 0.201402 0.100000 
15.105 3 -0.858291 -0.095898 -9.110352 -0.335693 -0.427246 0.579834 6.81 7.33 0.6 1.8 -0.048 0.295 4.3949 2.8803 -0.2902 1.0089 0.0012 -0.005182 -0.005591 11.61 500 810 -0.005640 7.072862 7.055527 0.017334 0.100000 
15.155 3 -0.537031 0.280503 -9.580254 0.030518 3.417969 -4.272461 6.65 7.17 0.5 1.6 0.152 0.171 4.2461 2.9074 -0.2565 1.0145 0.0012 -0.005182 -0.006190 11.60 500 820 -0.005535 6.913717 7.104364 -0.190647 0.100000 
15.206 3 -0.901445 0.208579 -9.558677 -0.762939 -1.617432 -5.889893 6.90 7.41 1.1 1.4 0.247 0.109 3.6241 3.3536 -0.0518 1.0197 0.0011 -0.005182 -0.004799 11.61 500 820 -0.005076 7.154412 7.070771 0.083642 0.100000 
15.256 3 -0.841509 -0.596968 -9.227827 -0.244141 -4.974365 -2.868652 6.71 7.23 1.3 1.1 0.312 0.118 3.1102 3.7052 0.1140 1.0249 0.0011 -0.005182 -0.004507 11.59 500 820 -0.004023 6.965899 6.975861 -0.009962 0.100000 
15.306 3 -0.668892 0.011987 -9.621011 -0.793457 0.274658 3.265381 6.61 7.13 1.2 1.6 0.163 0.205 3.1914 2.9344 -0.0492 1.0301 0.0011 -0.005182 -0.004201 11.59 500 830 -0.003559 6.867076 7.000306 -0.133229 0.100000 
15.356 3 -0.793560 -0.079116 -9.522715 0.030518 2.410889 -8.392334 6.68 7.45 0.9 1.7 0.355 0.192 3.6241 2.9750 -0.1244 1.0352 0.0011 -0.007773 -0.003121 11.60 490 820 -0.003563 7.065588 7.019249 0.046338 0.100000 
15.406 3 -0.572993 -0.529839 -10.462520 -0.915527 -4.547119 3.021240 7.13 7.65 1.4 0.7 0.219 -0.003 3.4618 4.7870 0.2539 1.0406 0.0010 -0.005182 -0.003886 11.61 490 810 -0.005285 7.387484 7.028439 0.359045 0.100000 
15.456 3 -0.227759 -0.513057 -10.182016 -0.518799 -0.762939 3.845215 6.47 6.99 1.3 1.0 0.011 0.176 2.9615 3.5835 0.1192 1.0458 0.0010 -0.005182 -0.005378 11.59 490 820 -0.003900 6.725966 7.008247 -0.282281 0.100000 
15.506 3 -0.443530 -0.062334 -9.956655 1.007080 -2.227783 -5.554199 6.45 6.97 1.2 1.3 0.253 0.163 3.0561 3.2860 0.0440 1.0506 0.0010 -0.005182 -0.003402 11.58 500 820 -0.002766 6.713752 6.801944 -0.088192 0.100000 
15.556 3 -0.062334 -0.668892 -10.273120 -0.213623 -5.615234 2.349854 6.73 6.99 1.0 1.3 0.263 -0.072 3.5565 3.2860 -0.0518 1.0553 0.0010 -0.002591 -0.001432 11.60 490 800 -0.001867 6.862716 6.677840 0.184876 0.100000 
15.606 3 -0.594570 -0.280503 -9.508329 -0.366211 4.364014 3.051758 6.53 6.79 1.3 0.8 0.181 -0.045 2.9885 3.8540 0.1658 1.0605 0.0010 -0.002591 -0.002421 11.61 500 820 -0.002235 6.660015 6.773315 -0.113300 0.100000 
15.656 3 -0.743213 0.263721 -9.824795 -0.427246 -3.204346 -0.671387 6.82 7.34 1.1 1.4 0.002 0.337 3.5565 3.3942 -0.0311 1.0655 0.0009 -0.005182 -0.001390 11.61 490 810 -0.002667 7.083180 6.771792 0.311388 0.100000 
15.706 3 -0.644917 -0.362017 -9.266186 -0.396729 -9.674072 4.058838 6.73 6.73 1.3 1.2 0.266 0.025 3.0426 3.3672 0.0622 1.0703 0.0009 -0.000000 -0.002791 11.60 490 780 -0.002112 6.725846 6.692929 0.032917 0.100000 
15.756 3 -0.654507 -0.680879 -9.613818 0.701904 0.671387 -4.486084 6.77 6.77 1.7 0.5 0.352 -0.077 2.4476 4.3408 0.3628 1.0755 0.0009 -0.000000 -0.003559 11.60 490 770 -0.003346 6.774175 6.828464 -0.054289 0.100000 
15.806 3 -0.486685 0.210977 -9.649780 -0.946045 -2.960205 -1.037598 6.87 6.87 1.1 0.6 0.082 0.070 3.7458 4.2732 0.1011 1.0808 0.0009 -0.000000 -0.004286 11.59 490 770 -0.004530 6.873207 6.772635 0.100572 0.100000 
15.856 3 -0.702456 0.064731 -9.642588 -0.122070 -4.760742 0.213623 6.01 6.01 0.7 1.3 -0.032 0.192 3.3942 2.4882 -0.1736 1.0856 0.0009 -0.000000 -0.004849 11.61 500 770 -0.001877 6.012353 6.523479 -0.511126 0.100000 
15.906 3 -0.829521 -0.608955 -9.357289 1.159668 -3.570557 -3.753662 6.20 6.20 1.4 0.8 0.282 -0.059 2.4341 3.4753 0.1995 1.0900 0.0009 -0.000000 -0.000609 11.59 500 780 0.000166 6.201506 6.294069 -0.092563 0.100000 
15.956 3 -1.014126 0.333247 -9.750473 0.000000 -7.781982 3.845215 6.85 6.59 0.9 1.1 -0.048 0.243 3.9892 3.4077 -0.1114 1.0946 0.0009 0.002591 0.001438 11.59 490 820 -0.000278 6.717514 6.238569 0.478945 0.100000 
16.006 3 -0.774380 0.517852 -9.774448 1.129150 4.516602 -1.007080 6.68 6.68 0.8 1.3 0.001 0.209 3.7999 3.1373 -0.1270 1.0996 0.0009 -0.000000 -0.000544 11.59 500 780 -0.001687 6.683508 6.533690 0.149817 0.100000 
16.056 3 -0.481890 -0.342837 -9.750473 0.854492 4.211426 -7.873535 6.93 6.93 1.0 1.6 0.127 0.192 3.9081 2.9479 -0.1840 1.1053 0.0009 -0.000000 -0.002289 11.60 500 820 -0.003706 6.934752 6.724846 0.209907 0.100000 
16.106 3 -0.704853 -0.052744 -9.767256 -0.061035 0.427246 4.608154 6.59 6.33 0.8 0.9 0.048 -0.041 3.6782 3.5700 -0.0207 1.1103 0.0009 0.002591 -0.005435 11.60 500 820 -0.004155 6.461045 6.724513 -0.263468 0.100000 
16.156 3 -0.954189 -0.220566 -9.465176 0.335693 4.089355 1.373291 6.67 6.41 1.5 0.4 0.334 -0.076 2.7316 4.2867 0.2980 1.1155 0.0010 0.002591 -0.004383 11.59 490 810 -0.004018 6.541865 6.686286 -0.144421 0.100000 
16.206 3 -0.752803 0.141450 -9.975835 0.213623 0.366211 -0.549316 6.90 6.90 1.1 1.0 0.206 0.097 3.5835 3.8404 0.0492 1.1209 0.0010 -0.000000 -0.003251 11.61 500 820 -0.004478 6.904822 6.665802 0.239020 0.100000 
16.256 3 -0.589775 -0.551416 -9.652178 0.457764 -4.425049 -1.159668 6.23 6.23 0.9 1.3 0.128 0.184 3.3131 2.6910 -0.1192 1.1258 0.0010 -0.000000 -0.005131 11.59 500 780 -0.003035 6.227180 6.569146 -0.341965 0.100000 
16.306 3 -0.824727 -0.529839 -9.913501 1.800537 2.624512 -7.171631 6.45 6.45 0.4 1.4 -0.043 0.214 4.2461 2.7045 -0.2954 1.1310 0.0010 -0.000000 -0.004214 11.61 500 780 -0.003629 6.453692 6.616628 -0.162936 0.100000 
16.356 3 -0.635327 0.359619 -9.685741 0.030518 -7.476807 3.112793 7.32 6.80 1.5 0.7 0.312 0.048 3.2995 4.2326 0.1788 1.1362 0.0010 0.005182 -0.002177 11.59 500 830 -0.004074 7.057012 6.547061 0.509951 0.100000 
16.406 3 -0.834316 -0.043154 -9.474766 -0.640869 1.586914 5.981445 6.70 6.70 0.6 1.4 -0.068 0.210 4.2461 2.9615 -0.2462 1.1414 0.0010 -0.000000 -0.004743 11.59 500 780 -0.004745 6.695895 6.723332 -0.027437 0.100000 
16.456 3 -0.930215 0.071924 -9.340508 0.091553 5.828857 0.885010 6.69 6.69 1.0 1.3 0.204 0.084 3.6106 3.2049 -0.0777 1.1470 0.0010 -0.000000 -0.005765 11.60 500 780 -0.005609 6.687700 6.820553 -0.132853 0.100000 
16.506 3 -0.716841 -0.254131 -9.709717 -0.610352 -3.631592 -4.272461 6.93 6.67 1.4 0.6 0.173 -0.021 3.2725 4.2191 0.1814 1.1525 0.0010 0.002591 -0.006066 11.60 500 820 -0.006072 6.795797 6.731194 0.064603 0.100000 
16.556 3 -0.748008 -0.088706 -9.913501 -0.152588 -1.678467 2.227783 6.66 6.41 1.0 0.8 -0.003 0.165 3.6782 3.6647 -0.0026 1.1577 0.0010 0.002591 -0.006846 11.59 490 810 -0.005933 6.534982 6.688213 -0.153232 0.100000 
16.606 3 -0.498672 0.163027 -10.395391 0.030518 5.676270 0.762939 6.29 6.55 0.8 1.4 -0.006 0.206 3.4618 2.8668 -0.1140 1.1629 0.0010 -0.002591 -0.005568 11.60 500 820 -0.004810 6.419405 6.670109 -0.250705 0.100000 
16.655 3 -0.035962 -0.532236 -10.505673 0.793457 -5.493164 -6.866455 7.36 7.36 1.0 1.5 0.266 0.124 4.1785 3.4889 -0.1321 1.1683 0.0010 -0.000000 -0.002480 11.59 500 770 -0.005679 7.362487 6.626801 0.735686 0.100000 
16.705 3 -0.489082 -0.429145 -10.093310 -1.434326 -4.333496 4.943848 7.51 7.51 1.4 1.0 0.316 0.064 3.7864 4.4084 0.1192 1.1740 0.0010 -0.000000 -0.004898 11.59 490 810 -0.007639 7.512992 6.889201 0.623791 0.100000 
16.755 3 -0.640122 -0.637725 -10.258735 -0.488281 6.805420 7.110596 6.93 6.93 1.2 1.1 0.214 0.188 3.4618 3.6511 0.0363 1.1796 0.0010 -0.000000 -0.008538 11.59 490 770 -0.008305 6.928806 7.094082 -0.165277 0.100000 
16.805 3 -0.575391 0.321260 -9.853564 -1.586914 -8.148193 2.471924 6.97 7.23 1.2 0.7 0.164 0.012 3.7187 4.4760 0.1451 1.1850 0.0010 -0.002591 -0.008023 11.61 500 810 -0.008170 7.100210 6.928664 0.171546 0.100000 
16.855 3 -0.203784 -0.683276 -10.572803 -0.610352 1.281738 2.166748 6.88 7.39 1.6 0.9 0.178 0.100 2.8668 4.2596 0.2669 1.1904 0.0010 -0.005182 -0.006175 11.60 500 830 -0.007183 7.134160 6.954841 0.179319 0.100000 
16.905 3 -0.666494 -0.244541 -9.829590 0.701904 -1.831055 0.640869 6.43 6.95 0.7 1.7 -0.022 0.259 3.9081 2.6234 -0.2462 1.1956 0.0010 -0.005182 -0.007638 11.61 490 810 -0.006384 6.688859 6.907655 -0.218796 0.100000 
16.955 3 -0.606558 -0.206182 -9.882334 -0.915527 0.915527 1.251221 6.62 7.14 1.4 0.9 0.292 -0.030 2.9074 3.9081 0.1917 1.2009 0.0009 -0.005182 -0.005597 11.61 490 820 -0.005715 6.876411 6.868798 0.007614 0.100000 
17.005 3 -0.364414 -0.201387 -10.078925 1.708984 1.373291 -2.868652 6.71 7.49 1.2 1.3 0.173 0.344 3.4212 3.5024 0.0155 1.2059 0.0009 -0.007773 -0.003685 11.59 500 820 -0.005006 7.102456 6.862273 0.240184 0.100000 
17.055 3 -0.275708 0.522646 -10.119682 -0.091553 1.159668 2.380371 6.96 7.74 0.7 1.9 0.038 0.304 4.3543 3.0832 -0.2436 1.2111 0.0009 -0.007773 -0.004419 11.61 500 820 -0.006347 7.348114 6.982669 0.365445 0.100000 
17.105 3 -0.278105 -0.129463 -10.469711 0.183105 0.183105 -2.929688 7.07 7.58 1.0 1.1 0.276 -0.055 3.8134 4.1920 0.0726 1.2165 0.0008 -0.005182 -0.006567 11.59 490 810 -0.007529 7.325554 7.136469 0.189086 0.100000 
17.155 3 -0.323657 -0.067129 -9.978232 -1.220703 -5.126953 -2.410889 6.78 7.30 1.5 0.7 0.225 0.207 2.9885 4.3408 0.2591 1.2218 0.0008 -0.005182 -0.006820 11.60 490 810 -0.006531 7.041568 7.009868 0.031700 0.100000 
17.205 3 -1.047690 0.537031 -9.642588 0.000000 -5.828857 1.647949 6.29 6.55 0.5 1.5 -0.048 0.279 3.9757 2.5693 -0.2695 1.2264 0.0008 -0.002591 -0.006196 11.61 500 810 -0.004092 6.421185 6.740374 -0.319189 0.100000 
17.255 3 -0.589775 0.460312 -10.208388 0.152588 -3.997803 3.234863 6.32 6.32 1.7 0.6 0.353 -0.116 2.0825 3.7728 0.3239 1.2310 0.0008 -0.000000 -0.003990 11.60 500 820 -0.002239 6.316732 6.596985 -0.280253 0.100000 
17.305 3 -1.078857 0.251733 -8.832246 -0.762939 -6.530762 -3.479004 6.51 6.77 0.4 1.8 0.036 0.227 4.3002 2.3529 -0.3731 1.2356 0.0008 -0.002591 -0.001325 11.59 500 820 -0.001591 6.637433 6.470362 0.167070 0.100000 
17.355 3 -0.755200 0.328452 -9.294956 0.610352 5.828857 -1.464844 6.28 6.54 1.1 1.1 0.429 0.127 2.7722 3.0832 0.0596 1.2400 0.0008 -0.002591 -0.001490 11.59 500 820 -0.001054 6.412965 6.601736 -0.188771 0.100000 
17.405 3 -0.517852 0.194194 -10.419365 0.000000 4.791260 -1.434326 6.85 7.11 1.1 1.0 0.020 0.096 3.5294 3.8540 0.0622 1.2453 0.0007 -0.002591 -0.001502 11.59 500 820 -0.003207 6.979962 6.722430 0.257532 0.100000 
17.455 3 -0.194194 -0.510659 -9.709717 0.946045 -0.793457 -0.244141 6.55 6.81 0.3 1.7 -0.018 0.268 4.5301 2.6640 -0.3576 1.2501 0.0007 -0.002591 -0.003660 11.59 490 810 -0.003619 6.683722 6.678148 0.005574 0.100000 
17.505 3 -0.421953 -0.321260 -9.987822 0.946045 -1.373291 -3.997803 6.19 6.19 0.7 0.8 0.227 -0.089 3.5429 3.5024 -0.0078 1.2551 0.0007 -0.000000 -0.005174 11.61 500 780 -0.003193 6.187527 6.559629 -0.372102 0.100000 
17.555 3 -0.649712 0.390786 -10.342647 -0.762939 -6.286621 0.488281 6.55 6.55 1.5 1.1 0.143 0.345 2.7586 3.2590 0.0959 1.2595 0.0007 -0.000000 -0.000855 11.59 490 780 -0.001466 6.550392 6.318480 0.231913 0.100000 
17.605 3 0.074321 -0.709648 -10.450532 1.403809 1.342773 -5.981445 6.47 6.22 0.7 1.4 0.373 0.036 3.6511 2.6369 -0.1943 1.2641 0.0007 0.002591 -0.001236 11.59 500 810 -0.001304 6.344835 6.354620 -0.009785 0.100000 
17.655 3 -0.328452 -0.175015 -9.927885 0.183105 2.746582 2.380371 6.89 6.63 1.2 0.7 0.363 0.032 3.2995 3.9351 0.1218 1.2690 0.0008 0.002591 -0.001071 11.61 500 810 -0.002720 6.756864 6.474887 0.281977 0.100000 
17.705 3 -0.570596 -0.335645 -9.853564 -0.549316 -2.685547 1.007080 6.36 6.36 1.1 1.0 0.172 -0.059 3.0697 3.4077 0.0648 1.2740 0.0008 -0.000000 -0.003910 11.60 500 820 -0.003022 6.361837 6.492420 -0.130583 0.100000 
17.755 3 -0.692866 -0.484287 -9.992617 0.610352 2.990723 1.892090 6.08 6.08 0.8 1.3 0.007 0.249 3.2860 2.5152 -0.1477 1.2788 0.0008 -0.000000 -0.004141 11.60 500 780 -0.002331 6.078755 6.493057 -0.414302 0.100000 
17.805 3 -0.688071 -0.879868 -10.563212 0.579834 -1.831055 -3.173828 7.03 6.77 1.5 1.3 0.407 -0.020 3.0832 3.3131 0.0440 1.2838 0.0008 0.002591 -0.000252 11.61 490 810 -0.002572 6.895970 6.400006 0.495964 0.100000 
17.855 3 -0.541826 -0.129463 -9.891924 -0.610352 5.615234 8.483887 6.55 6.55 1.4 0.9 0.039 0.124 2.8668 3.5970 0.1399 1.2888 0.0008 -0.000000 -0.003112 11.61 500 820 -0.003519 6.554071 6.570642 -0.016570 0.100000 
17.905 3 -0.378799 0.256528 -10.838921 0.366211 9.368896 2.014160 6.69 6.69 1.3 1.0 0.057 0.165 3.0291 3.5429 0.0985 1.2941 0.0008 -0.000000 -0.003896 11.59 500 820 -0.004441 6.689086 6.743675 -0.054589 0.100000 
17.955 3 -0.342837 0.004795 -9.992617 -0.305176 -2.105713 2.868652 6.02 6.02 1.2 1.0 0.234 0.112 2.7181 2.9479 0.0440 1.2989 0.0008 -0.000000 -0.006322 11.60 500 780 -0.003449 6.018738 6.556735 -0.537997 0.100000 
18.005 3 -0.393184 -0.230156 -10.237158 -0.457764 1.312256 2.227783 6.18 6.18 1.8 0.5 0.215 0.019 2.0284 3.8404 0.3472 1.3033 0.0008 -0.000000 -0.002114 11.60 500 780 -0.001612 6.178663 6.302039 -0.123375 0.100000 
18.055 3 -0.731226 0.083911 -9.561074 0.213623 0.335693 2.532959 6.41 6.41 1.5 1.1 0.192 0.084 2.6234 3.1508 0.1011 1.3085 0.0008 -0.000000 -0.002046 11.59 500 820 -0.002180 6.406124 6.385098 0.021026 0.100000 
18.105 3 -0.783970 -0.064731 -9.484355 -0.366211 -8.117676 0.366211 6.73 6.73 0.8 1.4 -0.055 0.184 4.0703 3.0832 -0.1892 1.3133 0.0008 -0.000000 -0.002310 11.59 500 780 -0.003265 6.732420 6.399846 0.332574 0.100000 
18.155 3 -0.647314 -0.163027 -9.750473 -0.244141 3.051758 -1.617432 6.11 6.37 0.5 1.2 0.106 0.144 3.7458 2.9750 -0.1477 1.3184 0.0008 -0.002591 -0.004382 11.60 490 810 -0.003307 6.240534 6.508781 -0.268248 0.100000 
18.205 3 -0.954189 -0.445928 -9.376470 -0.305176 3.997803 -0.793457 6.62 6.62 1.5 0.7 0.301 0.013 2.6775 3.9351 0.2410 1.3234 0.0008 -0.000000 -0.002692 11.61 490 770 -0.003562 6.616928 6.512734 0.104193 0.100000 
18.255 3 -1.078857 -0.225361 -9.357289 -0.305176 -1.342773 5.218506 6.41 6.41 0.7 0.8 -0.028 0.192 3.8810 3.5565 -0.0622 1.3286 0.0008 -0.000000 -0.004905 11.60 490 820 -0.004158 6.413549 6.539530 -0.125981 0.100000 
18.305 3 -0.532236 -0.107886 -9.714512 -1.251221 -4.852295 1.098633 6.36 6.36 1.3 0.9 0.257 -0.074 2.9074 3.5294 0.1192 1.3334 0.0008 -0.000000 -0.003766 11.61 490 820 -0.003295 6.362804 6.372280 -0.009476 0.100000 
18.355 3 -0.457915 0.139053 -9.824795 -0.854492 9.460449 -0.152588 6.84 7.10 1.4 0.3 0.177 0.068 3.1778 4.9223 0.3343 1.3388 0.0008 -0.002591 -0.003371 11.60 500 820 -0.005702 6.969166 6.668203 0.300963 0.100000 
18.405 3 -0.728828 0.364414 -9.690536 -1.098633 1.617432 4.913330 6.44 6.44 0.7 0.8 -0.016 0.138 3.9757 3.6376 -0.0648 1.3443 0.0007 -0.000000 -0.007959 11.60 500 780 -0.006655 6.436569 6.725576 -0.289007 0.100000 
18.454 3 -0.105488 -0.007192 -10.256337 -0.549316 4.913330 -6.561279 6.58 6.84 1.2 1.7 0.226 0.059 3.3807 2.5828 -0.1529 1.3497 0.0007 -0.002591 -0.005478 11.60 500 810 -0.006045 6.708900 6.681254 0.027646 0.100000 
18.504 3 -0.556211 -0.395581 -9.846372 -0.274658 10.925293 -0.823975 6.97 7.23 1.1 1.0 0.172 0.096 3.7458 4.0703 0.0622 1.3553 0.0007 -0.002591 -0.007108 11.59 500 820 -0.008786 7.096076 6.951200 0.144876 0.100000 
18.554 3 -0.328452 -0.131860 -10.155644 -0.152588 -1.617432 -3.540039 7.22 7.48 1.1 1.2 0.055 0.178 4.0433 4.0703 0.0052 1.3613 0.0007 -0.002591 -0.008454 11.59 490 810 -0.009984 7.345933 7.011661 0.334272 0.100000 
18.604 3 -0.867881 -0.045552 -9.728896 -1.800537 -5.615234 9.033203 6.68 6.68 1.1 1.0 0.340 -0.070 3.3942 3.6782 0.0544 1.3668 0.0007 -0.000000 -0.010262 11.59 500 820 -0.008520 6.682907 6.933306 -0.250399 0.100000 
18.654 3 -1.083652 -0.853496 -9.043222 0.030518 2.624512 -0.854492 6.25 6.51 1.4 0.5 0.176 -0.008 2.5828 4.0027 0.2721 1.3718 0.0007 -0.002591 -0.008801 11.61 500 820 -0.006788 6.384040 6.832460 -0.448420 0.100000 
18.704 3 -0.757598 0.302080 -9.203853 0.854492 -1.434326 -4.028320 6.62 7.13 0.8 1.8 0.025 0.310 3.9081 2.5693 -0.2565 1.3768 0.0007 -0.005182 -0.005161 11.59 490 810 -0.005734 6.874905 6.735246 0.139659 0.100000 
18.754 3 -0.781572 0.455518 -9.242211 -1.312256 0.518799 4.272461 6.45 6.71 0.8 1.4 0.361 0.097 3.6106 2.9209 -0.1321 1.3818 0.0007 -0.002591 -0.005720 11.60 500 820 -0.004985 6.577330 6.733518 -0.156188 0.100000 
18.804 3 -0.592173 -0.031167 -9.901513 -0.762939 5.859375 7.446289 6.94 7.20 1.4 1.1 0.219 0.168 3.1914 3.6917 0.0959 1.3871 0.0006 -0.002591 -0.004666 11.60 500 820 -0.006045 7.068501 6.895108 0.173394 0.100000 
18.854 3 -0.491479 -0.208579 -9.872744 -0.213623 0.244141 -5.523682 6.62 7.40 0.7 1.6 0.168 0.255 4.0027 3.1508 -0.1632 1.3923 0.0006 -0.007773 -0.006002 11.59 490 820 -0.006414 7.013282 6.935165 0.078117 0.100000 
18.904 3 -1.344976 0.028770 -9.599433 -1.159668 -4.394531 4.882812 6.69 6.95 1.6 0.6 0.334 -0.112 2.7451 4.3814 0.3135 1.3975 0.0006 -0.002591 -0.007275 11.60 500 820 -0.006454 6.822635 6.910216 -0.087581 0.100000 
18.954 3 -0.848701 -0.719238 -9.680947 -1.495361 0.152588 2.899170 6.53 7.05 1.3 0.7 0.078 0.038 2.8939 4.1515 0.2410 1.4025 0.0006 -0.005182 -0.006440 11.61 490 810 -0.006007 6.787519 6.876819 -0.089300 0.100000 
19.004 3 -0.829521 0.131860 -9.654575 2.563477 -4.150391 -6.958008 6.61 7.13 1.1 1.1 0.077 0.235 3.4348 3.5835 0.0285 1.4073 0.0006 -0.005182 -0.004491 11.60 490 810 -0.004733 6.873928 6.753137 0.120791 0.100000 
19.054 3 -0.719238 0.153437 -9.671357 1.678467 -9.185791 -1.495361 6.17 6.17 1.1 1.3 0.219 0.052 2.8533 2.5287 -0.0622 1.4118 0.0005 -0.000000 -0.004480 11.59 500 820 -0.001945 6.174354 6.521194 -0.346840 0.100000 
19.104 3 -0.383594 -0.402773 -9.558677 -0.976562 2.349854 2.014160 6.76 6.76 1.6 0.5 0.344 0.014 2.5287 4.2867 0.3368 1.4162 0.0005 -0.000000 -0.000757 11.60 490 770 -0.002116 6.759930 6.529083 0.230846 0.100000 
19.154 3 -0.496274 0.388389 -9.496343 0.183105 -2.166748 0.762939 6.86 6.86 1.0 1.0 0.070 0.212 3.5970 3.6106 0.0026 1.4210 0.0005 -0.000000 -0.001992 11.60 500 770 -0.002996 6.855215 6.616500 0.238714 0.100000 
19.204 3 -0.395581 0.153437 -9.963847 1.068115 6.469727 2.288818 6.72 6.98 1.0 1.4 -0.005 0.229 3.5700 3.0832 -0.0933 1.4264 0.0005 -0.002591 -0.004352 11.59 500 820 -0.004794 6.849459 6.873868 -0.024410 0.100000 
19.254 3 -0.759995 0.294888 -9.383662 1.159668 1.220703 -7.263184 6.74 6.74 1.0 1.5 0.219 0.108 3.4753 2.7992 -0.1296 1.4314 0.0005 -0.000000 -0.005150 11.59 500 820 -0.004700 6.743536 6.854803 -0.111266 0.100000 
19.304 3 -1.071665 -0.306875 -9.393251 0.244141 -4.791260 2.197266 6.29 6.29 1.5 0.6 0.295 -0.026 2.4747 3.7864 0.2513 1.4363 0.0005 -0.000000 -0.006370 11.61 500 770 -0.004119 6.288601 6.655182 -0.366581 0.100000 
19.354 3 -0.563403 0.153437 -9.985424 0.457764 0.885010 -1.831055 6.49 6.49 0.7 1.3 0.006 0.084 3.8675 2.9750 -0.1710 1.4411 0.0005 -0.000000 -0.004111 11.59 500 780 -0.003885 6.485796 6.546453 -0.060657 0.100000 
19.404 3 -0.853496 -0.172617 -10.066938 -0.152588 -2.349854 -3.082275 6.83 6.83 1.3 1.5 0.310 0.006 3.2454 3.0426 -0.0389 1.4459 0.0005 -0.000000 -0.002750 11.60 490 780 -0.004020 6.825325 6.530427 0.294899 0.100000 
19.454 3 -0.467505 -0.431543 -9.920693 1.129150 -3.570557 -1.495361 6.62 6.62 0.7 0.8 0.212 -0.087 3.8540 3.9757 0.0233 1.4511 0.0005 -0.000000 -0.004929 11.61 490 810 -0.004916 6.624062 6.564517 0.059545 0.100000 
19.504 3 -0.419556 -0.323657 -9.848769 0.457764 6.774902 0.640869 6.89 6.63 1.2 0.4 0.186 0.025 3.3807 4.3949 0.1943 1.4561 0.0005 0.002591 -0.004556 11.59 500 820 -0.005602 6.756750 6.665734 0.091016 0.100000 
19.554 3 -0.649712 -0.184604 -9.719306 -0.427246 -5.401611 2.136230 6.92 6.92 0.8 1.4 0.169 0.189 4.1109 3.2184 -0.1710 1.4616 0.0005 -0.000000 -0.005715 11.59 500 820 -0.006463 6.923501 6.679650 0.243851 0.100000 
19.604 3 -1.186743 0.011987 -9.481957 -0.183105 -0.671387 1.098633 6.87 6.61 1.1 0.7 0.295 -0.100 3.4753 4.1515 0.1296 1.4670 0.0006 0.002591 -0.007437 11.60 500 830 -0.007263 6.737219 6.760450 -0.023232 0.100000 
19.654 3 -0.966177 -0.532236 -9.489150 0.122070 1.861572 -1.586914 6.54 6.28 1.4 0.5 0.184 0.094 2.9209 3.9486 0.1969 1.4722 0.0006 0.002591 -0.008578 11.59 490 810 -0.007144 6.409695 6.728933 -0.319238 0.100000 
19.704 3 -0.961382 -0.208579 -9.390854 -0.549316 -7.202148 -1.464844 6.82 6.82 0.7 1.5 -0.050 0.238 4.3137 2.9479 -0.2617 1.4772 0.0006 -0.000000 -0.005426 11.60 500 780 -0.006253 6.822372 6.531284 0.291089 0.100000 
19.754 3 -0.695264 -0.438735 -9.831987 0.701904 1.129150 3.082275 5.96 5.96 1.4 0.6 0.311 -0.108 2.2989 3.5024 0.2306 1.4821 0.0006 -0.000000 -0.007050 11.61 500 780 -0.004321 5.957507 6.522952 -0.565445 0.100000 
19.804 3 -0.244541 0.131860 -10.141259 1.861572 10.498047 -4.943848 6.50 6.76 1.0 1.4 0.265 0.226 3.3266 2.9209 -0.0777 1.4871 0.0006 -0.002591 -0.002831 11.60 500 820 -0.004365 6.630693 6.507184 0.123510 0.100000 
19.854 3 -0.680879 -0.023975 -9.676152 -0.274658 -7.629395 0.976562 6.67 6.67 1.3 0.9 0.301 -0.067 3.1914 3.8404 0.1244 1.4921 0.0006 -0.000000 -0.004408 11.60 490 770 -0.004858 6.668270 6.445089 0.223181 0.100000 
19.904 3 -0.577788 -0.721636 -10.059746 0.610352 4.760742 2.502441 6.52 6.52 1.5 0.8 0.223 -0.036 2.6099 3.6376 0.1969 1.4973 0.0006 -0.000000 -0.005139 11.59 500 790 -0.005084 6.523320 6.617404 -0.094084 0.100000 
19.954 3 -0.381196 2.589258 -10.872485 3.051758 22.033691 -6.683350 6.48 6.48 0.7 1.4 0.077 0.283 3.6241 2.4747 -0.2202 1.5021 0.0006 -0.000000 -0.003968 11.61 500 780 -0.004317 6.480308 6.795102 -0.314794 0.100000 
20.004 3 -0.889458 0.956587 -9.786435 -0.244141 -6.286621 -1.098633 1.18 1.18 -0.1 -0.2 0.017 -0.061 0.7032 0.7573 0.0104 1.5041 0.0006 -0.000000 -0.012562 11.61 490 770 0.007402 1.180212 5.063416 -3.883204 0.100000 
