%% logfile from robot 5
%  1    time 0.007 sec
%  2    mission (2) state 2
%  3  4  5 Acc x,y,z [m/s2]: -5.475801 0.002397 -8.295215
%  6  7  8 Gyro x,y,z [deg/s]: -0.885010 -1.800537 0.457764
%  9 10 Motor velocity ref left, right: 115.94 115.94
% 11 12 Motor voltage [V] left, right: 8.0 8.0
% 13 14 Motor current left, right [A]: 2.271 2.204
% 15 16 Wheel velocity [r/s] left, right: 8.5463 9.7904
% 17    Turnrate [r/s]: 0.2384
% 18 19 20 21 Pose x,y,h,tilt [m,m,rad,rad]: 0.0012 -0.0000 0.000000 0.514637
% 22    Battery voltage [V]: 11.36
% 23 24 Get data time [us]: 500 +ctrl 790
% 25 26 27 28 29 Ballance pitch ref -0.009624 [rad], bal-out 115.941650 [rad], I-out 11.057992 [m/s], D-out 104.883659 [rad], vel ref [m/s] 0.000000
0.057 2 -5.437441 0.390786 -12.874365 -0.122070 154.235840 -3.875732 144.45 143.93 8.0 8.0 1.672 1.401 32.9819 32.1840 -0.1529 0.0374 0.0001 0.005182 0.434409 11.44 490 820 -0.100000 144.189880 40.000000 104.189873 0.000000 
0.107 2 -2.174497 -1.836455 -6.307720 18.096924 345.520020 -3.692627 94.44 95.99 8.0 8.0 1.381 1.124 43.6107 42.2584 -0.2591 0.0908 -0.0001 -0.015547 0.206229 11.47 500 830 -0.100000 95.215416 40.000000 55.215416 0.000000 
0.157 2 -1.172358 -0.232554 -5.257632 1.983643 293.884277 -15.899658 31.26 32.81 -1.8 -1.1 -0.763 -1.253 21.4605 21.1224 -0.0648 0.1390 -0.0009 -0.015547 -0.113890 11.60 500 830 -0.100000 32.035297 39.942577 -7.907280 0.000000 
0.207 2 -0.402773 -0.158232 -11.239297 4.913330 4.821777 -14.739990 -2.47 -1.17 -3.1 -2.5 -0.641 -0.842 1.3523 1.3658 0.0026 0.1528 -0.0011 -0.012956 -0.238583 11.61 500 820 -0.100000 -1.819139 25.981611 -27.800751 0.000000 
0.257 2 0.112681 0.759995 -10.527250 -2.532959 -89.843750 0.488281 1.54 2.58 1.2 1.5 0.281 0.188 0.2434 0.2434 0.0000 0.1530 -0.0011 -0.010364 -0.154514 11.61 500 800 -0.100000 2.057792 11.392606 -9.334814 0.000000 
0.307 2 0.131860 -0.385991 -9.268583 -3.906250 -27.923584 -1.800537 -0.42 0.36 -0.5 -0.5 0.089 -0.089 0.3922 0.7843 0.0751 0.1544 -0.0011 -0.007773 -0.108219 11.62 500 810 -0.074983 -0.027365 6.132455 -6.159820 0.000000 
0.357 2 -0.371606 -0.532236 -9.546689 -2.258301 -51.422119 -0.732422 2.28 2.80 1.2 1.3 0.242 0.177 0.3922 0.3922 0.0000 0.1554 -0.0011 -0.005182 -0.063863 11.60 500 810 -0.056832 2.543382 3.052084 -0.508702 0.000000 
0.407 2 -0.827124 -1.802891 -9.752871 0.885010 12.603760 -13.000488 6.40 6.92 1.6 1.2 0.355 0.210 2.5693 3.3131 0.1425 0.1590 -0.0011 -0.005182 -0.044589 11.60 500 820 -0.057840 6.661068 4.230736 2.430332 0.000000 
0.457 2 -0.769585 -0.534634 -9.422021 2.960205 20.996094 -7.720947 4.83 4.83 0.5 0.5 0.040 -0.166 2.7316 2.9344 0.0389 0.1643 -0.0012 0.000000 -0.062521 11.60 500 820 -0.061765 4.833054 5.350685 -0.517631 0.000000 
0.507 2 -0.577788 0.131860 -9.580254 -0.030518 -8.056641 1.983643 2.93 2.67 0.4 0.5 0.062 -0.109 1.4740 1.2576 -0.0415 0.1669 -0.0011 0.002591 -0.065237 11.62 490 810 -0.056506 2.801971 4.407637 -1.605666 0.000000 
0.557 2 -0.443530 0.011987 -9.901513 -0.244141 -11.535645 0.030518 2.53 2.53 0.7 0.8 0.093 -0.085 0.5680 0.3786 -0.0363 0.1675 -0.0011 0.000000 -0.054054 11.61 500 780 -0.048909 2.528266 3.355934 -0.827668 0.000000 
0.607 2 -0.433940 -0.014385 -9.858359 0.000000 -1.190186 -0.244141 1.96 1.96 0.5 0.5 0.089 -0.082 0.1758 0.1487 -0.0052 0.1675 -0.0011 0.000000 -0.047335 11.62 490 770 -0.043250 1.962897 2.759129 -0.796231 0.000000 
0.657 2 -0.354824 -0.136655 -9.930283 0.091553 6.835938 -0.122070 0.16 0.16 -0.3 -0.2 0.107 -0.099 0.1082 0.0947 -0.0026 0.1675 -0.0011 0.000000 -0.048348 11.62 500 780 -0.040046 0.157934 1.937733 -1.779799 0.000000 
0.707 2 -0.323657 -0.103091 -9.831987 0.152588 9.979248 0.122070 -3.82 -3.56 -1.9 -1.7 -0.246 -0.382 0.0676 -0.0676 -0.0259 0.1673 -0.0011 -0.002591 -0.056184 11.62 500 810 -0.038142 -3.687262 0.095472 -3.782733 0.000000 
0.757 2 -0.414761 0.194194 -9.767256 -1.373291 -16.632080 5.401611 -7.53 -7.27 -1.8 -1.5 -0.229 -0.340 -2.5964 -2.9885 -0.0751 0.1645 -0.0011 -0.002591 -0.051628 11.61 500 810 -0.027978 -7.395779 -2.955973 -4.439806 0.000000 
0.807 2 -0.333247 0.287695 -9.935078 -1.007080 -30.853271 2.532959 -9.13 -8.35 -2.3 -1.2 -0.263 -0.079 -3.0967 -4.3949 -0.2487 0.1592 -0.0011 -0.007773 -0.030598 11.60 500 820 -0.014095 -8.738238 -5.976211 -2.762027 0.000000 
0.857 2 -0.397979 0.081514 -10.167631 -0.366211 -19.836426 2.014160 -8.27 -7.75 -1.5 -0.8 -0.124 0.015 -3.6241 -4.5436 -0.1762 0.1530 -0.0011 -0.005182 -0.008321 11.61 500 830 -0.004304 -8.011396 -7.554172 -0.457224 0.000000 
0.907 2 -1.088447 -0.280503 -9.580254 0.732422 -8.605957 -8.850098 -7.25 -6.47 -1.1 -1.4 0.113 -0.356 -3.5024 -2.5017 0.1917 0.1480 -0.0010 -0.007773 -0.000350 11.61 500 810 -0.003025 -6.856352 -7.541568 0.685216 0.000000 
0.957 2 -0.613750 -0.062334 -9.570663 -0.091553 5.706787 1.708984 -7.01 -6.24 -1.5 -0.9 -0.098 -0.030 -2.6369 -3.2184 -0.1114 0.1440 -0.0010 -0.007773 -0.001635 11.62 500 820 -0.004300 -6.624991 -7.058352 0.433361 0.000000 
1.007 2 -0.122271 -0.311670 -10.222774 -0.762939 4.669189 0.213623 -7.76 -6.72 -2.1 -0.5 -0.214 -0.138 -2.2718 -4.0298 -0.3368 0.1398 -0.0010 -0.010364 -0.005301 11.60 500 810 -0.004420 -7.241724 -6.984055 -0.257669 0.000000 
1.057 2 -0.661699 0.103091 -9.549087 -0.549316 -9.643555 -4.577637 -8.53 -7.75 -2.1 -1.0 -0.143 -0.348 -2.8668 -4.1650 -0.2487 0.1347 -0.0009 -0.007773 -0.005358 11.60 500 810 -0.001189 -8.142163 -7.476773 -0.665390 0.000000 
1.107 2 -0.484287 -0.390786 -10.076528 -0.457764 -5.401611 -1.129150 -8.66 -8.15 -0.9 -1.8 0.173 -0.367 -5.0169 -3.3942 0.3109 0.1289 -0.0009 -0.005182 0.001615 11.62 500 810 0.004039 -8.405813 -8.015233 -0.390580 0.000000 
1.157 2 -0.498672 -0.330850 -9.954258 -1.098633 -6.469727 -0.335693 -8.25 -7.74 -1.0 -1.7 0.146 -0.291 -4.5166 -3.2319 0.2462 0.1229 -0.0009 -0.005182 0.007412 11.61 490 810 0.006799 -7.994298 -8.229750 0.235452 0.000000 
1.207 2 -0.819932 -0.306875 -9.573061 -0.579834 -5.798340 2.288818 -8.45 -7.93 -1.0 -1.3 -0.025 -0.146 -4.6924 -4.0027 0.1321 0.1169 -0.0008 -0.005182 0.009158 11.62 500 820 0.009369 -8.189070 -8.247972 0.058901 0.000000 
1.257 2 -0.798354 -0.213374 -9.632998 -0.183105 0.823975 -2.380371 -8.51 -7.99 -1.9 -1.2 -0.118 -0.184 -3.4212 -4.2732 -0.1632 0.1108 -0.0008 -0.005182 0.010395 11.61 500 830 0.010631 -8.251452 -8.189878 -0.061575 0.000000 
1.307 2 -0.467505 -0.340439 -10.256337 0.915527 -2.136230 2.014160 -8.64 -8.13 -1.6 -1.0 -0.196 -0.053 -3.9621 -4.6789 -0.1373 0.1048 -0.0008 -0.005182 0.011620 11.61 500 820 0.012666 -8.384970 -8.213101 -0.171868 0.000000 
1.357 2 -0.731226 0.270913 -9.834385 0.427246 -5.615234 -0.732422 -8.49 -7.97 -2.0 -1.3 -0.153 -0.207 -3.1643 -4.0298 -0.1658 0.0988 -0.0007 -0.005182 0.013751 11.60 490 820 0.013747 -8.227353 -8.326236 0.098883 0.000000 
1.407 2 -0.443530 0.280503 -10.052553 0.427246 -4.608154 -3.753662 -8.54 -7.76 -1.6 -1.1 -0.104 -0.248 -3.9351 -4.1650 -0.0440 0.0926 -0.0007 -0.007773 0.016422 11.62 500 820 0.015750 -8.147435 -8.362290 0.214855 0.000000 
1.457 2 -1.028511 -0.443530 -9.697729 0.244141 -5.157471 -2.471924 -8.36 -7.58 -1.6 -1.2 -0.078 -0.339 -3.7187 -3.8269 -0.0207 0.0865 -0.0006 -0.007773 0.017355 11.60 500 820 0.016457 -7.969251 -8.238914 0.269664 0.000000 
1.507 2 -1.028511 -0.388389 -9.582651 0.091553 -3.021240 -1.831055 -8.09 -7.57 -1.2 -1.2 -0.059 -0.258 -4.0839 -3.8269 0.0492 0.0807 -0.0006 -0.005182 0.018034 11.62 500 820 0.017030 -7.830589 -8.083976 0.253387 0.000000 
1.557 2 -0.853496 -0.163027 -9.733691 -0.213623 3.234863 1.373291 -7.95 -7.43 -1.5 -1.1 -0.007 -0.317 -3.6376 -3.9621 -0.0622 0.0751 -0.0006 -0.005182 0.018586 11.60 500 810 0.017183 -7.686285 -7.910273 0.223988 0.000000 
1.607 2 -0.795957 -0.016782 -9.999809 -0.793457 -1.617432 -0.610352 -7.86 -7.34 -1.2 -1.9 -0.018 -0.312 -3.7999 -2.5287 0.2436 0.0699 -0.0005 -0.005182 0.017425 11.61 490 810 0.016528 -7.596221 -7.803786 0.207565 0.000000 
1.657 2 -0.858291 0.453120 -9.656972 -0.488281 -2.838135 3.662109 -7.88 -7.62 -1.5 -1.2 -0.234 -0.084 -3.4483 -3.9486 -0.0959 0.0645 -0.0005 -0.002591 0.017632 11.62 500 820 0.017740 -7.751089 -7.778986 0.027897 0.000000 
1.707 2 -0.836714 -0.457915 -10.357031 1.068115 2.624512 -1.098633 -7.55 -7.55 -1.3 -0.9 -0.076 -0.261 -3.5294 -4.0568 -0.1011 0.0594 -0.0005 0.000000 0.018168 11.62 500 820 0.017491 -7.553026 -7.642612 0.089585 0.000000 
1.757 2 -0.949395 -0.764790 -9.927885 -0.640869 -8.636475 -3.295898 -7.38 -7.38 -0.8 -1.8 0.038 -0.478 -4.0433 -2.5017 0.2954 0.0546 -0.0005 0.000000 0.018280 11.62 490 770 0.017816 -7.382911 -7.626439 0.243528 0.000000 
1.807 2 -0.882266 0.580186 -9.230225 -0.244141 -0.549316 -0.061035 -7.62 -7.88 -1.0 -1.4 -0.063 -0.029 -4.0703 -3.7187 0.0674 0.0496 -0.0005 0.002591 0.017762 11.62 500 820 0.018783 -7.754041 -7.559377 -0.194664 0.000000 
1.857 2 -0.915830 0.198989 -9.505932 0.854492 -3.295898 -0.610352 -7.03 -7.29 -1.7 -0.9 -0.070 -0.173 -2.5423 -3.7864 -0.2384 0.0448 -0.0005 0.002591 0.019948 11.62 500 810 0.018651 -7.161150 -7.478079 0.316929 0.000000 
1.907 2 -0.724033 -0.330850 -10.191607 -0.854492 1.190186 -0.610352 -6.88 -7.14 -0.6 -2.1 0.142 -0.409 -3.9216 -1.9067 0.3861 0.0404 -0.0005 0.002591 0.019257 11.62 500 820 0.017941 -7.010713 -7.253143 0.242430 0.000000 
1.957 2 -0.417158 -0.513057 -10.009399 1.434326 -1.159668 -5.401611 -6.84 -6.84 -1.6 -0.1 -0.011 -0.098 -2.5287 -4.6924 -0.4146 0.0361 -0.0005 0.000000 0.019581 11.62 490 770 0.018680 -6.835249 -7.035611 0.200362 0.000000 
2.007 2 -1.378540 0.592173 -9.275776 -1.861572 -7.232666 5.493164 -6.27 -6.52 -0.7 -1.9 -0.271 -0.195 -3.1643 -1.8256 0.2565 0.0323 -0.0005 0.002591 0.018672 11.60 500 820 0.017112 -6.395030 -6.833347 0.438316 0.000000 
2.057 2 -0.678481 0.047949 -9.532305 -0.305176 0.457764 0.579834 -6.38 -6.64 -1.1 -1.0 0.156 -0.534 -2.8398 -2.9479 -0.0207 0.0283 -0.0005 0.002591 0.018512 11.62 500 820 0.017508 -6.513734 -6.706644 0.192909 0.000000 
2.107 2 -0.561006 -0.393184 -9.342905 -0.518799 2.014160 -4.760742 -6.53 -6.53 -1.9 -0.3 -0.145 -0.010 -1.6768 -4.1109 -0.4664 0.0249 -0.0005 0.000000 0.018546 11.62 500 780 0.017820 -6.525408 -6.635437 0.110029 0.000000 
2.157 2 -0.968574 -0.625737 -10.177221 -1.678467 -3.631592 3.051758 -5.98 -6.24 -0.7 -1.6 -0.070 -0.350 -2.9074 -1.8932 0.1943 0.0211 -0.0005 0.002591 0.019017 11.61 490 810 0.017282 -6.111003 -6.521540 0.410537 0.000000 
2.207 2 -0.930215 -0.544224 -10.249146 -0.030518 2.624512 0.976562 -5.64 -5.90 -0.6 -1.8 0.111 -0.436 -2.8803 -1.3387 0.2954 0.0179 -0.0006 0.002591 0.019167 11.61 500 820 0.016477 -5.768775 -6.260873 0.492098 0.000000 
2.257 2 -0.982959 -0.045552 -9.664165 0.183105 2.746582 0.549316 -5.34 -5.34 -1.0 -1.6 0.133 -0.426 -1.9608 -1.0548 0.1736 0.0149 -0.0006 0.000000 0.018472 11.61 500 780 0.014985 -5.335037 -5.984490 0.649453 0.000000 
2.307 2 -1.414502 -0.182207 -9.345303 -0.579834 -1.953125 0.701904 -5.98 -5.72 -1.0 -1.1 0.139 -0.462 -2.5423 -2.1772 0.0700 0.0118 -0.0005 -0.002591 0.015595 11.61 500 820 0.015655 -5.851649 -5.873750 0.022101 0.000000 
2.357 2 -1.347373 -0.287695 -9.177480 0.976562 -3.509521 -3.692627 -5.44 -5.18 -1.3 -1.2 0.134 -0.297 -1.7580 -1.5551 0.0389 0.0090 -0.0005 -0.002591 0.017587 11.60 500 810 0.015573 -5.309803 -5.773810 0.464007 0.000000 
2.407 2 -1.136396 -0.673687 -9.481957 0.946045 -2.349854 1.312256 -4.54 -4.54 -0.4 -1.5 0.155 -0.383 -2.2853 -0.6761 0.3083 0.0064 -0.0005 0.000000 0.018617 11.61 500 770 0.014436 -4.539427 -5.416575 0.877148 0.000000 
2.457 2 -0.716841 -0.860688 -10.412172 -0.274658 -5.889893 10.253906 -5.04 -4.52 -1.6 -0.7 -0.174 -0.090 -0.7167 -1.9878 -0.2436 0.0044 -0.0005 -0.005182 0.014783 11.62 500 810 0.013558 -4.777968 -5.125847 0.347879 0.000000 
2.507 2 -0.702456 -0.100693 -9.855962 -0.091553 -0.610352 1.556396 -3.98 -3.72 -0.5 -1.2 0.124 -0.314 -1.9473 -0.5815 0.2617 0.0022 -0.0005 -0.002591 0.017989 11.61 500 820 0.013598 -3.852900 -4.741758 0.888858 0.000000 
2.557 2 -0.707251 -0.889458 -10.345043 -0.244141 -9.429932 5.920410 -4.30 -3.52 -1.4 -0.4 -0.126 -0.097 -0.6220 -1.6227 -0.1917 0.0006 -0.0005 -0.007773 0.014719 11.62 500 810 0.012765 -3.908223 -4.463607 0.555384 0.000000 
2.607 2 -0.549019 0.191797 -10.229965 0.091553 7.873535 -2.777100 -3.83 -3.31 -1.3 -0.8 -0.087 -0.078 -0.3516 -0.9736 -0.1192 -0.0008 -0.0005 -0.005182 0.013789 11.62 500 830 0.010635 -3.570107 -4.063451 0.493345 0.000000 
2.657 2 0.160630 -0.333247 -10.076528 0.000000 -10.986328 -0.579834 -4.86 -4.35 -1.2 -0.2 0.016 -0.100 -1.1089 -2.5828 -0.2824 -0.0024 -0.0005 -0.005182 0.008506 11.61 500 810 0.011235 -4.605600 -4.251541 -0.354059 0.000000 
2.707 2 -0.412363 -0.165425 -9.992617 -0.030518 10.711670 -1.708984 -4.40 -3.88 -1.4 -1.1 -0.116 -0.100 -0.4598 -0.8790 -0.0803 -0.0036 -0.0005 -0.005182 0.010821 11.60 500 810 0.009687 -4.142205 -4.181971 0.039765 0.000000 
2.757 2 -0.764790 1.169961 -9.038427 -0.396729 -11.505127 -1.861572 -5.33 -4.29 -1.6 -0.3 -0.179 -0.067 -0.8114 -2.4070 -0.3058 -0.0056 -0.0005 -0.010364 0.009950 11.62 500 820 0.011923 -4.809824 -4.616145 -0.193679 0.000000 
2.807 2 -0.628135 -0.047949 -10.066938 0.030518 6.256104 5.920410 -4.35 -3.57 -1.4 -1.0 -0.117 -0.068 -0.5409 -0.9466 -0.0777 -0.0070 -0.0005 -0.007773 0.015061 11.62 500 820 0.012327 -3.959470 -4.396924 0.437454 0.000000 
2.857 2 -0.244541 0.004795 -9.863154 0.885010 10.559082 -6.042480 -4.69 -3.65 -1.7 -0.1 -0.131 -0.218 -0.3922 -1.9878 -0.3058 -0.0080 -0.0005 -0.010364 0.010500 11.60 500 820 0.010066 -4.167497 -4.069989 -0.097508 0.000000 
2.907 2 -0.304478 0.239746 -10.217978 0.305176 0.366211 -5.859375 -2.94 -2.16 -0.8 -0.4 0.089 -0.082 -0.3381 -0.3516 -0.0026 -0.0086 -0.0005 -0.007773 0.014567 11.60 500 810 0.008642 -2.552251 -3.730763 1.178512 0.000000 
2.957 2 -0.572993 -0.091104 -9.896718 0.183105 5.096436 2.685547 -3.05 -2.27 -1.0 -0.7 0.092 -0.102 -0.1487 -0.2164 -0.0130 -0.0086 -0.0005 -0.007773 0.008730 11.62 500 820 0.006105 -2.662542 -3.098582 0.436040 0.000000 
3.007 2 -0.632930 -0.105488 -9.980630 0.091553 3.936768 -0.793457 -3.45 -2.68 -1.2 -0.9 0.088 -0.087 -0.0947 -0.1082 -0.0026 -0.0086 -0.0005 -0.007773 0.004114 11.62 500 810 0.004360 -3.066052 -2.948090 -0.117962 0.000000 
3.057 2 -0.851099 0.572993 -9.333315 -1.586914 -5.645752 9.796143 -3.93 -3.41 -0.8 -1.2 0.127 -0.309 -1.1494 -0.0811 0.2047 -0.0092 -0.0005 -0.005182 0.001457 11.61 500 810 0.004534 -3.668577 -3.151586 -0.516992 0.000000 
3.107 2 -0.743213 -0.175015 -9.793628 -0.030518 6.866455 0.793457 -3.98 -3.46 -1.4 -1.1 -0.017 -0.280 -0.2569 -0.2299 0.0052 -0.0096 -0.0005 -0.005182 0.002494 11.61 490 820 0.004094 -3.718745 -3.278960 -0.439785 0.000000 
3.157 2 -0.841509 -0.172617 -9.884731 0.427246 0.335693 -3.112793 -3.87 -3.36 -1.2 -1.0 0.101 -0.103 -0.3245 -0.5139 -0.0363 -0.0100 -0.0005 -0.005182 0.005202 11.61 500 810 0.005675 -3.614754 -3.514350 -0.100404 0.000000 
3.207 2 -0.520249 -0.110283 -10.205991 -0.122070 3.662109 1.495361 -4.36 -3.59 -1.5 0.4 -0.091 -0.021 -0.1893 -2.9615 -0.5312 -0.0102 -0.0004 -0.007773 0.005367 11.62 500 820 0.006854 -3.974097 -3.612693 -0.361404 0.000000 
3.257 2 -0.572993 -0.215771 -10.023784 0.091553 1.983643 -1.403809 -3.68 -3.16 -1.1 -1.0 0.103 -0.101 -0.1758 -0.2434 -0.0130 -0.0105 -0.0004 -0.005182 0.006911 11.62 500 810 0.005537 -3.416296 -3.656573 0.240276 0.000000 
3.307 2 -0.697661 -0.187002 -9.772051 -0.061035 -0.030518 -0.518799 -3.35 -2.83 -1.0 -0.9 0.105 -0.095 -0.1352 -0.1217 0.0026 -0.0105 -0.0004 -0.005182 0.006418 11.62 500 820 0.004554 -3.086753 -3.460249 0.373496 0.000000 
3.357 2 -0.707251 -0.095898 -9.796025 -0.122070 -2.868652 0.030518 -2.38 -1.86 -0.6 -0.5 0.108 -0.106 -0.0811 -0.0811 0.0000 -0.0105 -0.0004 -0.005182 0.008103 11.62 500 810 0.003819 -2.122109 -3.028955 0.906845 0.000000 
3.407 2 -0.707251 -0.146245 -9.796025 -0.244141 -3.753662 -0.030518 -0.96 -0.44 -0.1 0.1 0.121 -0.086 -0.0676 -0.0541 0.0026 -0.0105 -0.0004 -0.005182 0.010608 11.62 500 810 0.003347 -0.695974 -2.213744 1.517770 0.000000 
3.457 2 -0.707251 -0.136655 -9.834385 -0.305176 -5.798340 -0.274658 1.25 1.77 0.8 0.9 0.093 -0.059 -0.0541 -0.0406 0.0026 -0.0105 -0.0004 -0.005182 0.014533 11.61 500 820 0.003051 1.506541 -0.891010 2.397550 0.000000 
3.507 2 -0.095898 -0.551416 -10.927627 0.488281 15.197754 -9.674072 4.81 4.81 2.0 0.7 0.538 -0.085 0.7708 2.5152 0.3343 -0.0084 -0.0005 0.000000 0.013764 11.61 500 810 -0.004539 4.813193 1.417931 3.395262 0.000000 
3.557 2 -0.757598 -0.316465 -10.088515 -0.305176 16.204834 0.122070 3.41 3.67 -0.1 1.0 0.031 0.077 2.7045 1.1089 -0.3058 -0.0058 -0.0005 -0.002591 -0.006919 11.62 500 820 -0.011035 3.536102 2.995705 0.540398 0.000000 
3.607 2 -0.815137 -0.206182 -9.688139 -0.946045 -7.598877 6.134033 1.85 2.11 0.5 0.6 0.082 -0.082 0.2840 0.3922 0.0207 -0.0050 -0.0005 -0.002591 -0.012507 11.62 490 810 -0.007837 1.976642 2.777950 -0.801307 0.000000 
3.657 2 -0.685674 -0.189399 -9.736089 -0.457764 -3.662109 1.403809 1.39 1.65 0.3 0.5 0.093 -0.095 0.2569 0.1487 -0.0207 -0.0050 -0.0005 -0.002591 -0.008130 11.62 490 810 -0.004446 1.517323 2.190304 -0.672980 0.000000 
3.707 2 -0.690469 -0.158232 -9.817602 -0.244141 -2.136230 -0.152588 0.99 1.25 0.2 0.3 0.103 -0.083 0.1217 0.0947 -0.0052 -0.0050 -0.0005 -0.002591 -0.005456 11.62 500 810 -0.002315 1.116075 1.706879 -0.590804 0.000000 
3.757 2 -0.628135 -0.112681 -9.822397 -0.061035 -0.946045 -0.122070 0.59 0.85 0.1 0.2 0.099 -0.092 0.0811 0.0676 -0.0026 -0.0050 -0.0005 -0.002591 -0.003964 11.62 500 810 -0.001069 0.717952 1.280357 -0.562404 0.000000 
3.807 2 -0.635327 -0.119873 -9.817602 -0.183105 0.183105 0.122070 0.11 0.37 -0.0 0.0 0.090 -0.095 0.0541 0.0541 0.0000 -0.0050 -0.0005 -0.002591 -0.003458 11.63 500 810 -0.000366 0.238913 0.860500 -0.621587 0.000000 
3.857 2 -0.676084 -0.083911 -9.824795 -0.091553 1.312256 0.030518 -0.57 -0.31 -0.3 -0.2 0.096 -0.085 0.0406 0.0406 0.0000 -0.0050 -0.0005 -0.002591 -0.003871 11.62 500 810 0.000037 -0.437733 0.366866 -0.804600 0.000000 
3.907 2 -0.616147 -0.110283 -9.745678 -0.030518 2.410889 -0.061035 -1.56 -1.30 -0.7 -0.6 0.091 -0.092 0.0406 0.0270 -0.0026 -0.0050 -0.0005 -0.002591 -0.005201 11.61 500 810 0.000262 -1.426614 -0.291883 -1.134730 0.000000 
3.957 2 -0.661699 -0.215771 -9.863154 0.030518 3.906250 0.061035 -3.06 -2.80 -1.2 -1.2 0.048 -0.248 0.0270 0.0270 0.0000 -0.0050 -0.0005 -0.002591 -0.007665 11.61 500 810 0.000411 -2.929272 -1.245892 -1.683380 0.000000 
4.007 2 -0.781572 -0.191797 -9.925488 0.122070 0.183105 -3.570557 -4.06 -3.80 -1.2 -1.3 0.107 -0.282 -0.6761 -0.4327 0.0466 -0.0058 -0.0005 -0.002591 -0.004937 11.62 500 820 0.002740 -3.932602 -2.394160 -1.538442 0.000000 
4.057 2 -0.707251 -0.203784 -9.712114 -0.091553 -2.349854 0.213623 -4.42 -3.90 -1.3 -1.2 0.101 -0.287 -0.6897 -0.4462 0.0466 -0.0068 -0.0005 -0.005182 0.000577 11.62 500 830 0.004811 -4.157076 -3.351138 -0.805938 0.000000 
4.107 2 -0.642520 -0.261323 -9.680947 -1.159668 -10.223389 5.584717 -4.41 -4.15 -0.3 -1.2 0.049 -0.180 -2.0960 -0.7573 0.2565 -0.0082 -0.0004 -0.002591 0.006500 11.61 490 810 0.008655 -4.280635 -4.028179 -0.252456 0.000000 
4.157 2 -0.553813 -0.160630 -9.937475 -0.427246 2.441406 1.068115 -3.60 -3.34 -0.6 -1.1 0.124 -0.169 -1.1900 -0.4598 0.1399 -0.0094 -0.0004 -0.002591 0.011902 11.62 500 820 0.009498 -3.467645 -3.905733 0.438088 0.000000 
4.207 2 -0.505864 -0.052744 -9.939873 -0.030518 1.953125 -1.495361 -3.58 -3.07 -1.1 -0.9 0.094 -0.095 -0.2434 -0.3381 -0.0181 -0.0096 -0.0004 -0.005182 0.009052 11.60 500 810 0.007379 -3.325602 -3.626104 0.300502 0.000000 
4.257 2 -0.632930 -0.095898 -9.879936 0.000000 1.678467 -0.457764 -3.33 -2.81 -1.0 -0.9 0.104 -0.082 -0.1217 -0.1487 -0.0052 -0.0096 -0.0004 -0.005182 0.007104 11.60 500 810 0.005388 -3.073951 -3.387887 0.313936 0.000000 
4.307 2 -0.642520 -0.143848 -9.865551 -0.152588 0.610352 -0.030518 -3.00 -2.49 -0.9 -0.7 0.093 -0.091 -0.0811 -0.0947 -0.0026 -0.0096 -0.0004 -0.005182 0.006072 11.62 500 820 0.004115 -2.745772 -3.126494 0.380722 0.000000 
4.357 2 -0.654507 -0.131860 -9.774448 -0.183105 -0.030518 -0.061035 -2.64 -2.12 -0.8 -0.6 0.095 -0.084 -0.0541 -0.0676 -0.0026 -0.0096 -0.0004 -0.005182 0.005625 11.62 500 820 0.003364 -2.376463 -2.829238 0.452775 0.000000 
4.407 2 -0.714443 -0.110283 -9.800820 -0.030518 -0.610352 -0.030518 -2.14 -1.62 -0.6 -0.4 0.096 -0.093 -0.0406 -0.0541 -0.0026 -0.0096 -0.0004 -0.005182 0.005819 11.62 500 820 0.002933 -1.878371 -2.466225 0.587854 0.000000 
4.457 2 -0.606558 -0.067129 -9.798423 -0.213623 -1.495361 0.122070 -1.43 -0.91 -0.4 -0.2 0.105 -0.088 -0.0406 -0.0406 0.0000 -0.0096 -0.0004 -0.005182 0.006620 11.61 500 810 0.002674 -1.167086 -1.982325 0.815238 0.000000 
4.507 2 -0.692866 -0.124668 -9.779243 -0.183105 -2.349854 -0.122070 -0.42 0.10 0.0 0.2 0.099 -0.089 -0.0270 -0.0270 0.0000 -0.0096 -0.0004 -0.005182 0.008077 11.62 500 810 0.002521 -0.160530 -1.312759 1.152229 0.000000 
4.557 2 -0.738418 -0.124668 -9.772051 -0.152588 -3.326416 -0.030518 1.03 1.55 0.6 0.7 0.103 -0.096 -0.0270 -0.0270 0.0000 -0.0096 -0.0004 -0.005182 0.010369 11.62 500 810 0.002418 1.288811 -0.359480 1.648291 0.000000 
4.607 2 -0.493877 -0.100693 -9.911103 0.274658 2.563477 -5.950928 3.57 4.09 0.4 1.0 0.120 -0.048 1.9473 1.5145 -0.0829 -0.0084 -0.0004 -0.005182 0.013043 11.60 500 810 -0.000971 3.827044 1.069031 2.758013 0.000000 
4.657 2 -0.513057 -0.232554 -9.860757 2.655029 21.759033 -1.342773 3.74 4.00 0.5 0.4 0.062 -0.125 1.8120 2.1501 0.0648 -0.0062 -0.0005 -0.002591 -0.000073 11.62 490 810 -0.007104 3.868095 2.841748 1.026347 0.000000 
4.707 2 -0.640122 -0.402773 -9.628202 0.671387 -7.843018 5.249023 2.64 2.64 0.8 0.8 0.093 -0.077 0.2569 0.3381 0.0155 -0.0060 -0.0005 0.000000 -0.007541 11.61 500 780 -0.005376 2.636657 2.932882 -0.296225 0.000000 
4.757 2 -0.592173 -0.222964 -9.846372 0.122070 -2.929688 0.854492 2.43 2.43 0.8 0.8 0.085 -0.106 0.1217 0.1487 0.0052 -0.0060 -0.0005 0.000000 -0.004337 11.62 500 780 -0.002788 2.430237 2.688841 -0.258604 0.000000 
4.807 2 -0.664097 -0.230156 -9.803218 -0.091553 -0.762939 0.122070 2.14 2.14 0.6 0.6 0.097 -0.078 0.0811 0.0947 0.0026 -0.0060 -0.0005 0.000000 -0.002895 11.62 500 780 -0.001222 2.137634 2.458955 -0.321321 0.000000 
4.857 2 -0.678481 -0.191797 -9.882334 -0.213623 0.213623 -0.183105 1.78 1.78 0.5 0.5 0.097 -0.094 0.0541 0.0676 0.0026 -0.0060 -0.0005 0.000000 -0.002388 11.62 500 780 -0.000329 1.783041 2.198525 -0.415484 0.000000 
4.907 2 -0.688071 -0.196592 -9.796025 -0.122070 1.281738 -0.122070 1.21 1.21 0.3 0.3 0.097 -0.082 0.0406 0.0541 0.0026 -0.0060 -0.0005 0.000000 -0.002892 11.60 500 780 0.000173 1.206295 1.841580 -0.635285 0.000000 
4.957 2 -0.640122 -0.170220 -9.879936 0.091553 2.532959 -0.091553 0.26 0.26 -0.1 -0.1 0.089 -0.083 0.0406 0.0406 0.0000 -0.0060 -0.0005 0.000000 -0.004431 11.60 500 770 0.000468 0.260491 1.284467 -1.023975 0.000000 
5.007 3 -0.673687 -0.122271 -9.750473 0.061035 3.997803 0.030518 -2.39 -2.39 -1.3 -1.3 0.048 -0.242 0.0270 0.0270 0.0000 -0.0060 -0.0005 0.000000 -0.007007 11.62 500 770 0.006229 -2.394842 0.322198 -2.717040 0.100000 
5.057 3 -1.014126 -0.294888 -9.431611 -0.946045 -27.893066 3.906250 -6.17 -5.91 -1.3 -1.4 -0.120 -0.333 -2.4476 -2.1907 0.0492 -0.0082 -0.0004 -0.002591 0.005602 11.60 500 820 0.026410 -6.044175 -2.369490 -3.674685 0.100000 
5.107 3 -0.956587 -0.314067 -9.728896 -1.129150 -27.862549 0.640869 -5.90 -5.38 -1.1 -0.5 0.154 -0.246 -2.4476 -2.8939 -0.0855 -0.0117 -0.0004 -0.005182 0.033807 11.62 500 820 0.042118 -5.641962 -4.466030 -1.175932 0.100000 
5.157 3 -0.834316 -0.035962 -9.887129 -0.427246 -10.803223 0.427246 -2.74 -2.22 -0.6 -0.3 0.093 -0.070 -0.5950 -0.5950 0.0000 -0.0133 -0.0004 -0.005182 0.052892 11.62 500 810 0.044193 -2.484034 -4.412260 1.928226 0.100000 
5.207 3 -0.961382 -0.100693 -9.738486 -0.549316 -14.709473 -0.518799 0.72 1.24 0.8 1.0 0.100 -0.015 -0.1758 -0.2569 -0.0155 -0.0133 -0.0004 -0.005182 0.059157 11.60 490 810 0.042304 0.982809 -2.644489 3.627298 0.100000 
5.257 3 -0.525044 0.263721 -10.579995 -0.854492 16.204834 -2.716064 5.95 6.21 1.4 1.0 0.398 0.263 2.5558 3.0697 0.0985 -0.0111 -0.0004 -0.002591 0.061238 11.62 500 830 0.032964 6.083086 0.711110 5.371976 0.100000 
5.307 3 -1.054883 0.385991 -9.947065 2.655029 26.885986 -1.861572 7.46 7.72 0.9 1.7 0.126 0.187 4.2732 3.2860 -0.1892 -0.0062 -0.0005 -0.002591 0.038970 11.62 500 820 0.019534 7.586256 4.168310 3.417946 0.100000 
5.357 3 -0.990151 0.592173 -9.621011 1.190186 16.662598 3.753662 6.62 6.88 0.7 1.4 0.028 0.127 3.8945 3.0967 -0.1529 -0.0006 -0.0005 -0.002591 0.017135 11.62 500 820 0.011539 6.751592 5.923224 0.828368 0.100000 
5.407 3 -0.556211 -0.299683 -9.935078 -0.061035 0.732422 1.800537 4.91 5.43 0.8 0.9 0.049 0.031 2.4747 2.4882 0.0026 0.0036 -0.0005 -0.005182 0.009437 11.61 500 820 0.012722 5.172884 5.842663 -0.669779 0.100000 
5.457 3 -0.879868 -0.350029 -10.395391 -0.488281 -1.190186 -9.887695 4.96 5.48 1.3 1.0 0.447 -0.093 1.6092 2.2989 0.1321 0.0064 -0.0005 -0.005182 0.015843 11.62 490 810 0.016759 5.218039 5.380421 -0.162382 0.100000 
5.507 3 -0.589775 0.093501 -9.932680 -0.579834 8.422852 2.777100 5.11 5.63 0.6 1.0 0.076 0.032 2.6099 2.4070 -0.0389 0.0096 -0.0005 -0.005182 0.018664 11.62 500 820 0.017776 5.366454 5.335949 0.030505 0.100000 
5.557 3 -1.124409 0.230156 -10.062143 2.075195 -4.089355 -5.340576 6.45 6.97 0.9 2.0 0.067 0.304 3.6241 1.9878 -0.3135 0.0132 -0.0005 -0.005182 0.022508 11.62 500 810 0.016923 6.711940 5.523460 1.188479 0.100000 
5.607 3 -1.167563 0.599365 -9.582651 -0.396729 6.530762 4.760742 6.33 6.59 1.4 0.9 0.428 -0.049 2.5423 3.3807 0.1606 0.0175 -0.0005 -0.002591 0.016774 11.62 490 810 0.014477 6.457323 6.111947 0.345377 0.100000 
5.657 3 -0.954189 -0.119873 -9.422021 0.061035 8.728027 3.265381 6.17 6.69 1.1 0.8 0.092 0.175 2.8533 3.4753 0.1192 0.0225 -0.0005 -0.005182 0.013056 11.62 500 820 0.012353 6.430171 6.442036 -0.011865 0.100000 
5.707 3 -0.642520 0.110283 -9.817602 1.251221 2.471924 -5.249023 5.84 6.36 0.5 1.2 0.340 0.059 3.5024 2.9209 -0.1114 0.0269 -0.0006 -0.005182 0.010751 11.61 500 820 0.011903 6.102111 6.375678 -0.273567 0.100000 
5.757 3 0.062334 -0.810342 -10.330659 -1.983643 -1.678467 8.178711 6.48 6.74 1.4 0.8 0.327 0.186 2.8262 3.6511 0.1581 0.0311 -0.0006 -0.002591 0.013450 11.62 500 800 0.012315 6.613412 6.357102 0.256311 0.100000 
5.807 3 -0.908638 1.138794 -10.134068 1.251221 2.166748 -4.180908 6.85 7.36 0.8 1.9 0.074 0.226 4.0839 2.4882 -0.3058 0.0357 -0.0006 -0.005182 0.014782 11.62 490 820 0.011615 7.105473 6.509966 0.595507 0.100000 
5.857 3 -0.517852 0.081514 -9.860757 -1.525879 -1.922607 5.401611 6.78 7.30 0.8 1.0 0.318 -0.107 3.8540 3.9757 0.0233 0.0406 -0.0006 -0.005182 0.011706 11.62 500 820 0.010237 7.036984 6.709610 0.327374 0.100000 
5.907 3 -0.647314 -0.409966 -10.208388 0.366211 4.486084 0.366211 6.53 7.05 1.5 1.5 0.131 0.235 2.6910 2.8668 0.0337 0.0454 -0.0006 -0.005182 0.010687 11.60 500 810 0.010283 6.788058 6.785611 0.002447 0.100000 
5.957 3 -0.887061 0.460312 -9.448393 0.885010 1.831055 -1.983643 6.10 6.88 0.4 1.4 0.093 0.147 4.0027 2.9074 -0.2099 0.0504 -0.0007 -0.007773 0.008646 11.62 500 820 0.009755 6.490426 6.744084 -0.253658 0.100000 
6.007 3 -0.673687 -0.553813 -9.580254 -0.274658 5.493164 3.173828 6.10 6.62 1.5 1.0 0.377 -0.154 2.2718 3.4348 0.2228 0.0554 -0.0007 -0.005182 0.008014 11.62 500 830 0.009561 6.359029 6.764295 -0.405266 0.100000 
6.057 3 -0.805547 -0.059937 -9.752871 -0.122070 -6.500244 -5.279541 6.54 7.06 0.7 1.6 0.019 0.263 3.9757 2.8803 -0.2099 0.0602 -0.0007 -0.005182 0.010368 11.62 500 810 0.009754 6.803106 6.566845 0.236261 0.100000 
6.107 3 -0.620942 0.239746 -9.621011 -1.251221 2.685547 4.028320 6.52 6.78 1.5 0.6 0.333 -0.165 2.6504 4.1244 0.2824 0.0653 -0.0007 -0.002591 0.009160 11.62 500 810 0.009311 6.650204 6.727325 -0.077121 0.100000 
6.157 3 -0.771982 -0.040757 -9.822397 0.732422 6.683350 0.213623 6.78 7.29 1.6 0.9 0.323 0.058 2.7992 4.0839 0.2462 0.0707 -0.0007 -0.005182 0.009398 11.62 490 820 0.008066 7.034416 6.884666 0.149750 0.100000 
6.207 3 -0.572993 0.220566 -10.297094 0.335693 0.244141 -4.394531 6.95 7.47 1.1 1.3 0.235 0.086 3.7458 3.8269 0.0155 0.0763 -0.0008 -0.005182 0.007749 11.61 500 830 0.006353 7.209166 6.934206 0.274959 0.100000 
6.257 3 -0.388389 -0.251733 -9.834385 0.549316 -1.770020 -2.105713 6.78 7.04 0.8 1.7 0.240 0.181 4.0703 2.8803 -0.2280 0.0817 -0.0008 -0.002591 0.006127 11.61 490 810 0.006341 6.908644 6.920543 -0.011900 0.100000 
6.307 3 -0.877471 -0.210977 -9.973437 0.122070 -2.838135 -1.892090 6.90 7.16 0.8 1.1 0.172 -0.069 4.1244 4.0027 -0.0233 0.0873 -0.0008 -0.002591 0.005448 11.60 500 820 0.005331 7.029745 6.956867 0.072878 0.100000 
6.357 3 -0.714443 -0.071924 -10.066938 -0.396729 1.068115 0.213623 6.91 6.91 1.2 1.0 0.241 0.091 3.3942 3.6782 0.0544 0.0928 -0.0008 0.000000 0.005716 11.61 500 780 0.005961 6.911966 6.979475 -0.067509 0.100000 
6.407 3 -0.618545 -0.709648 -10.265927 0.061035 -8.178711 -4.089355 7.30 7.30 1.3 1.5 0.324 0.036 3.7323 3.4483 -0.0544 0.0984 -0.0008 0.000000 0.006853 11.60 500 770 0.005591 7.298166 6.903076 0.395090 0.100000 
6.457 3 -0.855894 0.347632 -9.242211 -0.213623 -0.305176 -0.701904 6.86 6.60 1.4 0.6 0.333 -0.084 3.0967 4.0433 0.1814 0.1038 -0.0008 0.002591 0.004559 11.61 500 820 0.005636 6.730051 6.940087 -0.210037 0.100000 
6.507 3 -1.002139 -0.177412 -10.004604 -0.305176 7.019043 2.746582 7.10 7.36 1.4 1.0 0.269 0.081 3.2995 4.1379 0.1606 0.1094 -0.0008 -0.002591 0.006414 11.61 490 820 0.004956 7.231585 7.062365 0.169220 0.100000 
6.557 3 -0.771982 0.345234 -10.009399 0.061035 3.967285 0.946045 7.20 7.46 0.9 1.6 0.223 0.139 4.2461 3.3536 -0.1710 0.1155 -0.0008 -0.002591 0.004699 11.61 500 820 0.003715 7.329105 7.201625 0.127480 0.100000 
6.607 3 -0.539429 -0.206182 -10.201196 1.007080 1.678467 -1.678467 6.84 6.84 1.0 0.7 0.247 -0.146 3.7458 4.1379 0.0751 0.1209 -0.0008 0.000000 0.002564 11.62 500 780 0.003882 6.837265 7.130317 -0.293052 0.100000 
6.657 3 -0.659302 0.110283 -9.903911 0.244141 2.014160 1.434326 6.42 6.17 1.3 0.7 0.185 0.105 2.9615 3.5294 0.1088 0.1263 -0.0008 0.002591 0.002388 11.60 500 820 0.005401 6.294807 6.932549 -0.637742 0.100000 
6.707 3 -0.659302 0.381196 -10.357031 0.366211 4.577637 -1.647949 6.41 6.41 1.2 1.0 0.102 0.123 2.8803 3.2725 0.0751 0.1313 -0.0008 0.000000 0.006009 11.62 500 820 0.007127 6.408034 6.711607 -0.303573 0.100000 
6.757 3 -0.680879 -0.134258 -10.018989 0.274658 -8.392334 0.579834 7.10 6.84 0.9 1.2 0.039 0.189 4.0703 3.3942 -0.1296 0.1363 -0.0008 0.002591 0.008159 11.61 500 820 0.006982 6.967996 6.586234 0.381762 0.100000 
6.807 3 -0.462710 0.503467 -10.213183 0.610352 4.211426 0.823975 6.84 6.58 0.9 1.4 0.220 0.052 3.8810 2.9344 -0.1814 0.1416 -0.0008 0.002591 0.007021 11.61 500 820 0.006660 6.713592 6.714815 -0.001223 0.100000 
6.857 3 -1.095640 -0.119873 -9.908706 -0.549316 -4.211426 -4.150391 7.22 7.22 0.7 1.5 0.313 -0.096 4.4760 3.3401 -0.2177 0.1470 -0.0008 0.000000 0.007776 11.62 500 820 0.005965 7.220989 6.785285 0.435704 0.100000 
6.907 3 -0.359619 -0.074321 -9.841577 -0.366211 -0.122070 -5.462646 6.92 6.92 1.5 1.3 0.280 0.141 3.0156 3.2049 0.0363 0.1522 -0.0008 0.000000 0.006436 11.62 500 780 0.006199 6.917278 6.867792 0.049487 0.100000 
6.957 3 -0.584980 -0.537031 -10.021386 -0.396729 1.831055 3.082275 6.88 6.62 1.3 0.3 0.344 -0.173 3.1778 4.6789 0.2876 0.1576 -0.0008 0.002591 0.004473 11.60 500 820 0.005014 6.745860 6.886006 -0.140146 0.100000 
7.007 3 -0.342837 0.345234 -10.246748 0.274658 4.333496 0.305176 6.65 6.39 1.0 0.6 0.157 0.122 3.5835 3.8675 0.0544 0.1628 -0.0008 0.002591 0.004984 11.62 500 820 0.005805 6.522702 6.762430 -0.239728 0.100000 
7.057 3 -0.436338 -0.489082 -9.918296 0.488281 -9.185791 -5.493164 6.80 6.80 0.7 1.5 0.283 0.054 4.2056 3.0426 -0.2228 0.1679 -0.0008 0.000000 0.006985 11.60 490 810 0.006592 6.801549 6.562616 0.238933 0.100000 
7.107 3 -0.537031 0.321260 -9.793628 -0.152588 -3.631592 -0.030518 6.46 6.46 0.7 1.0 0.126 -0.106 3.7728 3.4753 -0.0570 0.1727 -0.0008 0.000000 0.006502 11.62 500 780 0.007192 6.458359 6.533134 -0.074775 0.100000 
7.157 3 -1.076460 -0.407568 -9.302148 -0.762939 2.105713 2.563477 6.99 6.99 1.0 1.3 0.211 -0.007 3.8134 3.3807 -0.0829 0.1779 -0.0007 0.000000 0.007962 11.62 500 780 0.006515 6.989470 6.736875 0.252596 0.100000 
7.207 3 -0.750405 -0.285298 -9.817602 -1.373291 0.671387 1.342773 6.85 7.11 0.9 1.5 0.216 -0.015 3.8540 3.1914 -0.1270 0.1833 -0.0008 -0.002591 0.006083 11.62 500 820 0.005508 6.976540 6.873333 0.103207 0.100000 
7.257 3 -1.086050 -0.412363 -9.081582 -0.183105 1.312256 1.892090 6.91 6.91 1.6 0.6 0.348 -0.203 2.7992 4.2191 0.2721 0.1888 -0.0008 0.000000 0.004844 11.62 500 780 0.005185 6.912950 7.003937 -0.090987 0.100000 
7.307 3 -0.390786 -0.290093 -10.114887 -0.030518 0.396729 0.915527 6.61 7.13 1.1 1.1 0.261 0.041 3.4212 3.7864 0.0700 0.1944 -0.0008 -0.005182 0.004305 11.61 500 830 0.004724 6.872852 6.963664 -0.090812 0.100000 
7.357 3 -1.086050 -0.570596 -9.431611 -0.457764 -8.056641 4.669189 6.25 6.51 0.7 1.1 0.009 0.183 3.7864 3.1643 -0.1192 0.1994 -0.0008 -0.002591 0.004113 11.60 500 820 0.006165 6.380071 6.649882 -0.269811 0.100000 
7.407 3 -0.793560 -0.110283 -10.040566 0.610352 -2.868652 -0.518799 6.25 6.77 0.5 1.4 0.283 0.080 3.8540 2.9750 -0.1684 0.2040 -0.0008 -0.005182 0.007003 11.62 500 820 0.007423 6.514047 6.547949 -0.033902 0.100000 
7.457 3 -0.759995 0.143848 -9.671357 0.183105 6.195068 -1.129150 6.61 6.87 0.9 0.8 0.088 0.089 3.7458 3.7999 0.0104 0.2090 -0.0008 -0.002591 0.008003 11.61 500 820 0.007057 6.742494 6.661267 0.081227 0.100000 
7.507 3 -0.218169 -0.002397 -10.191607 1.129150 -2.685547 -4.364014 6.84 7.36 0.7 1.7 0.251 0.159 4.1515 3.0156 -0.2177 0.2141 -0.0009 -0.005182 0.008809 11.62 490 810 0.007073 7.102892 6.708795 0.394097 0.100000 
7.557 3 -0.860688 -0.561006 -9.587446 -0.427246 5.615234 -0.366211 6.57 6.83 1.5 1.2 0.359 0.184 2.6504 3.2319 0.1114 0.2191 -0.0009 -0.002591 0.006973 11.61 500 810 0.007325 6.703427 6.871852 -0.168425 0.100000 
7.607 3 -1.098037 -0.055142 -9.937475 -0.823975 4.547119 3.082275 6.76 7.02 1.4 0.6 0.265 -0.037 3.0291 4.3002 0.2436 0.2243 -0.0009 -0.002591 0.006457 11.61 500 820 0.006268 6.893704 6.935271 -0.041567 0.100000 
7.657 3 -0.923022 -0.280503 -9.529907 0.091553 -3.967285 2.960205 6.11 6.63 1.0 1.6 0.234 0.191 3.0426 2.5287 -0.0985 0.2293 -0.0009 -0.005182 0.005044 11.62 500 830 0.007452 6.371850 6.784230 -0.412380 0.100000 
7.707 3 -0.635327 0.148643 -9.784038 1.373291 1.892090 -3.692627 6.20 6.45 0.6 1.6 0.108 0.140 3.7323 2.2177 -0.2902 0.2339 -0.0009 -0.002591 0.006953 11.61 490 820 0.008273 6.325228 6.622181 -0.296953 0.100000 
7.757 3 -0.479492 0.117476 -9.800820 -1.342773 -8.789062 0.885010 6.50 7.02 1.5 1.0 0.321 -0.111 2.7316 3.7864 0.2021 0.2386 -0.0010 -0.005182 0.009012 11.61 500 820 0.008292 6.757216 6.459923 0.297294 0.100000 
7.807 3 -0.762393 -0.469902 -9.522715 -0.335693 -7.507324 3.326416 6.09 6.60 0.4 1.5 0.021 0.197 3.9757 2.5964 -0.2643 0.2430 -0.0010 -0.005182 0.008300 11.62 500 820 0.009186 6.345176 6.391372 -0.046196 0.100000 
7.857 3 -0.601763 -0.165425 -10.177221 0.061035 10.223389 -4.882812 6.45 6.71 1.5 0.7 0.411 -0.152 2.4341 3.8134 0.2643 0.2480 -0.0010 -0.002591 0.009272 11.62 500 820 0.008664 6.575644 6.632535 -0.056890 0.100000 
7.907 3 -0.695264 -0.297285 -9.932680 -0.244141 -3.326416 -8.636475 6.98 7.50 0.8 1.7 0.069 0.226 4.2056 3.1914 -0.1943 0.2530 -0.0010 -0.005182 0.009959 11.62 500 810 0.007222 7.240139 6.634818 0.605322 0.100000 
7.957 3 -0.958984 -0.445928 -9.282969 0.091553 -1.983643 0.518799 6.42 6.42 1.7 0.7 0.375 -0.114 2.2853 3.8404 0.2980 0.2582 -0.0010 0.000000 0.006225 11.61 490 810 0.007490 6.415320 6.633626 -0.218306 0.100000 
8.007 3 -0.409966 -0.115078 -10.400186 0.244141 0.885010 -2.532959 6.15 6.41 0.9 1.3 0.126 0.161 3.2860 2.7586 -0.1011 0.2629 -0.0010 -0.002591 0.006900 11.62 500 820 0.008039 6.282791 6.525959 -0.243169 0.100000 
8.057 3 -0.616147 0.431543 -9.644985 -0.366211 1.190186 3.387451 5.71 5.97 1.0 1.4 0.032 0.175 2.7992 2.4341 -0.0700 0.2677 -0.0010 -0.002591 0.006589 11.60 500 820 0.009030 5.838234 6.347228 -0.508993 0.100000 
8.107 3 -0.525044 -1.057280 -9.834385 0.671387 0.213623 -3.143311 6.09 5.83 1.5 0.9 0.404 -0.126 2.2718 3.0561 0.1503 0.2721 -0.0010 0.002591 0.009197 11.62 490 820 0.010215 5.959697 6.166954 -0.207256 0.100000 
8.157 3 -1.105229 -0.220566 -9.891924 0.366211 -5.889893 -3.753662 6.10 6.36 0.4 1.7 -0.021 0.192 4.0568 2.2583 -0.3446 0.2765 -0.0010 -0.002591 0.010898 11.62 500 820 0.010511 6.226617 6.046567 0.180050 0.100000 
8.207 3 -1.263462 0.232554 -9.362084 -0.305176 3.417969 -2.502441 5.91 5.65 1.5 0.0 0.376 -0.162 2.0960 4.1515 0.3939 0.2809 -0.0010 0.002591 0.009149 11.61 500 820 0.010541 5.778906 6.117051 -0.338145 0.100000 
8.257 3 -1.208320 -0.587378 -9.469971 0.091553 2.807617 -4.913330 6.27 6.27 1.2 1.2 0.371 0.067 2.8803 2.8398 -0.0078 0.2855 -0.0010 0.000000 0.011635 11.62 500 780 0.010674 6.270639 6.127413 0.143227 0.100000 
8.307 3 -0.980561 -0.198989 -9.402842 -0.457764 -6.256104 2.899170 5.25 5.51 0.4 1.1 0.055 0.034 3.3266 2.5152 -0.1555 0.2898 -0.0010 -0.002591 0.008653 11.60 500 820 0.011563 5.376235 5.848925 -0.472690 0.100000 
8.357 3 -0.908638 -1.500811 -9.692934 -0.427246 7.110596 -4.333496 7.19 7.19 1.9 0.4 0.460 -0.047 2.6234 4.7600 0.4094 0.2944 -0.0011 0.000000 0.016141 11.62 500 820 0.010441 7.194967 6.179080 1.015886 0.100000 
8.407 3 -0.975767 -0.345234 -9.621011 -0.152588 1.098633 -2.471924 6.62 6.88 1.0 1.6 0.074 0.187 3.6376 2.9074 -0.1399 0.2998 -0.0011 -0.002591 0.009199 11.62 500 820 0.008132 6.750612 6.556453 0.194159 0.100000 
8.457 3 -0.733623 0.326055 -9.702524 -0.640869 3.723145 2.288818 5.74 5.74 1.1 0.9 0.140 0.063 2.5152 2.7992 0.0544 0.3048 -0.0011 0.000000 0.005379 11.60 500 820 0.008909 5.738574 6.509522 -0.770949 0.100000 
8.507 3 -1.098037 -0.510659 -10.131670 0.579834 -7.934570 -4.364014 5.97 5.97 1.6 0.5 0.456 -0.145 2.1231 3.7864 0.3187 0.3088 -0.0011 0.000000 0.009709 11.61 500 770 0.010826 5.967264 6.052327 -0.085062 0.100000 
8.557 3 -0.393184 -0.179810 -10.201196 -0.671387 2.014160 6.195068 5.42 5.42 1.2 1.4 0.161 0.173 2.0960 1.8661 -0.0440 0.3129 -0.0011 0.000000 0.011349 11.62 500 820 0.013422 5.415250 5.864913 -0.449664 0.100000 
8.607 3 -0.608955 -0.167822 -9.990219 0.488281 4.150391 -3.875732 6.01 6.01 1.1 0.9 0.333 -0.050 2.7045 3.0697 0.0700 0.3169 -0.0011 0.000000 0.014418 11.60 500 770 0.013321 6.014690 5.867657 0.147033 0.100000 
8.657 3 -0.251733 -0.906240 -10.678290 -0.610352 4.058838 4.211426 6.22 5.70 1.9 0.6 0.337 -0.048 1.7174 3.3131 0.3058 0.3209 -0.0011 0.005182 0.014585 11.60 500 810 0.013886 5.959597 5.890764 0.068833 0.100000 
8.707 3 -0.704853 1.009331 -10.217978 -0.366211 7.873535 0.671387 6.13 6.13 0.3 1.6 0.021 0.183 4.0839 2.1095 -0.3783 0.3253 -0.0011 0.000000 0.013547 11.60 500 780 0.012672 6.134467 6.096784 0.037682 0.100000 
8.757 3 -1.395322 -0.151040 -9.429214 -0.396729 -6.744385 9.765625 6.32 6.06 1.4 0.6 0.325 -0.021 2.5693 3.6647 0.2099 0.3295 -0.0010 0.002591 0.013355 11.60 500 810 0.012922 6.190853 5.986456 0.204396 0.100000 
8.807 3 -0.954189 -0.712046 -9.846372 1.220703 0.488281 -6.195068 5.93 5.93 0.3 1.3 0.110 -0.089 3.8810 2.4882 -0.2669 0.3337 -0.0010 0.000000 0.012285 11.62 500 780 0.012638 5.926337 6.005475 -0.079138 0.100000 
8.857 3 -1.457656 -0.599365 -9.278173 0.183105 -7.446289 -3.723145 5.47 5.73 0.2 1.9 0.006 0.268 3.9081 1.4064 -0.4794 0.3380 -0.0010 -0.002591 0.012551 11.61 500 820 0.014036 5.598190 5.765366 -0.167176 0.100000 
8.907 3 -0.788765 -0.508262 -9.954258 -0.305176 3.112793 -1.861572 5.48 5.22 1.4 1.0 0.163 0.088 1.8661 2.3394 0.0907 0.3416 -0.0010 0.002591 0.013850 11.62 500 820 0.015289 5.352150 5.694283 -0.342133 0.100000 
8.957 3 -0.187002 -1.117217 -10.369019 -0.610352 1.800537 2.960205 5.52 5.00 1.6 0.8 0.477 -0.159 1.4605 2.5423 0.2073 0.3454 -0.0010 0.005182 0.014427 11.61 500 810 0.016018 5.258738 5.608435 -0.349697 0.100000 
9.007 3 -0.793560 -0.539429 -9.609023 -0.030518 2.624512 5.126953 5.90 5.64 1.4 0.9 0.168 0.203 2.1636 2.6640 0.0959 0.3496 -0.0010 0.002591 0.016625 11.60 500 820 0.016040 5.774135 5.702812 0.071323 0.100000 
9.057 3 -1.004536 -0.834316 -9.436406 -0.091553 0.183105 -4.943848 6.09 5.83 1.2 0.8 0.345 -0.097 2.7045 3.1643 0.0881 0.3536 -0.0010 0.002591 0.015991 11.60 500 810 0.015057 5.958285 5.774838 0.183447 0.100000 
9.107 3 -0.460312 -0.023975 -9.702524 -0.122070 0.427246 -0.152588 5.68 5.68 0.9 1.2 0.063 0.171 2.9074 2.2177 -0.1321 0.3578 -0.0010 0.000000 0.014260 11.61 500 770 0.015268 5.679923 5.889015 -0.209092 0.100000 
9.157 3 -0.513057 -0.350029 -10.052553 -0.061035 -0.854492 -5.249023 6.19 6.19 1.1 1.2 0.349 -0.029 2.9615 2.7992 -0.0311 0.3623 -0.0010 0.000000 0.016124 11.61 500 820 0.014734 6.192838 5.899989 0.292849 0.100000 
9.207 3 -0.179810 0.469902 -10.491289 0.366211 -1.495361 8.300781 6.42 6.16 1.1 1.2 0.263 0.158 3.1643 2.8803 -0.0544 0.3665 -0.0010 0.002591 0.015644 11.62 500 820 0.014341 6.289635 6.002941 0.286694 0.100000 
9.257 3 -0.525044 -0.757598 -10.371416 0.793457 2.044678 -6.805420 6.55 6.55 1.5 1.0 0.397 -0.000 2.7316 3.3807 0.1244 0.3711 -0.0010 0.000000 0.015405 11.61 500 770 0.013447 6.554685 6.198820 0.355866 0.100000 
9.307 3 -0.599365 -0.431543 -10.018989 -1.007080 -0.762939 4.364014 6.23 6.23 0.8 0.5 0.045 0.143 3.5429 3.8269 0.0544 0.3759 -0.0010 0.000000 0.012059 11.62 500 820 0.012336 6.225838 6.267939 -0.042101 0.100000 
9.357 3 -0.774380 0.294888 -9.784038 -0.518799 -4.394531 -3.295898 6.25 6.51 1.4 1.3 0.400 0.087 2.5287 2.8533 0.0622 0.3801 -0.0010 -0.002591 0.013958 11.61 500 810 0.013649 6.376729 6.238308 0.138421 0.100000 
9.407 3 -1.119614 -0.714443 -9.594639 -1.525879 -11.199951 8.239746 6.12 6.64 0.8 1.6 0.013 0.200 3.4753 2.6369 -0.1606 0.3847 -0.0010 -0.005182 0.013462 11.60 500 830 0.013470 6.376252 6.182299 0.193953 0.100000 
9.457 3 -0.853496 0.129463 -9.695332 1.190186 8.636475 -1.953125 6.02 6.54 0.8 1.6 0.070 0.070 3.3266 2.4070 -0.1762 0.3896 -0.0010 -0.005182 0.013610 11.63 500 820 0.013210 6.283269 6.354064 -0.070794 0.100000 
9.507 3 -0.637725 -0.690469 -9.942270 -0.915527 5.371094 -1.678467 6.85 7.37 1.6 0.9 0.396 -0.074 2.7992 3.9892 0.2280 0.3944 -0.0011 -0.005182 0.015259 11.62 490 810 0.012071 7.111372 6.567623 0.543750 0.100000 
9.557 3 -0.589775 -0.417158 -10.074131 -0.762939 1.495361 2.105713 6.67 7.18 1.2 1.4 0.288 0.177 3.2319 3.1778 -0.0104 0.3992 -0.0011 -0.005182 0.012240 11.62 500 820 0.011382 6.924452 6.779099 0.145354 0.100000 
9.607 3 -0.973369 -0.381196 -9.455585 0.915527 -1.861572 0.549316 6.43 6.95 1.2 1.2 0.371 0.032 2.9750 3.3807 0.0777 0.4044 -0.0011 -0.005182 0.009890 11.62 500 820 0.010847 6.693585 6.852420 -0.158835 0.100000 
9.657 3 -0.994946 -0.172617 -9.755268 0.274658 3.021240 -1.556396 6.17 6.69 1.4 1.3 0.338 0.131 2.5287 2.9344 0.0777 0.4092 -0.0011 -0.005182 0.010423 11.62 500 820 0.011779 6.428806 6.752681 -0.323875 0.100000 
9.707 3 -0.563403 0.899048 -10.002207 0.213623 3.723145 -1.678467 5.98 6.24 0.6 1.6 0.069 0.167 3.5835 2.0284 -0.2980 0.4139 -0.0012 -0.002591 0.010843 11.63 500 830 0.012758 6.111060 6.558951 -0.447891 0.100000 
9.757 3 -0.043154 -0.335645 -10.385800 -1.770020 -1.281738 2.960205 6.59 6.85 1.6 0.5 0.354 -0.044 2.7181 4.1785 0.2798 0.4183 -0.0012 -0.002591 0.014567 11.62 500 810 0.013026 6.722682 6.392116 0.330566 0.100000 
9.807 3 -0.309272 0.419556 -9.520317 -0.183105 1.861572 6.439209 5.89 6.41 0.2 1.5 0.052 0.117 4.1244 2.5017 -0.3109 0.4229 -0.0012 -0.005182 0.011928 11.61 500 810 0.013114 6.153521 6.423130 -0.269609 0.100000 
9.857 3 -0.572993 -0.062334 -10.313877 -1.892090 -6.347656 -1.678467 6.60 7.38 1.2 1.1 0.328 0.046 3.3536 3.9351 0.1114 0.4275 -0.0012 -0.007773 0.015316 11.62 500 810 0.012755 6.988973 6.365888 0.623085 0.100000 
9.907 3 -1.028511 0.244541 -9.877539 0.854492 -2.380371 -4.119873 6.71 7.23 0.7 1.0 0.059 0.186 4.1244 3.7999 -0.0622 0.4325 -0.0013 -0.005182 0.013159 11.62 500 820 0.011446 6.972714 6.588554 0.384160 0.100000 
9.957 3 -0.738418 0.000000 -9.791230 0.122070 6.256104 0.671387 6.29 6.81 1.3 1.1 0.212 0.049 2.7992 3.3807 0.1114 0.4378 -0.0013 -0.005182 0.010641 11.61 500 820 0.011128 6.548909 6.755460 -0.206550 0.100000 
10.007 3 -0.683276 -0.141450 -9.680947 0.000000 4.852295 -1.556396 6.43 6.68 1.4 0.4 0.337 -0.123 2.6775 4.3678 0.3239 0.4428 -0.0013 -0.002591 0.010362 11.60 500 810 0.010676 6.554889 6.702341 -0.147452 0.100000 
10.057 3 -0.776777 0.198989 -9.800820 -0.671387 -0.549316 -5.554199 6.38 6.64 0.6 1.9 0.025 0.263 3.9892 2.0825 -0.3653 0.4476 -0.0013 -0.002591 0.010925 11.62 500 820 0.011383 6.506004 6.587991 -0.081987 0.100000 
10.107 3 -0.853496 -0.467505 -10.069336 -1.251221 -0.335693 -2.624512 6.57 6.57 1.2 0.8 0.375 -0.139 3.0967 3.8134 0.1373 0.4526 -0.0013 0.000000 0.011198 11.62 500 820 0.011222 6.574975 6.573871 0.001104 0.100000 
10.157 3 -1.105229 -1.002139 -9.769653 -0.488281 -7.843018 -5.981445 6.67 6.93 1.1 1.6 0.131 0.252 3.4212 2.6775 -0.1425 0.4572 -0.0013 -0.002591 0.012899 11.62 500 810 0.012137 6.797367 6.508068 0.289299 0.100000 
10.207 3 -0.750405 0.033564 -9.515522 -1.007080 -2.380371 2.227783 6.38 6.38 1.0 1.1 0.144 0.024 3.2860 3.1373 -0.0285 0.4623 -0.0013 0.000000 0.010466 11.62 490 770 0.011554 6.379344 6.555269 -0.175926 0.100000 
10.258 3 -0.489082 0.062334 -9.491548 0.549316 4.150391 -3.479004 6.33 6.33 1.3 0.4 0.276 0.091 2.7992 4.0298 0.2358 0.4675 -0.0013 0.000000 0.010001 11.62 500 820 0.011127 6.328270 6.625916 -0.297646 0.100000 
10.308 3 -0.630532 0.127065 -9.733691 0.152588 6.225586 -1.342773 6.50 6.76 0.9 1.4 0.296 0.165 3.5565 2.9479 -0.1166 0.4725 -0.0013 -0.002591 0.011288 11.61 500 810 0.010647 6.627502 6.607915 0.019587 0.100000 
10.358 3 -0.946997 -0.040757 -9.556279 -0.518799 -2.410889 -1.495361 6.65 6.65 1.0 1.1 0.215 0.068 3.5024 3.3942 -0.0207 0.4775 -0.0013 0.000000 0.011080 11.62 490 780 0.010803 6.646637 6.549234 0.097403 0.100000 
10.408 3 -1.172358 -0.143848 -9.419623 -0.183105 -2.563477 -1.770020 6.62 6.62 0.5 1.4 0.037 0.055 4.3408 2.9885 -0.2591 0.4827 -0.0014 0.000000 0.010088 11.61 500 780 0.010196 6.618929 6.595734 0.023195 0.100000 
10.458 3 -1.117217 -0.023975 -9.546689 -0.549316 1.434326 -8.819580 6.78 7.04 0.8 1.5 0.309 0.082 3.9486 3.0697 -0.1684 0.4878 -0.0013 -0.002591 0.011797 11.62 500 810 0.010311 6.908840 6.636661 0.272179 0.100000 
10.508 3 -1.249077 -0.028770 -9.095966 -1.220703 3.082275 0.823975 6.09 6.09 1.5 0.3 0.260 -0.143 2.2718 4.0433 0.3394 0.4928 -0.0014 0.000000 0.008569 11.61 500 770 0.011103 6.089669 6.650133 -0.560464 0.100000 
10.558 3 -1.174756 -0.239746 -9.676152 0.061035 4.608154 -6.774902 6.67 6.67 1.5 1.2 0.397 0.093 2.7045 3.1508 0.0855 0.4976 -0.0014 0.000000 0.012748 11.62 500 780 0.011737 6.667490 6.545737 0.121754 0.100000 
10.608 3 -1.081255 -0.309272 -9.340508 -0.946045 -12.969971 -5.798340 6.43 6.43 0.9 1.1 0.036 0.112 3.6241 3.1778 -0.0855 0.5020 -0.0014 0.000000 0.011979 11.61 490 770 0.012548 6.427841 6.315244 0.112597 0.100000 
10.658 3 -0.503467 -0.513057 -10.102901 2.227783 7.415771 -3.601074 6.95 6.69 0.7 1.4 0.193 0.062 4.1785 3.0291 -0.2202 0.5070 -0.0013 0.002591 0.013193 11.62 500 820 0.011501 6.821112 6.612134 0.208977 0.100000 
10.708 3 -0.563403 0.093501 -10.179619 0.152588 0.640869 1.342773 6.45 6.45 1.9 0.6 0.330 0.030 2.0014 3.9621 0.3757 0.5121 -0.0013 0.000000 0.011247 11.61 500 820 0.011776 6.445432 6.562247 -0.116816 0.100000 
10.758 3 -0.985356 -0.474697 -9.445995 0.518799 -2.166748 -3.356934 6.02 5.76 0.2 1.2 0.010 0.100 4.2326 2.5152 -0.3291 0.5167 -0.0013 0.002591 0.009940 11.62 500 820 0.012445 5.886875 6.350029 -0.463154 0.100000 
10.808 3 -1.265859 -0.093501 -9.772051 0.518799 -3.204346 -1.464844 6.13 5.87 0.4 1.3 0.067 -0.077 3.8269 2.4476 -0.2643 0.5211 -0.0013 0.002591 0.012601 11.60 490 820 0.013736 5.996584 6.167669 -0.171084 0.100000 
10.858 3 -1.234692 0.328452 -10.040566 0.732422 -8.178711 -2.777100 6.96 6.70 1.4 0.5 0.153 0.142 3.2184 4.2732 0.2021 0.5255 -0.0013 0.002591 0.016201 11.62 500 820 0.013510 6.831078 6.150108 0.680969 0.100000 
10.908 3 -0.378799 -0.527441 -10.702266 3.875732 1.007080 -7.934570 6.81 6.55 0.8 1.3 0.216 0.022 3.9081 3.1508 -0.1451 0.5299 -0.0013 0.002591 0.014768 11.61 490 810 0.013039 6.677711 6.349464 0.328247 0.100000 
10.958 3 -1.448066 0.136655 -9.297353 -0.640869 0.549316 -2.868652 6.91 6.65 2.0 0.2 0.483 -0.161 2.1501 4.7735 0.5027 0.5347 -0.0013 0.002591 0.014361 11.62 500 820 0.012785 6.776678 6.471015 0.305663 0.100000 
11.008 3 -0.788765 -0.143848 -9.606626 -0.640869 -0.823975 2.136230 6.30 6.30 0.3 1.3 0.003 0.115 4.2732 2.8398 -0.2747 0.5398 -0.0013 0.000000 0.010857 11.61 500 780 0.011840 6.299209 6.481419 -0.182210 0.100000 
11.058 3 -0.764790 -0.043154 -9.762461 0.335693 2.471924 2.258301 6.18 5.92 1.0 0.3 0.265 -0.098 3.1373 3.9757 0.1606 0.5448 -0.0013 0.002591 0.010400 11.60 500 820 0.012152 6.048858 6.442406 -0.393548 0.100000 
11.108 3 -0.234951 -0.095898 -10.333056 0.366211 3.784180 -0.579834 6.26 6.26 1.3 1.1 0.247 0.051 2.7722 3.0561 0.0544 0.5494 -0.0013 0.000000 0.012888 11.62 500 820 0.012992 6.262930 6.349792 -0.086861 0.100000 
11.158 3 -0.884663 -0.501069 -9.901513 -0.274658 0.427246 6.713867 6.13 6.13 1.7 1.4 0.277 0.181 1.9608 2.4341 0.0907 0.5538 -0.0013 0.000000 0.013579 11.62 500 830 0.014549 6.129701 6.331143 -0.201442 0.100000 
11.208 3 -1.265859 0.628135 -9.577856 0.854492 5.096436 -0.701904 6.38 6.38 0.8 1.5 0.150 0.134 3.5970 2.4747 -0.2151 0.5586 -0.0013 0.000000 0.013586 11.62 500 770 0.013355 6.382492 6.425251 -0.042759 0.100000 
11.258 3 -1.016523 -0.256528 -9.556279 -1.647949 -5.187988 2.868652 6.43 6.43 1.5 1.2 0.299 -0.118 2.6369 2.9074 0.0518 0.5635 -0.0013 0.000000 0.013237 11.61 490 820 0.013690 6.431594 6.431828 -0.000234 0.100000 
11.308 3 -0.798354 0.374004 -10.102901 -1.129150 -2.990723 8.850098 6.48 6.74 0.9 1.4 0.148 0.163 3.5700 2.8262 -0.1425 0.5681 -0.0013 -0.002591 0.013715 11.60 500 810 0.013404 6.605529 6.491238 0.114291 0.100000 
11.358 3 -0.575391 -0.539429 -10.467314 -1.617432 -2.777100 -3.875732 6.42 6.93 1.2 1.6 0.278 0.131 3.1373 2.7722 -0.0700 0.5727 -0.0013 -0.005182 0.015397 11.62 500 820 0.014184 6.675146 6.384180 0.290967 0.100000 
11.408 3 -0.457915 -0.163027 -9.875141 -1.739502 -2.716064 7.385254 6.54 7.05 1.0 0.6 0.078 -0.023 3.4483 4.3408 0.1710 0.5775 -0.0013 -0.005182 0.013357 11.61 500 820 0.012498 6.795777 6.576534 0.219243 0.100000 
11.458 3 -0.570596 0.098296 -9.930283 0.701904 5.615234 -0.396729 6.19 6.96 0.8 1.4 0.069 0.034 3.3942 3.0697 -0.0622 0.5825 -0.0013 -0.007773 0.011847 11.62 500 820 0.012182 6.575698 6.740679 -0.164981 0.100000 
11.508 3 -0.843906 -0.112681 -9.743281 0.305176 -0.549316 -5.645752 6.10 6.61 1.1 1.3 0.303 0.123 2.8668 2.8668 0.0000 0.5872 -0.0014 -0.005182 0.012001 11.62 500 820 0.013287 6.355739 6.603237 -0.247498 0.100000 
11.558 3 -0.836714 -0.215771 -9.211044 -2.258301 -1.281738 3.509521 6.22 6.48 1.4 0.4 0.306 -0.107 2.5152 4.0974 0.3032 0.5918 -0.0014 -0.002591 0.012586 11.61 500 810 0.013534 6.352965 6.520232 -0.167267 0.100000 
11.608 3 -0.604160 0.225361 -9.942270 2.044678 1.556396 0.640869 6.25 7.02 0.6 1.7 0.106 0.262 3.7999 2.5287 -0.2436 0.5962 -0.0014 -0.007773 0.014614 11.62 500 820 0.013916 6.635518 6.523134 0.112383 0.100000 
11.658 3 -0.822329 -0.105488 -10.174824 -0.610352 2.258301 1.098633 6.14 6.66 1.5 1.1 0.451 -0.008 2.2989 3.1102 0.1555 0.6008 -0.0014 -0.005182 0.014472 11.62 500 810 0.014832 6.402004 6.513477 -0.111473 0.100000 
11.708 3 -0.709648 0.122271 -9.872744 1.464844 2.868652 -3.906250 6.29 7.07 0.8 1.9 0.089 0.324 3.5565 2.1366 -0.2721 0.6054 -0.0015 -0.007773 0.015550 11.62 500 830 0.014746 6.679852 6.568940 0.110912 0.100000 
11.758 3 -0.642520 -0.218169 -10.215581 1.068115 -3.112793 -1.098633 6.13 6.91 1.2 1.2 0.283 -0.002 2.8803 3.3131 0.0829 0.6102 -0.0015 -0.007773 0.013628 11.60 490 820 0.014118 6.516703 6.560314 -0.043611 0.100000 
11.808 3 -0.867881 0.246938 -9.211044 -1.190186 -0.823975 -0.427246 6.38 6.89 1.2 0.9 0.293 -0.029 2.9074 3.7458 0.1606 0.6149 -0.0016 -0.005182 0.013794 11.60 500 810 0.013851 6.635868 6.632894 0.002974 0.100000 
11.858 3 -0.863086 -0.225361 -9.604228 0.213623 5.950928 1.190186 6.33 6.85 1.5 0.7 0.213 0.170 2.5287 3.7728 0.2384 0.6197 -0.0016 -0.005182 0.013945 11.61 500 820 0.013739 6.590764 6.653267 -0.062503 0.100000 
11.908 3 -1.066870 0.270913 -9.887129 1.342773 3.692627 -4.699707 5.97 6.49 0.5 1.3 0.329 0.073 3.6241 2.8668 -0.1451 0.6245 -0.0016 -0.005182 0.012328 11.62 500 810 0.013798 6.228049 6.586548 -0.358499 0.100000 
11.958 3 -1.028511 -0.534634 -9.558677 -1.831055 0.000000 -1.220703 6.38 6.64 1.7 0.5 0.444 -0.140 2.2177 4.1244 0.3653 0.6291 -0.0016 -0.002591 0.013884 11.62 500 800 0.014121 6.506918 6.554342 -0.047424 0.100000 
12.008 3 -1.035703 -0.608955 -9.390854 -0.732422 -5.584717 -3.570557 6.07 6.59 0.9 1.4 0.054 0.173 3.3536 2.7181 -0.1218 0.6337 -0.0017 -0.005182 0.013302 11.62 500 820 0.014365 6.332557 6.447673 -0.115116 0.100000 
12.058 3 -1.208320 -0.234951 -9.395649 0.366211 -8.544922 1.129150 6.42 6.68 1.0 1.2 0.283 -0.073 3.3536 3.2995 -0.0104 0.6384 -0.0017 -0.002591 0.014461 11.62 500 810 0.014401 6.548197 6.387125 0.161072 0.100000 
12.108 3 -1.148384 -0.249336 -9.683345 -1.556396 -7.965088 -4.150391 6.75 7.01 1.0 1.4 0.050 0.231 3.8810 3.1102 -0.1477 0.6432 -0.0017 -0.002591 0.015786 11.62 500 820 0.013970 6.879491 6.377360 0.502131 0.100000 
12.158 3 -0.903843 0.021577 -9.474766 -0.579834 0.396729 -1.434326 6.27 6.53 0.8 0.8 0.112 -0.156 3.4618 3.6511 0.0363 0.6480 -0.0017 -0.002591 0.012984 11.62 500 820 0.013440 6.401085 6.499202 -0.098117 0.100000 
12.208 3 -0.654507 0.055142 -9.539496 -0.122070 4.089355 2.288818 6.32 6.32 1.0 0.9 0.122 0.105 3.3401 3.3131 -0.0052 0.6530 -0.0017 0.000000 0.012560 11.60 500 820 0.013256 6.321815 6.532460 -0.210645 0.100000 
12.258 3 -0.908638 0.285298 -9.469971 -0.549316 0.122070 -5.035400 6.08 6.34 0.4 1.5 0.237 0.161 3.9757 2.4341 -0.2954 0.6576 -0.0017 -0.002591 0.013326 11.61 500 810 0.014158 6.206411 6.374903 -0.168492 0.100000 
12.308 3 -0.333247 0.196592 -10.138862 0.030518 6.286621 1.403809 5.93 5.93 1.1 0.7 0.281 0.002 2.8803 3.3266 0.0855 0.6623 -0.0017 0.000000 0.012784 11.62 500 770 0.014197 5.928059 6.320292 -0.392233 0.100000 
12.358 3 -0.316465 0.829521 -9.884731 0.183105 -0.152588 -6.622314 6.51 6.77 0.5 1.7 0.214 0.167 4.0839 2.4882 -0.3058 0.6669 -0.0017 -0.002591 0.016091 11.61 500 810 0.014421 6.635828 6.299157 0.336672 0.100000 
12.408 3 -0.990151 -0.347632 -9.498740 0.610352 -1.983643 -2.227783 6.66 6.66 0.5 1.0 0.289 -0.016 4.2191 3.5024 -0.1373 0.6719 -0.0017 0.000000 0.014595 11.62 500 770 0.013548 6.660456 6.416418 0.244038 0.100000 
12.458 3 -0.879868 0.074321 -9.676152 -0.640869 -2.655029 1.922607 6.59 6.59 1.3 0.6 0.356 -0.187 2.9344 4.0568 0.2151 0.6767 -0.0017 0.000000 0.013470 11.60 500 770 0.013414 6.589334 6.531650 0.057684 0.100000 
12.508 3 -0.966177 0.057539 -10.160439 0.793457 -6.378174 -6.317139 6.60 6.86 1.2 1.6 0.003 0.227 3.3807 2.8533 -0.1011 0.6817 -0.0017 -0.002591 0.014282 11.62 490 820 0.013607 6.731262 6.484977 0.246285 0.100000 
12.558 3 -0.748008 -0.465107 -10.088515 1.129150 0.030518 -0.244141 6.12 5.86 0.9 0.8 0.348 -0.126 2.9885 3.1508 0.0311 0.6862 -0.0017 0.002591 0.012494 11.62 500 810 0.014560 5.992977 6.406762 -0.413785 0.100000 
12.608 3 -0.328452 0.426748 -9.978232 -0.061035 8.331299 1.129150 6.19 5.93 1.4 0.3 0.381 -0.029 2.2989 3.8675 0.3006 0.6906 -0.0017 0.002591 0.014952 11.62 500 820 0.015447 6.061998 6.306402 -0.244404 0.100000 
12.658 3 -0.069526 0.213374 -10.282710 1.159668 -2.838135 0.030518 6.27 6.01 0.4 1.5 0.059 0.181 4.0974 2.3394 -0.3368 0.6950 -0.0017 0.002591 0.015634 11.62 500 800 0.015990 6.143797 6.165479 -0.021682 0.100000 
12.709 3 -0.946997 0.004795 -9.918296 -0.213623 -3.540039 -0.335693 6.42 6.16 1.0 0.6 0.466 -0.162 3.0832 3.7864 0.1347 0.6994 -0.0017 0.002591 0.016471 11.61 500 830 0.016164 6.292885 6.169614 0.123271 0.100000 
12.759 3 -0.913433 -0.330850 -9.683345 0.091553 -5.950928 -4.089355 6.58 6.32 0.6 1.2 0.008 0.262 4.1515 2.8939 -0.2410 0.7038 -0.0017 0.002591 0.016937 11.60 500 820 0.016088 6.450388 6.176706 0.273682 0.100000 
12.809 3 -1.452861 0.388389 -9.124736 -0.610352 -1.129150 0.335693 6.25 5.73 1.6 0.5 0.382 -0.185 2.0690 3.5159 0.2773 0.7084 -0.0017 0.005182 0.015267 11.61 500 820 0.016561 5.988825 6.227901 -0.239076 0.100000 
12.859 3 -0.551416 0.031167 -10.203593 -0.366211 2.807617 5.462646 6.50 6.24 1.2 1.3 0.116 0.233 3.0967 2.6775 -0.0803 0.7131 -0.0016 0.002591 0.016928 11.62 500 820 0.015989 6.370596 6.231781 0.138816 0.100000 
12.909 3 -1.222705 0.290093 -9.306943 -0.610352 -3.509521 4.608154 6.33 6.07 1.0 1.3 0.313 0.135 3.1914 2.5017 -0.1321 0.7175 -0.0016 0.002591 0.015746 11.62 490 810 0.016281 6.201011 6.246872 -0.045862 0.100000 
12.959 3 -1.404912 -0.350029 -9.244609 0.305176 1.495361 1.708984 6.72 6.46 1.3 0.6 0.326 -0.168 3.0561 3.9621 0.1736 0.7223 -0.0016 0.002591 0.015810 11.61 500 810 0.014730 6.591078 6.401267 0.189811 0.100000 
13.009 3 -1.232295 0.100693 -9.628202 -0.640869 -6.103516 -1.617432 6.85 6.85 1.1 1.5 0.112 0.222 3.5565 2.9074 -0.1244 0.7273 -0.0016 0.000000 0.015599 11.61 500 770 0.014315 6.848811 6.485567 0.363243 0.100000 
13.059 3 -0.774380 -0.563403 -9.959052 -0.274658 3.936768 9.033203 6.43 6.17 1.1 1.1 0.226 0.086 3.1778 3.0561 -0.0233 0.7323 -0.0016 0.002591 0.012907 11.62 500 820 0.013932 6.297211 6.570818 -0.273608 0.100000 
13.109 3 -0.807944 -0.112681 -10.105297 0.427246 -2.807617 0.244141 6.72 6.72 0.6 1.4 0.198 0.152 4.2191 2.8803 -0.2565 0.7374 -0.0016 0.000000 0.014419 11.62 490 770 0.013871 6.719937 6.561307 0.158630 0.100000 
13.159 3 -0.853496 -0.047949 -9.597035 -1.281738 1.098633 -1.007080 6.74 6.74 1.2 1.2 0.367 0.100 3.2590 3.3266 0.0130 0.7422 -0.0016 0.000000 0.014819 11.60 500 770 0.014003 6.740154 6.596049 0.144105 0.100000 
13.209 3 -1.270654 0.139053 -9.441201 -1.464844 -1.586914 3.875732 6.88 6.88 1.5 0.5 0.343 -0.150 3.0156 4.4760 0.2798 0.7474 -0.0016 0.000000 0.013538 11.61 500 780 0.013038 6.877797 6.750063 0.127734 0.100000 
13.259 3 -0.958984 -0.306875 -10.095708 -0.213623 -5.706787 -1.251221 6.81 7.07 0.7 1.7 0.038 0.276 4.1920 2.7586 -0.2747 0.7524 -0.0016 -0.002591 0.014302 11.61 500 830 0.013463 6.938778 6.671330 0.267448 0.100000 
13.309 3 -0.759995 -0.086309 -10.162837 -0.518799 -2.105713 6.530762 6.66 6.66 1.1 1.0 0.363 -0.163 3.3401 3.5429 0.0389 0.7574 -0.0016 0.000000 0.013057 11.62 500 820 0.013625 6.661791 6.738600 -0.076809 0.100000 
13.359 3 -1.018921 -0.448325 -9.700127 -0.976562 5.035400 5.401611 6.36 6.62 1.5 1.0 0.273 0.201 2.5017 3.2590 0.1451 0.7625 -0.0016 -0.002591 0.012755 11.60 500 820 0.013852 6.490907 6.798316 -0.307409 0.100000 
13.409 3 -0.776777 -0.551416 -9.882334 0.457764 -1.434326 -10.528564 6.70 7.22 1.2 1.7 0.344 0.116 3.2454 2.7181 -0.1011 0.7671 -0.0017 -0.005182 0.014992 11.60 500 820 0.014121 6.962038 6.762831 0.199206 0.100000 
13.459 3 -1.292231 -0.040757 -9.009658 -1.708984 -2.410889 4.852295 6.51 6.77 1.4 0.6 0.260 -0.068 2.7451 4.0974 0.2591 0.7721 -0.0017 -0.002591 0.013647 11.61 500 810 0.014272 6.636194 6.718995 -0.082801 0.100000 
13.509 3 -0.920625 0.011987 -9.671357 1.770020 5.645752 -0.183105 6.45 6.96 0.9 1.3 0.080 0.102 3.4348 3.1643 -0.0518 0.7771 -0.0017 -0.005182 0.014233 11.61 500 820 0.014166 6.704687 6.789706 -0.085020 0.100000 
13.559 3 -0.841509 0.561006 -9.381265 2.075195 -0.061035 -7.354736 6.37 6.89 1.4 1.6 0.361 0.234 2.6775 2.5828 -0.0181 0.7815 -0.0017 -0.005182 0.014868 11.62 500 820 0.015321 6.629131 6.718713 -0.089581 0.100000 
13.609 3 -0.848701 -0.477095 -9.971040 -1.739502 -1.190186 3.051758 6.50 6.76 1.8 0.8 0.360 -0.184 2.1636 3.8540 0.3239 0.7866 -0.0017 -0.002591 0.014676 11.62 500 820 0.015113 6.629298 6.695940 -0.066642 0.100000 
13.659 3 -0.771982 -0.323657 -9.995014 0.366211 -3.295898 -5.493164 6.30 7.07 0.8 2.0 0.057 0.348 3.6511 2.1772 -0.2824 0.7910 -0.0018 -0.007773 0.015994 11.62 490 820 0.015655 6.684090 6.558745 0.125344 0.100000 
13.709 3 -0.937407 0.354824 -9.628202 -0.701904 -2.807617 6.347656 6.27 6.53 1.6 0.6 0.388 -0.113 2.1907 3.9081 0.3291 0.7954 -0.0018 -0.002591 0.015311 11.62 500 820 0.016313 6.398463 6.549974 -0.151512 0.100000 
13.759 3 -1.098037 -0.750405 -9.335712 1.007080 4.089355 -0.244141 5.82 6.34 0.9 0.8 0.068 0.124 2.9885 3.3401 0.0674 0.8000 -0.0018 -0.005182 0.014361 11.62 500 810 0.016222 6.076529 6.520035 -0.443506 0.100000 
13.809 3 -0.316465 0.179810 -10.054951 0.610352 -3.143311 -4.119873 6.00 6.52 0.9 1.4 0.306 0.128 3.1508 2.6099 -0.1036 0.8044 -0.0018 -0.005182 0.016617 11.62 500 820 0.017249 6.257664 6.329220 -0.071556 0.100000 
13.859 3 -0.225361 -0.762393 -10.939614 -0.518799 2.014160 1.647949 6.59 6.84 1.7 1.0 0.348 0.023 2.2989 3.6782 0.2643 0.8090 -0.0018 -0.002591 0.018338 11.61 500 820 0.016699 6.715041 6.422383 0.292658 0.100000 
13.909 3 -0.040757 0.122271 -10.400186 1.647949 6.774902 -2.441406 6.57 7.09 1.2 1.5 0.281 0.225 3.1914 2.9479 -0.0466 0.8137 -0.0019 -0.005182 0.017657 11.61 500 800 0.015869 6.827895 6.588397 0.239498 0.100000 
13.959 3 -0.517852 0.309272 -9.664165 2.075195 0.091553 -5.340576 6.69 6.95 0.6 1.6 0.075 0.087 4.1920 2.8668 -0.2539 0.8191 -0.0019 -0.002591 0.014718 11.61 500 820 0.014236 6.816533 6.721720 0.094814 0.100000 
14.009 3 -0.594570 -0.009590 -9.489150 0.183105 0.000000 -2.929688 6.70 6.70 1.1 0.8 0.385 0.026 3.3807 3.7999 0.0803 0.8241 -0.0019 0.000000 0.013996 11.61 500 800 0.014027 6.696475 6.702639 -0.006164 0.100000 
14.059 3 -0.467505 -0.050347 -9.786435 -0.488281 -5.035400 2.532959 6.42 6.42 0.9 0.6 0.086 -0.074 3.6241 3.9757 0.0674 0.8289 -0.0019 0.000000 0.012773 11.61 490 770 0.013782 6.422104 6.536051 -0.113948 0.100000 
14.109 3 -0.381196 0.081514 -10.280313 -0.671387 2.105713 1.922607 6.21 6.47 0.7 1.2 0.180 0.131 3.5024 3.0020 -0.0959 0.8340 -0.0019 -0.002591 0.013892 11.61 500 820 0.014660 6.343021 6.533372 -0.190351 0.100000 
14.159 3 -0.764790 -0.095898 -9.985424 -1.647949 -0.671387 -1.770020 6.78 6.78 1.0 0.9 0.345 -0.116 3.5565 3.8540 0.0570 0.8390 -0.0019 0.000000 0.014702 11.60 490 770 0.013757 6.784153 6.583426 0.200726 0.100000 
14.209 3 -0.728828 -0.513057 -9.918296 -0.701904 -8.789062 1.434326 6.81 6.81 1.3 1.0 0.148 0.036 3.2725 3.6647 0.0751 0.8442 -0.0019 0.000000 0.014471 11.62 500 820 0.013914 6.809773 6.545022 0.264752 0.100000 
14.259 3 -1.237090 -0.448325 -10.107695 0.274658 3.479004 1.464844 6.60 6.86 0.8 1.4 0.035 0.203 3.8675 3.0291 -0.1606 0.8492 -0.0019 -0.002591 0.013522 11.62 500 820 0.013246 6.727005 6.732478 -0.005474 0.100000 
14.309 3 -1.143589 0.167822 -9.882334 0.152588 6.408691 -1.129150 6.97 7.23 1.2 1.4 0.314 0.126 3.6241 3.3401 -0.0544 0.8548 -0.0019 -0.002591 0.013298 11.61 500 820 0.011755 7.104524 6.907849 0.196675 0.100000 
14.359 3 -0.750405 -0.990151 -10.201196 -0.793457 -1.373291 -3.417969 7.03 7.55 0.5 1.4 0.208 0.018 4.6789 3.7458 -0.1788 0.8607 -0.0019 -0.005182 0.011241 11.61 490 820 0.009979 7.293148 7.016764 0.276384 0.100000 
14.409 3 -0.323657 0.124668 -10.071733 -0.946045 0.213623 4.211426 6.83 6.83 1.1 0.7 0.282 -0.098 3.5835 4.2056 0.1192 0.8663 -0.0020 0.000000 0.009124 11.62 500 820 0.010156 6.833613 7.043660 -0.210046 0.100000 
14.459 3 -0.469902 0.105488 -10.047758 -0.152588 7.049561 1.739502 6.66 6.92 1.4 1.0 0.288 -0.029 2.9615 3.7864 0.1581 0.8717 -0.0020 -0.002591 0.010135 11.62 500 810 0.010635 6.786464 7.009434 -0.222971 0.100000 
14.509 3 -0.400376 0.033564 -10.299492 0.579834 6.286621 -6.225586 6.87 6.87 1.3 0.8 0.363 0.124 3.3131 3.8540 0.1036 0.8771 -0.0020 0.000000 0.011108 11.62 500 820 0.010955 6.868017 6.947144 -0.079126 0.100000 
14.559 3 -0.769585 -0.069526 -9.733691 0.122070 -4.333496 1.068115 6.84 6.84 0.5 1.2 0.097 -0.042 4.3814 3.4212 -0.1840 0.8823 -0.0020 0.000000 0.010825 11.62 500 780 0.011184 6.842819 6.839140 0.003679 0.100000 
14.609 3 -0.743213 0.184604 -9.812807 -0.335693 2.410889 1.068115 6.92 6.92 0.6 1.4 0.173 0.124 4.3543 3.0832 -0.2436 0.8876 -0.0020 0.000000 0.011569 11.62 500 780 0.011306 6.915312 6.904631 0.010682 0.100000 
14.659 3 -0.853496 0.477095 -9.906308 -0.152588 4.058838 4.516602 7.21 7.21 1.0 1.2 0.096 0.135 4.0839 3.6647 -0.0803 0.8932 -0.0020 0.000000 0.011685 11.61 500 770 0.010417 7.214497 7.031761 0.182736 0.100000 
14.709 3 -0.923022 0.189399 -9.378867 -0.640869 -0.671387 0.549316 6.55 6.81 0.3 1.5 0.089 0.127 4.5166 2.8803 -0.3135 0.8986 -0.0020 -0.002591 0.009020 11.62 500 820 0.010601 6.678818 6.983236 -0.304419 0.100000 
14.759 3 -0.793560 -0.146245 -9.779243 -0.030518 1.312256 3.906250 6.46 6.46 1.3 1.4 0.240 0.150 2.8127 2.7316 -0.0155 0.9040 -0.0020 0.000000 0.009260 11.62 500 820 0.011517 6.459563 6.933825 -0.474262 0.100000 
14.809 3 -0.649712 0.393184 -10.014194 0.213623 0.915527 -2.166748 6.87 6.87 0.8 0.8 0.229 0.101 3.9892 4.0298 0.0078 0.9093 -0.0020 0.000000 0.011157 11.62 490 820 0.010907 6.865421 6.831278 0.034142 0.100000 
14.859 3 -0.596968 -0.047949 -9.630600 0.091553 -8.331299 -3.082275 6.99 6.99 1.0 1.6 0.292 -0.006 3.8945 2.9479 -0.1814 0.9145 -0.0020 0.000000 0.012009 11.62 490 810 0.011479 6.992947 6.741470 0.251477 0.100000 
14.909 3 -0.628135 0.299683 -9.390854 -0.518799 0.183105 2.563477 6.88 6.88 0.8 1.1 0.203 0.100 3.9621 3.5159 -0.0855 0.9197 -0.0020 0.000000 0.011456 11.60 500 780 0.011224 6.878860 6.835702 0.043158 0.100000 
14.959 3 -0.350029 0.016782 -10.078925 0.061035 4.425049 7.659912 7.06 7.06 1.7 0.9 0.306 0.044 2.8533 4.0839 0.2358 0.9253 -0.0020 0.000000 0.011332 11.61 500 820 0.010417 7.063488 6.957728 0.105760 0.100000 
15.009 3 -0.100693 -0.227759 -10.333056 -0.274658 -0.518799 0.946045 7.48 7.48 1.6 0.6 0.380 -0.112 3.3807 4.8546 0.2824 0.9309 -0.0020 0.000000 0.011052 11.62 500 770 0.009120 7.484061 7.088753 0.395308 0.100000 
15.059 3 -0.673687 -0.508262 -9.956655 0.488281 -0.854492 1.342773 6.90 7.16 1.2 1.1 0.253 0.154 3.4753 3.7864 0.0596 0.9364 -0.0020 -0.002591 0.008854 11.61 500 820 0.009410 7.027567 7.123803 -0.096236 0.100000 
15.109 3 -0.644917 0.294888 -9.784038 0.274658 4.791260 6.622314 6.69 6.69 1.0 0.6 0.060 -0.088 3.5700 4.1244 0.1062 0.9418 -0.0020 0.000000 0.007945 11.60 500 780 0.009283 6.694610 7.045829 -0.351220 0.100000 
15.159 3 -0.294888 -0.551416 -10.421762 0.762939 0.793457 -1.556396 6.86 7.12 1.5 1.1 0.390 0.108 2.9750 3.6917 0.1373 0.9468 -0.0020 -0.002591 0.011515 11.61 500 810 0.010901 6.985762 6.876982 0.108780 0.100000 
15.210 3 -1.021318 0.213374 -9.635395 -0.427246 -4.577637 3.387451 7.08 7.08 1.6 0.7 0.324 0.029 3.0832 4.2596 0.2254 0.9522 -0.0020 0.000000 0.010960 11.62 500 820 0.010534 7.076116 6.911027 0.165089 0.100000 
15.260 3 -0.697661 0.074321 -10.191607 -0.335693 5.310059 6.805420 7.15 7.41 1.0 1.2 0.228 0.162 3.8675 3.7052 -0.0311 0.9576 -0.0020 -0.002591 0.010941 11.62 500 820 0.009707 7.277075 7.123003 0.154072 0.100000 
15.310 3 -0.129463 0.474697 -10.810151 1.739502 8.056641 1.251221 7.36 7.62 1.1 1.4 0.271 0.090 3.9216 3.6241 -0.0570 0.9637 -0.0021 -0.002591 0.010029 11.62 500 810 0.008422 7.486667 7.305994 0.180674 0.100000 
15.360 3 -1.095640 0.151040 -9.673755 1.190186 -1.403809 -3.601074 7.08 7.60 0.9 1.4 0.157 0.164 4.1920 3.5565 -0.1218 0.9691 -0.0021 -0.005182 0.008109 11.62 500 820 0.008118 7.343250 7.320507 0.022743 0.100000 
15.410 3 -0.863086 0.141450 -9.652178 0.488281 1.861572 0.427246 6.46 6.71 0.8 1.6 0.072 0.184 3.6647 2.5017 -0.2228 0.9745 -0.0021 -0.002591 0.006880 11.60 500 820 0.009541 6.585433 7.150182 -0.564749 0.100000 
15.460 3 -0.767187 -0.254131 -9.683345 0.183105 4.791260 -5.340576 6.32 6.83 0.6 1.1 0.405 -0.034 3.7187 3.3401 -0.0726 0.9795 -0.0021 -0.005182 0.009007 11.60 500 820 0.010479 6.575282 6.953283 -0.378001 0.100000 
15.510 3 -0.436338 -0.311670 -9.772051 -1.068115 -6.347656 -3.479004 6.64 7.16 1.1 1.0 0.230 0.026 3.4753 3.8810 0.0777 0.9844 -0.0021 -0.005182 0.011252 11.61 500 810 0.011011 6.901625 6.742593 0.159032 0.100000 
15.560 3 -0.321260 -0.400376 -10.376210 -0.396729 -0.305176 4.089355 6.47 6.73 1.0 1.5 0.246 0.082 3.4483 2.7451 -0.1347 0.9894 -0.0022 -0.002591 0.011713 11.61 500 820 0.011999 6.596274 6.648162 -0.051889 0.100000 
15.610 3 -0.556211 -0.189399 -10.150849 1.434326 1.403809 -6.591797 6.74 7.25 0.7 0.9 0.033 0.188 4.0298 3.9216 -0.0207 0.9944 -0.0022 -0.005182 0.012595 11.62 500 810 0.011266 6.994766 6.753633 0.241133 0.100000 
15.660 3 -0.843906 -0.155835 -9.851167 0.457764 0.457764 -6.469727 7.12 7.38 1.3 1.2 0.049 0.133 3.6106 3.7999 0.0363 0.9998 -0.0022 -0.002591 0.011642 11.62 500 810 0.009965 7.250953 6.923524 0.327429 0.100000 
15.710 3 -0.865483 -0.136655 -10.119682 0.396729 0.946045 2.716064 6.69 6.69 1.0 0.8 0.154 0.103 3.5429 3.7458 0.0389 1.0052 -0.0022 0.000000 0.008619 11.61 500 820 0.009792 6.689851 6.940863 -0.251012 0.100000 
15.760 3 -0.918227 -0.107886 -9.827192 -0.030518 -2.288818 -7.110596 6.56 6.82 1.1 1.5 0.333 0.044 3.2725 2.9750 -0.0570 1.0103 -0.0022 -0.002591 0.009698 11.61 500 820 0.010426 6.690009 6.795622 -0.105613 0.100000 
15.810 3 -0.688071 -0.232554 -9.793628 -0.274658 -6.805420 -1.922607 6.25 6.51 1.0 0.9 0.074 0.004 3.2454 3.5970 0.0674 1.0155 -0.0022 -0.002591 0.009234 11.62 500 820 0.010810 6.379262 6.575750 -0.196487 0.100000 
15.860 3 -0.589775 0.057539 -9.676152 -0.152588 2.807617 -0.793457 6.25 6.25 0.4 0.9 0.098 0.090 4.0433 3.2319 -0.1555 1.0205 -0.0022 0.000000 0.009968 11.62 500 820 0.011210 6.247277 6.544610 -0.297333 0.100000 
15.910 3 -0.649712 0.129463 -9.913501 -1.129150 8.941650 1.159668 6.94 6.94 0.9 0.9 0.238 -0.069 3.9757 3.8675 -0.0207 1.0257 -0.0022 0.000000 0.011928 11.61 500 780 0.010017 6.939351 6.713121 0.226230 0.100000 
15.960 3 -0.601763 -0.127065 -10.321069 -0.732422 0.701904 -1.464844 7.06 7.06 1.2 1.0 0.301 0.055 3.7052 3.8269 0.0233 1.0314 -0.0022 0.000000 0.010301 11.61 490 810 0.009170 7.055398 6.841421 0.213978 0.100000 
16.010 3 -0.752803 -0.175015 -9.429214 -0.518799 4.333496 1.983643 6.75 6.75 1.3 0.6 0.235 -0.180 3.2184 4.2596 0.1995 1.0370 -0.0023 0.000000 0.007826 11.62 500 820 0.008509 6.750837 6.962934 -0.212098 0.100000 
16.060 3 -0.299683 0.033564 -10.071733 -0.274658 2.197266 0.976562 6.68 6.94 1.0 0.9 0.243 0.050 3.6241 3.9486 0.0622 1.0424 -0.0023 -0.002591 0.007684 11.61 500 820 0.008045 6.808717 6.919188 -0.110471 0.100000 
16.110 3 -0.294888 0.019180 -10.282710 -0.671387 -3.540039 -0.640869 6.78 6.78 1.4 1.0 0.212 0.067 3.2454 3.7187 0.0907 1.0478 -0.0023 0.000000 0.008688 11.62 500 820 0.008852 6.776321 6.747273 0.029047 0.100000 
16.160 3 -0.625737 0.033564 -9.546689 -0.427246 -3.326416 1.251221 6.25 6.25 0.3 1.5 0.135 0.127 4.2191 2.4070 -0.3472 1.0526 -0.0023 0.000000 0.008884 11.61 500 780 0.010780 6.249516 6.570583 -0.321067 0.100000 
16.210 3 -1.026113 0.357222 -9.493945 0.091553 1.281738 -3.967285 6.60 6.60 0.3 0.9 0.308 -0.102 4.4760 3.6647 -0.1555 1.0575 -0.0023 0.000000 0.010718 11.60 500 780 0.010381 6.601521 6.556435 0.045086 0.100000 
16.260 3 -1.009331 -0.350029 -10.076528 0.396729 -5.035400 -4.547119 6.99 6.73 1.4 1.3 0.306 0.151 3.1914 3.2184 0.0052 1.0625 -0.0023 0.002591 0.012635 11.62 490 810 0.011348 6.857711 6.512415 0.345296 0.100000 
16.310 3 -0.930215 -0.371606 -9.374072 0.305176 -0.762939 1.007080 6.36 6.11 1.5 0.8 0.361 -0.090 2.4341 3.4753 0.1995 1.0673 -0.0023 0.002591 0.010876 11.62 500 820 0.012144 6.235026 6.475337 -0.240310 0.100000 
16.360 3 -0.937407 0.788765 -9.932680 -0.030518 1.953125 1.464844 6.81 6.81 1.2 1.4 0.062 0.158 3.3807 3.0426 -0.0648 1.0723 -0.0023 0.000000 0.012581 11.62 500 820 0.011399 6.806730 6.604293 0.202437 0.100000 
16.410 3 -0.704853 -0.836714 -9.592241 0.823975 -2.502441 -3.234863 6.80 6.54 1.2 1.5 0.052 0.126 3.4889 2.6775 -0.1555 1.0773 -0.0022 0.002591 0.010740 11.62 500 820 0.010861 6.674388 6.655004 0.019385 0.100000 
16.460 3 -0.925420 0.045552 -9.899116 0.518799 -0.885010 2.136230 6.35 6.09 1.1 0.9 0.039 0.152 3.0291 3.1508 0.0233 1.0822 -0.0022 0.002591 0.009819 11.62 500 810 0.011673 6.223393 6.578751 -0.355358 0.100000 
16.510 3 -0.870278 -0.340439 -9.712114 0.762939 -6.591797 -3.723145 6.46 6.20 1.1 1.3 0.352 -0.036 3.2319 2.8262 -0.0777 1.0870 -0.0022 0.002591 0.011468 11.62 500 820 0.012308 6.327387 6.380267 -0.052880 0.100000 
16.560 3 -1.114819 -0.522646 -9.635395 -0.091553 -5.737305 2.624512 6.17 5.91 1.5 0.6 0.235 0.131 2.3259 3.5429 0.2332 1.0914 -0.0022 0.002591 0.012819 11.62 500 820 0.014015 6.042686 6.181800 -0.139114 0.100000 
16.610 3 -0.819932 0.577788 -9.798423 0.732422 7.507324 -7.324219 6.46 6.46 -0.7 1.4 0.245 -0.067 5.7471 2.8533 -0.5545 1.0960 -0.0022 0.000000 0.013610 11.62 500 820 0.012220 6.462751 6.315711 0.147040 0.100000 
16.659 3 -1.054883 -0.035962 -9.477162 0.427246 -6.622314 -2.288818 6.83 6.57 1.0 1.4 0.063 0.207 3.8404 2.9344 -0.1736 1.1010 -0.0022 0.002591 0.013666 11.60 490 820 0.012224 6.703318 6.299317 0.404001 0.100000 
16.709 3 -1.141191 -0.100693 -8.935337 0.274658 -5.645752 -1.129150 6.52 6.26 1.3 0.8 0.360 -0.147 2.9209 3.6376 0.1373 1.1055 -0.0022 0.002591 0.012545 11.62 500 810 0.012707 6.394501 6.328475 0.066026 0.100000 
16.759 3 -1.213115 -0.503467 -9.175083 0.946045 3.936768 -0.640869 6.75 6.49 1.2 0.8 0.285 -0.143 3.3131 3.6241 0.0596 1.1107 -0.0022 0.002591 0.012924 11.61 500 820 0.012062 6.619446 6.515619 0.103827 0.100000 
16.809 3 -0.875073 -0.654507 -9.515522 -0.396729 -2.990723 2.624512 6.60 6.60 0.5 1.4 -0.007 0.239 4.4895 2.8398 -0.3161 1.1157 -0.0022 0.000000 0.011029 11.60 500 820 0.011084 6.603100 6.561996 0.041103 0.100000 
16.859 3 -0.546621 -0.234951 -9.848769 1.037598 4.364014 -0.854492 6.12 6.38 0.4 1.8 0.207 0.074 3.9081 2.0960 -0.3472 1.1203 -0.0022 -0.002591 0.011141 11.62 500 820 0.012124 6.246673 6.519380 -0.272707 0.100000 
16.909 3 -1.045293 0.023975 -9.750473 0.823975 -7.507324 -3.692627 6.31 6.57 0.9 1.1 0.064 0.198 3.6241 3.2725 -0.0674 1.1251 -0.0022 -0.002591 0.012282 11.60 500 810 0.012383 6.444245 6.333450 0.110795 0.100000 
16.959 3 -0.999741 -0.635327 -9.942270 1.434326 -5.218506 0.762939 6.23 6.23 1.2 1.1 0.373 -0.147 2.6775 3.0156 0.0648 1.1294 -0.0022 0.000000 0.013068 11.61 500 780 0.013967 6.230204 6.318901 -0.088696 0.100000 
17.009 3 -0.501069 -0.110283 -9.743281 -2.624512 -0.030518 3.784180 6.74 7.00 0.7 0.5 0.194 -0.134 4.0703 4.5031 0.0829 1.1344 -0.0022 -0.002591 0.013769 11.62 500 810 0.011938 6.867094 6.500299 0.366794 0.100000 
17.059 3 -0.946997 -0.263721 -9.227827 -0.762939 -6.958008 -0.091553 6.59 6.85 1.4 1.0 0.293 0.111 2.8533 3.6106 0.1451 1.1392 -0.0022 -0.002591 0.013320 11.60 500 810 0.012929 6.720439 6.520813 0.199627 0.100000 
17.109 3 -0.354824 0.352427 -10.038169 -0.244141 5.645752 8.178711 6.46 6.72 1.2 1.6 0.046 0.199 2.9885 2.5693 -0.0803 1.1440 -0.0022 -0.002591 0.012948 11.62 500 820 0.012815 6.589268 6.661301 -0.072033 0.100000 
17.159 3 -0.426748 -0.501069 -11.011538 -1.281738 -2.166748 -9.460449 6.83 7.35 1.2 1.3 0.378 0.032 3.4348 3.4889 0.0104 1.1490 -0.0022 -0.005182 0.014409 11.62 490 820 0.012444 7.089767 6.658800 0.430968 0.100000 
17.209 3 -0.889458 -0.882266 -9.736089 -0.335693 -2.319336 1.373291 6.12 6.64 1.0 0.5 0.025 0.145 3.2319 4.1244 0.1710 1.1539 -0.0023 -0.005182 0.011062 11.62 490 820 0.012388 6.383503 6.608221 -0.224717 0.100000 
17.259 3 -0.462710 0.050347 -10.728638 2.380371 0.152588 -1.251221 6.14 6.66 0.8 1.3 0.262 0.006 3.4077 2.8803 -0.1011 1.1583 -0.0023 -0.005182 0.013157 11.62 500 810 0.013648 6.402853 6.503670 -0.100817 0.100000 
17.309 3 -0.374004 -0.059937 -10.371416 -1.861572 -3.753662 0.762939 6.39 6.91 1.0 1.0 0.105 0.115 3.5024 3.6647 0.0311 1.1627 -0.0023 -0.005182 0.014589 11.62 500 810 0.013699 6.652376 6.408698 0.243679 0.100000 
17.359 3 -1.033306 0.340439 -9.915898 0.061035 6.042480 -2.502441 5.80 6.58 0.2 1.8 0.097 0.250 3.9081 1.9878 -0.3679 1.1673 -0.0023 -0.007773 0.013533 11.62 500 820 0.014489 6.193321 6.490023 -0.296702 0.100000 
17.409 3 -0.810342 -0.666494 -10.232363 -0.335693 8.422852 -4.180908 6.33 7.10 0.9 1.2 0.434 -0.137 3.2725 3.4753 0.0389 1.1721 -0.0024 -0.007773 0.014493 11.62 500 820 0.013280 6.714501 6.618904 0.095597 0.100000 
17.459 3 -0.956587 -0.131860 -9.851167 -0.793457 -4.028320 1.556396 6.42 6.93 1.2 1.2 0.041 0.190 3.2184 3.3131 0.0181 1.1772 -0.0024 -0.005182 0.012265 11.61 490 810 0.012390 6.674793 6.629414 0.045379 0.100000 
17.509 3 -0.486685 -0.055142 -9.870346 -0.488281 -0.579834 -0.579834 6.76 7.02 1.0 1.4 0.322 -0.002 3.6917 3.2590 -0.0829 1.1826 -0.0024 -0.002591 0.011994 11.62 490 820 0.011220 6.889186 6.724247 0.164939 0.100000 
17.559 3 -0.908638 -0.515454 -9.769653 -1.617432 -2.410889 -4.638672 6.44 6.96 1.1 1.2 0.215 -0.085 3.3672 3.5024 0.0259 1.1876 -0.0025 -0.005182 0.010745 11.60 500 820 0.010906 6.701365 6.691494 0.009872 0.100000 
17.609 3 -0.117476 0.285298 -9.908706 -1.464844 2.258301 4.089355 6.25 6.51 1.3 0.5 0.012 -0.067 2.9615 4.0703 0.2125 1.1926 -0.0025 -0.002591 0.009967 11.61 500 800 0.010971 6.381697 6.621818 -0.240120 0.100000 
17.659 3 -0.733623 -0.230156 -9.570663 -0.305176 -0.549316 1.983643 6.47 6.73 1.2 1.0 0.317 0.061 3.0426 3.6511 0.1166 1.1978 -0.0025 -0.002591 0.011819 11.62 500 820 0.011674 6.596613 6.557879 0.038734 0.100000 
17.709 3 -0.697661 0.052744 -9.678550 -0.640869 -9.155273 0.793457 6.59 6.59 1.0 1.2 0.059 0.175 3.6647 3.2319 -0.0829 1.2025 -0.0025 0.000000 0.012749 11.62 490 820 0.012416 6.589420 6.363024 0.226396 0.100000 
17.759 3 -0.700059 0.107886 -9.484355 -0.061035 2.441406 -3.967285 6.38 6.64 0.2 1.2 0.102 -0.005 4.3814 3.2725 -0.2125 1.2075 -0.0025 -0.002591 0.011888 11.60 500 820 0.011795 6.506140 6.530096 -0.023956 0.100000 
17.809 3 -1.354565 -0.119873 -8.841836 -1.892090 4.608154 2.105713 6.87 6.87 1.4 0.3 0.470 -0.146 2.9750 4.8006 0.3498 1.2129 -0.0025 0.000000 0.011722 11.62 490 820 0.010624 6.874429 6.735172 0.139257 0.100000 
17.859 3 -0.714443 -0.222964 -9.594639 -0.305176 0.518799 -4.608154 6.83 7.09 0.6 1.5 0.038 0.159 4.4084 3.2590 -0.2202 1.2183 -0.0025 -0.002591 0.010305 11.61 490 810 0.009493 6.959607 6.806294 0.153312 0.100000 
17.909 3 -0.783970 0.095898 -9.508329 -0.946045 1.220703 -1.892090 6.26 6.26 0.9 1.0 0.282 -0.034 3.3131 3.2725 -0.0078 1.2234 -0.0025 0.000000 0.008565 11.61 500 770 0.010626 6.256119 6.689672 -0.433553 0.100000 
17.959 3 -0.961382 -0.230156 -9.376470 -0.793457 2.380371 2.716064 6.44 6.18 1.6 0.7 0.196 0.070 2.4747 3.5429 0.2047 1.2284 -0.0025 0.002591 0.010344 11.60 500 820 0.011518 6.311718 6.587987 -0.276269 0.100000 
18.009 3 -1.366553 0.196592 -9.235020 -0.366211 -2.349854 -5.676270 6.61 6.61 0.4 1.7 0.004 0.149 4.4760 2.5287 -0.3731 1.2334 -0.0025 0.000000 0.011500 11.60 500 780 0.011287 6.612934 6.529253 0.083682 0.100000 
18.059 3 -1.021318 0.143848 -9.609023 -1.129150 3.295898 2.166748 6.23 5.97 1.5 0.6 0.375 -0.146 2.3529 3.4483 0.2099 1.2384 -0.0025 0.002591 0.010157 11.61 500 820 0.012302 6.098797 6.585405 -0.486608 0.100000 
18.109 3 -0.409966 0.103091 -10.361826 0.549316 8.850098 -3.234863 6.90 6.90 1.3 1.5 0.393 0.152 3.2319 3.0561 -0.0337 1.2434 -0.0025 0.000000 0.014200 11.62 490 820 0.011733 6.900328 6.561333 0.338995 0.100000 
18.159 3 -1.023716 0.057539 -9.882334 0.335693 -6.072998 -4.821777 7.31 7.05 1.2 0.8 0.314 -0.128 3.8810 4.2867 0.0777 1.2489 -0.0025 0.002591 0.011838 11.62 500 820 0.009994 7.175459 6.700565 0.474894 0.100000 
18.209 3 -0.743213 -0.021577 -10.182016 0.732422 -2.746582 -0.549316 6.61 6.35 1.0 1.2 0.268 0.063 3.5024 3.0291 -0.0907 1.2537 -0.0025 0.002591 0.009808 11.61 500 810 0.010967 6.483791 6.667541 -0.183750 0.100000 
18.259 3 -1.002139 0.153437 -9.522715 0.732422 4.211426 -0.915527 6.74 6.48 0.8 0.9 0.302 -0.139 3.7728 3.5835 -0.0363 1.2589 -0.0025 0.002591 0.011148 11.60 500 820 0.010909 6.612241 6.637948 -0.025707 0.100000 
18.309 3 -1.543965 0.203784 -9.280571 0.030518 -8.636475 1.739502 7.04 6.53 1.5 0.7 0.308 0.002 3.1373 4.0027 0.1658 1.2639 -0.0025 0.005182 0.011599 11.62 500 830 0.011164 6.785514 6.547734 0.237780 0.100000 
18.359 3 -1.028511 -0.486685 -9.491548 -0.030518 4.882812 4.089355 6.60 6.34 1.6 0.8 0.288 -0.086 2.3800 3.5565 0.2254 1.2689 -0.0025 0.002591 0.010544 11.62 500 820 0.011309 6.465792 6.704122 -0.238329 0.100000 
18.409 3 -0.664097 0.328452 -10.205991 0.366211 5.249023 2.319336 7.26 6.74 1.1 1.2 0.240 0.198 3.7593 3.2860 -0.0907 1.2744 -0.0024 0.005182 0.011565 11.62 500 830 0.010040 7.003913 6.790516 0.213397 0.100000 
18.458 3 -0.831919 -0.450723 -9.544291 0.732422 -7.659912 -3.906250 7.05 6.79 1.1 1.0 0.330 -0.021 3.8269 3.8404 0.0026 1.2798 -0.0024 0.002591 0.009516 11.62 500 810 0.009361 6.922626 6.757880 0.164747 0.100000 
18.508 3 -0.901445 -0.472300 -9.932680 0.274658 3.387451 4.608154 7.13 6.61 1.6 0.7 0.360 -0.100 2.9750 4.0568 0.2073 1.2852 -0.0024 0.005182 0.008968 11.60 500 810 0.008962 6.870818 6.928761 -0.057944 0.100000 
18.558 3 -1.153179 0.071924 -9.179877 -0.488281 -0.671387 0.579834 6.77 6.51 0.6 1.4 0.012 0.104 4.2191 2.8939 -0.2539 1.2906 -0.0024 0.002591 0.007638 11.61 500 820 0.008956 6.637881 6.889781 -0.251901 0.100000 
18.608 3 -0.944600 -0.680879 -9.961450 1.037598 -2.441406 -5.401611 6.79 6.79 0.8 1.4 0.341 0.046 3.9351 3.1914 -0.1425 1.2957 -0.0024 0.000000 0.009676 11.60 500 770 0.009533 6.794952 6.723824 0.071128 0.100000 
18.658 3 -0.709648 0.143848 -9.549087 -1.068115 -6.652832 3.936768 6.82 6.56 1.2 0.7 0.387 -0.152 3.3536 4.0298 0.1296 1.3007 -0.0024 0.002591 0.010166 11.62 490 810 0.010378 6.689105 6.615419 0.073685 0.100000 
18.708 3 -0.903843 -0.424351 -8.952119 0.213623 2.716064 -2.624512 6.76 6.76 1.6 0.7 0.327 0.070 2.6910 3.9892 0.2487 1.3057 -0.0024 0.000000 0.011387 11.61 500 780 0.010802 6.763660 6.694169 0.069491 0.100000 
18.758 3 -0.958984 -0.913433 -10.143657 -0.274658 -6.469727 5.737305 6.95 6.95 1.1 1.1 0.153 0.139 3.7864 3.6511 -0.0259 1.3109 -0.0024 0.000000 0.010534 11.62 500 780 0.009980 6.951777 6.728014 0.223763 0.100000 
18.808 3 -0.513057 -0.151040 -9.630600 1.983643 2.471924 0.793457 6.32 6.58 1.3 0.6 0.169 0.152 2.7316 3.8675 0.2177 1.3159 -0.0024 -0.002591 0.009099 11.62 500 820 0.010644 6.451854 6.803996 -0.352142 0.100000 
18.858 3 -1.009331 0.220566 -9.448393 0.000000 2.929688 -4.699707 6.64 6.90 1.2 1.3 0.303 0.134 3.2319 3.1508 -0.0155 1.3212 -0.0024 -0.002591 0.010588 11.60 500 820 0.010449 6.771756 6.794990 -0.023234 0.100000 
18.908 3 -0.690469 -0.486685 -9.628202 0.030518 -1.251221 -3.173828 6.38 6.90 1.4 1.3 0.189 0.117 2.8127 3.1778 0.0700 1.3262 -0.0024 -0.005182 0.010234 11.62 490 810 0.010869 6.637008 6.742147 -0.105139 0.100000 
18.958 3 -0.975767 -0.882266 -9.863154 -0.793457 -1.037598 7.171631 6.37 6.62 1.6 1.0 0.262 -0.139 2.3394 3.4753 0.2177 1.3312 -0.0024 -0.002591 0.010454 11.62 490 820 0.011481 6.494629 6.681988 -0.187359 0.100000 
19.008 3 -0.436338 -0.592173 -10.316274 -0.030518 2.380371 2.471924 6.52 7.04 1.2 0.9 0.259 0.029 3.0697 3.8540 0.1503 1.3358 -0.0024 -0.005182 0.012390 11.60 500 810 0.011632 6.781669 6.671661 0.110008 0.100000 
19.058 3 -1.038101 -0.158232 -9.230225 1.617432 0.061035 -1.312256 6.04 6.56 0.6 1.6 -0.018 0.254 3.5970 2.3394 -0.2410 1.3403 -0.0025 -0.005182 0.011543 11.60 500 810 0.012928 6.301997 6.580095 -0.278099 0.100000 
19.108 3 -0.244541 -0.045552 -10.294697 -0.274658 -3.875732 2.624512 6.76 7.02 1.7 0.8 0.387 -0.185 2.5287 4.0703 0.2954 1.3453 -0.0025 -0.002591 0.013274 11.61 500 830 0.012443 6.891358 6.657593 0.233766 0.100000 
19.158 3 -0.800752 -0.321260 -10.208388 -1.159668 -5.828857 7.446289 5.96 6.48 0.5 1.7 0.070 0.174 3.7864 2.2853 -0.2876 1.3499 -0.0025 -0.005182 0.011356 11.61 500 830 0.013110 6.218209 6.467282 -0.249073 0.100000 
19.208 3 -1.028511 -0.059937 -9.553882 -0.183105 5.615234 -5.920410 6.14 6.92 1.3 1.3 0.372 0.150 2.6775 3.0291 0.0674 1.3545 -0.0025 -0.007773 0.013921 11.62 500 820 0.013413 6.529994 6.526439 0.003555 0.100000 
19.258 3 -0.433940 0.239746 -10.340249 0.244141 8.636475 -2.197266 6.40 6.92 0.9 1.4 0.192 0.207 3.5024 2.9750 -0.1011 1.3595 -0.0026 -0.005182 0.012453 11.62 490 810 0.011835 6.658160 6.685359 -0.027200 0.100000 
19.308 3 -0.421953 -0.896650 -10.268325 0.610352 3.997803 -2.899170 6.10 6.62 0.5 1.6 0.134 -0.000 3.8540 2.5017 -0.2591 1.3643 -0.0026 -0.005182 0.011098 11.61 500 810 0.012052 6.359816 6.620378 -0.260561 0.100000 
19.358 3 -0.630532 -0.409966 -10.047758 -0.091553 5.065918 0.244141 5.97 6.23 1.4 0.4 0.172 0.025 2.3394 3.9351 0.3058 1.3694 -0.0026 -0.002591 0.010698 11.61 500 820 0.012468 6.101310 6.543680 -0.442370 0.100000 
19.408 3 -1.249077 0.004795 -9.563472 0.335693 -2.319336 -6.347656 6.36 6.61 1.2 1.2 0.420 0.074 2.8803 3.0561 0.0337 1.3738 -0.0026 -0.002591 0.013725 11.61 500 820 0.013419 6.485284 6.383669 0.101616 0.100000 
19.458 3 -0.359619 0.002397 -9.808012 -0.061035 -1.403809 5.035400 5.95 5.95 1.4 0.9 0.207 0.062 2.2853 3.0156 0.1399 1.3780 -0.0026 0.000000 0.013033 11.60 500 790 0.014474 5.954564 6.218231 -0.263667 0.100000 
19.508 3 -0.596968 -0.297285 -10.371416 1.495361 -1.861572 -4.211426 6.29 6.55 0.8 1.7 0.215 0.210 3.3942 2.2718 -0.2151 1.3826 -0.0026 -0.002591 0.015383 11.61 500 810 0.014764 6.422304 6.266126 0.156178 0.100000 
19.558 3 -0.704853 -0.033564 -10.004604 0.305176 -4.791260 1.129150 6.24 6.24 0.8 1.1 0.017 0.072 3.5024 2.9344 -0.1088 1.3872 -0.0026 0.000000 0.013352 11.62 500 780 0.013918 6.238533 6.267948 -0.029415 0.100000 
19.608 3 -0.369209 -0.002397 -10.241953 0.305176 6.988525 -5.371094 6.36 6.36 0.4 1.6 0.329 -0.108 4.0298 2.5152 -0.2902 1.3921 -0.0026 0.000000 0.013611 11.62 490 770 0.013239 6.358685 6.406386 -0.047700 0.100000 
19.658 3 -0.851099 -0.481890 -9.498740 -0.061035 -7.812500 -3.601074 6.24 6.24 0.8 1.3 0.012 0.159 3.6106 2.7181 -0.1710 1.3969 -0.0026 0.000000 0.012507 11.62 500 780 0.013355 6.237949 6.271231 -0.033282 0.100000 
19.708 3 -0.831919 -0.640122 -10.122080 0.518799 -6.500244 0.610352 6.32 6.06 0.7 1.1 0.328 -0.079 3.5835 2.9479 -0.1218 1.4015 -0.0026 0.002591 0.013441 11.61 500 820 0.013919 6.187858 6.170033 0.017826 0.100000 
19.758 3 -0.824727 0.347632 -9.836782 0.183105 -3.723145 0.213623 6.48 6.22 1.1 0.4 0.298 0.040 3.2319 4.0839 0.1632 1.4059 -0.0026 0.002591 0.014966 11.62 500 820 0.014162 6.353646 6.127812 0.225833 0.100000 
19.808 3 -0.795957 -0.062334 -9.738486 -0.274658 -7.080078 4.089355 6.32 6.06 1.1 0.9 0.280 -0.097 3.1102 3.3401 0.0440 1.4103 -0.0026 0.002591 0.015467 11.62 500 820 0.015183 6.187108 6.006839 0.180268 0.100000 
19.858 3 -0.628135 -0.275708 -9.831987 1.953125 3.295898 -3.173828 6.15 6.15 1.0 1.3 0.115 0.098 3.0426 2.5693 -0.0907 1.4150 -0.0026 0.000000 0.014959 11.61 500 820 0.014980 6.147463 6.209178 -0.061715 0.100000 
19.908 3 -1.074062 -0.393184 -9.879936 0.671387 -5.035400 -5.523682 6.81 6.81 1.2 1.1 0.071 0.171 3.4753 3.5565 0.0155 1.4198 -0.0026 0.000000 0.016027 11.62 490 810 0.013879 6.809888 6.292326 0.517562 0.100000 
19.958 3 -1.100435 -0.407568 -9.597035 0.061035 7.080078 5.279541 6.05 6.05 0.8 1.4 0.072 0.216 3.2590 2.2718 -0.1892 1.4242 -0.0026 0.000000 0.013017 11.62 500 780 0.014266 6.053261 6.426676 -0.373415 0.100000 
20.008 3 -1.162768 -0.007192 -9.668960 0.030518 -3.875732 -6.500244 6.51 6.26 1.5 1.2 0.418 -0.151 2.4611 2.8803 0.0803 1.4288 -0.0026 0.002591 0.014549 11.61 490 820 0.014710 6.385377 6.349815 0.035563 0.100000 
