%% logfile from robot 5
%  1    time 0.016 sec
%  2    mission (2) state 2
%  3  4  5 Acc x,y,z [m/s2]: -4.423316 4.126030 -10.452929
%  6  7  8 Gyro x,y,z [deg/s]: -8.941650 26.916504 -0.762939
%  9 10 Motor velocity ref left, right: 127.76 127.76
% 11 12 Motor voltage [V] left, right: 8.0 8.0
% 13 14 Wheel velocity [r/s] left, right: 14.8479 15.5376
% 15 16 17 18 Pose x,y,h,tilt [m,m,rad,rad]: 0.0042 0.0000 0.002591 0.497187
% 19    Battery voltage [V]: 11.84
% 20 21 Get data time [us]: 490 +ctrl 780
%% Configuration as seen in client (assumed updated from robot)
% [main]
% version = 2.159
% mission = 2
% statusinterval = 50
% usbdevicename = /dev/ttyACM0
% connect = True
% 
% [log]
% interval = 33
% mission_state = True
% acceleration = True
% gyro = True
% encoder = False
% motorref = True
% motorvoltage = True
% motorcurrent = False
% wheelvelocity = True
% robotpose = True
% linesensor = False
% batteryvoltage = True
% balancectrl = False
% controltime = True
% extrainfo = False
% logfilename = /home/jca/svnregbot/matlab/log_2015_10_30/bal_vel_20cm_2.log
% allow = True
% 
% [wheelVel]
% reguse = True
% usevelest = False
% usevelleadfwd = True
% acclimit = 100.0
% kp = 0.33
% taui = 0.0
% taud = 0.043
% alpha = 0.5
% imax = 8.0
% steptime = 0.3
% stepfromreg = -8.0
% steptoreg = -15.0
% stepfromv = 2.1
% steptov = 4.1
% motorvoltlimit = 8.0
% 
% [turn]
% reguse = False
% leadfwd = False
% kp = 92.0
% taui = 0.0
% taud = 0.06
% alpha = 0.1
% imax = 0.4
% outmax = 15.0
% stepontime = 0.1
% stepofftime = 0.6
% stepvaluereg = 5.0
% stepvaluemotreg = 5.0
% stepvaluemotv = 0.35
% stepvelocitymotreg = 20.0
% stepvelocitymotv = 20.0
% 
% [mission]
% mission = # demo mission
% 	vel=0.2, acc=1   : dist = 0.3
% 	tr=0.3 : turn=45
% 	vel=0.7, acc=3   : dist = 0.3
% 	vel=0.15, tr=-0.1,bal=0,log=3 : turn=-45,time=8,dist=0.75
% 	# go straight
% 	: dist = 0.3
% 	vel=0 : time=1
% filename = mission_1.mis
% 
% [balance]
% use = True
% kp = -200.0
% taui = 0.07
% taud = 0.1
% alpha = 0.2
% imax = 40.0
% outmax = 199.0
% leadfwd = True
% leadgyro = True
% 
% [balanceVel]
% use = True
% kp = 0.09
% taui = 0.0
% taud = 0.007
% alpha = 10.0
% zeta = 0.05
% imax = 0.1
% leadfwd = True
% outmax = 0.22
% steptime = 5.0
% stepfrom = 0.0
% stepto = 0.0
% stepfromvel = 0.0
% steptovel = 0.2
% stepfrommsec = 0.0
% steptomsec = 0.0
% stepfrommotvolt = 0.0
% steptomotvolt = 0.0
% 
% [balanceSS]
% use = False
% k_tilt = -8.0
% k_gyro = 0.02
% k_pos = 0.0
% k_vel = 0.0
% k_motor = 0.0
% outmax = 0.1
% steptime = 50.0
% stepfrom = 0.09
% stepto = 0.09
% steppos = -1
% 
% [lineSensor]
% maximum = 1024
% 
% [robot5]
% version = 2.156.13
% robotbase = 0.155
% gear = 9.68
% encoderppr = 48.0
% weelradiusleft = 0.0297
% weelradiusright = 0.0297
% balanceoffset = 0.07
% 
%% data log
0.049 2 -3.737642 -1.601504 -14.389560 -8.880615 126.251221 -12.939453 135.92 135.92 8.0 8.0 27.5863 26.0041 0.0267 0.0002 0.012956 0.442961 11.89 500 790 
0.082 2 -6.187847 -0.045552 -11.421504 -1.586914 236.785889 -32.928467 116.71 116.71 8.0 8.0 35.5782 31.4403 0.0560 0.0005 0.002591 0.329744 11.87 500 800 
0.115 2 1.251475 -3.907861 -8.724360 10.589600 359.466553 -39.611816 85.23 85.23 8.0 8.0 39.7702 38.6343 0.0920 0.0002 -0.010364 0.155037 11.89 510 800 
0.148 2 -1.893994 0.534634 -4.150005 13.214111 363.708496 -15.350342 42.63 42.63 -1.0 -1.6 27.0454 28.1678 0.1257 -0.0001 -0.010364 -0.062831 12.03 500 800 
0.181 2 -1.402515 0.050347 -6.489926 3.295898 164.489746 4.547119 3.83 3.83 -4.4 -3.5 5.3144 3.9757 0.1414 -0.0003 -0.010364 -0.206135 12.00 500 780 
0.214 2 -0.661699 -0.067129 -8.400702 -9.948730 -48.400879 29.815674 -24.35 -24.35 -5.8 -6.4 -12.5085 -11.9541 0.1371 -0.0003 -0.012956 -0.232041 11.94 500 780 
0.247 2 -0.606558 -1.448066 -7.388974 -10.223389 -227.325439 48.889160 -28.84 -28.84 -4.5 -4.6 -16.0920 -16.0920 0.1219 -0.0001 -0.012956 -0.143206 11.99 490 780 
0.280 2 -0.894253 -2.349512 -11.018730 -17.913818 -277.435303 25.329590 -4.62 -4.62 3.4 3.8 -6.4368 -7.5862 0.1104 0.0001 -0.020729 0.020203 12.01 490 780 
0.313 2 -0.441133 -0.781572 -13.691899 0.610352 -84.350586 1.739502 25.30 25.30 6.4 6.0 12.6302 12.7519 0.1149 0.0000 -0.025911 0.124295 11.89 500 790 
0.346 2 -1.093242 -4.701421 -10.942012 7.873535 82.061768 -30.059814 42.64 42.64 6.5 6.4 26.0041 25.5038 0.1343 -0.0006 -0.033685 0.122303 11.90 500 800 
0.379 2 -1.870019 -0.189399 -8.290420 20.660400 236.846924 -27.770996 37.12 37.12 3.1 2.6 25.0305 25.5038 0.1598 -0.0015 -0.036276 0.024533 12.02 500 800 
0.412 2 0.788765 -1.172358 -7.444116 2.075195 164.093018 -3.356934 12.36 12.36 -2.3 -2.1 12.8736 12.6302 0.1789 -0.0021 -0.033685 -0.101579 12.02 500 790 
0.445 2 -1.143589 -0.455518 -8.280829 -2.502441 -59.234619 3.417969 -2.66 -2.66 -2.8 -2.0 2.6234 1.1494 0.1845 -0.0023 -0.038867 -0.125357 12.02 490 770 
0.478 2 -0.318862 -0.170220 -10.316274 -3.997803 -129.272461 5.584717 3.48 3.48 2.3 2.3 0.3651 0.3110 0.1847 -0.0023 -0.036276 -0.052697 12.03 490 770 
0.511 2 -0.501069 -1.234692 -12.507553 -1.220703 -21.667480 3.234863 10.41 10.41 2.9 1.4 4.1515 6.2475 0.1881 -0.0025 -0.038867 -0.010004 12.02 490 780 
0.544 2 -0.918227 -0.122271 -9.021646 3.234863 0.885010 -10.406494 11.56 11.56 1.9 1.0 6.5315 7.8161 0.1945 -0.0027 -0.038867 -0.008704 12.03 500 790 
0.577 2 -0.954189 -0.577788 -8.995274 4.821777 6.683350 -4.974365 11.71 11.71 1.0 1.2 7.8567 7.7215 0.2016 -0.0030 -0.036276 -0.012542 12.04 500 790 
0.610 2 -0.362017 0.011987 -10.297094 1.831055 9.368896 -4.638672 11.16 11.16 1.1 0.7 7.2617 8.0866 0.2086 -0.0032 -0.033685 -0.017520 12.02 500 790 
0.643 2 -0.767187 -0.347632 -9.966245 0.854492 4.241943 -3.051758 10.61 10.61 1.0 1.2 6.9642 7.0318 0.2156 -0.0035 -0.031093 -0.020075 12.02 500 790 
0.676 2 -0.493877 -1.222705 -9.695332 -0.732422 0.213623 0.396729 10.71 10.71 1.3 2.2 6.5585 5.4632 0.2222 -0.0037 -0.028502 -0.018666 12.02 500 780 
0.709 2 -0.958984 0.153437 -9.532305 -0.274658 -0.793457 -0.823975 10.49 10.49 1.2 1.0 6.6937 6.9642 0.2287 -0.0039 -0.028502 -0.019363 12.03 500 770 
0.742 2 -0.462710 0.400376 -9.956655 1.007080 -0.152588 -4.364014 10.12 10.12 1.1 1.6 6.4909 5.7742 0.2349 -0.0040 -0.031093 -0.019666 12.04 500 790 
0.775 2 -0.901445 -0.220566 -9.592241 -1.342773 -2.044678 1.190186 10.15 10.15 1.3 1.5 6.1663 5.8959 0.2409 -0.0042 -0.031093 -0.018417 12.04 500 790 
0.808 2 -0.551416 -0.366812 -10.134068 -0.030518 5.340576 3.173828 9.94 9.94 1.7 0.8 5.3415 6.7884 0.2467 -0.0044 -0.028502 -0.018550 12.02 500 780 
0.841 2 -0.632930 -0.237349 -10.088515 -0.152588 -3.936768 -1.312256 9.82 9.82 1.2 1.2 6.1393 6.0311 0.2525 -0.0046 -0.031093 -0.017912 12.05 500 780 
0.874 2 -0.091104 0.486685 -10.141259 -0.030518 3.112793 5.462646 9.87 9.87 1.7 1.4 5.4496 5.6795 0.2584 -0.0047 -0.033685 -0.016656 12.04 500 780 
0.907 2 -0.882266 0.083911 -8.791489 -1.678467 2.807617 6.195068 9.25 9.25 1.1 1.1 5.7471 5.5849 0.2640 -0.0049 -0.033685 -0.018757 12.04 490 780 
0.940 2 -0.640122 -0.021577 -9.906308 -0.427246 -3.448486 1.892090 9.00 9.00 0.9 1.4 5.8418 4.9087 0.2694 -0.0051 -0.036276 -0.018108 12.04 500 790 
0.973 2 -0.716841 0.119873 -9.925488 -0.091553 4.821777 3.540039 9.30 9.30 1.6 0.7 5.0034 6.1393 0.2746 -0.0053 -0.036276 -0.015645 12.04 500 790 
1.006 2 -0.594570 -0.081514 -9.489150 -0.793457 -5.737305 7.934570 9.16 9.16 0.9 0.8 5.9229 6.0582 0.2800 -0.0055 -0.038867 -0.015843 12.04 490 780 
1.039 2 -0.817534 -0.021577 -9.549087 0.122070 3.906250 4.516602 9.00 9.00 1.0 1.0 5.5578 5.5578 0.2853 -0.0057 -0.038867 -0.015807 12.04 500 780 
1.072 2 -0.649712 0.055142 -9.644985 0.183105 -0.213623 -0.610352 8.86 8.86 0.8 1.6 6.0041 4.4625 0.2903 -0.0059 -0.041458 -0.015717 12.03 500 780 
1.105 2 -0.493877 0.026372 -9.304545 0.732422 0.305176 -5.371094 8.82 8.82 1.2 1.4 5.2333 4.8546 0.2955 -0.0061 -0.041458 -0.015184 12.03 500 780 
1.138 2 -0.616147 0.088706 -9.371675 0.640869 2.624512 1.068115 8.39 8.39 1.3 1.3 4.5436 4.6248 0.3003 -0.0063 -0.041458 -0.016274 12.03 500 780 
1.171 2 -1.054883 -0.484287 -10.100503 -0.183105 -3.173828 -1.800537 8.15 8.15 0.9 1.4 5.0034 4.3678 0.3051 -0.0065 -0.041458 -0.015907 12.04 490 770 
1.204 2 -0.417158 -0.191797 -10.162837 0.274658 0.030518 -3.601074 8.31 8.31 1.3 1.4 4.6924 4.4219 0.3097 -0.0067 -0.044049 -0.013999 12.03 490 780 
1.237 2 -0.771982 -0.179810 -9.601830 0.579834 3.051758 1.495361 8.00 8.00 1.1 0.8 4.5977 5.0575 0.3143 -0.0069 -0.041458 -0.014896 12.04 500 780 
1.270 2 -0.338042 -0.366812 -9.805614 -0.671387 -6.134033 2.899170 8.01 8.01 1.1 0.7 4.7194 5.2739 0.3188 -0.0071 -0.041458 -0.013807 12.04 490 770 
1.303 2 -0.537031 -0.081514 -9.980630 -0.457764 4.547119 2.502441 7.84 7.84 1.2 0.5 4.3002 5.3144 0.3232 -0.0073 -0.041458 -0.013753 12.04 500 780 
1.336 2 -0.620942 -0.263721 -10.052553 0.488281 -2.349854 -1.464844 7.50 7.50 1.4 1.0 3.7999 4.2596 0.3272 -0.0075 -0.041458 -0.014007 12.03 500 780 
1.369 2 -0.515454 -0.371606 -9.740884 1.037598 3.112793 -0.518799 7.58 7.58 1.5 0.7 3.6511 4.7600 0.3316 -0.0076 -0.041458 -0.012780 12.02 500 790 
1.402 2 -0.328452 -0.038359 -10.297094 0.793457 2.716064 -1.800537 7.56 7.56 1.7 0.8 3.3401 4.6924 0.3356 -0.0078 -0.041458 -0.012270 12.03 500 790 
1.435 2 -0.594570 0.086309 -9.836782 -0.640869 -0.091553 2.380371 7.39 7.39 1.1 0.9 4.0162 4.3137 0.3396 -0.0080 -0.041458 -0.012482 12.04 500 790 
1.468 2 -0.551416 0.201387 -9.944668 -0.122070 -1.556396 0.000000 7.37 7.37 1.3 1.4 3.6647 3.4753 0.3434 -0.0082 -0.044049 -0.011619 12.04 490 780 
1.501 2 -0.520249 -0.177412 -9.712114 -0.091553 2.014160 -0.213623 6.70 6.70 0.7 1.1 3.9486 3.3401 0.3470 -0.0083 -0.044049 -0.013638 12.04 500 790 
1.534 2 -0.709648 -0.151040 -9.551484 -0.549316 -9.613037 0.122070 6.88 6.88 1.3 1.0 3.3401 3.7458 0.3507 -0.0085 -0.044049 -0.011290 12.05 500 790 
1.567 2 -0.640122 -0.033564 -10.054951 -0.946045 2.227783 4.608154 7.09 7.09 1.0 1.1 3.7458 3.7728 0.3541 -0.0086 -0.041458 -0.010096 12.04 490 770 
1.600 2 -0.776777 -0.383594 -9.860757 -0.305176 -0.335693 1.098633 6.50 6.50 1.1 1.5 3.2049 2.7316 0.3577 -0.0088 -0.041458 -0.011977 12.01 500 780 
1.633 2 -0.021577 0.189399 -10.227568 -1.007080 -2.655029 0.823975 7.23 7.23 1.9 1.4 2.8127 3.3942 0.3609 -0.0089 -0.041458 -0.008049 12.04 490 760 
1.666 2 -0.911035 -0.033564 -9.378867 0.305176 3.448486 -5.676270 6.70 6.70 0.9 1.2 3.6511 3.2454 0.3645 -0.0090 -0.041458 -0.010834 12.03 500 790 
1.699 2 -0.572993 0.016782 -9.831987 -0.091553 -1.525879 0.183105 6.55 6.55 1.7 0.9 2.2448 3.6106 0.3679 -0.0092 -0.038867 -0.010837 12.04 500 780 
1.732 2 -0.829521 -0.496274 -9.781640 -0.305176 -0.091553 -0.946045 6.38 6.38 1.3 0.5 2.7451 4.1109 0.3711 -0.0093 -0.038867 -0.010816 12.04 500 790 
1.765 2 -0.321260 -0.112681 -9.983027 -1.007080 -2.960205 -0.152588 6.62 6.62 1.2 1.2 3.0832 3.2454 0.3743 -0.0094 -0.038867 -0.009004 12.03 490 790 
1.798 2 -0.537031 -0.175015 -9.810410 -0.152588 0.427246 -1.617432 6.12 6.12 0.8 1.1 3.2454 2.8127 0.3773 -0.0095 -0.036276 -0.010644 12.04 500 780 
1.831 2 -0.812739 -0.254131 -9.884731 -0.152588 -8.148193 -3.540039 6.48 6.48 1.3 0.8 2.8398 3.8134 0.3804 -0.0096 -0.033685 -0.008299 12.03 500 780 
1.864 2 -0.280503 -0.290093 -9.793628 0.366211 6.072998 -6.256104 5.96 5.96 1.0 0.5 2.7181 3.5700 0.3832 -0.0097 -0.033685 -0.010254 12.05 500 780 
1.897 2 -0.788765 -0.508262 -9.769653 -0.122070 -0.549316 -0.122070 5.60 5.60 1.1 1.1 2.3935 2.5287 0.3858 -0.0098 -0.031093 -0.010455 12.02 500 780 
1.930 2 -0.385991 -0.151040 -9.712114 0.854492 -2.746582 -0.366211 6.04 6.04 0.6 1.5 3.5429 2.2989 0.3886 -0.0099 -0.031093 -0.007532 12.04 500 790 
1.963 2 -0.891855 -0.055142 -9.453188 1.190186 3.265381 -3.234863 5.64 5.64 1.4 0.9 1.9202 2.6640 0.3910 -0.0100 -0.031093 -0.009047 12.04 490 790 
1.996 2 -0.369209 0.426748 -10.496083 0.549316 -1.190186 1.312256 5.66 5.66 1.0 1.0 2.4341 2.6369 0.3934 -0.0100 -0.025911 -0.007988 12.04 500 780 
2.029 2 -1.174756 0.050347 -9.625805 0.030518 -4.882812 -2.288818 5.63 5.63 1.2 0.1 2.2312 3.8945 0.3958 -0.0101 -0.025911 -0.007574 12.02 500 770 
2.062 2 -0.498672 0.153437 -9.609023 -0.335693 8.300781 -4.302979 5.24 5.24 1.0 1.2 2.0825 2.0014 0.3980 -0.0102 -0.023320 -0.008714 12.03 500 780 
2.095 2 -1.033306 -0.095898 -8.875401 0.335693 -3.143311 -6.866455 4.78 4.78 1.3 0.7 1.3117 2.3124 0.4002 -0.0102 -0.020729 -0.009385 12.04 490 780 
2.128 2 -0.616147 -0.510659 -10.270722 -0.823975 -6.896973 -4.455566 5.15 5.15 1.8 0.8 0.6897 2.6369 0.4018 -0.0102 -0.015547 -0.006103 12.03 500 780 
2.161 2 -0.649712 -0.237349 -9.863154 -0.762939 3.631592 0.274658 5.23 5.23 0.2 1.4 3.4077 1.6362 0.4040 -0.0103 -0.018138 -0.006169 12.03 500 780 
2.194 2 -0.182207 -0.644917 -10.680688 1.098633 6.927490 -5.493164 4.89 4.89 1.0 0.6 1.9067 2.5693 0.4061 -0.0103 -0.018138 -0.007199 12.04 490 770 
2.227 2 -0.364414 -0.280503 -10.021386 0.335693 -3.540039 6.256104 4.56 4.56 1.3 0.7 1.0818 2.2042 0.4077 -0.0103 -0.012956 -0.007556 12.01 490 770 
2.260 2 -0.824727 -0.043154 -9.141519 2.349854 1.892090 -6.896973 5.06 5.06 1.4 1.4 1.4064 1.4199 0.4093 -0.0104 -0.018138 -0.004492 12.04 500 780 
2.293 2 -0.800752 0.215771 -9.726499 0.549316 -4.211426 3.234863 4.61 4.61 0.7 1.1 2.0149 1.4064 0.4111 -0.0104 -0.015547 -0.006332 12.03 500 780 
2.326 2 -0.568198 -0.421953 -10.409775 0.366211 11.657715 -6.652832 4.76 4.76 1.2 0.6 1.3658 2.2583 0.4127 -0.0104 -0.015547 -0.005212 12.02 500 780 
2.359 2 -0.695264 0.143848 -9.652178 -0.762939 -3.173828 4.394531 4.20 4.20 1.2 0.6 0.9195 1.9878 0.4141 -0.0104 -0.012956 -0.007014 12.02 500 780 
2.392 2 -0.918227 -0.076719 -9.318931 3.204346 1.312256 -11.596680 4.66 4.66 0.4 1.3 2.4206 1.1359 0.4153 -0.0105 -0.018138 -0.004106 12.03 500 780 
2.425 2 -0.441133 1.042895 -10.117285 -0.640869 3.662109 -0.488281 3.73 3.73 0.1 1.0 2.2989 0.8114 0.4165 -0.0105 -0.018138 -0.007742 12.03 500 780 
2.458 2 -0.421953 0.462710 -10.124477 -0.915527 -1.403809 5.310059 4.14 4.14 1.0 1.3 1.2306 1.0007 0.4175 -0.0105 -0.015547 -0.004092 12.04 490 780 
2.491 2 -1.215513 -0.731226 -9.112749 -1.403809 2.868652 -7.904053 3.51 3.51 0.8 0.9 0.8790 0.8114 0.4185 -0.0105 -0.012956 -0.006395 12.03 490 770 
2.524 2 -0.654507 -0.424351 -9.937475 -1.434326 -16.601562 0.549316 3.94 3.94 0.7 1.2 1.4740 0.7032 0.4191 -0.0105 -0.015547 -0.002685 12.04 490 770 
2.557 2 -0.014385 -1.229897 -10.388198 1.007080 14.373779 6.103516 4.60 4.60 0.4 1.5 2.4747 0.7573 0.4203 -0.0105 -0.015547 -0.000875 12.02 490 760 
2.590 2 -1.191538 -0.688071 -9.841577 2.105713 4.669189 2.960205 2.75 2.75 0.5 0.7 0.6626 0.5409 0.4209 -0.0106 -0.012956 -0.008842 12.01 500 780 
2.623 2 -0.429145 -0.129463 -10.126875 0.549316 -11.505127 1.373291 3.69 3.69 1.4 0.5 0.2569 1.5957 0.4215 -0.0106 -0.010364 -0.001979 12.04 500 790 
2.656 2 -0.788765 -0.131860 -9.822397 1.312256 4.394531 -9.582520 4.48 4.48 1.4 1.5 0.9466 0.5544 0.4225 -0.0106 -0.012956 0.000433 12.03 490 770 
2.689 2 -0.858291 0.280503 -8.844234 0.427246 -1.129150 7.598877 3.09 3.09 0.4 0.8 1.2306 0.4462 0.4233 -0.0106 -0.018138 -0.006331 12.03 500 780 
2.722 2 -0.819932 -0.210977 -9.623408 -0.366211 -11.138916 2.258301 3.82 3.82 1.3 1.2 0.3922 0.5680 0.4239 -0.0106 -0.015547 -0.001365 12.04 490 780 
2.755 2 -0.700059 0.191797 -10.270722 2.471924 -1.098633 0.122070 3.28 3.28 1.0 0.3 0.4598 1.5010 0.4247 -0.0106 -0.010364 -0.004217 12.04 500 780 
2.788 2 -0.402773 0.155835 -10.138862 0.976562 -7.507324 2.166748 3.72 3.72 0.4 1.3 1.7174 0.4192 0.4253 -0.0106 -0.012956 -0.001290 12.03 500 780 
2.821 2 -0.606558 0.117476 -9.656972 0.000000 -3.723145 1.220703 3.22 3.22 1.0 0.8 0.3516 0.5544 0.4255 -0.0106 -0.010364 -0.003116 12.04 500 780 
2.854 2 -0.695264 -0.088706 -9.788833 -0.061035 5.187988 7.385254 3.31 3.31 0.8 1.0 0.6761 0.2975 0.4259 -0.0106 -0.015547 -0.002288 12.03 490 770 
2.887 2 -0.599365 -0.086309 -9.810410 -0.061035 -4.516602 -2.532959 3.33 3.33 1.0 1.1 0.4327 0.1623 0.4263 -0.0106 -0.020729 -0.001757 12.04 490 780 
2.920 2 -0.668892 -0.112681 -9.642588 0.030518 -0.701904 -2.441406 3.15 3.15 0.9 1.0 0.3922 0.1623 0.4265 -0.0106 -0.018138 -0.002122 12.02 500 780 
2.953 2 -0.630532 -0.136655 -9.769653 -0.091553 -2.441406 0.915527 3.33 3.33 1.1 1.0 0.2164 0.3110 0.4269 -0.0106 -0.018138 -0.000837 12.04 490 770 
2.986 2 -0.673687 -0.155835 -9.889526 0.000000 1.159668 -2.929688 3.28 3.28 1.0 1.0 0.2164 0.2434 0.4269 -0.0106 -0.018138 -0.001029 12.04 490 770 
3.019 2 -0.683276 0.019180 -9.757666 -0.030518 -3.540039 -0.823975 3.14 3.14 1.0 1.0 0.1893 0.2299 0.4271 -0.0106 -0.015547 -0.001332 12.03 500 780 
3.052 2 -0.671289 -0.050347 -9.690536 0.061035 0.854492 0.396729 3.00 3.00 0.9 0.9 0.1217 0.2164 0.4271 -0.0106 -0.015547 -0.001634 12.02 500 780 
3.085 2 -0.664097 -0.179810 -9.786435 0.122070 2.655029 -1.983643 2.96 2.96 0.9 0.9 0.1082 0.1352 0.4273 -0.0106 -0.018138 -0.001388 12.04 500 780 
3.118 2 -0.630532 -0.230156 -9.779243 0.091553 1.007080 1.586914 2.85 2.85 0.9 0.9 0.1082 0.0947 0.4273 -0.0106 -0.018138 -0.001449 12.03 500 780 
3.151 2 -0.589775 -0.119873 -9.760063 0.000000 1.007080 1.037598 2.63 2.63 0.8 0.8 0.1082 0.0811 0.4273 -0.0106 -0.018138 -0.001920 12.03 500 780 
3.184 2 -0.647314 -0.163027 -9.793628 0.000000 1.495361 0.061035 2.28 2.28 0.6 0.7 0.1082 0.0676 0.4273 -0.0106 -0.018138 -0.002711 12.03 500 780 
3.217 2 -0.642520 -0.136655 -9.882334 0.152588 2.197266 -0.213623 1.74 1.74 0.4 0.4 0.0811 0.0541 0.4273 -0.0106 -0.018138 -0.003940 12.02 500 780 
3.250 2 -0.637725 -0.158232 -9.834385 0.152588 3.265381 -0.396729 0.97 0.97 0.1 0.1 0.0676 0.0406 0.4273 -0.0106 -0.018138 -0.005634 12.03 500 780 
3.283 2 -0.596968 -0.129463 -9.858359 0.091553 4.394531 -0.305176 -0.09 -0.09 -0.3 -0.3 0.0541 0.0406 0.4273 -0.0106 -0.018138 -0.007835 12.04 500 780 
3.316 2 -0.618545 -0.076719 -9.851167 0.183105 5.706787 -0.274658 -1.51 -1.51 -0.8 -0.8 0.0541 0.0406 0.4273 -0.0106 -0.018138 -0.010634 12.04 490 770 
3.349 2 -0.649712 -0.141450 -9.817602 0.152588 7.263184 0.000000 -3.37 -3.37 -1.5 -1.5 -0.0406 -0.0270 0.4269 -0.0106 -0.018138 -0.014146 12.04 490 770 
3.382 2 -0.831919 -0.057539 -9.556279 -0.091553 -5.981445 13.366699 -5.38 -5.38 -1.9 -1.1 -1.0548 -2.1772 0.4255 -0.0106 -0.020729 -0.014970 12.05 500 780 
3.415 2 -0.177412 -0.350029 -10.680688 -0.610352 -18.585205 0.549316 -5.06 -5.06 -1.0 -1.4 -1.5957 -1.2306 0.4243 -0.0106 -0.020729 -0.006300 12.03 500 780 
3.448 2 -1.050088 -0.266118 -9.597035 -1.220703 -6.134033 6.835938 -4.42 -4.42 -1.2 -1.2 -0.6491 -1.1765 0.4231 -0.0106 -0.025911 0.000013 12.03 500 780 
3.481 2 -0.426748 0.004795 -10.289902 -0.610352 -0.152588 12.420654 -4.82 -4.82 -1.5 -1.4 -0.7437 -1.2170 0.4221 -0.0105 -0.028502 -0.000485 12.03 500 770 
3.514 2 -1.023716 -0.666494 -9.755268 -0.213623 -12.390137 9.765625 -4.42 -4.42 -0.9 -1.3 -1.1359 -0.8519 0.4211 -0.0105 -0.031093 0.002604 12.04 490 770 
3.547 2 -0.371606 -0.151040 -10.155644 0.518799 2.716064 10.070801 -3.91 -3.91 -1.2 -1.2 -0.3516 -0.6897 0.4205 -0.0105 -0.038867 0.004667 12.04 490 770 
3.580 2 -0.306875 0.285298 -10.210786 -0.518799 4.882812 9.094238 -4.27 -4.27 -1.4 -1.3 -0.1893 -0.7167 0.4199 -0.0104 -0.041458 0.002134 12.05 500 780 
3.613 2 -0.738418 -0.141450 -9.453188 0.823975 -4.516602 3.936768 -3.63 -3.63 -0.8 -1.1 -0.6897 -0.5815 0.4193 -0.0104 -0.044049 0.004764 12.02 500 780 
3.646 2 -0.628135 -0.244541 -10.004604 0.457764 8.941650 0.976562 -3.96 -3.96 -1.3 -0.5 -0.2569 -1.7444 0.4189 -0.0104 -0.049231 0.002074 12.03 490 770 
3.679 2 -0.824727 0.002397 -9.899116 -0.183105 -2.990723 1.861572 -3.79 -3.79 -1.0 -1.1 -0.5409 -0.6220 0.4183 -0.0104 -0.046640 0.002557 12.04 500 780 
3.712 2 -0.745610 -0.215771 -9.683345 0.366211 1.007080 5.310059 -4.14 -4.14 -1.3 -1.3 -0.3786 -0.4192 0.4181 -0.0104 -0.049231 0.000537 12.03 500 780 
3.745 2 -0.539429 -0.081514 -9.848769 0.305176 -2.410889 3.265381 -3.81 -3.81 -1.2 -0.9 -0.2164 -0.6897 0.4175 -0.0103 -0.051822 0.002152 12.02 490 770 
3.778 2 -0.395581 -0.362017 -9.493945 0.549316 3.845215 -3.326416 -4.26 -4.26 -1.4 -1.4 -0.2164 -0.3516 0.4173 -0.0103 -0.054414 -0.000216 12.04 500 790 
3.811 2 -0.604160 -0.095898 -10.028579 -0.335693 -3.204346 8.422852 -3.56 -3.56 -1.0 -0.8 -0.1758 -0.7573 0.4171 -0.0103 -0.057005 0.003069 12.03 490 770 
3.844 2 -0.716841 -0.323657 -9.803218 -0.213623 2.685547 1.434326 -3.53 -3.53 -1.1 -1.1 -0.1217 -0.2705 0.4171 -0.0103 -0.057005 0.002238 12.04 490 770 
3.877 2 -0.304478 0.038359 -9.911103 -0.488281 -0.274658 6.317139 -3.65 -3.65 -1.2 -0.9 -0.0947 -0.7708 0.4167 -0.0103 -0.062187 0.001447 12.02 500 780 
3.910 2 -1.076460 -0.043154 -9.242211 -0.335693 -7.995605 8.453369 -3.74 -3.74 -1.2 -0.6 -0.0676 -1.1630 0.4163 -0.0103 -0.067369 0.000857 12.04 500 790 
3.943 2 -0.505864 -0.230156 -10.081323 0.000000 0.793457 4.394531 -3.41 -3.41 -1.1 -1.0 -0.0541 -0.3922 0.4163 -0.0103 -0.067369 0.002134 12.03 500 780 
3.976 2 -0.709648 -0.095898 -9.585049 0.122070 2.166748 -0.946045 -3.52 -3.52 -1.2 -1.2 -0.0541 -0.2028 0.4163 -0.0103 -0.067369 0.001018 12.04 490 770 
4.009 2 -0.417158 -0.218169 -10.126875 0.000000 -3.112793 9.307861 -3.29 -3.29 -1.0 -2.1 -0.0406 1.4064 0.4161 -0.0102 -0.069960 0.001795 12.03 490 770 
4.042 2 -0.726431 -0.215771 -9.577856 -0.213623 -2.105713 2.136230 -3.16 -3.16 -1.0 -0.3 -0.0406 -1.7850 0.4159 -0.0102 -0.072551 0.002845 12.04 500 780 
4.075 2 -0.623340 -0.158232 -9.908706 -0.183105 0.762939 -0.671387 -3.10 -3.10 -1.0 -1.0 -0.0270 -0.3245 0.4159 -0.0102 -0.072551 0.002181 12.02 490 770 
4.108 2 -0.678481 -0.119873 -9.752871 -0.091553 0.091553 -0.183105 -3.01 -3.01 -1.0 -1.0 -0.0270 -0.1758 0.4159 -0.0102 -0.072551 0.001789 12.04 490 770 
4.141 2 -0.712046 -0.170220 -9.661767 0.030518 -0.213623 0.305176 -2.91 -2.91 -0.9 -0.9 -0.0270 -0.1217 0.4159 -0.0102 -0.072551 0.001602 12.03 500 780 
4.174 2 -0.707251 -0.148643 -9.839179 -0.030518 -0.823975 0.061035 -2.75 -2.75 -0.9 -0.9 -0.0270 -0.0947 0.4159 -0.0102 -0.072551 0.001669 12.02 500 780 
4.207 2 -0.666494 -0.139053 -9.808012 -0.030518 -1.068115 -0.061035 -2.54 -2.54 -0.8 -0.8 -0.0270 -0.0676 0.4159 -0.0102 -0.072551 0.001947 12.04 500 780 
4.240 2 -0.659302 -0.165425 -9.870346 -0.030518 -1.403809 -0.183105 -2.25 -2.25 -0.7 -0.7 -0.0135 -0.0541 0.4159 -0.0102 -0.072551 0.002423 12.04 490 770 
4.273 2 -0.625737 -0.139053 -9.762461 -0.061035 -1.647949 -0.030518 -1.86 -1.86 -0.5 -0.5 -0.0135 -0.0541 0.4159 -0.0102 -0.072551 0.003119 12.04 490 770 
4.306 2 -0.748008 -0.172617 -9.803218 0.000000 -2.227783 0.030518 -1.35 -1.35 -0.3 -0.3 -0.0135 -0.0406 0.4159 -0.0102 -0.072551 0.004035 12.04 500 780 
4.339 2 -0.712046 -0.175015 -9.853564 -0.122070 -2.746582 0.000000 -0.66 -0.66 -0.1 -0.1 -0.0135 -0.0406 0.4159 -0.0102 -0.072551 0.005338 12.04 500 780 
4.372 2 -0.690469 -0.165425 -9.793628 -0.183105 -3.692627 -0.122070 0.25 0.25 0.3 0.3 -0.0135 -0.0270 0.4159 -0.0102 -0.072551 0.007019 12.03 500 780 
4.405 2 -0.649712 -0.163027 -9.748075 -0.091553 -4.394531 -0.061035 1.43 1.43 0.7 0.7 -0.0135 -0.0270 0.4159 -0.0102 -0.072551 0.009153 12.04 490 770 
4.438 2 -0.740815 -0.918227 -10.769394 -1.708984 -2.532959 -3.570557 3.00 3.00 1.3 0.2 0.0135 1.7850 0.4165 -0.0103 -0.069960 0.011811 12.02 500 780 
4.471 2 -0.491479 -0.678481 -9.690536 0.122070 9.857178 -9.094238 3.92 3.92 1.3 0.5 0.7167 1.9608 0.4175 -0.0103 -0.072551 0.009725 12.02 500 780 
4.504 2 -0.484287 -0.911035 -9.668960 -0.427246 -1.922607 3.204346 3.89 3.89 1.2 0.0 0.6897 2.6504 0.4185 -0.0104 -0.069960 0.004962 12.04 500 780 
4.537 2 -0.580186 -0.045552 -10.076528 0.335693 8.850098 -10.864258 3.75 3.75 1.1 0.6 0.5409 1.6903 0.4193 -0.0105 -0.069960 0.001492 12.03 490 770 
4.570 2 -0.951792 -0.177412 -9.258994 -0.793457 -6.378174 -1.922607 3.27 3.27 1.0 0.5 0.4057 1.4199 0.4199 -0.0105 -0.067369 -0.001788 12.03 490 770 
4.603 2 -0.824727 -0.450723 -9.932680 -1.007080 2.990723 0.091553 3.78 3.78 1.0 1.2 0.8519 0.4462 0.4205 -0.0106 -0.069960 0.000078 12.03 490 770 
4.636 2 -0.980561 0.000000 -9.606626 -0.915527 -1.983643 8.666992 3.38 3.38 0.7 1.0 0.8925 0.4733 0.4211 -0.0106 -0.072551 -0.002221 12.03 500 780 
4.669 2 -0.028770 0.242144 -10.268325 2.685547 10.040283 2.899170 3.83 3.83 0.5 1.1 1.6362 0.8384 0.4219 -0.0107 -0.072551 -0.000567 12.04 490 760 
4.702 2 -0.733623 -0.421953 -9.760063 0.976562 5.706787 -3.540039 2.72 2.72 0.7 0.4 0.3786 1.0142 0.4223 -0.0107 -0.067369 -0.005617 12.02 500 780 
4.735 2 -0.493877 -0.095898 -10.090913 0.061035 -9.490967 1.220703 3.10 3.10 1.1 1.1 0.1893 0.2840 0.4223 -0.0107 -0.067369 -0.002065 12.04 500 780 
4.768 2 -0.702456 -0.143848 -9.556279 -3.540039 -4.455566 -10.925293 3.64 3.64 1.1 1.2 0.8384 0.5950 0.4233 -0.0108 -0.069960 -0.000443 12.04 490 770 
4.801 2 -0.774380 -0.496274 -10.028579 -2.014160 10.284424 -1.007080 3.19 3.19 0.5 0.7 1.0548 0.7978 0.4241 -0.0108 -0.069960 -0.003168 12.03 500 780 
4.834 2 -0.724033 -0.887061 -9.714512 -1.312256 -11.444092 4.028320 3.35 3.35 1.1 1.2 0.3651 0.2705 0.4241 -0.0108 -0.069960 -0.001494 12.04 490 770 
4.867 2 -0.654507 -0.807944 -9.285366 -0.976562 10.681152 2.532959 3.15 3.15 0.8 0.9 0.7032 0.5950 0.4249 -0.0109 -0.069960 -0.003238 12.05 500 780 
4.900 2 -0.875073 -0.752803 -9.978232 -0.396729 -11.993408 2.929688 3.37 3.37 1.2 1.2 0.2569 0.2569 0.4251 -0.0109 -0.067369 -0.001203 12.03 490 770 
4.933 2 -0.335645 0.249336 -10.733432 0.915527 0.732422 -0.305176 3.58 3.58 -0.1 1.1 2.5558 0.5274 0.4261 -0.0110 -0.069960 -0.001493 12.04 500 780 
4.966 2 -0.724033 0.254131 -9.352495 0.732422 -7.568359 -0.091553 3.53 3.53 1.0 1.1 0.6897 0.5003 0.4265 -0.0110 -0.069960 -0.001694 12.02 500 780 
4.999 2 -0.700059 -0.745610 -9.798423 0.610352 11.810303 -1.953125 3.42 3.42 1.0 0.8 0.3245 0.6491 0.4271 -0.0110 -0.067369 -0.002240 12.03 500 780 
5.032 3 -0.635327 -0.426748 -10.275517 -0.366211 -10.833740 5.706787 1.43 1.43 0.1 0.1 0.4327 0.3516 0.4273 -0.0110 -0.069960 -0.001780 12.04 490 770 
5.065 3 -0.807944 -0.282900 -9.359687 -0.091553 -6.408691 -1.617432 0.71 0.71 0.0 0.0 0.2028 0.1893 0.4273 -0.0110 -0.069960 0.002517 12.03 490 770 
5.098 3 -0.709648 -0.280503 -9.839179 -0.152588 -7.354736 -0.366211 0.34 0.34 -0.0 -0.0 0.1352 0.1217 0.4273 -0.0110 -0.069960 0.006758 12.03 490 770 
5.131 3 -0.724033 -0.110283 -9.846372 -0.244141 -8.422852 0.213623 0.39 0.39 0.1 0.1 0.0947 0.0947 0.4273 -0.0110 -0.069960 0.011155 12.03 490 770 
5.164 3 -0.776777 -0.213374 -9.712114 -0.427246 -9.826660 0.183105 1.00 1.00 0.4 0.4 0.0811 0.0676 0.4273 -0.0110 -0.069960 0.016139 12.04 500 780 
5.197 3 -0.798354 -0.170220 -9.870346 -0.274658 -11.718750 0.244141 2.26 2.26 1.0 1.0 0.0676 0.0541 0.4273 -0.0110 -0.069960 0.021910 12.04 490 770 
5.230 3 -0.932612 -0.551416 -9.628202 0.152588 4.486084 -4.852295 3.16 3.16 0.7 0.6 0.8790 1.0277 0.4281 -0.0111 -0.069960 0.023210 12.02 500 780 
5.263 3 -0.493877 -0.429145 -10.402583 -1.312256 -11.474609 8.453369 4.75 4.75 1.8 1.8 0.5139 0.6085 0.4287 -0.0111 -0.067369 0.027205 12.01 500 780 
5.296 3 -0.623340 0.172617 -10.047758 3.936768 7.720947 -8.331299 5.00 5.00 0.9 0.8 1.8797 2.0960 0.4303 -0.0112 -0.067369 0.022973 12.02 500 780 
5.329 3 -0.956587 -0.215771 -9.182275 3.601074 13.519287 0.366211 5.44 5.44 1.4 1.7 1.5822 1.2035 0.4319 -0.0113 -0.067369 0.020851 12.01 490 770 
5.362 3 -0.175015 -0.254131 -10.862895 1.861572 0.640869 0.640869 5.36 5.36 1.2 0.5 1.7850 3.0697 0.4339 -0.0115 -0.067369 0.017215 12.04 490 780 
5.395 3 -0.958984 -0.074321 -9.709717 0.671387 3.051758 6.622314 5.04 5.04 0.3 1.4 3.0020 1.2306 0.4357 -0.0116 -0.069960 0.014173 12.04 500 780 
5.428 3 -1.069268 -0.129463 -9.925488 -1.190186 -12.481689 7.232666 5.18 5.18 0.9 0.5 2.3259 2.7586 0.4373 -0.0117 -0.069960 0.014602 12.03 500 780 
5.461 3 -0.378799 0.759995 -9.270981 3.082275 6.896973 -8.300781 5.34 5.34 0.9 1.1 2.3124 2.0825 0.4391 -0.0118 -0.072551 0.014315 12.02 500 790 
5.494 3 -0.920625 0.347632 -9.484355 0.701904 -1.617432 5.706787 5.27 5.27 1.4 1.4 1.5416 1.5416 0.4409 -0.0120 -0.069960 0.013751 12.03 500 770 
5.527 3 -1.258667 0.606558 -9.841577 0.854492 -1.129150 0.946045 5.13 5.13 0.7 1.2 2.4341 1.7580 0.4427 -0.0121 -0.072551 0.012628 12.04 500 780 
5.560 3 -0.424351 -0.047949 -9.915898 -1.586914 1.586914 11.596680 5.72 5.72 1.5 0.9 1.7309 2.4882 0.4447 -0.0122 -0.072551 0.014877 12.04 500 790 
5.593 3 -0.903843 -0.333247 -9.362084 1.098633 -7.781982 -4.272461 5.97 5.97 1.0 1.4 2.7451 2.1501 0.4469 -0.0124 -0.075143 0.014866 12.05 490 780 
5.626 3 -0.733623 -0.719238 -10.062143 -1.129150 3.051758 0.396729 5.94 5.94 1.6 0.5 1.7444 3.4348 0.4491 -0.0126 -0.072551 0.013408 12.03 490 770 
5.659 3 -0.966177 -0.026372 -9.954258 -0.030518 0.762939 1.617432 5.94 5.94 0.8 1.5 3.0832 2.0149 0.4516 -0.0128 -0.077734 0.012647 12.03 500 790 
5.692 3 -0.812739 -0.287695 -9.810410 -0.244141 -7.385254 4.150391 6.24 6.24 1.3 0.7 2.6775 3.4212 0.4540 -0.0129 -0.077734 0.013129 12.03 500 780 
5.725 3 -0.709648 -0.563403 -9.431611 2.349854 8.850098 4.638672 6.16 6.16 0.8 2.0 3.1643 1.2982 0.4566 -0.0131 -0.080325 0.011930 12.02 500 780 
5.758 3 -0.700059 -0.306875 -10.160439 0.976562 -4.333496 4.913330 6.43 6.43 1.5 0.8 2.4611 3.5024 0.4594 -0.0134 -0.080325 0.012416 12.04 490 770 
5.791 3 -0.843906 0.074321 -9.798423 -0.183105 -5.920410 3.479004 6.55 6.55 1.0 1.6 3.3401 2.3529 0.4620 -0.0136 -0.082916 0.012267 12.02 500 780 
5.824 3 -0.865483 0.724033 -9.927885 0.305176 1.037598 1.495361 6.87 6.87 0.8 1.6 3.9081 2.5964 0.4650 -0.0138 -0.085507 0.012514 12.04 500 780 
5.857 3 -0.445928 -0.261323 -10.146054 1.770020 6.500244 -3.448486 6.82 6.82 0.4 1.4 4.3273 2.9750 0.4682 -0.0141 -0.085507 0.011008 12.04 490 780 
5.890 3 -0.810342 -0.582583 -9.791230 1.098633 5.981445 -5.706787 7.28 7.28 1.4 1.6 3.3131 2.9615 0.4718 -0.0144 -0.085507 0.011929 12.04 500 790 
5.923 3 -0.369209 -0.836714 -10.100503 0.671387 6.561279 -0.854492 7.22 7.22 1.6 1.2 2.9750 3.5970 0.4750 -0.0147 -0.085507 0.010382 12.03 490 770 
5.956 3 -0.937407 0.076719 -9.273378 0.305176 6.744385 -6.530762 7.46 7.46 0.6 1.4 4.6248 3.5024 0.4788 -0.0150 -0.088098 0.010234 12.02 500 790 
5.989 3 -0.529839 0.100693 -9.743281 -0.823975 3.143311 -3.173828 7.16 7.16 1.2 1.5 3.5024 3.0561 0.4822 -0.0153 -0.085507 0.008367 12.02 500 780 
6.022 3 -0.635327 -0.342837 -10.016591 0.396729 2.777100 -4.730225 7.57 7.57 1.7 1.5 3.1778 3.4753 0.4858 -0.0156 -0.085507 0.009960 12.03 500 780 
6.055 3 -1.294629 -0.421953 -9.184672 -0.457764 0.396729 1.037598 7.36 7.36 1.0 1.4 3.9757 3.4077 0.4898 -0.0159 -0.085507 0.007928 12.05 500 780 
6.088 3 -0.877471 -0.457915 -10.213183 -0.091553 -7.659912 -2.288818 8.01 8.01 1.0 1.2 4.6924 4.3678 0.4938 -0.0163 -0.085507 0.010147 12.05 490 770 
6.121 3 -0.505864 -0.234951 -9.772051 0.549316 0.732422 -0.762939 7.82 7.82 0.8 1.2 4.6518 4.3002 0.4980 -0.0166 -0.082916 0.008203 12.05 500 790 
6.154 3 -0.640122 -0.045552 -9.983027 -0.122070 -1.800537 -7.232666 7.98 7.98 1.2 1.6 4.3949 3.8134 0.5020 -0.0170 -0.082916 0.008445 12.03 490 770 
6.187 3 -0.354824 -0.172617 -9.760063 -0.122070 1.556396 0.823975 7.99 7.99 1.2 0.9 4.2596 4.8411 0.5062 -0.0173 -0.080325 0.007531 12.02 500 780 
6.220 3 -0.577788 0.302080 -9.983027 -0.030518 1.708984 -4.699707 8.31 8.31 1.3 1.2 4.4625 4.7194 0.5106 -0.0177 -0.080325 0.008370 12.03 500 780 
6.253 3 -0.635327 -0.043154 -9.426816 -0.610352 0.885010 0.305176 8.24 8.24 1.0 1.2 4.8546 4.6518 0.5152 -0.0180 -0.077734 0.006956 12.04 500 790 
6.286 3 -1.414502 0.335645 -9.146314 0.213623 -1.495361 -3.845215 8.42 8.42 0.7 1.5 5.3820 4.2732 0.5198 -0.0184 -0.080325 0.007141 12.04 500 790 
6.319 3 -0.340439 0.009590 -9.855962 0.610352 -1.129150 -5.950928 8.56 8.56 1.0 1.6 5.0981 4.3137 0.5242 -0.0188 -0.080325 0.007178 12.04 500 790 
6.352 3 -0.966177 -0.011987 -9.139121 -0.823975 -2.014160 1.312256 8.65 8.65 1.2 1.2 4.9223 5.0981 0.5290 -0.0191 -0.075143 0.006521 12.02 490 790 
6.385 3 -0.788765 0.016782 -10.256337 -0.152588 1.800537 -6.927490 8.88 8.88 1.2 1.8 5.1927 4.1650 0.5340 -0.0195 -0.077734 0.006784 12.03 500 790 
6.418 3 -1.035703 0.076719 -9.925488 -1.770020 0.549316 3.845215 8.75 8.75 1.1 0.9 5.2333 5.6254 0.5390 -0.0199 -0.075143 0.005262 12.04 500 800 
6.451 3 -0.187002 -0.175015 -10.090913 -0.946045 3.265381 0.183105 9.07 9.07 1.5 1.3 4.8546 5.2333 0.5440 -0.0203 -0.077734 0.006263 12.02 500 780 
6.484 3 -0.939805 0.364414 -9.002465 -0.335693 -1.800537 -6.530762 9.16 9.16 1.0 1.5 5.7471 5.0710 0.5492 -0.0207 -0.077734 0.005709 12.03 500 790 
6.517 3 -0.812739 -0.088706 -9.419623 -0.061035 -2.105713 -0.549316 9.17 9.17 1.4 0.9 5.0169 5.9500 0.5542 -0.0211 -0.075143 0.004847 12.02 500 790 
6.550 3 -0.839111 0.606558 -9.716908 -0.030518 2.227783 -1.312256 9.49 9.49 1.6 0.8 5.0575 6.3421 0.5598 -0.0215 -0.075143 0.005566 12.04 500 790 
6.583 3 -0.951792 0.443530 -9.894321 -0.274658 4.425049 -6.713867 9.78 9.78 1.5 1.6 5.4496 5.4496 0.5650 -0.0219 -0.075143 0.005844 12.04 500 780 
6.616 3 -0.654507 -0.148643 -9.930283 0.427246 -3.082275 -1.586914 9.84 9.84 1.2 1.0 5.9770 6.4909 0.5709 -0.0223 -0.072551 0.004731 12.05 500 790 
6.649 3 -0.484287 0.115078 -10.287504 1.525879 8.422852 -3.234863 9.85 9.85 1.5 0.9 5.4902 6.5315 0.5767 -0.0227 -0.069960 0.003877 12.03 500 790 
6.682 3 -0.484287 -0.244541 -9.539496 0.274658 -3.967285 -7.232666 9.78 9.78 1.2 1.5 5.9500 5.5984 0.5823 -0.0231 -0.069960 0.003277 12.03 490 780 
6.715 3 -1.038101 -0.393184 -9.640190 -0.244141 -4.486084 -3.784180 9.77 9.77 1.4 1.0 5.6795 6.3692 0.5879 -0.0235 -0.064778 0.002969 12.04 490 790 
6.748 3 -0.764790 -0.601763 -9.637793 2.044678 3.448486 -5.798340 9.88 9.88 1.7 1.5 5.1521 5.6795 0.5937 -0.0239 -0.062187 0.003238 12.02 500 800 
6.781 3 -0.601763 -0.194194 -10.395391 -1.464844 3.692627 3.265381 10.35 10.35 1.8 1.9 5.4632 5.5578 0.5995 -0.0242 -0.059596 0.004543 12.02 500 790 
6.814 3 -0.318862 -0.175015 -9.975835 1.190186 1.281738 -2.288818 10.49 10.49 1.4 1.5 6.1934 6.1934 0.6055 -0.0246 -0.059596 0.003846 12.03 490 770 
6.847 3 -0.589775 0.438735 -9.654575 -0.305176 -0.213623 -1.098633 10.48 10.48 1.0 1.3 6.8290 6.4909 0.6119 -0.0250 -0.059596 0.002756 12.02 500 780 
6.880 3 -1.460054 -0.592173 -9.280571 -0.549316 1.831055 -3.387451 10.38 10.38 0.9 1.2 6.7613 6.3692 0.6177 -0.0253 -0.057005 0.001719 12.05 490 790 
6.913 3 -0.671289 -0.390786 -9.911103 -1.678467 5.371094 1.739502 10.52 10.52 1.3 1.4 6.2881 6.2881 0.6240 -0.0257 -0.059596 0.002107 12.04 500 780 
6.946 3 -1.285039 -0.170220 -9.374072 0.091553 -4.119873 3.997803 10.70 10.70 1.7 1.1 6.0041 6.9236 0.6300 -0.0261 -0.059596 0.002441 12.04 490 780 
6.979 3 -0.656904 -0.002397 -9.817602 1.525879 -3.967285 1.098633 10.65 10.65 1.5 1.2 6.2881 6.6261 0.6362 -0.0265 -0.062187 0.001839 12.03 500 780 
7.012 3 -1.169961 -0.124668 -9.469971 -0.030518 -0.701904 0.122070 10.63 10.63 1.3 1.6 6.5585 5.9770 0.6424 -0.0269 -0.064778 0.001393 12.04 500 790 
7.045 3 -0.771982 0.031167 -9.573061 -0.061035 3.356934 -0.274658 10.56 10.56 1.1 1.7 6.7613 5.8418 0.6488 -0.0273 -0.064778 0.000775 12.04 500 790 
7.078 3 -0.776777 0.143848 -9.357289 -0.823975 2.441406 6.134033 10.34 10.34 1.5 1.0 6.0582 6.7884 0.6550 -0.0277 -0.067369 -0.000219 12.02 500 790 
7.111 3 -0.985356 0.016782 -10.021386 0.976562 0.152588 1.647949 10.53 10.53 1.9 1.5 5.6795 6.1934 0.6612 -0.0281 -0.069960 0.001113 12.04 500 790 
7.144 3 -0.352427 -0.666494 -10.850908 0.396729 0.305176 -1.647949 10.93 10.93 1.8 2.0 6.2204 5.8012 0.6676 -0.0285 -0.069960 0.002603 12.01 490 780 
7.177 3 -0.805547 -0.745610 -9.340508 0.610352 1.281738 -4.180908 11.04 11.04 1.4 1.9 6.7613 6.0311 0.6743 -0.0290 -0.067369 0.002047 12.03 500 790 
7.210 3 -0.376401 0.002397 -9.664165 0.122070 3.753662 -3.540039 11.00 11.00 1.2 1.7 7.1535 6.3962 0.6811 -0.0294 -0.067369 0.000961 12.02 510 800 
7.243 3 -1.249077 -0.275708 -9.503535 0.885010 1.892090 -3.265381 10.95 10.95 1.0 1.6 7.3428 6.5315 0.6877 -0.0299 -0.064778 0.000046 12.04 500 790 
7.276 3 -0.757598 -0.318862 -9.870346 1.281738 1.495361 -1.312256 10.74 10.74 1.1 1.2 6.9642 6.9642 0.6943 -0.0303 -0.067369 -0.000985 12.05 500 790 
7.309 3 -0.951792 -0.678481 -9.589844 -0.854492 -1.129150 0.213623 10.86 10.86 1.6 1.0 6.3421 7.4240 0.7009 -0.0308 -0.064778 -0.000162 12.04 500 780 
7.342 3 -0.606558 -0.050347 -10.038169 -0.640869 -5.249023 3.540039 11.24 11.24 1.5 0.9 6.9642 7.8567 0.7077 -0.0312 -0.064778 0.001240 12.04 500 790 
7.375 3 -0.436338 1.124409 -9.776845 -0.122070 -1.861572 -1.647949 11.34 11.34 1.6 0.9 6.7884 7.9513 0.7145 -0.0316 -0.064778 0.000981 12.03 500 780 
7.408 3 -0.942202 -0.038359 -9.565868 -0.122070 -0.671387 -7.263184 11.15 11.15 1.0 1.2 7.5457 7.3428 0.7213 -0.0321 -0.064778 -0.000450 12.03 500 780 
7.441 3 -0.824727 -0.141450 -9.784038 0.549316 1.739502 -7.110596 11.06 11.06 1.6 1.3 6.6532 6.9642 0.7284 -0.0325 -0.062187 -0.000816 12.04 500 790 
7.474 3 -0.982959 -0.160630 -9.306943 0.610352 0.091553 -4.058838 11.05 11.05 1.1 1.1 7.3428 7.3834 0.7352 -0.0329 -0.062187 -0.001033 12.03 490 780 
7.507 3 -0.688071 -0.069526 -9.621011 0.457764 -0.091553 -1.281738 11.13 11.13 1.4 1.3 6.8290 7.2211 0.7420 -0.0334 -0.062187 -0.000689 12.03 500 790 
7.540 3 -0.958984 0.637725 -10.004604 0.244141 2.655029 -1.647949 11.64 11.64 1.4 1.2 7.3023 7.6809 0.7490 -0.0338 -0.059596 0.000958 12.03 500 790 
7.573 3 -0.498672 0.280503 -9.611421 0.762939 4.364014 -3.356934 11.72 11.72 1.4 1.0 7.3428 8.1407 0.7562 -0.0342 -0.059596 0.000114 12.04 500 790 
7.606 3 -0.877471 0.244541 -9.702524 1.647949 2.593994 -2.319336 11.54 11.54 1.6 1.8 6.9236 6.8560 0.7634 -0.0347 -0.059596 -0.001058 12.04 490 790 
7.639 3 -0.647314 0.143848 -10.095708 0.488281 3.021240 -0.518799 11.39 11.39 2.3 1.1 5.7201 7.6809 0.7707 -0.0351 -0.054414 -0.001720 12.04 500 790 
7.672 3 -0.690469 0.028770 -9.640190 -1.586914 -6.988525 1.617432 11.48 11.48 1.6 0.9 6.9642 8.0866 0.7777 -0.0354 -0.051822 -0.001199 12.04 500 790 
7.705 3 -1.424092 -0.151040 -9.326122 -1.678467 -6.958008 0.396729 11.72 11.72 1.3 1.4 7.5862 7.5862 0.7845 -0.0358 -0.051822 -0.000298 12.04 500 780 
7.738 3 -0.791162 0.203784 -9.589844 0.183105 -2.593994 -3.387451 11.65 11.65 1.4 1.4 7.3834 7.4240 0.7917 -0.0362 -0.051822 -0.000929 12.04 500 780 
7.771 3 -0.673687 -0.400376 -9.498740 0.518799 -6.500244 0.732422 11.62 11.62 1.3 1.2 7.4645 7.6809 0.7989 -0.0365 -0.051822 -0.001304 12.03 500 790 
7.804 3 -1.220308 -0.740815 -9.362084 -0.061035 -4.272461 1.678467 11.75 11.75 1.1 1.4 7.8973 7.4645 0.8060 -0.0369 -0.049231 -0.000907 12.04 490 780 
7.837 3 -0.879868 -0.230156 -9.858359 -0.488281 0.396729 3.784180 11.66 11.66 1.2 1.0 7.6809 7.9513 0.8132 -0.0373 -0.049231 -0.001591 12.04 490 780 
7.870 3 -0.350029 -1.536772 -10.532045 0.976562 -2.197266 5.706787 11.89 11.89 1.2 1.6 7.8567 7.3428 0.8202 -0.0376 -0.051822 -0.000615 12.04 500 790 
7.903 3 -0.381196 -1.042895 -9.707319 0.946045 4.425049 3.051758 12.04 12.04 0.6 1.3 8.9520 7.7620 0.8276 -0.0380 -0.054414 -0.000694 12.04 500 790 
7.936 3 -0.203784 -0.345234 -9.577856 1.708984 2.349854 5.279541 11.85 11.85 1.4 1.2 7.4645 7.7620 0.8348 -0.0384 -0.054414 -0.001875 12.04 500 780 
7.969 3 -1.078857 -0.503467 -10.129272 -0.152588 1.007080 4.852295 11.85 11.85 1.5 1.2 7.3834 7.8973 0.8422 -0.0388 -0.057005 -0.001886 12.02 500 800 
8.002 3 -0.606558 0.134258 -10.455327 0.671387 3.448486 1.708984 11.85 11.85 1.3 1.8 7.6268 6.9236 0.8495 -0.0392 -0.057005 -0.001758 12.03 490 770 
8.035 3 -0.191797 -0.503467 -9.889526 0.915527 4.089355 2.868652 11.92 11.92 2.2 1.8 6.3421 6.9642 0.8571 -0.0397 -0.057005 -0.001365 12.04 500 790 
8.068 3 -0.728828 -0.359619 -10.438544 -0.335693 5.554199 -0.793457 11.99 11.99 1.7 1.8 7.1535 7.1129 0.8643 -0.0401 -0.057005 -0.001416 12.04 490 780 
8.101 3 -0.299683 0.069526 -10.165234 -0.122070 1.373291 -1.403809 11.71 11.71 1.5 1.1 7.2617 7.8973 0.8717 -0.0405 -0.059596 -0.002842 12.03 500 790 
8.134 3 -0.565801 0.079116 -10.052553 0.274658 1.800537 -5.249023 11.68 11.68 1.6 1.7 7.1806 7.0048 0.8791 -0.0409 -0.057005 -0.002354 12.02 500 790 
8.167 3 -1.162768 0.381196 -9.597035 0.091553 -0.488281 -4.089355 11.72 11.72 1.7 1.4 7.0724 7.4645 0.8864 -0.0413 -0.057005 -0.001992 12.04 490 780 
8.200 3 -0.992549 -0.522646 -9.680947 -0.549316 -5.065918 -3.051758 11.77 11.77 1.2 1.1 7.8161 8.0460 0.8938 -0.0418 -0.054414 -0.001988 12.03 500 790 
8.233 3 -0.851099 -0.127065 -9.714512 -0.885010 -2.502441 -2.227783 11.99 11.99 1.4 1.3 7.7215 7.8161 0.9012 -0.0422 -0.057005 -0.001301 12.03 500 780 
8.266 3 -0.666494 -0.481890 -9.903911 -0.183105 2.227783 -1.068115 11.57 11.57 1.5 0.9 7.1806 8.0460 0.9086 -0.0426 -0.054414 -0.003363 12.03 490 780 
8.299 3 -0.632930 0.143848 -9.798423 0.305176 -5.981445 0.732422 11.72 11.72 1.6 0.6 7.3023 8.7762 0.9160 -0.0430 -0.051822 -0.002341 12.03 500 790 
8.332 3 -0.970972 -0.395581 -10.021386 -0.488281 -1.007080 -1.983643 11.97 11.97 1.1 1.4 8.1948 7.6809 0.9234 -0.0434 -0.054414 -0.001368 12.04 490 780 
8.365 3 -0.232554 0.263721 -9.582651 -0.549316 1.068115 -2.716064 11.76 11.76 0.9 1.5 8.2353 7.4240 0.9309 -0.0438 -0.051822 -0.002588 12.04 500 790 
8.398 3 -0.100693 -0.793560 -9.757666 1.800537 -1.007080 -8.026123 12.13 12.13 1.3 1.7 8.0866 7.4645 0.9383 -0.0442 -0.054414 -0.001119 12.04 500 770 
8.431 3 -1.110024 0.191797 -9.642588 1.281738 5.126953 -7.843018 11.83 11.83 0.9 1.6 8.2894 7.2211 0.9459 -0.0446 -0.054414 -0.002952 12.02 500 790 
8.464 3 -0.508262 -0.023975 -9.966245 1.892090 -4.028320 -4.486084 11.78 11.78 1.1 1.7 7.9513 7.1806 0.9535 -0.0450 -0.049231 -0.003008 12.04 500 790 
8.497 3 -0.517852 -1.009331 -9.659369 0.305176 -0.579834 -3.601074 12.19 12.19 1.1 1.5 8.1407 7.8973 0.9609 -0.0453 -0.046640 -0.001408 12.03 490 790 
8.530 3 -0.484287 -0.254131 -10.069336 0.030518 2.166748 -4.241943 12.11 12.11 1.2 1.5 7.9919 7.6809 0.9686 -0.0457 -0.041458 -0.002314 12.03 500 790 
8.563 3 -0.426748 -0.544224 -10.028579 -0.640869 5.371094 -3.234863 12.21 12.21 1.1 1.7 8.2353 7.5051 0.9762 -0.0460 -0.041458 -0.002157 12.03 500 790 
8.596 3 -0.748008 -0.340439 -9.462778 0.762939 6.103516 -1.190186 12.00 12.00 1.2 1.3 7.8567 7.8973 0.9838 -0.0463 -0.041458 -0.003257 12.02 490 780 
8.629 3 -1.253872 0.146245 -9.553882 -0.335693 -1.190186 3.875732 12.14 12.14 1.3 1.8 7.8567 7.1535 0.9912 -0.0466 -0.038867 -0.002497 12.03 490 790 
8.662 3 -0.225361 0.357222 -9.609023 -1.129150 0.823975 5.462646 12.30 12.30 1.2 1.4 8.1948 7.8973 0.9991 -0.0470 -0.041458 -0.002177 12.04 500 790 
8.695 3 -0.827124 -0.486685 -10.016591 1.342773 2.990723 6.103516 12.03 12.03 1.5 1.1 7.4645 8.1407 1.0063 -0.0473 -0.041458 -0.003414 12.04 500 790 
8.728 3 0.139053 -0.333247 -10.601572 0.213623 -1.617432 8.117676 12.17 12.17 2.0 1.3 6.9236 7.9513 1.0139 -0.0476 -0.041458 -0.002354 12.03 490 780 
8.761 3 -0.803149 0.206182 -9.249404 1.312256 6.713867 2.441406 12.03 12.03 1.4 1.6 7.7215 7.3834 1.0213 -0.0479 -0.044049 -0.002985 12.03 490 770 
8.794 3 -0.532236 0.165425 -10.395391 -0.305176 -2.777100 4.150391 11.92 11.92 1.8 1.7 7.0724 7.1806 1.0290 -0.0483 -0.044049 -0.002948 12.02 500 790 
8.827 3 -1.119614 -0.203784 -9.843974 -0.427246 3.356934 -0.244141 12.23 12.23 1.4 1.8 7.9513 7.2211 1.0364 -0.0486 -0.046640 -0.001640 12.04 500 790 
8.860 3 -0.007192 -0.218169 -10.750215 0.183105 10.192871 -1.678467 12.01 12.01 2.0 1.4 6.6937 7.6809 1.0440 -0.0490 -0.046640 -0.002812 12.03 490 770 
8.893 3 -0.870278 -0.817534 -9.805614 1.770020 2.563477 -2.410889 11.91 11.91 1.7 1.5 7.1129 7.5862 1.0516 -0.0493 -0.046640 -0.003053 12.03 500 790 
8.926 3 -0.918227 0.568198 -9.772051 0.579834 -1.953125 -0.366211 11.83 11.83 1.4 1.3 7.5862 7.7620 1.0588 -0.0497 -0.046640 -0.003196 12.03 490 780 
8.959 3 -0.817534 -0.086309 -9.690536 -0.610352 -5.249023 1.098633 11.84 11.84 1.5 1.2 7.5457 7.9919 1.0665 -0.0500 -0.046640 -0.002792 12.03 490 790 
8.992 3 -0.549019 -0.139053 -9.906308 -0.610352 -3.631592 -2.258301 11.97 11.97 1.3 1.5 7.8973 7.6268 1.0739 -0.0504 -0.044049 -0.001996 12.04 490 790 
9.025 3 -0.896650 -0.275708 -9.736089 -0.946045 -4.730225 -3.417969 11.81 11.81 1.2 1.2 7.9919 7.8567 1.0813 -0.0507 -0.046640 -0.002671 12.03 500 790 
9.058 3 -0.731226 -0.359619 -9.901513 -0.488281 -4.852295 -1.159668 11.84 11.84 1.2 0.8 7.9919 8.6680 1.0887 -0.0510 -0.044049 -0.002409 12.03 500 780 
9.091 3 -0.393184 -0.795957 -10.018989 -0.366211 -0.030518 -2.532959 11.74 11.74 1.2 1.6 7.8973 7.1806 1.0962 -0.0513 -0.041458 -0.002478 12.02 500 800 
9.124 3 -0.664097 -0.479492 -9.434009 -1.007080 -0.061035 -1.281738 11.68 11.68 1.4 1.5 7.5051 7.2617 1.1036 -0.0517 -0.044049 -0.002587 12.03 500 780 
9.157 3 -0.779175 -0.582583 -9.867949 0.122070 -1.281738 -5.767822 11.73 11.73 1.1 1.4 8.0460 7.5457 1.1110 -0.0520 -0.041458 -0.002469 12.04 490 790 
9.190 3 -0.724033 0.486685 -9.786435 0.488281 -0.762939 -6.286621 11.65 11.65 1.3 1.5 7.6809 7.3023 1.1184 -0.0523 -0.044049 -0.002670 12.03 500 790 
9.223 3 -0.896650 -0.071924 -9.649780 0.457764 -5.279541 -3.631592 11.75 11.75 1.2 1.3 7.8161 7.6809 1.1259 -0.0526 -0.041458 -0.002180 12.04 500 790 
9.256 3 -0.726431 -0.759995 -9.896718 2.105713 -4.089355 -0.274658 12.05 12.05 1.0 1.3 8.2894 7.9513 1.1333 -0.0529 -0.038867 -0.001277 12.04 500 790 
9.289 3 -0.381196 -0.028770 -9.959052 1.617432 1.464844 -3.845215 12.01 12.01 1.5 1.3 7.4645 7.9513 1.1409 -0.0532 -0.038867 -0.001937 12.02 500 790 
9.322 3 -1.038101 -0.227759 -9.532305 0.000000 1.434326 -2.319336 11.89 11.89 1.4 1.1 7.5457 8.1407 1.1483 -0.0535 -0.036276 -0.002792 12.04 500 790 
9.355 3 -0.381196 -0.433940 -9.680947 -0.213623 3.845215 -0.915527 11.75 11.75 1.8 1.6 6.7208 7.2617 1.1558 -0.0538 -0.033685 -0.003128 12.03 490 780 
9.388 3 -0.843906 0.323657 -9.597035 1.281738 1.617432 -0.305176 11.62 11.62 1.3 1.5 7.3834 7.2617 1.1630 -0.0540 -0.033685 -0.003410 12.03 490 790 
9.421 3 -0.716841 -0.688071 -9.896718 2.105713 5.767822 0.549316 11.87 11.87 2.0 1.6 6.4909 7.1806 1.1704 -0.0542 -0.031093 -0.001843 12.03 500 790 
9.454 3 -0.920625 -0.414761 -9.877539 1.342773 6.683350 -2.014160 11.83 11.83 2.0 1.1 6.5585 7.8973 1.1776 -0.0545 -0.031093 -0.002190 12.03 500 790 
9.487 3 -1.261064 -0.263721 -9.294956 0.122070 3.448486 -1.098633 11.65 11.65 1.3 1.6 7.3834 7.0318 1.1847 -0.0547 -0.033685 -0.002948 12.03 490 780 
9.520 3 -1.093242 0.652109 -9.230225 -1.495361 2.716064 2.960205 11.53 11.53 1.5 1.1 7.1535 7.6809 1.1921 -0.0550 -0.036276 -0.003064 12.05 500 790 
9.553 3 -0.923022 0.556211 -9.635395 0.061035 -2.105713 3.906250 11.47 11.47 1.7 1.1 6.8966 7.6268 1.1993 -0.0552 -0.036276 -0.002594 12.04 500 790 
9.586 3 -1.131602 0.227759 -9.762461 0.396729 -3.570557 2.288818 11.66 11.66 1.8 1.1 6.8290 7.7215 1.2061 -0.0555 -0.036276 -0.001236 12.03 500 780 
9.619 3 -1.059678 0.040757 -9.537099 -0.335693 -0.976562 -0.610352 11.46 11.46 1.9 1.3 6.5585 7.3023 1.2134 -0.0557 -0.036276 -0.002028 12.02 500 790 
9.652 3 -1.030908 0.019180 -9.457983 0.244141 -0.915527 -4.638672 11.66 11.66 1.2 1.7 7.8161 6.8966 1.2206 -0.0560 -0.041458 -0.001262 12.02 500 790 
9.685 3 -0.769585 0.311670 -9.093569 0.427246 1.770020 0.122070 11.55 11.55 1.2 1.3 7.7215 7.5051 1.2278 -0.0563 -0.041458 -0.001991 12.04 500 790 
9.718 3 -0.795957 0.079116 -9.688139 -0.671387 -2.471924 2.593994 11.37 11.37 1.2 1.0 7.5457 7.7620 1.2352 -0.0566 -0.038867 -0.002708 12.05 500 790 
9.751 3 -0.558608 0.230156 -9.654575 -1.281738 -3.814697 6.652832 11.36 11.36 1.0 0.4 7.8567 8.7221 1.2425 -0.0569 -0.038867 -0.002510 12.03 500 790 
9.784 3 -0.908638 0.083911 -8.937734 -0.213623 -4.455566 -1.037598 11.52 11.52 1.1 1.1 7.9513 7.7620 1.2495 -0.0572 -0.041458 -0.001515 12.04 500 790 
9.817 3 -0.527441 0.328452 -9.644985 -2.166748 3.753662 0.152588 11.32 11.32 1.1 1.1 7.5862 7.6268 1.2567 -0.0575 -0.041458 -0.002477 12.03 490 790 
9.850 3 -1.098037 -0.393184 -9.611421 0.091553 -2.929688 1.770020 11.45 11.45 1.2 1.1 7.5862 7.7620 1.2639 -0.0577 -0.041458 -0.001738 12.03 500 790 
9.883 3 -0.338042 -0.374004 -10.172426 -0.030518 1.617432 0.823975 11.59 11.59 2.1 1.3 6.2204 7.5457 1.2711 -0.0580 -0.036276 -0.001114 12.03 490 790 
9.916 3 -0.575391 -0.366812 -9.760063 0.701904 2.136230 0.915527 11.60 11.60 1.3 1.5 7.5051 7.2617 1.2786 -0.0583 -0.038867 -0.001545 12.04 500 790 
9.949 3 -0.733623 0.139053 -10.479301 -0.183105 0.701904 -1.861572 11.70 11.70 1.9 1.7 6.7884 7.0318 1.2858 -0.0586 -0.038867 -0.001090 12.02 500 790 
9.982 3 -0.932612 -0.155835 -10.217978 0.335693 4.333496 -1.770020 11.68 11.68 1.7 1.2 7.0048 7.8161 1.2932 -0.0589 -0.036276 -0.001475 12.03 490 780 
10.015 3 -0.318862 -0.326055 -10.649521 -0.091553 -0.610352 -0.030518 11.65 11.65 1.5 1.5 7.3428 7.3834 1.3004 -0.0591 -0.036276 -0.001652 12.03 500 780 
10.048 3 -0.414761 0.426748 -10.170029 0.518799 5.187988 -3.051758 11.71 11.71 1.5 1.6 7.3428 7.1129 1.3077 -0.0594 -0.036276 -0.001304 12.04 500 780 
10.081 3 -0.733623 -0.119873 -9.532305 -0.122070 -0.549316 -2.349854 11.72 11.72 1.6 1.0 7.2211 8.0460 1.3151 -0.0597 -0.033685 -0.001555 12.02 490 790 
10.114 3 -0.901445 -0.467505 -9.836782 1.281738 -0.366211 -9.887695 11.59 11.59 1.1 1.5 7.8161 7.3023 1.3223 -0.0599 -0.033685 -0.002126 12.04 500 790 
10.147 3 -1.088447 -0.381196 -9.328520 1.220703 -4.241943 -9.887695 11.53 11.53 1.2 1.5 7.6268 7.1535 1.3295 -0.0602 -0.033685 -0.002215 12.03 500 790 
10.180 3 -0.714443 -0.318862 -10.146054 1.647949 -2.655029 -6.347656 11.32 11.32 1.4 1.2 7.0724 7.4645 1.3366 -0.0604 -0.031093 -0.002706 12.03 490 770 
10.213 3 -1.009331 -0.261323 -9.489150 -0.122070 -5.615234 0.671387 11.71 11.71 1.1 1.2 7.8973 7.8161 1.3436 -0.0606 -0.028502 -0.000872 12.04 490 780 
10.247 3 -1.205923 0.278105 -9.541894 -0.122070 -0.274658 -0.732422 11.56 11.56 1.3 0.8 7.4240 8.1948 1.3508 -0.0608 -0.028502 -0.001786 12.03 500 790 
10.280 3 -0.944600 -0.441133 -9.450790 0.915527 1.037598 1.770020 11.37 11.37 1.4 1.5 7.0724 7.0318 1.3579 -0.0610 -0.025911 -0.002229 12.04 500 790 
10.313 3 -0.412363 0.824727 -9.656972 0.061035 0.732422 2.075195 11.42 11.42 1.4 1.0 7.1129 7.6809 1.3649 -0.0612 -0.028502 -0.001801 12.04 500 790 
10.346 3 -0.795957 1.081255 -9.220634 -0.396729 1.739502 5.798340 11.25 11.25 1.5 1.0 6.7884 7.5457 1.3717 -0.0614 -0.028502 -0.002215 12.02 500 790 
10.379 3 -0.546621 0.381196 -9.465176 -0.335693 -1.831055 6.134033 11.41 11.41 1.6 1.1 6.8560 7.5862 1.3787 -0.0616 -0.031093 -0.001019 12.03 500 780 
10.412 3 -0.508262 -0.091104 -10.313877 0.030518 3.021240 0.793457 11.52 11.52 1.7 1.1 6.8560 7.5051 1.3858 -0.0618 -0.033685 -0.000575 12.04 490 790 
10.445 3 -0.733623 -1.301821 -9.551484 0.549316 -2.075195 -2.319336 11.37 11.37 1.2 1.3 7.4645 7.1129 1.3928 -0.0621 -0.036276 -0.001374 12.04 490 780 
10.478 3 -0.369209 -0.175015 -10.141259 -0.579834 1.007080 1.037598 11.12 11.12 1.2 1.8 7.2211 6.1934 1.3996 -0.0623 -0.036276 -0.001971 12.04 500 790 
10.511 3 -0.546621 -0.649712 -10.282710 0.305176 -0.030518 -4.394531 11.35 11.35 0.6 2.0 8.4517 6.1123 1.4066 -0.0626 -0.038867 -0.000782 12.03 500 790 
10.544 3 -0.359619 -0.129463 -9.800820 0.793457 -0.030518 4.425049 11.15 11.15 0.9 1.6 7.7215 6.5856 1.4135 -0.0628 -0.038867 -0.001659 12.02 500 800 
10.577 3 -0.644917 -0.222964 -10.004604 -0.610352 -0.610352 -0.518799 11.40 11.40 1.5 1.6 7.0048 6.7884 1.4203 -0.0631 -0.038867 -0.000389 12.04 500 780 
10.610 3 -0.776777 -0.707251 -9.479560 0.579834 6.500244 -1.190186 11.20 11.20 1.4 1.4 6.8966 7.0048 1.4273 -0.0633 -0.036276 -0.001559 12.03 490 790 
10.643 3 -0.227759 -0.175015 -10.249146 -0.335693 4.089355 1.678467 10.93 10.93 1.4 1.7 6.6532 6.4368 1.4343 -0.0636 -0.038867 -0.002272 12.04 500 800 
10.676 3 -0.587378 -0.206182 -9.889526 -0.762939 0.183105 0.823975 10.97 10.97 1.6 1.8 6.3962 6.3692 1.4411 -0.0639 -0.033685 -0.001444 12.03 490 790 
10.709 3 -0.712046 -0.155835 -10.119682 -0.701904 -4.272461 -2.685547 11.00 11.00 1.4 1.7 6.9236 6.5315 1.4480 -0.0641 -0.033685 -0.000897 12.03 490 790 
10.742 3 -0.568198 -0.771982 -10.476904 -0.366211 -3.021240 -4.943848 11.22 11.22 1.1 2.3 7.6268 5.7471 1.4548 -0.0643 -0.033685 0.000284 12.03 500 790 
10.775 3 -0.800752 -0.601763 -9.700127 0.152588 -1.495361 -5.004883 11.24 11.24 1.1 1.3 7.5862 7.1535 1.4618 -0.0646 -0.036276 -0.000189 12.03 500 790 
10.808 3 -0.378799 -0.210977 -10.342647 0.091553 2.258301 -1.464844 10.75 10.75 1.2 1.0 6.8966 7.3023 1.4684 -0.0648 -0.033685 -0.002330 12.04 500 780 
10.841 3 -1.050088 -0.067129 -9.306943 -1.190186 -8.789062 0.762939 10.89 10.89 1.5 1.0 6.6532 7.4240 1.4753 -0.0651 -0.033685 -0.001013 12.04 490 770 
10.874 3 -0.990151 -0.443530 -9.714512 -1.708984 3.509521 0.396729 10.99 10.99 1.1 0.6 7.1535 7.9919 1.4821 -0.0653 -0.033685 -0.000738 12.03 500 790 
10.907 3 -0.220566 0.630532 -10.275517 -1.434326 2.899170 3.753662 11.09 11.09 1.8 0.8 6.3151 7.8567 1.4889 -0.0655 -0.033685 -0.000294 12.03 500 800 
10.940 3 -0.827124 -0.146245 -9.841577 1.373291 1.770020 -2.319336 11.16 11.16 1.5 1.1 6.8560 7.3834 1.4957 -0.0657 -0.033685 -0.000282 12.04 500 780 
10.973 3 -1.035703 0.196592 -9.848769 2.044678 3.570557 -8.666992 11.02 11.02 2.1 1.3 5.7742 7.0318 1.5028 -0.0660 -0.031093 -0.000891 12.04 500 790 
11.006 3 -0.381196 0.563403 -10.376210 1.068115 -4.425049 -8.117676 10.98 10.98 1.3 1.2 7.0724 7.1806 1.5096 -0.0662 -0.031093 -0.001014 12.04 490 770 
11.039 3 -0.812739 0.242144 -9.671357 1.373291 -4.486084 -7.598877 11.16 11.16 1.4 1.6 7.0318 6.7208 1.5164 -0.0664 -0.031093 0.000061 12.03 490 790 
11.072 3 -0.469902 -0.124668 -9.906308 1.312256 -1.922607 -3.143311 11.18 11.18 0.5 1.1 8.2894 7.4645 1.5232 -0.0666 -0.025911 -0.000369 12.03 490 790 
11.105 3 -0.889458 0.220566 -9.592241 0.274658 -0.061035 -4.638672 11.32 11.32 1.0 1.2 7.6809 7.4240 1.5301 -0.0667 -0.025911 0.000107 12.04 500 800 
11.138 3 -0.477095 -0.441133 -9.649780 0.335693 6.103516 -2.197266 11.11 11.11 1.5 1.4 6.6261 6.9236 1.5371 -0.0669 -0.023320 -0.001074 12.02 500 790 
11.171 3 -0.561006 -0.378799 -9.721704 0.732422 3.753662 0.213623 10.97 10.97 2.0 1.6 5.7201 6.4368 1.5435 -0.0671 -0.023320 -0.001318 12.03 500 790 
11.204 3 -0.879868 -0.227759 -9.776845 -0.610352 3.814697 1.953125 11.04 11.04 1.4 2.1 6.6937 5.7742 1.5503 -0.0672 -0.023320 -0.000714 12.02 490 770 
11.237 3 -0.412363 -0.040757 -10.122080 0.213623 3.814697 0.396729 11.13 11.13 1.5 1.8 6.7208 6.2204 1.5572 -0.0674 -0.023320 -0.000211 12.03 500 790 
11.270 3 -0.757598 -0.043154 -9.736089 1.068115 0.366211 -3.112793 10.92 10.92 1.1 1.7 7.2211 6.2204 1.5638 -0.0675 -0.025911 -0.001023 12.03 490 780 
11.303 3 -0.807944 -0.527441 -9.441201 0.762939 -5.676270 -0.640869 11.01 11.01 1.2 1.4 7.1806 6.7613 1.5704 -0.0677 -0.028502 -0.000469 12.03 500 780 
11.336 3 -1.006934 0.306875 -9.690536 -1.892090 -3.570557 5.706787 11.05 11.05 1.0 1.2 7.4645 7.0318 1.5772 -0.0679 -0.028502 -0.000384 12.03 500 790 
11.369 3 -0.709648 0.438735 -9.549087 -1.068115 -1.953125 5.828857 10.96 10.96 1.3 1.0 7.0318 7.3834 1.5839 -0.0681 -0.031093 -0.000795 12.04 500 790 
11.402 3 -0.961382 -0.139053 -9.491548 -0.701904 0.061035 7.598877 11.11 11.11 1.0 0.9 7.5051 7.5051 1.5907 -0.0683 -0.031093 -0.000189 12.03 500 780 
11.435 3 -0.831919 -0.836714 -10.246748 -0.732422 6.774902 2.197266 11.12 11.12 2.1 0.9 5.8418 7.5457 1.5975 -0.0685 -0.031093 -0.000280 12.03 500 790 
11.468 3 -0.163027 -0.443530 -10.033374 0.427246 6.652832 -0.274658 11.13 11.13 1.8 1.2 6.2475 7.1129 1.6043 -0.0687 -0.031093 -0.000445 12.04 490 780 
11.501 3 -0.481890 -0.803149 -9.661767 1.068115 4.241943 0.579834 11.09 11.09 1.8 1.6 6.2475 6.5585 1.6112 -0.0690 -0.031093 -0.000618 12.03 500 790 
11.534 3 -0.486685 -0.091104 -9.867949 -1.617432 -2.380371 1.800537 10.73 10.73 1.0 1.7 7.1806 6.2475 1.6180 -0.0692 -0.031093 -0.002037 12.02 490 780 
11.567 3 -1.042895 -0.191797 -9.697729 -0.396729 -2.166748 -0.610352 10.81 10.81 1.4 1.8 6.6937 6.1934 1.6244 -0.0694 -0.031093 -0.000968 12.04 490 780 
11.600 3 -0.244541 -0.009590 -10.098105 -0.549316 0.091553 4.791260 10.61 10.61 1.2 1.6 6.7884 6.2475 1.6312 -0.0696 -0.031093 -0.001440 12.03 490 780 
11.633 3 -0.745610 -0.740815 -9.609023 0.457764 -5.584717 -4.333496 10.75 10.75 1.0 1.0 7.2617 7.3023 1.6381 -0.0698 -0.031093 -0.000475 12.04 500 790 
11.666 3 -0.539429 0.268516 -9.599433 -1.342773 3.082275 2.197266 10.76 10.76 1.1 1.0 7.0724 7.3023 1.6445 -0.0700 -0.031093 -0.000430 12.04 500 790 
11.699 3 -1.081255 0.762393 -9.481957 -0.335693 0.885010 1.159668 10.82 10.82 1.5 1.2 6.5315 7.0048 1.6513 -0.0702 -0.031093 -0.000070 12.02 500 790 
11.732 3 -0.390786 0.529839 -9.865551 -0.213623 -2.624512 -2.838135 10.76 10.76 0.8 1.3 7.6268 6.7613 1.6577 -0.0704 -0.031093 -0.000293 12.04 490 780 
11.765 3 -0.800752 -0.210977 -9.472368 0.183105 -5.249023 -3.875732 10.84 10.84 1.5 1.4 6.6532 6.7613 1.6644 -0.0706 -0.028502 0.000332 12.02 490 770 
11.798 3 -0.213374 -0.326055 -10.191607 -2.227783 2.380371 -2.899170 10.73 10.73 1.0 1.4 7.3023 6.5856 1.6712 -0.0708 -0.028502 -0.000357 12.04 490 780 
11.831 3 -1.006934 -0.198989 -9.558677 -0.823975 -5.706787 -2.288818 10.86 10.86 1.6 1.4 6.5315 6.7208 1.6780 -0.0710 -0.028502 0.000229 12.03 500 790 
11.864 3 -0.764790 -0.278105 -9.724101 -0.396729 3.631592 3.723145 11.01 11.01 1.3 0.8 6.8290 7.8567 1.6846 -0.0712 -0.025911 0.000428 12.02 500 790 
11.897 3 0.040757 -0.354824 -10.352236 -0.091553 7.324219 1.403809 11.14 11.14 1.6 1.7 6.4638 6.4638 1.6915 -0.0714 -0.025911 0.000651 12.04 500 770 
11.930 3 -0.520249 -0.481890 -9.736089 1.037598 5.859375 -1.739502 10.85 10.85 1.8 1.9 5.9500 5.9770 1.6981 -0.0715 -0.023320 -0.000752 12.02 490 780 
11.963 3 -0.580186 -0.613750 -10.203593 2.471924 2.105713 -4.333496 10.89 10.89 1.9 1.7 5.9500 6.3151 1.7049 -0.0717 -0.023320 -0.000330 12.04 500 790 
11.996 3 -0.925420 -0.923022 -9.589844 0.762939 -6.530762 -2.685547 10.78 10.78 1.3 1.0 6.8290 7.3023 1.7113 -0.0718 -0.023320 -0.000814 12.04 500 790 
12.029 3 -0.903843 0.151040 -9.383662 -0.976562 -4.119873 -0.518799 10.89 10.89 1.4 1.0 6.6532 7.3428 1.7180 -0.0720 -0.020729 -0.000038 12.04 490 790 
12.062 3 -0.807944 1.229897 -9.012055 -1.068115 -1.403809 2.380371 10.67 10.67 1.2 1.3 6.7208 6.6532 1.7244 -0.0721 -0.020729 -0.000704 12.03 490 780 
12.095 3 -1.143589 -0.393184 -9.515522 1.464844 3.387451 -1.617432 10.76 10.76 1.2 1.4 6.6937 6.5585 1.7308 -0.0723 -0.020729 -0.000056 12.04 490 780 
12.128 3 -0.395581 -0.227759 -9.906308 -0.854492 5.035400 2.990723 10.78 10.78 1.6 1.4 6.2475 6.5315 1.7372 -0.0724 -0.020729 0.000078 12.04 490 780 
12.161 3 -0.237349 0.455518 -10.076528 -0.793457 1.129150 2.593994 10.80 10.80 1.9 1.6 5.8012 6.1393 1.7436 -0.0725 -0.020729 0.000418 12.02 490 790 
12.194 3 -1.579927 -0.779175 -9.568266 1.312256 -7.446289 0.244141 10.75 10.75 1.2 1.3 6.9642 6.5856 1.7503 -0.0727 -0.023320 0.000086 12.04 490 780 
12.227 3 -0.692866 0.266118 -9.383662 -0.610352 -0.274658 5.737305 10.65 10.65 1.1 1.1 7.0048 6.8560 1.7565 -0.0728 -0.025911 -0.000189 12.04 500 780 
12.260 3 -0.759995 -0.297285 -9.656972 1.190186 -0.366211 3.326416 10.63 10.63 1.0 1.6 7.0048 6.1123 1.7629 -0.0730 -0.025911 0.000025 12.03 500 790 
12.293 3 -0.807944 0.103091 -9.460381 -1.037598 0.671387 6.378174 10.60 10.60 1.0 1.3 7.0724 6.4638 1.7693 -0.0732 -0.025911 -0.000075 12.04 500 790 
12.326 3 -0.834316 -0.611353 -9.709717 2.014160 4.089355 -3.540039 10.59 10.59 1.2 2.0 6.7208 5.4632 1.7758 -0.0734 -0.031093 0.000134 12.02 500 790 
12.359 3 -1.050088 -0.163027 -9.520317 -0.640869 -5.523682 2.471924 10.69 10.69 1.2 1.6 6.8966 6.1934 1.7822 -0.0736 -0.031093 0.000475 12.03 500 780 
12.392 3 -0.771982 0.750405 -10.028579 -1.007080 -0.610352 -4.333496 10.61 10.61 1.2 1.2 6.8966 6.6532 1.7886 -0.0738 -0.031093 0.000215 12.04 500 790 
12.425 3 -0.827124 -1.105229 -9.611421 1.495361 -1.159668 -7.110596 10.56 10.56 1.0 1.9 7.1129 5.6795 1.7952 -0.0740 -0.033685 0.000123 12.03 490 780 
12.458 3 -0.359619 -0.275708 -9.925488 0.396729 1.892090 1.983643 10.47 10.47 0.9 1.9 7.0048 5.5578 1.8015 -0.0742 -0.031093 -0.000185 12.04 500 780 
12.491 3 -0.915830 0.016782 -9.587446 0.427246 3.540039 -4.211426 10.45 10.45 1.2 1.5 6.5856 6.1123 1.8079 -0.0744 -0.031093 0.000000 12.03 490 770 
12.524 3 -0.853496 -1.162768 -9.944668 0.244141 -0.091553 -4.608154 10.46 10.46 1.2 1.7 6.5856 5.9229 1.8143 -0.0746 -0.031093 0.000110 12.03 490 770 
12.557 3 -0.429145 0.759995 -9.534702 -1.770020 -2.441406 0.671387 10.30 10.30 1.1 1.6 6.7884 5.8959 1.8207 -0.0748 -0.031093 -0.000199 12.02 490 770 
12.590 3 -1.004536 -0.261323 -9.498740 1.098633 -2.502441 -9.979248 10.52 10.52 1.3 1.5 6.6532 6.3151 1.8272 -0.0750 -0.031093 0.000962 12.04 500 780 
12.623 3 -0.493877 -0.726431 -10.150849 2.044678 2.563477 -2.899170 10.34 10.34 0.9 2.0 6.9642 5.4091 1.8334 -0.0751 -0.028502 0.000132 12.04 500 780 
12.656 3 -0.774380 -0.692866 -9.417226 0.122070 0.946045 1.037598 10.52 10.52 1.0 1.8 6.8560 5.8418 1.8400 -0.0753 -0.025911 0.000957 12.03 500 790 
12.689 3 -0.568198 -0.098296 -9.798423 -0.274658 3.906250 -3.387451 10.54 10.54 1.2 1.3 6.7208 6.6532 1.8464 -0.0755 -0.025911 0.000611 12.04 500 790 
12.723 3 -0.616147 -0.273311 -9.798423 -0.061035 -0.274658 -4.760742 10.52 10.52 1.3 1.1 6.4909 6.8966 1.8528 -0.0757 -0.025911 0.000396 12.03 490 770 
12.756 3 -0.642520 0.091104 -9.513124 -1.220703 -4.821777 0.305176 10.32 10.32 1.1 1.3 6.6937 6.3962 1.8593 -0.0758 -0.025911 -0.000214 12.03 490 780 
12.789 3 -0.973369 0.083911 -9.429214 0.518799 -0.946045 -6.530762 10.51 10.51 1.2 1.1 6.7884 6.8290 1.8657 -0.0760 -0.025911 0.000765 12.03 490 780 
12.822 3 -1.088447 -0.035962 -9.249404 1.434326 1.495361 -6.683350 10.56 10.56 1.3 1.5 6.5315 6.2475 1.8719 -0.0761 -0.023320 0.000788 12.04 500 780 
12.855 3 -0.443530 -0.153437 -9.556279 1.464844 7.171631 -2.380371 10.63 10.63 1.5 1.6 6.2475 6.1934 1.8785 -0.0763 -0.020729 0.000810 12.03 500 790 
12.888 3 -0.465107 -0.354824 -9.906308 1.495361 1.922607 -4.302979 10.57 10.57 1.6 1.3 5.9770 6.6532 1.8850 -0.0764 -0.020729 0.000254 12.02 500 790 
12.921 3 -0.472300 0.064731 -9.829590 0.976562 1.525879 -6.408691 10.52 10.52 1.7 1.0 5.7742 7.1129 1.8916 -0.0766 -0.018138 0.000188 12.04 500 790 
12.954 3 -1.738159 -0.762393 -9.335712 -1.647949 -10.864258 -1.495361 10.68 10.68 1.2 1.2 6.8290 7.0048 1.8978 -0.0767 -0.015547 0.000968 12.03 490 770 
12.987 3 -0.572993 0.246938 -9.879936 -2.441406 -1.342773 0.793457 10.67 10.67 1.3 1.0 6.5856 7.1535 1.9042 -0.0768 -0.015547 0.000795 12.04 500 790 
13.020 3 -1.258667 -0.424351 -9.026441 1.129150 2.349854 4.394531 10.61 10.61 1.8 0.7 5.6931 7.5457 1.9107 -0.0768 -0.010364 0.000364 12.03 500 790 
13.053 3 -0.318862 -0.594570 -10.333056 0.030518 4.608154 3.997803 10.77 10.77 2.0 1.3 5.5984 6.7208 1.9171 -0.0769 -0.010364 0.001093 12.04 500 800 
13.086 3 -0.553813 -0.019180 -10.054951 -2.136230 2.075195 2.655029 10.86 10.86 1.8 1.3 6.0852 6.6937 1.9237 -0.0770 -0.012956 0.001138 12.04 500 790 
13.119 3 -0.750405 -0.457915 -9.712114 0.549316 -4.699707 -2.319336 10.85 10.85 1.5 1.3 6.5585 6.7884 1.9301 -0.0771 -0.012956 0.000811 12.03 490 780 
13.152 3 -1.131602 -0.323657 -9.786435 0.518799 -4.577637 4.791260 10.79 10.79 1.2 0.8 6.9642 7.4240 1.9366 -0.0772 -0.012956 0.000366 12.03 490 790 
13.185 3 -0.745610 0.074321 -9.239814 0.274658 -1.861572 5.584717 10.68 10.68 1.2 1.0 6.7884 7.0318 1.9430 -0.0773 -0.018138 0.000025 12.03 500 800 
13.218 3 -0.800752 -0.589775 -9.225430 -0.488281 2.990723 3.204346 10.56 10.56 1.2 1.1 6.6532 6.7208 1.9494 -0.0774 -0.018138 -0.000377 12.02 490 780 
13.251 3 0.055142 0.493877 -9.954258 -2.441406 2.166748 7.812500 10.57 10.57 1.8 1.5 5.8283 6.2204 1.9558 -0.0775 -0.018138 0.000155 12.02 490 770 
13.284 3 -0.690469 -0.230156 -9.594639 1.525879 -2.166748 -0.762939 10.69 10.69 1.7 1.1 6.1663 6.8966 1.9621 -0.0777 -0.020729 0.000676 12.04 500 780 
13.317 3 -0.326055 -0.028770 -10.098105 -1.220703 -2.685547 3.875732 10.82 10.82 1.5 1.0 6.5315 7.2617 1.9687 -0.0778 -0.023320 0.001034 12.03 490 790 
13.350 3 -0.927817 0.608955 -9.587446 0.305176 -4.028320 1.586914 10.86 10.86 1.2 1.1 7.0724 7.1806 1.9753 -0.0779 -0.020729 0.000846 12.03 500 790 
13.383 3 -0.642520 -0.148643 -9.493945 0.427246 -0.396729 -0.427246 10.85 10.85 1.2 1.4 6.9642 6.6532 1.9819 -0.0781 -0.023320 0.000521 12.04 500 790 
13.416 3 -1.251475 -0.731226 -9.184672 0.396729 2.624512 -0.488281 10.66 10.66 1.0 1.1 7.1129 7.0318 1.9886 -0.0782 -0.020729 -0.000746 12.04 490 780 
13.449 3 -0.011987 0.115078 -10.433750 -0.854492 -1.251221 2.075195 10.75 10.75 1.3 1.4 6.8966 6.6261 1.9954 -0.0784 -0.020729 -0.000013 12.04 500 770 
13.482 3 -0.611353 0.086309 -9.863154 -1.220703 2.197266 0.274658 10.70 10.70 1.2 1.0 6.7884 7.1806 2.0018 -0.0785 -0.020729 -0.000309 12.04 500 780 
13.515 3 -0.803149 0.369209 -9.328520 -0.152588 -3.936768 -1.159668 10.69 10.69 1.2 1.3 6.9236 6.7884 2.0084 -0.0786 -0.018138 -0.000148 12.03 490 790 
13.548 3 -0.721636 -0.064731 -9.846372 -0.640869 -5.096436 -2.838135 10.95 10.95 1.6 1.2 6.6261 7.1535 2.0151 -0.0788 -0.020729 0.000986 12.04 490 780 
13.581 3 -0.736021 0.234951 -10.009399 -0.335693 2.075195 1.037598 10.67 10.67 1.1 1.3 7.0048 6.7884 2.0217 -0.0789 -0.018138 -0.000465 12.04 500 790 
13.614 3 -0.659302 0.457915 -9.227827 -0.640869 -3.997803 0.579834 10.78 10.78 1.0 1.4 7.3428 6.7613 2.0283 -0.0790 -0.020729 0.000031 12.02 500 790 
13.647 3 -0.781572 -0.050347 -9.788833 0.457764 5.004883 -4.119873 10.69 10.69 1.1 1.4 6.9642 6.5585 2.0349 -0.0792 -0.018138 -0.000461 12.02 500 790 
13.680 3 -0.673687 -0.539429 -10.107695 -0.061035 3.662109 -3.540039 10.66 10.66 1.8 1.1 5.8283 7.0048 2.0418 -0.0793 -0.018138 -0.000433 12.03 490 780 
13.713 3 -0.721636 0.163027 -9.903911 -0.610352 3.082275 -0.427246 10.81 10.81 1.9 1.5 5.8283 6.5585 2.0482 -0.0794 -0.018138 0.000294 12.04 500 790 
13.746 3 -0.225361 0.246938 -10.198798 0.213623 1.556396 -2.624512 11.05 11.05 1.5 1.8 6.6937 6.2475 2.0550 -0.0795 -0.018138 0.000915 12.03 500 780 
13.779 3 -0.738418 -0.347632 -9.618613 0.701904 -2.990723 -6.164551 11.11 11.11 1.1 1.5 7.5051 6.7884 2.0618 -0.0796 -0.018138 0.000428 12.04 490 780 
13.812 3 -0.513057 0.059937 -9.621011 0.671387 -1.983643 -4.730225 11.17 11.17 1.3 1.2 7.1129 7.4240 2.0689 -0.0798 -0.015547 0.000181 12.04 500 780 
13.845 3 -0.028770 0.227759 -9.884731 0.610352 -0.732422 -2.349854 11.04 11.04 1.3 1.7 7.0048 6.5585 2.0759 -0.0799 -0.012956 -0.000561 12.02 490 770 
13.878 3 -0.201387 -0.860688 -9.829590 0.335693 2.532959 -3.234863 11.03 11.03 1.6 2.1 6.3962 5.8418 2.0825 -0.0799 -0.010364 -0.000505 12.03 490 780 
13.911 3 -0.390786 0.270913 -10.090913 -0.396729 6.988525 0.885010 11.19 11.19 1.1 1.9 7.2617 6.1934 2.0893 -0.0800 -0.010364 -0.000051 12.03 500 790 
13.944 3 -0.700059 -0.359619 -9.680947 0.457764 0.396729 -0.793457 11.09 11.09 1.4 1.6 6.8560 6.5315 2.0962 -0.0801 -0.010364 -0.000741 12.03 500 790 
13.977 3 -0.546621 -0.187002 -10.407377 0.488281 -5.218506 -2.410889 11.25 11.25 1.4 1.3 7.1129 7.1535 2.1030 -0.0801 -0.010364 0.000029 12.04 490 780 
14.010 3 0.083911 0.189399 -10.448134 -0.488281 1.037598 2.685547 11.44 11.44 2.0 1.0 6.3421 7.7215 2.1098 -0.0802 -0.010364 0.000786 12.04 500 780 
14.043 3 -0.294888 -0.278105 -9.587446 -0.122070 -5.889893 1.007080 11.33 11.33 1.3 1.0 7.2617 7.7620 2.1166 -0.0802 -0.010364 -0.000208 12.04 500 790 
14.076 3 -0.484287 -0.347632 -9.985424 0.274658 -5.340576 3.021240 11.46 11.46 1.6 1.4 6.9236 7.2211 2.1235 -0.0803 -0.010364 0.000246 12.04 500 780 
14.109 3 -0.309272 0.045552 -9.700127 -1.678467 2.014160 6.134033 11.22 11.22 1.2 1.3 7.3023 7.0724 2.1303 -0.0804 -0.010364 -0.001090 12.02 500 780 
14.142 3 -0.875073 0.335645 -9.292559 -0.488281 -4.302979 2.349854 11.19 11.19 0.9 1.4 7.7620 6.8966 2.1373 -0.0805 -0.012956 -0.001119 12.03 500 790 
14.175 3 -0.815137 0.153437 -9.163095 1.281738 2.227783 1.403809 11.28 11.28 1.1 1.1 7.4645 7.3834 2.1441 -0.0805 -0.012956 -0.000739 12.03 500 780 
14.208 3 -1.133999 0.556211 -9.887129 -0.030518 5.950928 3.601074 11.27 11.27 1.3 1.4 7.0724 6.9642 2.1510 -0.0806 -0.012956 -0.000937 12.03 500 790 
14.241 3 -0.342837 -0.069526 -9.623408 1.525879 0.122070 3.204346 11.28 11.28 1.8 1.3 6.4909 7.1535 2.1580 -0.0807 -0.015547 -0.000788 12.04 500 790 
14.274 3 -0.767187 -0.508262 -9.851167 -0.244141 2.166748 1.129150 11.14 11.14 1.7 1.6 6.3962 6.5856 2.1648 -0.0808 -0.015547 -0.001320 12.04 500 790 
14.307 3 -0.335645 -0.282900 -10.373814 -1.007080 1.098633 -4.577637 11.09 11.09 1.2 1.8 7.3428 6.3421 2.1716 -0.0809 -0.015547 -0.001444 12.03 490 780 
14.340 3 -0.637725 -0.604160 -9.918296 -0.335693 -1.647949 -3.295898 10.84 10.84 1.8 1.8 6.1393 6.1934 2.1787 -0.0810 -0.012956 -0.001872 12.04 490 780 
14.373 3 -0.529839 -0.424351 -9.968642 -0.183105 -1.098633 -2.716064 11.02 11.02 1.0 2.3 7.5457 5.6254 2.1855 -0.0811 -0.012956 -0.000763 12.02 500 790 
14.406 3 -0.508262 0.206182 -10.014194 0.244141 1.953125 -0.183105 11.03 11.03 1.0 1.5 7.4645 6.7208 2.1923 -0.0812 -0.012956 -0.000820 12.03 500 790 
14.439 3 -1.081255 -0.302080 -9.040825 -1.098633 -0.122070 -0.152588 11.07 11.07 0.7 1.3 8.0460 7.0318 2.1991 -0.0813 -0.012956 -0.000875 12.03 500 780 
14.472 3 -0.275708 0.469902 -10.325864 -0.762939 5.798340 -0.366211 11.14 11.14 1.5 1.4 6.7208 6.9236 2.2062 -0.0814 -0.010364 -0.000480 12.04 500 790 
14.505 3 -0.992549 -0.115078 -9.843974 -0.579834 2.105713 1.525879 11.07 11.07 1.7 1.1 6.3962 7.5457 2.2132 -0.0815 -0.012956 -0.000935 12.02 490 790 
14.538 3 -0.771982 0.071924 -9.580254 0.885010 0.823975 1.312256 11.16 11.16 1.4 1.5 6.9236 7.0318 2.2202 -0.0816 -0.010364 -0.000577 12.04 500 790 
14.571 3 -0.330850 0.258926 -9.858359 0.213623 -3.479004 -2.899170 11.43 11.43 1.3 1.7 7.3834 6.9236 2.2273 -0.0816 -0.007773 0.000304 12.03 500 790 
14.604 3 -0.709648 0.172617 -9.798423 -0.091553 -3.356934 -5.004883 11.47 11.47 1.3 1.6 7.5051 7.0724 2.2343 -0.0817 -0.010364 -0.000082 12.04 500 790 
14.637 3 -0.659302 -0.011987 -10.030976 0.427246 -1.922607 -4.150391 11.36 11.36 1.6 1.8 7.0048 6.6532 2.2415 -0.0818 -0.010364 -0.000911 12.03 500 790 
14.670 3 -0.359619 -0.409966 -9.800820 0.579834 1.861572 -7.141113 11.33 11.33 1.2 1.7 7.4645 6.7208 2.2485 -0.0818 -0.007773 -0.001249 12.03 490 780 
14.703 3 -0.613750 -0.577788 -9.529907 1.098633 -0.579834 -7.904053 11.33 11.33 1.0 2.0 7.7215 6.3151 2.2556 -0.0818 -0.005182 -0.001354 12.04 500 790 
14.736 3 -0.990151 0.371606 -9.431611 0.976562 -0.274658 -2.502441 11.38 11.38 1.1 1.7 7.5457 6.7208 2.2626 -0.0819 -0.002591 -0.001209 12.02 500 780 
14.769 3 -0.949395 -0.546621 -9.616216 1.007080 2.593994 -6.408691 11.43 11.43 0.8 1.3 8.0460 7.3023 2.2698 -0.0819 -0.002591 -0.001286 12.03 500 780 
14.802 3 -0.795957 -0.191797 -9.707319 2.563477 5.218506 -7.751465 11.49 11.49 0.6 1.5 8.3435 7.1806 2.2770 -0.0819 0.002591 -0.001254 12.02 490 780 
14.835 3 -0.846304 0.172617 -9.831987 1.159668 6.317139 -3.448486 11.37 11.37 1.2 1.7 7.3023 6.6937 2.2839 -0.0819 0.002591 -0.001728 12.02 500 780 
14.868 3 -0.750405 0.014385 -9.599433 0.518799 2.105713 0.457764 11.45 11.45 1.8 1.5 6.4638 7.1129 2.2911 -0.0818 0.002591 -0.001126 12.04 490 780 
14.901 3 -1.241885 -0.239746 -9.561074 0.549316 2.441406 -0.793457 11.58 11.58 1.7 1.6 6.7884 6.8966 2.2981 -0.0818 0.005182 -0.000733 12.03 490 790 
14.934 3 -0.342837 -0.107886 -9.870346 0.427246 -2.136230 -3.173828 11.56 11.56 1.3 1.3 7.5457 7.4240 2.3052 -0.0818 0.002591 -0.001135 12.03 500 780 
14.967 3 -0.724033 -0.445928 -9.594639 1.586914 -1.678467 -6.195068 11.70 11.70 1.4 1.7 7.5862 6.8966 2.3124 -0.0818 0.002591 -0.000655 12.03 500 790 
15.000 3 -0.733623 -0.330850 -9.817602 0.946045 2.349854 0.091553 11.41 11.41 1.4 1.8 7.1535 6.4368 2.3194 -0.0818 0.000000 -0.002002 12.03 500 790 
15.033 3 -0.949395 -0.069526 -9.405239 -0.732422 0.701904 1.922607 11.28 11.28 1.4 1.3 7.1535 7.1129 2.3266 -0.0818 0.000000 -0.002488 12.04 500 750 
15.066 3 -0.779175 -0.016782 -9.539496 -0.183105 -0.610352 1.434326 11.31 11.31 1.9 1.2 6.4909 7.2211 2.3337 -0.0818 -0.002591 -0.001922 12.04 490 780 
15.099 3 -0.608955 -0.767187 -9.920693 -0.701904 0.671387 2.777100 11.33 11.33 0.9 1.3 7.8567 7.1129 2.3405 -0.0818 -0.002591 -0.001857 12.04 490 770 
15.132 3 -1.126807 -0.026372 -9.724101 1.098633 2.014160 -5.187988 11.32 11.32 1.5 1.7 7.1129 6.6532 2.3479 -0.0818 -0.005182 -0.001654 12.02 500 790 
15.165 3 -0.683276 -0.714443 -9.386059 1.159668 5.645752 -3.326416 11.31 11.31 1.2 1.5 7.3023 7.0318 2.3550 -0.0818 -0.002591 -0.001835 12.03 490 780 
15.199 3 -0.958984 -0.587378 -9.668960 -0.305176 1.861572 1.251221 11.28 11.28 1.6 1.5 6.6532 6.9642 2.3620 -0.0819 0.000000 -0.001790 12.03 500 780 
15.232 3 -0.745610 -0.009590 -10.316274 1.098633 4.791260 -0.946045 11.33 11.33 1.7 1.3 6.6532 7.2617 2.3690 -0.0819 -0.002591 -0.001517 12.02 500 780 
15.265 3 -0.577788 -0.254131 -9.894321 -0.701904 -1.861572 1.098633 11.53 11.53 1.9 0.5 6.6261 8.7221 2.3765 -0.0819 0.000000 -0.000861 12.03 490 780 
15.298 3 -0.755200 0.167822 -9.695332 -0.335693 1.678467 -6.347656 11.40 11.40 1.5 1.5 7.1535 7.1129 2.3835 -0.0819 -0.002591 -0.001454 12.04 500 780 
15.331 3 -0.618545 0.359619 -9.702524 -0.762939 0.885010 -0.122070 11.69 11.69 1.5 1.2 7.3428 7.7620 2.3909 -0.0819 0.000000 -0.000653 12.04 500 790 
15.364 3 -1.138794 -0.412363 -9.270981 0.244141 -3.997803 0.885010 11.46 11.46 1.4 1.0 7.3023 7.9513 2.3981 -0.0819 0.000000 -0.002064 12.04 490 740 
15.397 3 -0.851099 -0.177412 -9.453188 -1.251221 -5.737305 -0.732422 11.46 11.46 1.1 1.3 7.7620 7.5051 2.4054 -0.0819 0.000000 -0.002012 12.02 500 750 
15.430 3 -0.834316 -0.342837 -9.642588 0.305176 -2.197266 -1.892090 11.36 11.36 1.7 1.1 6.8290 7.7215 2.4128 -0.0819 0.002591 -0.002170 12.04 490 780 
15.463 3 -0.647314 -0.071924 -9.673755 -0.213623 -2.014160 -4.486084 11.47 11.47 1.5 1.2 7.2211 7.5457 2.4198 -0.0819 0.000000 -0.001629 12.04 490 740 
15.496 3 -0.642520 0.028770 -9.776845 -0.244141 -1.800537 -5.340576 11.60 11.60 1.3 0.8 7.5051 8.3976 2.4273 -0.0819 0.002591 -0.001391 12.04 500 780 
15.529 3 -0.807944 -0.035962 -9.678550 0.427246 -2.044678 -1.983643 11.72 11.72 1.2 2.0 7.6809 6.6937 2.4345 -0.0819 0.002591 -0.001083 12.04 500 780 
15.562 3 -0.906240 -0.513057 -9.522715 0.701904 4.333496 -5.004883 11.63 11.63 1.5 1.7 7.2211 7.0048 2.4419 -0.0818 0.005182 -0.001811 12.03 500 790 
15.595 3 -0.033564 -0.608955 -9.865551 2.166748 4.699707 -6.500244 11.62 11.62 1.0 1.3 7.8973 7.5862 2.4493 -0.0818 0.007773 -0.002159 12.03 500 770 
15.628 3 -0.944600 -0.280503 -9.383662 0.946045 4.272461 -5.249023 11.75 11.75 1.4 1.7 7.3834 7.0318 2.4566 -0.0817 0.007773 -0.001487 12.02 490 780 
15.661 3 -0.913433 0.745610 -10.040566 0.610352 3.936768 -1.342773 11.76 11.76 1.4 1.3 7.3834 7.6809 2.4640 -0.0817 0.010364 -0.001926 12.03 490 780 
15.694 3 -0.935010 -0.064731 -9.431611 0.274658 0.488281 6.256104 11.69 11.69 2.0 1.5 6.4368 7.2617 2.4710 -0.0816 0.012956 -0.002081 12.01 500 790 
15.727 3 -0.469902 -0.297285 -9.388456 -0.396729 2.441406 2.929688 11.62 11.62 1.4 1.4 7.2211 7.2617 2.4783 -0.0815 0.012956 -0.002261 12.03 490 770 
15.760 3 -0.338042 0.151040 -9.817602 -0.396729 1.403809 1.098633 11.50 11.50 1.6 1.6 7.0048 6.9236 2.4855 -0.0814 0.012956 -0.002288 12.02 500 790 
15.793 3 -0.213374 0.443530 -9.635395 -0.762939 -6.011963 -1.037598 11.70 11.70 1.2 1.4 7.8161 7.3023 2.4925 -0.0813 0.010364 -0.001147 12.02 490 780 
15.826 3 -0.654507 0.697661 -9.731294 -1.190186 -2.166748 1.007080 11.58 11.58 1.1 1.4 7.8567 7.2617 2.4995 -0.0813 0.007773 -0.001595 12.04 490 770 
15.859 3 -0.685674 0.544224 -9.424418 0.061035 -4.791260 2.655029 11.47 11.47 1.1 0.8 7.6809 8.1407 2.5068 -0.0812 0.007773 -0.002022 12.03 500 780 
15.892 3 -1.045293 -0.210977 -9.642588 1.037598 -3.875732 1.190186 11.36 11.36 1.5 0.7 7.0724 8.1407 2.5136 -0.0811 0.007773 -0.002106 12.03 490 780 
15.925 3 -0.978164 0.148643 -9.731294 -0.885010 -0.122070 0.061035 11.23 11.23 1.3 1.3 7.2211 7.0318 2.5206 -0.0811 0.005182 -0.002176 12.03 500 780 
15.958 3 -0.771982 0.359619 -9.980630 -0.610352 0.305176 -0.579834 11.34 11.34 0.3 1.7 8.7762 6.5856 2.5276 -0.0811 0.002591 -0.001608 12.04 490 790 
15.991 3 -1.098037 0.484287 -8.892182 1.342773 5.096436 -3.692627 11.32 11.32 0.8 1.3 7.9919 7.2211 2.5347 -0.0810 0.005182 -0.001765 12.04 490 780 
16.024 3 -0.664097 -0.007192 -9.223032 -2.319336 1.953125 2.563477 11.30 11.30 1.1 1.1 7.4240 7.5862 2.5419 -0.0810 0.005182 -0.001783 12.02 490 780 
16.057 3 -0.853496 -0.316465 -9.812807 -0.091553 3.448486 3.051758 11.22 11.22 1.6 0.8 6.6937 7.9513 2.5489 -0.0810 0.007773 -0.001977 12.04 500 790 
16.090 3 -1.004536 0.172617 -9.901513 0.305176 4.486084 -4.425049 11.06 11.06 1.3 1.4 7.0048 6.8290 2.5560 -0.0809 0.005182 -0.002370 12.02 500 780 
16.123 3 -0.649712 0.553813 -9.678550 -0.213623 0.915527 -5.798340 11.10 11.10 1.7 1.7 6.5856 6.4909 2.5632 -0.0809 0.005182 -0.001521 12.04 500 790 
16.156 3 -0.870278 -0.194194 -9.625805 1.495361 -4.089355 -7.141113 11.22 11.22 1.1 1.7 7.5862 6.6261 2.5700 -0.0808 0.005182 -0.000799 12.02 500 780 
16.189 3 -0.966177 0.000000 -9.805614 -0.671387 -0.335693 -5.889893 11.35 11.35 1.6 1.7 6.9642 6.6532 2.5768 -0.0808 0.005182 -0.000373 12.03 500 790 
16.222 3 -1.169961 -0.350029 -9.781640 -0.213623 -0.885010 -0.854492 11.18 11.18 1.1 0.9 7.5051 7.8567 2.5841 -0.0807 0.005182 -0.001652 12.04 500 790 
16.255 3 -0.383594 -0.652109 -10.021386 0.213623 1.800537 -3.936768 11.14 11.14 1.2 1.2 7.3023 7.3023 2.5911 -0.0807 0.007773 -0.001590 12.02 500 790 
16.288 3 -0.839111 -0.019180 -9.537099 0.885010 -2.014160 -1.251221 10.90 10.90 1.1 1.3 7.1535 6.8966 2.5979 -0.0806 0.007773 -0.002376 12.04 500 790 
16.321 3 -0.529839 -0.278105 -9.726499 -0.610352 1.678467 -5.950928 11.12 11.12 0.8 1.8 7.7620 6.4368 2.6047 -0.0806 0.007773 -0.000981 12.02 490 770 
16.354 3 -0.668892 0.038359 -9.973437 0.732422 7.263184 0.030518 11.21 11.21 1.5 1.6 6.7613 6.6937 2.6118 -0.0805 0.010364 -0.000751 12.03 500 790 
16.387 3 -0.704853 -0.532236 -10.004604 0.305176 3.875732 0.213623 11.30 11.30 2.2 1.4 5.8959 7.1535 2.6190 -0.0805 0.010364 -0.000630 12.02 500 790 
16.420 3 -0.656904 -0.549019 -9.995014 0.671387 5.828857 -3.814697 11.40 11.40 1.8 1.2 6.4368 7.5457 2.6258 -0.0804 0.010364 -0.000603 12.04 500 790 
16.453 3 -0.426748 -0.064731 -9.978232 2.655029 6.256104 -8.178711 11.24 11.24 1.6 1.5 6.7613 6.8560 2.6330 -0.0803 0.010364 -0.001444 12.03 500 780 
16.486 3 -0.752803 -0.448325 -9.808012 1.251221 -2.136230 -9.033203 11.31 11.31 1.7 1.6 6.6532 6.9236 2.6401 -0.0803 0.012956 -0.000918 12.03 490 780 
16.519 3 -0.771982 -0.014385 -9.683345 -0.091553 0.122070 -8.209229 11.44 11.44 1.2 1.8 7.5051 6.5856 2.6469 -0.0802 0.012956 -0.000383 12.04 490 770 
16.552 3 -0.299683 -0.364414 -10.090913 -0.030518 4.394531 -3.509521 11.06 11.06 1.2 1.2 7.1806 7.1535 2.6539 -0.0801 0.015547 -0.002106 12.03 500 790 
16.585 3 -0.493877 -0.362017 -10.210786 -0.396729 -3.875732 0.701904 11.03 11.03 1.1 1.3 7.3023 7.0318 2.6606 -0.0800 0.012956 -0.001703 12.04 490 780 
16.617 3 -0.460312 -0.726431 -9.841577 -1.983643 4.760742 1.739502 11.11 11.11 1.5 1.4 6.7613 6.8966 2.6674 -0.0799 0.012956 -0.000797 12.04 500 790 
16.650 3 0.031167 -0.076719 -10.117285 0.183105 4.516602 1.281738 11.12 11.12 2.0 1.8 5.9770 6.1663 2.6740 -0.0798 0.015547 -0.000487 12.04 490 770 
16.683 3 -0.656904 -0.685674 -9.680947 0.885010 0.793457 1.770020 11.34 11.34 1.6 2.0 6.6532 6.1123 2.6808 -0.0797 0.015547 0.000318 12.02 500 790 
16.716 3 -1.018921 -0.594570 -9.513124 0.671387 5.371094 -0.244141 11.27 11.27 1.6 1.8 6.6532 6.3151 2.6877 -0.0796 0.015547 -0.000345 12.04 500 790 
16.749 3 -0.640122 -0.525044 -9.784038 0.885010 -4.119873 4.669189 10.86 10.86 1.1 1.5 7.1129 6.5315 2.6943 -0.0795 0.012956 -0.001976 12.03 500 780 
16.782 3 -0.544224 0.448325 -9.920693 0.274658 -1.312256 5.279541 11.04 11.04 2.2 1.3 5.6525 6.9642 2.7009 -0.0794 0.010364 -0.000436 12.04 490 780 
16.815 3 -0.673687 0.438735 -9.798423 -0.396729 -0.305176 1.647949 10.77 10.77 0.9 1.1 7.3428 7.0318 2.7077 -0.0794 0.010364 -0.001650 12.03 500 780 
16.848 3 -0.793560 -0.047949 -9.815205 -0.366211 -2.624512 2.532959 10.72 10.72 1.0 1.3 7.3023 6.7208 2.7144 -0.0793 0.007773 -0.001244 12.04 500 790 
16.881 3 -1.165166 0.129463 -9.345303 0.183105 3.112793 1.708984 10.86 10.86 0.5 1.5 8.0460 6.4368 2.7210 -0.0792 0.010364 -0.000453 12.02 500 790 
16.914 3 -0.376401 -0.318862 -10.009399 0.610352 7.110596 1.617432 10.75 10.75 1.3 1.6 6.7208 6.2475 2.7276 -0.0792 0.007773 -0.000665 12.02 500 790 
16.947 3 -1.030908 -0.239746 -9.903911 -1.251221 -5.065918 -5.279541 10.64 10.64 1.1 1.5 7.1129 6.4909 2.7342 -0.0791 0.010364 -0.000866 12.03 490 780 
16.980 3 -0.285298 0.146245 -10.663906 0.335693 -1.312256 -1.373291 10.78 10.78 2.3 1.1 5.4091 7.1129 2.7409 -0.0791 0.007773 0.000298 12.02 500 800 
17.013 3 -1.050088 -0.362017 -9.239814 -0.640869 -3.356934 -0.579834 10.52 10.52 1.2 0.9 6.6937 7.3023 2.7475 -0.0790 0.010364 -0.000897 12.02 500 790 
17.046 3 -0.637725 0.143848 -10.167631 -1.312256 -3.723145 1.220703 10.73 10.73 1.6 0.9 6.3421 7.4240 2.7539 -0.0789 0.010364 0.000323 12.04 500 780 
17.079 3 -1.388130 -0.393184 -9.292559 -0.488281 1.953125 3.540039 10.80 10.80 1.8 0.7 6.0311 7.7620 2.7605 -0.0789 0.012956 0.000352 12.03 490 780 
17.112 3 -0.606558 -0.388389 -10.354633 1.251221 9.613037 -2.105713 10.74 10.74 1.6 1.2 6.1663 6.8560 2.7671 -0.0788 0.010364 -0.000061 12.04 500 790 
17.145 3 -0.544224 -0.424351 -10.059746 0.793457 3.662109 -2.288818 10.79 10.79 1.8 1.4 6.0041 6.5856 2.7738 -0.0787 0.012956 0.000267 12.02 490 790 
17.178 3 -0.268516 -0.194194 -10.184414 1.464844 4.211426 -0.518799 10.78 10.78 1.9 1.0 5.8418 7.3834 2.7802 -0.0786 0.012956 0.000238 12.03 490 770 
17.211 3 -0.927817 -0.177412 -9.450790 0.427246 -4.577637 -1.861572 10.49 10.49 1.1 1.6 6.7884 6.1663 2.7868 -0.0785 0.015547 -0.000782 12.02 500 790 
17.244 3 -0.697661 -0.297285 -9.791230 -0.549316 -0.793457 -2.410889 10.40 10.40 1.2 1.4 6.5315 6.3692 2.7932 -0.0784 0.015547 -0.000628 12.02 490 780 
17.277 3 -0.664097 0.246938 -9.486753 -1.770020 3.692627 2.838135 10.13 10.13 1.7 0.9 5.4902 6.8966 2.7995 -0.0784 0.018138 -0.001168 12.02 500 780 
17.310 3 -0.695264 -0.462710 -10.040566 0.549316 -2.075195 -12.451172 10.18 10.18 1.5 1.7 6.0582 5.6525 2.8057 -0.0782 0.015547 -0.000017 12.03 490 780 
17.343 3 0.395581 -0.218169 -10.474506 -0.732422 5.828857 -4.364014 10.58 10.58 1.7 1.6 5.9500 6.2475 2.8119 -0.0781 0.018138 0.002022 12.03 490 780 
17.376 3 -1.397720 0.318862 -9.752871 -0.579834 -5.371094 -3.540039 10.89 10.89 1.4 1.0 6.6937 7.4645 2.8183 -0.0780 0.018138 0.002590 12.04 500 790 
17.409 3 -0.333247 0.091104 -10.241953 -0.305176 2.136230 -1.678467 10.59 10.59 1.3 1.4 6.5585 6.5585 2.8246 -0.0779 0.020729 0.000808 12.04 490 780 
17.442 3 -0.625737 0.009590 -9.155903 -2.075195 -1.770020 2.624512 10.58 10.58 0.9 1.5 7.0048 6.3692 2.8308 -0.0778 0.023320 0.000655 12.04 500 790 
17.475 3 -0.498672 0.527441 -9.817602 -0.122070 4.425049 -1.464844 10.51 10.51 1.3 0.6 6.3151 7.5457 2.8372 -0.0776 0.023320 0.000398 12.03 500 790 
17.508 3 -0.788765 -0.244541 -10.011797 -1.403809 -0.396729 -5.523682 10.42 10.42 1.2 1.6 6.5585 5.9500 2.8434 -0.0775 0.020729 0.000493 12.02 500 790 
17.541 3 -0.376401 -0.112681 -10.378608 -1.617432 -4.455566 -3.814697 10.57 10.57 1.4 1.5 6.4909 6.2204 2.8495 -0.0773 0.020729 0.001538 12.03 500 790 
17.574 3 -0.402773 -0.323657 -9.824795 -2.624512 -4.425049 8.392334 10.50 10.50 1.0 1.7 6.8966 5.8688 2.8557 -0.0772 0.023320 0.001252 12.04 500 790 
17.607 3 -1.299424 -0.522646 -9.043222 0.854492 -3.540039 5.249023 10.27 10.27 1.3 1.3 6.2475 6.1934 2.8615 -0.0770 0.020729 0.000366 12.04 490 780 
17.640 3 -0.793560 -0.316465 -9.798423 -0.152588 5.432129 2.716064 10.07 10.07 1.4 1.4 5.8418 5.8283 2.8675 -0.0769 0.020729 0.000118 12.03 500 780 
17.673 3 -0.817534 0.107886 -9.220634 -1.220703 0.061035 5.645752 10.00 10.00 1.5 1.4 5.8012 5.8283 2.8735 -0.0768 0.015547 0.000432 12.05 490 790 
17.706 3 -0.661699 -0.309272 -9.781640 1.464844 -0.915527 -0.244141 9.67 9.67 1.1 1.7 6.1663 5.1386 2.8792 -0.0767 0.015547 -0.000167 12.04 500 780 
17.739 3 -0.484287 -0.112681 -9.978232 -0.579834 -6.500244 -1.312256 9.94 9.94 1.1 1.3 6.3692 5.9500 2.8852 -0.0766 0.015547 0.001806 12.03 490 780 
17.772 3 -0.697661 0.719238 -7.911621 -19.042969 -13.824463 43.304443 11.01 11.01 1.8 1.8 6.1123 5.8012 2.8908 -0.0766 0.010364 0.006701 12.01 500 790 
17.805 3 -2.188882 1.994687 -10.239555 -0.976562 18.035889 41.473389 12.20 12.20 1.6 2.3 7.4240 5.3415 2.8968 -0.0766 -0.005182 0.008917 12.02 490 780 
17.838 3 -2.761875 -3.193418 -11.922573 6.713867 21.881104 -8.575439 11.73 11.73 2.3 2.8 5.3820 3.9486 2.9023 -0.0766 -0.012956 0.004930 12.01 500 790 
17.871 3 -1.584722 0.736021 -8.261650 0.122070 21.789551 -16.296387 8.85 8.85 0.9 1.2 4.8006 4.1109 2.9067 -0.0767 -0.012956 -0.006509 12.03 500 770 
17.904 3 -1.450464 -0.220566 -8.283227 -1.037598 4.364014 -12.542725 5.87 5.87 1.5 0.9 1.2576 2.2989 2.9093 -0.0767 -0.010364 -0.011662 12.04 500 790 
17.937 3 -1.318604 -0.117476 -9.968642 -1.159668 -0.244141 -6.988525 4.22 4.22 1.1 0.9 0.3922 1.0548 2.9099 -0.0767 -0.002591 -0.007881 12.03 490 770 
17.970 3 -1.275449 -0.385991 -10.491289 -1.739502 -1.098633 -5.157471 2.45 2.45 1.1 0.8 -0.9331 -0.3245 2.9093 -0.0767 0.000000 -0.004956 12.04 490 740 
18.003 3 -1.397720 0.016782 -9.743281 -4.547119 9.338379 -16.174316 -0.12 -0.12 0.3 -0.2 -1.9067 -0.8249 2.9081 -0.0767 0.005182 -0.005527 12.03 490 780 
18.036 3 -1.503208 -0.690469 -9.036030 -6.774902 12.908936 -22.003174 -4.34 -4.34 -1.2 -0.6 -2.8533 -3.0697 2.9063 -0.0767 0.012956 -0.011421 12.02 500 780 
18.069 3 -1.582324 -0.254131 -9.443599 -12.329102 -6.866455 -8.911133 -7.27 -7.27 -0.8 -1.8 -5.4632 -3.2725 2.9025 -0.0768 0.020729 -0.007650 12.04 500 780 
18.102 3 -0.210977 5.482993 -8.089033 24.810791 3.601074 25.604248 -9.81 -9.81 -2.0 -1.6 -5.4902 -5.8959 2.8970 -0.0769 0.023320 -0.002669 12.04 490 780 
18.135 3 -1.172358 -3.054365 -15.219082 0.518799 -27.313232 32.989502 -11.83 -11.83 -2.5 -0.9 -5.4226 -8.8303 2.8900 -0.0771 0.010364 0.004861 12.03 510 800 
18.168 3 -0.222964 2.313550 -18.927954 11.260986 -12.084961 1.770020 -13.20 -13.20 -2.8 -1.6 -6.0852 -8.7221 2.8828 -0.0771 0.000000 0.012269 12.03 500 780 
18.201 3 -0.278105 0.673687 -9.436406 1.281738 -22.827148 8.514404 -13.07 -13.07 -1.8 -1.1 -7.3428 -8.8844 2.8751 -0.0771 -0.005182 0.023243 12.02 500 790 
18.234 3 -0.599365 0.071924 -7.904428 -2.105713 -12.786865 5.279541 -12.02 -12.02 -1.6 -1.0 -6.8560 -8.1948 2.8677 -0.0770 -0.012956 0.032970 12.04 490 790 
18.267 3 -0.927817 -0.592173 -8.959311 0.366211 -7.751465 4.089355 -11.26 -11.26 -1.7 -1.2 -6.0852 -7.2617 2.8611 -0.0769 -0.015547 0.037131 12.02 500 790 
18.300 3 -0.692866 -0.338042 -11.133808 0.701904 -4.241943 4.486084 -10.89 -10.89 -1.4 -1.4 -6.2475 -6.5585 2.8549 -0.0768 -0.018138 0.037848 12.03 500 780 
18.333 3 -0.879868 -1.232295 -9.688139 1.831055 -2.655029 5.584717 -10.96 -10.96 -2.0 -1.7 -5.4632 -6.1934 2.8486 -0.0767 -0.020729 0.036247 12.03 490 780 
18.366 3 -0.596968 0.045552 -9.453188 0.579834 -1.708984 9.674072 -10.92 -10.92 -1.9 -1.5 -5.6795 -6.4909 2.8426 -0.0765 -0.025911 0.035917 12.04 500 780 
18.399 3 -0.654507 0.261323 -9.803218 1.586914 -1.983643 8.483887 -10.70 -10.70 -1.2 -1.3 -6.3962 -6.5856 2.8364 -0.0764 -0.028502 0.036294 12.04 500 780 
18.431 3 -0.891855 -0.302080 -9.822397 0.762939 -1.312256 9.338379 -10.54 -10.54 -1.1 -1.2 -6.4368 -6.6261 2.8304 -0.0762 -0.033685 0.036256 12.05 500 790 
18.464 3 -1.004536 0.040757 -9.805614 -0.305176 -2.685547 9.826660 -10.38 -10.38 -1.5 -1.2 -5.7201 -6.4638 2.8244 -0.0759 -0.038867 0.036063 12.03 500 790 
18.497 3 -0.659302 -0.306875 -10.083720 -1.281738 1.464844 7.995605 -10.22 -10.22 -1.8 -1.3 -5.1386 -6.2881 2.8187 -0.0757 -0.044049 0.035785 12.04 500 780 
18.530 3 -0.834316 0.287695 -9.345303 -1.556396 -3.509521 7.781982 -10.14 -10.14 -1.1 -1.5 -6.1663 -5.8283 2.8131 -0.0754 -0.049231 0.035297 12.03 500 780 
18.563 3 -0.551416 -0.083911 -10.002207 0.579834 1.831055 9.613037 -9.98 -9.98 -1.6 -1.4 -5.2198 -5.9500 2.8075 -0.0752 -0.054414 0.035032 12.03 500 790 
18.596 3 -0.517852 -0.400376 -9.851167 0.000000 -3.479004 12.268066 -9.90 -9.90 -1.7 -0.9 -5.0575 -6.5315 2.8019 -0.0749 -0.054414 0.034757 12.04 500 790 
18.629 3 -0.685674 -0.366812 -9.877539 -0.091553 -0.549316 9.124756 -9.70 -9.70 -1.6 -1.5 -4.9223 -5.4226 2.7965 -0.0745 -0.062187 0.034601 12.04 500 790 
18.662 3 -0.421953 -0.354824 -10.122080 1.159668 -3.540039 5.889893 -9.65 -9.65 -1.2 -1.3 -5.5308 -5.6795 2.7913 -0.0742 -0.067369 0.034114 12.04 490 770 
18.695 3 -0.690469 -0.127065 -9.688139 -0.183105 -1.586914 12.817383 -9.27 -9.27 -1.5 -0.5 -4.7194 -6.6261 2.7861 -0.0738 -0.072551 0.034821 12.03 490 780 
18.728 3 -0.498672 -0.201387 -10.126875 0.671387 -0.946045 10.009766 -9.01 -9.01 -1.4 -1.0 -4.6112 -5.6795 2.7813 -0.0735 -0.077734 0.034473 12.03 490 790 
18.761 3 -1.050088 -0.285298 -9.678550 0.976562 -2.532959 8.728027 -8.76 -8.76 -1.7 -1.3 -3.9621 -4.8952 2.7769 -0.0731 -0.082916 0.033840 12.02 500 780 
18.794 3 -0.570596 -0.035962 -10.431353 0.579834 1.495361 6.286621 -8.60 -8.60 -1.3 -1.2 -4.3408 -4.9087 2.7721 -0.0727 -0.088098 0.033295 12.04 500 790 
18.827 3 -0.841509 -0.110283 -9.731294 0.335693 0.823975 8.483887 -8.60 -8.60 -1.4 -1.5 -4.3137 -4.5301 2.7679 -0.0723 -0.090689 0.032065 12.03 500 780 
18.860 3 -0.728828 0.004795 -9.784038 -0.579834 1.037598 7.446289 -8.61 -8.61 -1.5 -1.4 -4.1920 -4.6248 2.7635 -0.0719 -0.095872 0.031263 12.03 500 780 
18.893 3 -0.412363 -0.498672 -10.009399 -0.366211 -4.577637 7.751465 -8.35 -8.35 -1.3 -1.4 -4.1244 -4.3002 2.7589 -0.0715 -0.098463 0.031818 12.04 490 780 
18.926 3 -0.901445 -0.064731 -9.920693 -0.701904 -1.770020 5.401611 -7.96 -7.96 -1.3 -1.5 -3.9081 -3.8134 2.7549 -0.0711 -0.103645 0.032384 12.04 490 780 
18.959 3 -0.616147 -0.287695 -9.942270 0.061035 2.227783 4.333496 -7.82 -7.82 -1.3 -1.4 -3.8404 -3.9216 2.7511 -0.0707 -0.106236 0.031482 12.03 490 780 
18.992 3 -1.131602 -0.366812 -9.330917 0.183105 -5.859375 3.265381 -8.00 -8.00 -1.7 -1.5 -3.2590 -3.8404 2.7473 -0.0703 -0.108827 0.029602 12.04 490 770 
19.025 3 -0.577788 -0.390786 -10.105297 0.518799 -3.601074 6.134033 -7.61 -7.61 -1.3 -1.6 -3.5835 -3.3401 2.7435 -0.0699 -0.111418 0.030708 12.02 490 770 
19.058 3 -0.664097 -0.047949 -9.942270 0.396729 -1.220703 8.422852 -7.05 -7.05 -1.3 -1.2 -2.9479 -3.4618 2.7401 -0.0695 -0.114009 0.031601 12.03 500 780 
19.091 3 -0.930215 -0.316465 -9.575459 -0.091553 4.577637 10.925293 -7.14 -7.14 -1.2 -1.0 -3.3131 -3.8269 2.7369 -0.0691 -0.119192 0.029380 12.03 500 780 
19.124 3 -0.865483 -0.165425 -9.414829 -0.213623 -3.662109 5.737305 -7.05 -7.05 -1.2 -0.8 -3.1102 -4.0568 2.7337 -0.0687 -0.124374 0.028646 12.04 490 780 
19.157 3 -0.788765 -0.350029 -10.016591 0.366211 -3.967285 8.361816 -6.03 -6.03 -1.3 -0.6 -1.9473 -3.4483 2.7313 -0.0684 -0.129556 0.031335 12.01 490 770 
19.190 3 -0.807944 -0.198989 -10.088515 0.762939 5.584717 3.784180 -5.52 -5.52 -1.1 -1.1 -1.7850 -2.2989 2.7289 -0.0681 -0.134738 0.030379 12.04 490 780 
19.223 3 -0.740815 0.206182 -9.613818 1.129150 15.075684 1.678467 -6.90 -6.90 -0.4 -1.6 -4.2732 -2.7857 2.7267 -0.0678 -0.137329 0.022641 12.03 500 790 
19.256 3 -1.071665 -0.107886 -9.196660 -0.152588 -15.319824 14.160156 -6.79 -6.79 -0.9 -1.1 -3.1914 -3.1102 2.7242 -0.0674 -0.139921 0.024515 12.03 490 770 
19.289 3 -0.606558 0.136655 -9.702524 0.457764 -2.502441 2.746582 -5.06 -5.06 -0.7 -0.3 -2.2042 -3.0561 2.7218 -0.0671 -0.145103 0.031247 12.02 500 780 
19.322 3 -0.815137 0.009590 -9.776845 0.335693 11.016846 -3.784180 -4.84 -4.84 -1.3 -0.7 -0.9601 -2.2042 2.7206 -0.0669 -0.150285 0.028126 12.03 500 780 
19.355 3 -0.884663 0.335645 -9.527510 0.457764 -2.014160 13.916016 -6.07 -6.07 -1.7 -1.6 -1.6498 -1.7715 2.7188 -0.0666 -0.147694 0.021374 12.04 500 780 
19.388 3 -0.719238 -0.388389 -10.112490 0.396729 -6.744385 3.967285 -5.08 -5.08 -0.8 -1.3 -1.8661 -1.1630 2.7172 -0.0664 -0.147694 0.025813 12.04 490 770 
19.421 3 -0.671289 -0.105488 -9.774448 0.122070 2.716064 -2.410889 -4.58 -4.58 -0.9 -1.1 -1.3252 -1.3523 2.7158 -0.0662 -0.155467 0.026245 12.03 490 770 
19.454 3 -0.942202 0.115078 -9.445995 -0.518799 -6.011963 5.401611 -4.55 -4.55 -1.3 -1.4 -0.8519 -0.6220 2.7152 -0.0661 -0.152876 0.024180 12.04 490 770 
19.487 3 -0.685674 -0.340439 -10.088515 0.000000 4.028320 -0.793457 -3.99 -3.99 -1.1 -1.2 -0.5003 -0.4192 2.7146 -0.0660 -0.155467 0.024586 12.03 500 790 
19.520 3 -0.712046 -0.182207 -9.865551 0.061035 -0.549316 4.211426 -3.88 -3.88 -1.2 -1.2 -0.2569 -0.5409 2.7140 -0.0659 -0.158059 0.023394 12.04 500 770 
19.553 3 -0.649712 -0.412363 -9.839179 -0.091553 2.380371 4.638672 -3.53 -3.53 -1.0 -1.0 -0.2569 -0.5003 2.7138 -0.0659 -0.160650 0.023424 12.02 500 780 
19.586 3 -0.779175 -0.170220 -9.767256 -0.122070 -7.446289 2.532959 -3.28 -3.28 -1.0 -1.0 -0.1758 -0.2840 2.7136 -0.0658 -0.163241 0.022691 12.03 500 780 
19.619 3 -0.913433 -0.196592 -9.767256 -0.091553 -1.403809 -2.410889 -2.70 -2.70 -0.8 -0.7 -0.1217 -0.2840 2.7136 -0.0658 -0.163241 0.023411 12.04 490 770 
19.652 3 -0.697661 -0.110283 -9.872744 -0.030518 -6.317139 0.091553 -1.52 -1.52 -0.2 -0.2 -0.0947 -0.1623 2.7136 -0.0658 -0.163241 0.026306 12.03 490 770 
19.685 3 -0.831919 -0.158232 -9.748075 -0.366211 -10.650635 0.305176 0.27 0.27 0.5 0.5 -0.0676 -0.1082 2.7136 -0.0658 -0.163241 0.030553 12.02 490 770 
19.718 3 -0.949395 0.239746 -9.968642 -0.305176 -12.023926 3.723145 3.12 3.12 1.1 0.5 0.8114 1.7444 2.7144 -0.0660 -0.163241 0.036996 12.02 500 770 
19.751 3 -0.817534 -0.469902 -10.848511 -1.525879 9.521484 0.427246 5.32 5.32 1.3 0.9 1.8526 2.6099 2.7158 -0.0662 -0.160650 0.036928 12.03 490 770 
19.784 3 -0.748008 -0.520249 -9.136724 0.183105 12.145996 0.396729 5.67 5.67 1.0 1.4 2.5828 1.9878 2.7180 -0.0666 -0.163241 0.028835 12.04 490 790 
19.817 3 -0.709648 0.124668 -9.724101 1.312256 13.519287 -4.089355 5.75 5.75 1.3 1.2 2.0690 2.4070 2.7202 -0.0669 -0.160650 0.022508 12.03 500 780 
19.850 3 -1.074062 -0.059937 -9.829590 0.244141 -2.197266 2.258301 5.43 5.43 0.3 1.7 3.3807 1.2982 2.7223 -0.0673 -0.163241 0.017161 12.02 500 780 
19.883 3 -0.786367 -0.167822 -10.481699 -0.183105 3.021240 -2.471924 5.94 5.94 1.6 0.8 1.8526 3.1102 2.7247 -0.0677 -0.163241 0.017041 12.03 490 770 
19.916 3 -0.604160 -0.752803 -9.457983 0.183105 9.155273 10.742188 5.84 5.84 1.2 1.8 2.3800 1.3387 2.7271 -0.0681 -0.168423 0.014373 12.04 490 780 
19.949 3 -0.596968 -1.608696 -10.407377 1.251221 -1.922607 -4.150391 6.03 6.03 1.2 0.8 2.5828 3.3266 2.7297 -0.0685 -0.165832 0.013763 12.04 490 780 
19.982 3 -1.208320 -0.668892 -9.918296 -0.183105 -5.004883 -2.258301 6.27 6.27 1.2 1.9 2.8803 1.6362 2.7319 -0.0689 -0.168423 0.013963 12.04 500 780 
20.015 3 -0.647314 -0.009590 -10.390595 1.281738 8.880615 -3.692627 6.16 6.16 0.6 1.4 3.4348 2.3800 2.7348 -0.0693 -0.165832 0.011862 12.03 490 770 
20.048 3 -0.527441 -0.071924 -9.493945 -1.068115 -0.946045 2.502441 6.28 6.28 1.5 0.5 2.2312 3.8945 2.7374 -0.0698 -0.163241 0.011588 12.03 500 780 
20.081 3 -0.839111 -0.441133 -9.450790 -0.396729 -4.394531 -4.974365 6.55 6.55 1.5 1.7 2.6369 2.2177 2.7404 -0.0703 -0.165832 0.012252 12.03 490 770 
20.114 3 -0.887061 0.179810 -9.469971 0.274658 -2.075195 1.190186 6.60 6.60 1.1 1.5 3.1778 2.6910 2.7433 -0.0708 -0.163241 0.011310 12.02 500 780 
20.147 3 -1.112422 -0.577788 -9.654575 0.579834 -2.288818 1.617432 6.62 6.62 1.2 1.0 3.0697 3.3942 2.7465 -0.0713 -0.163241 0.010564 12.03 490 770 
20.180 3 -0.541826 -0.429145 -10.493686 -0.885010 2.166748 -4.638672 7.27 7.27 1.7 1.1 2.8668 3.8675 2.7497 -0.0718 -0.163241 0.012570 12.04 490 770 
20.213 3 -0.592173 0.165425 -9.906308 0.579834 6.225586 2.777100 7.18 7.18 1.5 0.5 3.0291 4.6248 2.7533 -0.0724 -0.158059 0.010469 12.03 500 790 
20.246 3 -0.565801 -0.712046 -10.258735 1.953125 1.068115 -8.300781 7.81 7.81 1.8 1.6 3.1373 3.5565 2.7568 -0.0730 -0.158059 0.012255 12.02 500 780 
20.278 3 -1.289834 -0.136655 -9.656972 1.403809 1.251221 -3.356934 7.52 7.52 1.2 1.2 3.8134 4.0162 2.7608 -0.0736 -0.158059 0.009214 12.04 500 790 
