%% logfile from robot 5
%  1    time 0.023 sec
%  2    mission (2) state 2
%  3  4  5 Acc x,y,z [m/s2]: -0.095898 -1.277847 -16.103745
%  6  7  8 Gyro x,y,z [deg/s]: 2.502441 39.794922 -3.051758
%  9 10 Motor velocity ref left, right: 135.61 137.66
% 11 12 Motor voltage [V] left, right: 8.0 8.0
% 13 14 Wheel velocity [r/s] left, right: 22.5288 22.1637
% 15 16 17 18 Pose x,y,h,tilt [m,m,rad,rad]: 0.0094 -0.0000 -0.002591 0.497535
% 19    Battery voltage [V]: 11.82
% 20 21 Get data time [us]: 500 +ctrl 820
%% Configuration as seen in client (assumed updated from robot)
% [main]
% version = 2.159
% mission = 2
% statusinterval = 50
% usbdevicename = /dev/ttyACM0
% connect = True
% 
% [log]
% interval = 33
% mission_state = True
% acceleration = True
% gyro = True
% encoder = False
% motorref = True
% motorvoltage = True
% motorcurrent = False
% wheelvelocity = True
% robotpose = True
% linesensor = False
% batteryvoltage = True
% balancectrl = False
% controltime = True
% extrainfo = False
% logfilename = /home/jca/svnregbot/matlab/log_2015_10_30/bal_vel_20cm_4.log
% allow = True
% 
% [wheelVel]
% reguse = True
% usevelest = False
% usevelleadfwd = True
% acclimit = 100.0
% kp = 0.33
% taui = 0.0
% taud = 0.043
% alpha = 0.5
% imax = 8.0
% steptime = 0.3
% stepfromreg = -8.0
% steptoreg = -15.0
% stepfromv = 2.1
% steptov = 4.1
% motorvoltlimit = 8.0
% 
% [turn]
% reguse = True
% leadfwd = False
% kp = 52.0
% taui = 0.0
% taud = 0.06
% alpha = 0.1
% imax = 0.4
% outmax = 15.0
% stepontime = 0.1
% stepofftime = 0.6
% stepvaluereg = 5.0
% stepvaluemotreg = 5.0
% stepvaluemotv = 0.35
% stepvelocitymotreg = 20.0
% stepvelocitymotv = 20.0
% 
% [mission]
% mission = # demo mission
% 	vel=0.2, acc=1   : dist = 0.3
% 	tr=0.3 : turn=45
% 	vel=0.7, acc=3   : dist = 0.3
% 	vel=0.15, tr=-0.1,bal=0,log=3 : turn=-45,time=8,dist=0.75
% 	# go straight
% 	: dist = 0.3
% 	vel=0 : time=1
% filename = mission_1.mis
% 
% [balance]
% use = True
% kp = -200.0
% taui = 0.07
% taud = 0.1
% alpha = 0.2
% imax = 40.0
% outmax = 199.0
% leadfwd = True
% leadgyro = True
% 
% [balanceVel]
% use = True
% kp = 0.09
% taui = 1.0
% taud = 0.007
% alpha = 10.0
% zeta = 0.05
% imax = 0.1
% leadfwd = True
% outmax = 0.22
% steptime = 5.0
% stepfrom = 0.0
% stepto = 0.0
% stepfromvel = 0.0
% steptovel = 0.2
% stepfrommsec = 0.0
% steptomsec = 0.0
% stepfrommotvolt = 0.0
% steptomotvolt = 0.0
% 
% [balanceSS]
% use = False
% k_tilt = -8.0
% k_gyro = 0.02
% k_pos = 0.0
% k_vel = 0.0
% k_motor = 0.0
% outmax = 0.1
% steptime = 50.0
% stepfrom = 0.09
% stepto = 0.09
% steppos = -1
% 
% [lineSensor]
% maximum = 1024
% 
% [robot5]
% version = 2.156.13
% robotbase = 0.155
% gear = 9.68
% encoderppr = 48.0
% weelradiusleft = 0.0297
% weelradiusright = 0.0297
% balanceoffset = 0.065
% 
%% data log
0.056 2 -1.812480 1.934751 -13.790195 3.326416 152.099609 -10.070801 133.70 133.50 8.0 8.0 29.3848 30.7236 0.0345 -0.0001 -0.000000 0.431294 11.86 490 790 
0.089 2 -0.594570 -0.767187 -11.630083 2.868652 291.351318 -2.929688 110.47 110.33 8.0 8.0 35.5782 35.5782 0.0651 0.0001 0.005182 0.295556 11.88 500 830 
0.122 2 -1.810083 0.647314 -7.439321 7.293701 403.381348 -22.735596 74.63 73.38 4.6 2.3 38.6343 40.9738 0.1024 0.0003 0.005182 0.093190 12.00 500 830 
0.155 2 -1.131602 -2.778657 -7.293076 9.368896 301.818848 -13.366699 31.71 31.60 -2.5 -3.2 22.5288 23.3131 0.1319 0.0004 0.002591 -0.119229 11.99 490 820 
0.188 2 -0.347632 0.481890 -9.903911 6.988525 61.370850 -3.295898 -1.50 -1.58 -5.7 -5.3 4.1379 3.6241 0.1424 0.0004 0.002591 -0.218454 11.92 490 810 
0.221 2 -0.968574 0.088706 -7.820518 -6.286621 -166.137695 12.359619 -14.27 -11.67 -5.4 -2.0 -3.1373 -5.6254 0.1402 0.0004 -0.000000 -0.180518 11.92 490 820 
0.254 2 -0.901445 -1.040498 -11.093051 -10.223389 -180.847168 0.366211 -0.44 -1.53 2.1 1.8 -1.8120 -2.9615 0.1361 0.0004 -0.000000 -0.064198 12.00 500 820 
0.287 2 -0.302080 -2.325537 -10.625546 -0.091553 -26.702881 4.638672 8.33 8.79 2.6 1.5 2.9209 4.8546 0.1376 0.0004 -0.002591 -0.009514 11.99 500 820 
0.320 2 -0.968574 -0.851099 -9.067197 1.922607 8.483887 -8.575439 12.11 11.82 2.4 2.0 6.2475 6.4909 0.1432 0.0004 -0.002591 -0.003696 12.01 490 820 
0.353 2 -0.352427 -0.407568 -10.090913 0.213623 18.615723 0.335693 11.99 12.75 1.3 1.7 7.7620 7.8567 0.1504 0.0004 -0.002591 -0.013855 12.01 490 820 
0.386 2 -0.709648 0.093501 -9.692934 -1.434326 20.446777 1.373291 10.61 12.04 0.6 1.2 7.5862 8.0866 0.1580 0.0004 -0.002591 -0.026032 12.01 490 820 
0.419 2 -0.539429 0.110283 -9.894321 -0.427246 12.054443 5.981445 9.14 10.64 0.8 1.7 6.1393 6.2204 0.1649 0.0004 -0.002591 -0.034327 12.01 500 820 
0.452 2 -0.218169 -0.115078 -10.337852 -0.274658 -0.976562 -0.274658 8.73 9.23 1.0 0.5 5.6931 6.7884 0.1709 0.0004 -0.002591 -0.036812 12.02 500 830 
0.485 2 -0.517852 -0.187002 -9.920693 0.457764 -10.925293 -6.652832 9.73 9.77 1.5 1.5 6.0311 5.6931 0.1765 0.0003 -0.002591 -0.031676 12.01 500 820 
0.518 2 -0.273311 0.316465 -9.966245 0.549316 7.720947 -5.828857 9.26 9.99 1.3 1.3 5.4496 6.1123 0.1825 0.0003 -0.002591 -0.032609 12.00 500 820 
0.551 2 -0.738418 -0.139053 -9.498740 -0.640869 7.568359 -1.159668 8.77 7.63 1.2 0.7 5.3415 4.9223 0.1880 0.0003 -0.000000 -0.037979 12.02 500 820 
0.584 2 -0.426748 -0.359619 -9.745678 -1.068115 -5.462646 0.366211 7.63 7.33 0.7 0.5 5.0575 5.1792 0.1928 0.0003 -0.000000 -0.038001 12.00 500 790 
0.617 2 -0.584980 -0.196592 -9.791230 -0.579834 -18.646240 -0.091553 8.93 8.65 1.0 1.8 5.8012 4.4219 0.1976 0.0003 -0.000000 -0.029753 12.01 490 820 
0.650 2 -0.709648 -1.778916 -10.229965 -0.305176 20.019531 -1.678467 9.58 9.47 1.4 0.9 5.5173 6.1663 0.2028 0.0003 -0.000000 -0.028786 12.01 500 790 
0.683 2 -0.460312 -0.481890 -9.985424 0.610352 13.671875 -4.119873 8.23 7.10 1.0 0.5 5.2198 4.5977 0.2080 0.0003 -0.000000 -0.037724 12.01 490 820 
0.716 2 -0.450723 -0.477095 -9.592241 0.671387 -5.187988 -0.488281 6.62 6.12 1.3 0.2 3.3401 4.4895 0.2125 0.0003 -0.000000 -0.039991 12.02 490 780 
0.749 2 -0.441133 -0.069526 -9.491548 -0.030518 -21.301270 2.044678 7.51 7.63 1.1 1.1 4.3678 4.5707 0.2161 0.0003 -0.000000 -0.031244 12.02 500 780 
0.782 2 -0.867881 -0.819932 -9.949463 1.861572 15.533447 -9.460449 8.16 8.53 1.2 1.1 4.4760 4.9899 0.2205 0.0003 -0.000000 -0.028960 12.01 490 780 
0.815 2 -0.570596 -0.424351 -10.309082 2.075195 13.336182 -5.523682 7.53 5.42 1.6 -0.5 3.6106 4.6518 0.2247 0.0003 0.002591 -0.037457 12.01 490 820 
0.848 2 -0.668892 -0.139053 -9.314136 -0.366211 -7.843018 4.425049 6.00 5.22 0.9 0.3 3.2049 3.4618 0.2279 0.0003 0.002591 -0.037531 12.02 500 820 
0.881 2 -0.290093 -0.541826 -10.913241 0.335693 -6.500244 0.244141 7.54 6.88 0.8 1.8 4.7600 2.7451 0.2311 0.0003 0.002591 -0.028094 12.02 500 820 
0.914 2 -0.616147 -0.513057 -9.601830 -0.091553 14.709473 -5.706787 6.65 5.45 1.4 0.4 3.0156 3.4077 0.2343 0.0003 0.002591 -0.033523 12.02 500 820 
0.947 2 -0.525044 -0.328452 -9.906308 0.183105 -1.068115 -3.082275 4.54 5.06 0.5 1.0 2.4747 2.2448 0.2370 0.0003 -0.000000 -0.036517 12.01 500 790 
0.980 2 -0.071924 -0.050347 -10.141259 -0.366211 -5.432129 11.718750 5.74 4.52 1.5 0.9 1.9473 1.7850 0.2392 0.0003 0.002591 -0.031632 12.00 490 810 
1.013 2 -0.515454 -0.165425 -9.570663 1.068115 8.728027 -5.767822 5.13 3.79 0.8 0.4 2.5287 1.9337 0.2412 0.0003 0.002591 -0.033007 12.02 500 820 
1.046 2 -0.625737 -0.249336 -9.726499 0.244141 -10.284424 -0.732422 4.23 4.30 0.5 0.8 2.4070 1.7309 0.2430 0.0003 -0.000000 -0.031305 12.01 500 780 
1.079 2 -0.203784 -0.131860 -9.978232 0.335693 0.366211 -1.312256 5.04 3.12 1.7 0.1 1.1630 1.9067 0.2444 0.0003 0.002591 -0.030092 12.01 500 820 
1.112 2 -0.644917 -0.405171 -9.580254 0.518799 -1.373291 -3.692627 3.31 4.39 0.1 1.2 1.7174 1.3523 0.2454 0.0003 -0.000000 -0.029350 12.01 490 780 
1.145 2 0.196592 0.318862 -10.810151 -0.549316 8.697510 5.249023 4.55 1.85 1.3 -1.1 1.5551 2.3800 0.2468 0.0003 0.002591 -0.031037 12.02 500 830 
1.178 2 -0.604160 -0.124668 -9.553882 0.030518 -5.554199 -0.762939 2.23 2.34 0.4 0.5 0.8925 0.7032 0.2474 0.0003 -0.000000 -0.032299 12.01 500 780 
1.211 2 -0.445928 -0.179810 -9.803218 -0.518799 -9.918213 0.061035 3.73 2.32 1.5 0.7 0.2705 0.2840 0.2476 0.0003 0.002591 -0.025907 12.00 490 810 
1.244 2 0.021577 0.103091 -10.462520 -0.946045 9.094238 6.134033 2.21 2.64 0.3 0.6 0.6220 0.6356 0.2482 0.0003 -0.000000 -0.027835 11.99 500 770 
1.277 2 -0.680879 -0.393184 -9.508329 -0.518799 -3.723145 2.532959 1.87 1.87 0.5 0.5 0.3110 0.2434 0.2482 0.0003 -0.000000 -0.028365 12.01 490 780 
1.310 2 -0.472300 -0.182207 -9.927885 0.122070 5.462646 -2.563477 1.43 1.43 0.3 0.3 0.1758 0.1487 0.2482 0.0003 -0.000000 -0.028275 12.00 500 780 
1.343 2 -0.407568 -0.175015 -9.980630 0.000000 5.554199 0.671387 0.28 0.28 -0.2 -0.2 0.1217 0.1082 0.2482 0.0003 -0.000000 -0.030964 12.01 500 780 
1.376 2 -0.457915 -0.234951 -9.836782 0.305176 10.925293 -0.457764 -1.63 -1.63 -1.0 -0.9 0.0947 0.0811 0.2482 0.0003 -0.000000 -0.035720 12.02 500 790 
1.409 2 -0.879868 -0.491479 -9.043222 0.549316 4.394531 -6.378174 -4.46 -4.78 -1.2 -1.6 -1.6092 -1.1630 0.2474 0.0003 -0.000000 -0.042125 12.01 490 780 
1.442 2 -0.426748 0.155835 -10.009399 -1.068115 -6.408691 3.082275 -5.19 -7.38 -0.5 -2.4 -2.6504 -1.7715 0.2460 0.0003 0.002591 -0.039879 12.00 490 810 
1.475 2 -0.088706 0.963779 -9.585049 -2.258301 -14.068604 0.061035 -6.90 -6.34 -1.9 -0.4 -2.0690 -3.8540 0.2434 0.0003 -0.000000 -0.031740 12.01 500 810 
1.508 2 -0.659302 0.129463 -9.306943 -1.068115 -12.695312 -2.258301 -5.92 -6.19 -1.4 -1.9 -2.1907 -1.2170 0.2412 0.0003 0.002591 -0.023288 12.01 490 810 
1.541 2 -0.105488 0.970972 -9.273378 -1.708984 -0.579834 1.770020 -5.88 -5.48 -1.5 -0.6 -1.8932 -3.2860 0.2386 0.0003 -0.000000 -0.018519 12.01 500 770 
1.574 2 -0.182207 0.412363 -9.870346 -1.495361 6.134033 -0.671387 -5.39 -5.63 -0.8 -1.8 -2.6775 -1.1494 0.2364 0.0003 0.002591 -0.016887 12.01 500 820 
1.607 2 -0.299683 -1.028511 -9.652178 -1.525879 -3.326416 3.204346 -5.49 -5.67 -0.7 -1.4 -2.5964 -2.0960 0.2341 0.0003 -0.000000 -0.016249 12.01 500 790 
1.640 2 -1.033306 -0.194194 -10.071733 0.122070 -5.615234 1.098633 -6.28 -5.21 -1.9 0.2 -1.7444 -3.8134 0.2317 0.0003 -0.000000 -0.016009 12.01 490 780 
1.673 2 -1.066870 -0.393184 -9.565868 -1.007080 -5.218506 6.713867 -4.87 -7.08 1.0 -2.3 -4.5301 -2.3665 0.2289 0.0003 -0.000000 -0.015670 12.02 500 820 
1.706 2 -0.515454 0.541826 -9.580254 0.823975 11.413574 1.220703 -7.34 -5.76 -2.2 -0.2 -2.4747 -3.8540 0.2259 0.0003 -0.002591 -0.017196 12.00 500 820 
1.739 2 -0.155835 0.469902 -9.990219 0.305176 -1.861572 -0.488281 -8.12 -5.93 -2.3 -0.3 -2.5017 -3.9216 0.2233 0.0003 -0.005182 -0.017483 12.02 490 810 
1.772 2 -0.719238 -0.465107 -9.628202 -0.793457 -0.915527 -2.075195 -7.19 -8.08 -0.7 -2.0 -4.0974 -3.1778 0.2199 0.0004 -0.002591 -0.017290 12.02 500 830 
1.805 2 -0.381196 -0.649712 -10.038169 -1.983643 -5.828857 2.258301 -7.00 -8.55 -0.5 -2.5 -4.1515 -2.8803 0.2163 0.0004 -0.002591 -0.014959 12.02 500 830 
1.838 2 -0.505864 -0.258926 -10.071733 -0.518799 1.373291 -0.183105 -8.45 -7.83 -0.9 -1.9 -4.9628 -3.1237 0.2125 0.0004 -0.005182 -0.014131 12.02 500 820 
1.871 2 -0.697661 -0.340439 -9.556279 -1.434326 -0.122070 2.838135 -8.87 -8.23 -0.8 -1.6 -5.4091 -3.7728 0.2084 0.0004 -0.005182 -0.013447 12.01 500 830 
1.904 2 -0.481890 -0.714443 -9.973437 -0.213623 -3.356934 4.669189 -8.87 -8.63 -1.0 -2.1 -5.0440 -3.3942 0.2044 0.0004 -0.005182 -0.012117 12.02 500 820 
1.937 2 -0.601763 -0.568198 -9.654575 -1.068115 -5.737305 6.774902 -8.11 -9.35 -0.6 -2.4 -4.8817 -3.7864 0.2000 0.0005 -0.005182 -0.009882 12.01 500 830 
1.970 2 -0.805547 -1.416899 -9.290161 -0.457764 -2.441406 1.037598 -9.25 -8.73 -1.3 -2.3 -4.9087 -3.2725 0.1958 0.0005 -0.007773 -0.009659 12.01 500 820 
2.003 2 -0.311670 0.069526 -9.808012 0.457764 1.129150 2.349854 -9.79 -7.84 -1.4 -1.4 -5.2333 -3.9216 0.1912 0.0005 -0.010364 -0.007370 12.01 500 830 
2.036 2 -0.870278 -0.513057 -9.371675 0.274658 -7.019043 2.868652 -8.62 -9.01 -0.6 -2.4 -5.3144 -3.4212 0.1870 0.0006 -0.007773 -0.006680 12.02 500 820 
2.069 2 -0.481890 -0.213374 -9.664165 -0.976562 3.021240 6.744385 -10.13 -7.72 -1.4 -1.2 -5.6931 -4.0568 0.1823 0.0006 -0.010364 -0.006212 12.02 490 820 
2.102 2 -0.460312 -0.429145 -9.836782 -1.159668 -1.373291 5.584717 -10.06 -8.09 -2.1 -1.4 -4.4895 -4.0162 0.1779 0.0007 -0.010364 -0.006271 12.01 500 820 
2.135 2 -0.009590 -0.335645 -10.165234 0.244141 2.929688 -1.922607 -10.20 -8.53 -1.7 -1.1 -5.0575 -4.9628 0.1731 0.0007 -0.010364 -0.006212 12.02 500 810 
2.168 2 -0.673687 0.011987 -9.350098 0.946045 -5.340576 -4.058838 -10.80 -7.89 -2.9 0.2 -4.1244 -6.2475 0.1683 0.0007 -0.010364 -0.004634 12.01 500 830 
2.201 2 -0.038359 0.033564 -10.129272 0.366211 1.953125 2.868652 -10.94 -7.79 -2.8 -0.2 -4.3678 -5.4632 0.1635 0.0008 -0.010364 -0.003653 12.01 510 820 
2.234 2 -0.445928 -0.354824 -10.054951 2.136230 -3.295898 0.396729 -10.53 -8.10 -2.5 -0.3 -4.2461 -5.5984 0.1586 0.0008 -0.010364 -0.002669 12.02 500 830 
2.267 2 -0.640122 -0.496274 -9.750473 1.770020 -2.929688 0.030518 -11.23 -7.72 -2.9 -0.1 -4.2596 -5.7201 0.1536 0.0009 -0.012956 -0.002423 12.00 490 830 
2.300 2 -0.242144 0.067129 -9.697729 0.793457 -2.532959 -2.288818 -9.70 -9.47 -1.5 -1.4 -4.8411 -5.4632 0.1486 0.0009 -0.010364 -0.002002 12.01 500 830 
2.333 2 -0.958984 -0.316465 -9.422021 0.213623 -1.251221 -2.655029 -9.93 -9.32 -1.9 -0.8 -4.6248 -6.1663 0.1434 0.0010 -0.010364 -0.001161 12.01 500 830 
2.366 2 -0.323657 0.254131 -10.323466 -0.244141 -2.319336 -0.305176 -10.00 -9.47 -1.0 -2.2 -6.0041 -4.2732 0.1382 0.0011 -0.010364 -0.000648 12.01 490 820 
2.399 2 -1.016523 0.057539 -9.242211 -1.373291 -5.645752 -0.061035 -10.69 -9.36 -1.5 -1.7 -6.0582 -4.7600 0.1329 0.0011 -0.010364 -0.000689 12.01 490 810 
2.432 2 -0.374004 0.105488 -9.963847 0.183105 0.793457 -2.441406 -10.06 -9.94 -1.5 -1.6 -5.4632 -5.3550 0.1275 0.0012 -0.007773 0.000739 12.01 500 810 
2.465 2 -0.383594 -0.189399 -9.712114 -0.335693 -4.638672 1.403809 -10.28 -9.58 -2.0 -1.1 -4.9223 -5.8688 0.1219 0.0012 -0.007773 0.002180 12.01 490 820 
2.498 2 -0.460312 -0.268516 -9.827192 1.586914 0.183105 -2.136230 -11.03 -8.77 -1.9 -0.8 -5.6525 -5.6931 0.1165 0.0013 -0.010364 0.003064 12.02 490 820 
2.531 2 -0.467505 -0.294888 -10.400186 -0.183105 -0.762939 -2.532959 -11.12 -8.89 -2.0 -0.6 -5.5173 -6.0311 0.1109 0.0013 -0.010364 0.003064 12.00 490 820 
2.564 2 -0.683276 -0.690469 -10.184414 0.122070 0.366211 1.739502 -10.19 -9.87 -0.8 -1.5 -6.4638 -5.5308 0.1054 0.0013 -0.007773 0.003740 12.02 500 830 
2.597 2 -0.812739 0.381196 -9.728896 -0.732422 -3.997803 1.892090 -10.45 -9.98 -2.1 -1.6 -4.7870 -5.5578 0.1002 0.0014 -0.007773 0.003414 12.00 500 820 
2.630 2 -0.412363 -0.040757 -9.827192 0.762939 -1.312256 -5.310059 -10.78 -9.91 -1.6 -1.4 -5.9500 -5.7201 0.0946 0.0014 -0.007773 0.004161 12.00 490 820 
2.663 2 -0.486685 0.270913 -9.100761 0.793457 -0.488281 -3.570557 -11.45 -9.18 -2.4 -1.0 -5.4226 -5.4632 0.0890 0.0015 -0.007773 0.004959 12.01 500 820 
2.696 2 -0.601763 -0.326055 -10.078925 -1.281738 -4.394531 3.540039 -10.97 -9.77 -1.8 -1.4 -5.7742 -5.3144 0.0835 0.0015 -0.005182 0.005626 12.00 490 820 
2.729 2 -0.561006 0.278105 -9.836782 -0.274658 -0.213623 -3.112793 -11.44 -9.64 -2.3 -1.3 -5.4902 -5.2603 0.0779 0.0015 -0.005182 0.005567 12.02 490 820 
2.762 2 -0.642520 -0.306875 -9.652178 0.640869 -1.678467 -6.530762 -10.63 -10.56 -2.1 -1.2 -5.0575 -6.2881 0.0725 0.0015 -0.002591 0.006312 12.02 490 820 
2.795 2 -0.867881 -0.134258 -10.014194 1.190186 0.244141 -2.044678 -11.07 -10.25 -2.1 -1.1 -5.5308 -6.1393 0.0669 0.0015 -0.002591 0.007021 12.01 490 810 
2.828 2 -0.525044 0.287695 -10.059746 -0.396729 -4.302979 4.669189 -11.14 -10.02 -1.8 -1.1 -5.8418 -5.9500 0.0613 0.0016 -0.002591 0.008118 12.01 500 820 
2.861 2 -1.112422 0.105488 -9.088774 1.617432 -3.570557 -4.577637 -10.98 -9.94 -2.8 -1.6 -4.3137 -5.1927 0.0556 0.0016 -0.002591 0.009054 12.00 500 820 
2.894 2 -0.290093 -0.249336 -10.229965 -0.152588 -1.068115 2.746582 -11.32 -9.64 -1.9 -1.1 -5.9770 -5.5173 0.0500 0.0016 -0.002591 0.009677 12.02 500 820 
2.927 2 -0.412363 -0.326055 -9.846372 -0.823975 -5.889893 2.258301 -10.65 -9.62 -1.8 -1.0 -5.5173 -5.7471 0.0444 0.0016 -0.002591 0.011525 12.02 490 820 
2.960 2 -1.124409 -0.426748 -9.776845 -0.213623 -1.007080 3.967285 -9.96 -9.90 -0.8 -2.1 -6.3151 -4.6518 0.0392 0.0016 -0.002591 0.012040 12.01 500 820 
2.993 2 -0.433940 -0.119873 -9.831987 -0.671387 5.096436 1.953125 -10.99 -8.79 -2.3 -0.7 -5.1792 -5.6795 0.0337 0.0016 -0.005182 0.011675 12.02 500 830 
3.026 2 -0.618545 -0.124668 -10.064541 0.366211 -1.800537 4.150391 -10.91 -8.99 -1.5 -1.0 -6.2204 -5.3820 0.0285 0.0016 -0.005182 0.011455 12.02 500 830 
3.059 2 -0.769585 -0.318862 -9.774448 0.762939 -4.699707 4.730225 -10.31 -9.55 -1.8 -1.9 -5.1116 -4.5436 0.0233 0.0017 -0.005182 0.011450 12.02 490 810 
3.092 2 -0.841509 -0.294888 -9.378867 0.091553 0.885010 1.739502 -11.25 -8.50 -1.7 -0.8 -6.2204 -5.3550 0.0179 0.0017 -0.007773 0.012181 12.01 500 830 
3.125 2 -0.544224 -0.649712 -9.925488 1.342773 -4.425049 4.882812 -9.26 -9.63 -1.1 -1.7 -5.1521 -5.0575 0.0129 0.0017 -0.005182 0.013775 12.02 490 810 
3.158 2 -1.117217 -0.556211 -9.282969 0.488281 -2.563477 -0.213623 -10.03 -8.50 -2.0 -0.9 -4.6248 -5.1386 0.0078 0.0017 -0.007773 0.013839 12.00 500 830 
3.191 2 -0.575391 0.093501 -9.712114 -0.274658 1.861572 1.220703 -9.48 -8.67 -1.1 -2.1 -5.4496 -3.6106 0.0030 0.0018 -0.007773 0.013972 12.02 500 830 
3.224 2 -0.378799 -0.712046 -9.484355 -0.274658 -2.960205 0.701904 -9.12 -8.57 -1.2 -1.6 -5.0981 -4.3137 -0.0018 0.0018 -0.007773 0.014426 12.00 500 820 
3.257 2 -0.661699 -0.297285 -10.047758 -0.457764 -3.631592 4.516602 -8.78 -8.62 -1.1 -1.7 -4.9087 -4.2596 -0.0062 0.0019 -0.007773 0.014354 12.01 500 820 
3.290 2 -0.429145 -0.232554 -9.791230 -0.854492 -0.091553 2.441406 -7.95 -9.16 -0.4 -2.1 -5.1927 -4.1515 -0.0108 0.0019 -0.005182 0.014451 12.02 490 820 
3.323 2 -0.748008 -0.136655 -9.642588 0.396729 0.518799 -4.333496 -9.51 -7.86 -2.2 -0.1 -3.9621 -5.8959 -0.0155 0.0019 -0.007773 0.013431 12.01 500 830 
3.356 2 -1.081255 -0.052744 -9.652178 -0.366211 -0.762939 -0.396729 -9.35 -7.60 -1.9 -0.7 -4.3137 -4.8006 -0.0199 0.0020 -0.007773 0.014248 12.01 500 830 
3.389 2 -0.062334 -0.067129 -10.639932 0.061035 -0.091553 0.091553 -7.79 -8.63 -0.9 -1.1 -4.2732 -5.1521 -0.0241 0.0020 -0.005182 0.015092 12.02 500 820 
3.422 2 -0.970972 0.100693 -9.441201 0.488281 -4.150391 4.119873 -8.92 -7.07 -1.9 -0.9 -3.9081 -3.9216 -0.0283 0.0020 -0.007773 0.015199 12.02 500 820 
3.455 2 -0.913433 -0.007192 -9.784038 1.495361 1.708984 5.676270 -8.34 -7.11 -1.5 -0.8 -3.8269 -4.1920 -0.0319 0.0020 -0.007773 0.015465 12.00 500 820 
3.488 2 -0.611353 -0.644917 -9.683345 1.098633 -2.807617 -1.617432 -8.01 -6.68 -1.5 -0.7 -3.7593 -3.8945 -0.0359 0.0021 -0.007773 0.016045 12.02 500 830 
3.521 2 -0.647314 0.028770 -9.834385 -0.061035 1.739502 1.922607 -7.04 -7.26 -0.7 -1.5 -4.0162 -3.5294 -0.0396 0.0021 -0.007773 0.015805 12.01 490 810 
3.554 2 -0.397979 0.167822 -9.983027 -0.579834 0.946045 -6.011963 -8.51 -6.24 -2.1 0.2 -3.3536 -5.1386 -0.0434 0.0021 -0.010364 0.014283 12.01 500 820 
3.587 2 -0.728828 -0.098296 -9.621011 -0.152588 -4.089355 -3.234863 -8.37 -5.49 -1.9 -0.0 -3.5429 -3.9081 -0.0470 0.0022 -0.010364 0.015847 12.02 490 820 
3.620 2 -0.637725 -0.081514 -9.951860 -0.274658 -1.098633 -1.403809 -6.16 -6.05 -1.2 -1.1 -2.5287 -3.0020 -0.0500 0.0022 -0.007773 0.017670 12.01 490 810 
3.653 2 -0.738418 -0.239746 -9.829590 0.091553 11.749268 -1.037598 -6.87 -6.05 -1.4 -0.8 -3.0426 -3.4348 -0.0528 0.0022 -0.007773 0.014002 12.01 490 810 
3.686 2 -0.568198 0.004795 -9.208647 -0.488281 0.274658 8.941650 -7.80 -8.72 -1.6 -2.2 -3.4077 -3.4348 -0.0562 0.0022 -0.005182 0.006708 12.02 500 830 
3.719 2 -0.939805 -0.163027 -9.328520 -0.610352 -19.775391 -0.427246 -6.66 -7.26 -0.5 -1.5 -3.8675 -3.0967 -0.0598 0.0023 -0.005182 0.015100 12.02 490 820 
3.752 2 -0.800752 -0.163027 -10.078925 -0.183105 -4.364014 -7.476807 -5.85 -4.69 -1.1 -0.1 -2.3935 -3.3672 -0.0628 0.0023 -0.007773 0.021242 12.00 490 810 
3.785 2 -0.505864 0.002397 -9.841577 0.427246 16.632080 -0.366211 -6.83 -5.45 -2.0 -0.7 -2.0690 -3.1508 -0.0653 0.0023 -0.007773 0.014063 12.02 500 820 
3.818 2 -1.141191 -0.604160 -9.249404 1.068115 -14.709473 1.678467 -6.99 -6.90 -1.5 -1.3 -2.6910 -3.0832 -0.0683 0.0023 -0.005182 0.011260 12.01 490 810 
3.851 2 -0.561006 -0.347632 -10.220376 0.610352 -8.270264 4.821777 -6.25 -4.57 -1.3 -0.4 -2.4747 -2.6234 -0.0713 0.0023 -0.007773 0.018454 12.00 500 820 
3.884 2 -0.549019 -0.083911 -10.083720 -0.061035 4.577637 -3.112793 -4.57 -4.85 -0.5 -1.3 -2.0960 -1.9473 -0.0733 0.0024 -0.007773 0.018744 12.00 500 820 
3.917 2 -0.369209 -0.237349 -9.764858 0.396729 16.082764 -8.697510 -5.99 -5.79 -1.3 -1.2 -2.3529 -2.6775 -0.0757 0.0024 -0.007773 0.011544 12.01 490 820 
3.950 2 -1.169961 -0.695264 -9.362084 0.946045 -10.070801 -1.464844 -6.49 -6.09 -0.8 -1.9 -3.5159 -1.2847 -0.0779 0.0024 -0.005182 0.010887 12.00 500 820 
3.983 2 -0.316465 0.234951 -10.011797 0.000000 -10.986328 -1.281738 -4.39 -4.71 -0.6 -0.7 -1.8797 -2.2583 -0.0803 0.0024 -0.005182 0.018902 12.01 500 820 
4.016 2 -0.728828 -0.414761 -9.827192 0.640869 12.390137 -15.777588 -3.95 -3.66 -0.8 -0.8 -1.3117 -1.3252 -0.0815 0.0024 -0.005182 0.018513 12.01 490 810 
4.049 2 -0.860688 -0.273311 -9.870346 1.068115 12.817383 -0.091553 -4.81 -7.07 -0.3 -2.8 -2.8939 -1.1630 -0.0831 0.0024 -0.000000 0.007336 12.03 500 780 
4.082 2 -0.743213 -0.234951 -9.867949 -1.617432 -17.578125 15.960693 -6.54 -5.65 -2.1 -0.5 -1.2982 -3.1914 -0.0853 0.0024 -0.002591 0.009580 12.00 490 810 
4.115 2 -0.479492 0.160630 -9.930283 -0.854492 -13.366699 -5.004883 -2.80 -4.52 0.8 -1.1 -2.7722 -1.5822 -0.0875 0.0024 -0.000000 0.021116 12.00 500 780 
4.148 2 -0.748008 -0.172617 -9.918296 2.075195 14.709473 -8.178711 -2.46 -3.10 -0.6 -0.9 -0.6491 -0.8519 -0.0884 0.0024 -0.000000 0.020062 12.00 500 780 
4.181 2 -0.575391 -0.261323 -9.599433 1.220703 16.143799 4.241943 -4.59 -4.35 -1.7 -0.7 -0.3786 -2.1636 -0.0890 0.0024 -0.002591 0.009401 12.01 490 820 
4.214 2 -0.843906 -0.354824 -9.664165 -0.488281 -12.847900 3.021240 -4.15 -5.24 -0.5 -1.6 -2.0149 -1.0412 -0.0906 0.0024 0.002591 0.010113 12.02 490 810 
4.247 2 -0.702456 0.074321 -9.836782 0.152588 -0.366211 -6.439209 -4.09 -4.08 -1.1 -1.1 -0.9466 -1.0007 -0.0916 0.0024 -0.000000 0.013075 12.01 500 790 
4.280 2 -0.759995 0.158232 -9.556279 -0.061035 -8.911133 5.523682 -3.11 -4.91 -0.5 -1.7 -1.0007 -0.5680 -0.0926 0.0024 0.002591 0.012429 12.02 500 820 
4.313 2 -0.680879 -0.374004 -9.978232 0.854492 0.762939 0.427246 -3.28 -3.56 -1.0 -0.9 -0.5815 -0.6085 -0.0930 0.0024 0.002591 0.014042 12.00 500 810 
4.346 2 -0.911035 0.321260 -9.503535 0.274658 3.845215 1.861572 -3.79 -4.33 -1.3 -1.5 -0.2705 -0.2975 -0.0934 0.0024 0.002591 0.009513 12.00 500 820 
4.379 2 -0.709648 0.153437 -9.573061 -0.274658 -3.448486 0.030518 -3.46 -3.86 -0.9 -1.0 -0.5274 -0.5680 -0.0938 0.0024 0.002591 0.011037 12.02 500 820 
4.412 2 -0.728828 0.045552 -9.659369 -0.091553 0.183105 1.739502 -3.66 -3.93 -1.2 -1.3 -0.2840 -0.2434 -0.0938 0.0024 0.002591 0.009808 12.02 500 820 
4.445 2 -0.608955 -0.129463 -9.858359 -0.061035 -1.647949 0.488281 -3.43 -3.70 -1.1 -1.2 -0.1623 -0.1487 -0.0938 0.0024 0.002591 0.010373 12.00 500 820 
4.478 2 -0.692866 -0.151040 -9.755268 -0.122070 -3.753662 -0.488281 -2.99 -3.26 -0.9 -1.0 -0.1082 -0.1082 -0.0938 0.0024 0.002591 0.011561 12.01 500 820 
4.511 2 -0.724033 -0.146245 -9.781640 -0.152588 -6.317139 -0.091553 -2.04 -2.31 -0.5 -0.6 -0.0811 -0.0811 -0.0938 0.0024 0.002591 0.014314 12.00 490 810 
4.544 2 -0.671289 -0.129463 -9.755268 -0.366211 -9.246826 0.427246 -0.45 -0.72 0.2 0.1 -0.0676 -0.0676 -0.0938 0.0024 0.002591 0.018573 12.02 500 820 
4.577 2 -0.683276 -0.163027 -9.752871 -0.518799 -12.573242 0.244141 1.92 1.65 1.1 1.1 -0.0541 -0.0541 -0.0938 0.0024 0.002591 0.024402 12.02 490 810 
4.610 2 -0.385991 -0.872676 -10.124477 -0.213623 -5.187988 -1.831055 6.09 4.10 2.5 1.5 1.4064 0.7978 -0.0922 0.0024 0.002591 0.029962 12.00 490 820 
4.643 2 -1.157974 0.294888 -10.896460 2.410889 23.834229 -7.629395 4.81 5.88 -0.4 1.2 3.8269 2.8262 -0.0898 0.0024 0.002591 0.019519 12.02 490 820 
4.676 2 -0.311670 0.656904 -9.827192 -1.739502 4.882812 10.284424 6.32 3.63 1.6 -0.3 2.7045 2.7857 -0.0875 0.0024 0.005182 0.011592 12.01 490 820 
4.709 2 -0.980561 -0.280503 -9.165493 -0.610352 2.380371 2.441406 4.22 5.26 0.6 1.6 2.0284 1.4334 -0.0859 0.0024 -0.000000 0.007413 12.01 490 780 
4.742 2 -0.937407 -1.062075 -9.659369 -0.579834 8.972168 -4.638672 6.37 3.76 2.2 -0.3 1.5822 2.7586 -0.0837 0.0024 0.002591 0.006320 12.00 490 820 
4.775 2 -0.445928 0.388389 -10.112490 -1.068115 1.434326 2.777100 5.01 4.83 0.4 1.4 3.0291 1.2847 -0.0819 0.0024 -0.000000 0.004205 12.00 500 780 
4.808 2 -0.429145 0.225361 -9.649780 1.708984 8.819580 -2.166748 3.54 5.65 -0.2 1.8 2.2989 1.7985 -0.0799 0.0024 -0.000000 0.001733 12.01 500 830 
4.841 2 -0.304478 0.405171 -9.990219 -0.488281 -5.065918 5.187988 4.29 4.87 0.6 0.9 2.1772 2.2448 -0.0779 0.0024 -0.000000 0.001745 12.01 490 780 
4.874 2 -1.098037 -0.160630 -9.481957 0.579834 -6.866455 -6.866455 4.54 5.40 0.4 1.7 2.5152 1.5281 -0.0763 0.0025 -0.000000 0.003441 12.01 490 780 
4.907 2 -1.476836 -0.486685 -9.453188 -1.342773 12.664795 1.495361 5.08 4.65 1.6 -0.6 1.1900 4.3949 -0.0741 0.0025 0.002591 0.001440 12.01 500 830 
4.940 2 -0.541826 -0.359619 -9.565868 -1.739502 1.312256 -0.518799 3.15 4.64 0.1 1.1 2.0014 1.9878 -0.0719 0.0025 -0.000000 -0.002672 12.01 490 780 
4.973 2 -0.978164 -0.608955 -9.287764 -0.640869 -8.178711 5.157471 5.03 3.48 1.3 0.9 1.9878 1.0953 -0.0701 0.0025 0.002591 0.000331 12.01 490 820 
5.006 3 -0.980561 0.899048 -9.151108 0.122070 4.089355 -5.249023 3.62 5.07 0.7 1.2 1.2576 2.0960 -0.0683 0.0025 -0.000000 0.003089 12.02 490 820 
5.039 3 -0.932612 0.484287 -9.489150 -1.007080 -7.995605 -4.638672 2.63 3.48 -0.3 1.1 2.1231 1.1089 -0.0667 0.0025 -0.000000 0.004041 12.00 490 780 
5.072 3 -0.172617 0.589775 -10.925229 -0.976562 -17.089844 10.528564 3.57 4.26 0.3 1.3 2.0419 1.4199 -0.0655 0.0025 -0.000000 0.014286 12.02 500 780 
5.105 3 -0.906240 0.299683 -9.661767 -1.220703 -7.843018 1.922607 5.62 3.68 2.1 0.5 1.1359 1.4334 -0.0641 0.0025 0.002591 0.019924 12.01 490 820 
5.138 3 -0.719238 -0.194194 -9.647383 -0.091553 -9.002686 -5.493164 4.38 7.49 -0.6 2.6 3.7593 1.8120 -0.0620 0.0025 -0.002591 0.024997 12.01 500 830 
5.171 3 -0.558608 0.364414 -10.553622 -0.579834 -2.044678 -3.662109 6.65 5.83 0.8 0.5 3.5835 3.5835 -0.0592 0.0025 0.002591 0.023657 12.02 490 810 
5.204 3 -0.918227 0.242144 -9.441201 -0.183105 -3.082275 1.800537 7.37 4.92 2.3 -0.1 2.1366 3.6647 -0.0566 0.0025 0.005182 0.021653 12.00 500 820 
5.237 3 -1.110024 -0.673687 -9.179877 -0.457764 -4.058838 -2.899170 6.62 5.91 1.0 1.1 3.5700 2.6099 -0.0536 0.0025 0.002591 0.020845 12.01 500 820 
5.270 3 -0.501069 0.448325 -10.440942 0.732422 8.300781 -0.671387 6.61 6.45 0.6 1.7 4.0298 2.2718 -0.0504 0.0025 0.002591 0.020831 12.01 500 820 
5.303 3 -0.237349 -0.457915 -9.736089 1.159668 1.098633 2.166748 5.63 7.13 -0.2 1.7 4.0433 3.1373 -0.0472 0.0025 0.002591 0.019324 12.00 490 820 
5.336 3 -0.795957 -0.419556 -9.580254 -1.068115 -4.852295 -1.922607 7.46 6.92 2.1 0.8 2.5287 4.0568 -0.0440 0.0025 0.002591 0.022289 12.01 490 820 
5.369 3 -1.162768 -1.040498 -9.539496 0.030518 5.401611 -0.671387 6.85 7.02 1.4 1.3 2.7992 3.3942 -0.0404 0.0025 0.002591 0.019661 12.01 500 820 
5.402 3 -0.733623 -0.004795 -9.760063 -0.579834 -2.807617 2.624512 7.37 7.00 0.9 1.2 4.3814 3.5294 -0.0363 0.0025 0.002591 0.019697 12.01 490 810 
5.435 3 -0.014385 0.179810 -10.390595 0.762939 4.089355 -0.701904 7.60 7.12 0.9 1.6 4.4354 2.9479 -0.0327 0.0025 0.002591 0.020050 12.01 490 800 
5.468 3 -0.848701 0.045552 -9.769653 -2.166748 1.678467 -4.028320 8.36 7.15 1.8 1.1 3.8945 3.7593 -0.0287 0.0026 0.002591 0.020896 12.01 490 820 
5.501 3 -0.616147 -0.107886 -9.249404 -2.471924 3.570557 2.166748 7.94 7.26 1.0 1.3 4.4354 3.6782 -0.0247 0.0026 0.002591 0.019085 12.02 500 820 
5.534 3 -1.083652 -0.321260 -9.460381 -0.701904 -10.803223 -2.532959 9.17 7.39 2.7 -0.0 3.3401 5.7742 -0.0203 0.0026 0.002591 0.021152 12.00 490 820 
5.567 3 -1.196333 -1.033306 -9.709717 -0.244141 2.685547 5.401611 8.91 8.03 1.8 0.2 4.1515 6.0852 -0.0159 0.0026 0.002591 0.020342 12.01 500 820 
5.600 3 -0.297285 -0.692866 -10.474506 1.983643 6.011963 0.976562 9.64 8.03 2.3 0.1 4.2867 6.0041 -0.0110 0.0026 0.002591 0.020239 12.02 490 820 
5.633 3 -1.177153 -0.326055 -9.095966 1.464844 -5.493164 -0.640869 9.17 8.47 1.6 1.0 4.9899 5.2739 -0.0058 0.0026 0.002591 0.018493 11.98 500 820 
5.666 3 -0.961382 0.071924 -10.136464 1.037598 6.347656 1.831055 9.32 8.67 2.4 0.4 3.6511 6.2204 -0.0010 0.0026 0.002591 0.018264 12.01 500 820 
5.699 3 -1.062075 -0.970972 -10.273120 0.488281 -0.976562 3.662109 9.41 9.10 1.9 1.0 4.5436 5.8012 0.0042 0.0026 0.002591 0.018299 12.02 500 820 
5.732 3 -0.879868 -0.963779 -9.901513 -1.342773 -2.960205 0.610352 9.63 9.40 1.2 1.3 5.7742 5.5308 0.0094 0.0026 0.002591 0.018227 12.02 490 820 
5.765 3 -0.906240 -0.261323 -9.438804 -1.342773 -0.396729 3.204346 10.12 9.43 1.4 1.1 5.9770 5.8418 0.0151 0.0026 0.002591 0.018114 12.01 490 820 
5.798 3 -1.014126 0.014385 -9.927885 -0.854492 5.004883 -4.699707 10.75 9.44 2.0 1.2 5.5984 5.4496 0.0207 0.0027 0.002591 0.018122 11.99 490 820 
5.831 3 -0.426748 0.004795 -9.966245 1.220703 -1.739502 -5.157471 11.49 9.91 1.8 1.6 6.6532 5.4632 0.0267 0.0027 0.002591 0.018852 12.01 500 830 
5.864 3 -0.827124 0.160630 -9.230225 0.000000 -0.915527 0.061035 10.05 11.37 0.6 1.9 7.0724 6.3421 0.0329 0.0027 -0.000000 0.016651 12.02 500 780 
5.897 3 -0.958984 -0.678481 -9.405239 1.159668 3.204346 4.119873 11.36 10.54 2.3 0.9 5.4632 7.0724 0.0392 0.0027 0.002591 0.016260 12.00 500 820 
5.930 3 -0.374004 -0.424351 -10.222774 2.471924 13.610840 0.823975 10.47 11.76 1.3 2.0 6.1934 6.4368 0.0458 0.0027 -0.000000 0.015420 12.02 490 820 
5.963 3 -0.515454 -0.618545 -9.836782 -0.396729 4.913330 -1.220703 12.33 10.55 2.3 1.7 6.4368 5.7201 0.0524 0.0027 0.002591 0.015530 12.01 490 820 
5.996 3 -0.433940 0.040757 -10.081323 -0.366211 5.920410 1.586914 12.77 11.05 2.5 1.8 6.6261 5.9770 0.0592 0.0027 0.002591 0.016073 12.01 500 830 
6.029 3 -0.795957 0.666494 -9.894321 0.305176 3.295898 -1.586914 12.02 12.13 1.7 2.1 7.1806 6.4909 0.0663 0.0027 -0.000000 0.014802 12.01 500 790 
6.062 3 -1.086050 -0.314067 -9.316533 -0.701904 -1.983643 -5.493164 12.21 11.54 1.4 1.6 7.8567 6.6261 0.0735 0.0027 -0.000000 0.012572 11.99 490 820 
6.095 3 -0.285298 0.088706 -10.371416 -0.305176 -1.647949 -0.610352 11.03 12.84 0.8 2.8 7.5457 6.1393 0.0805 0.0027 -0.002591 0.012464 12.01 490 820 
6.128 3 -0.230156 -0.513057 -10.894062 -0.091553 -0.305176 -4.364014 11.88 12.74 1.4 2.6 7.4240 6.3692 0.0878 0.0027 -0.002591 0.013385 12.01 500 820 
6.161 3 -0.750405 -1.536772 -9.688139 -2.136230 0.061035 1.037598 11.68 12.87 1.5 2.5 7.0048 6.7613 0.0950 0.0027 -0.002591 0.011878 12.01 500 830 
6.194 3 -0.086309 -0.692866 -9.659369 -1.647949 4.058838 5.126953 11.59 13.05 0.5 2.3 8.4517 7.2211 0.1026 0.0027 -0.002591 0.010953 12.02 500 810 
6.227 3 -1.246680 -0.534634 -9.227827 -0.152588 -2.777100 -3.631592 12.24 12.85 1.0 1.7 8.3976 7.7620 0.1103 0.0026 -0.002591 0.011084 12.02 500 820 
6.260 3 -1.016523 0.189399 -9.374072 -1.922607 0.854492 2.807617 11.88 13.12 0.5 1.9 8.8844 7.8973 0.1179 0.0026 -0.002591 0.009743 12.00 500 820 
6.293 3 -0.932612 -0.946997 -10.392993 2.807617 -3.784180 1.464844 11.89 13.76 0.6 2.1 8.6680 8.3435 0.1259 0.0026 -0.002591 0.010319 12.02 500 830 
6.326 3 -0.834316 -0.292490 -9.508329 0.000000 -0.366211 -2.014160 13.46 12.95 1.0 1.9 9.5200 7.7620 0.1341 0.0026 -0.000000 0.010846 12.01 500 790 
6.359 3 -0.692866 -0.364414 -10.016591 1.586914 0.915527 -1.312256 13.28 13.28 1.4 1.7 8.7762 8.3435 0.1422 0.0026 -0.000000 0.009559 12.02 490 790 
6.392 3 -0.973369 -0.556211 -10.083720 -0.823975 -1.464844 -0.244141 13.37 12.85 1.7 0.8 8.5463 9.2495 0.1506 0.0026 -0.000000 0.007650 12.02 490 820 
6.425 3 -0.256528 0.004795 -9.661767 -4.486084 0.366211 3.265381 13.06 13.15 1.2 2.1 8.8844 7.7215 0.1590 0.0026 -0.000000 0.007360 12.01 500 790 
6.458 3 -0.997344 0.803149 -9.227827 -2.105713 -2.044678 0.640869 13.50 12.68 2.3 0.6 7.8567 9.3848 0.1675 0.0026 -0.000000 0.006728 12.01 500 790 
6.491 3 -0.074321 -0.453120 -10.484097 2.838135 0.274658 -3.570557 14.07 13.10 2.2 1.7 8.4923 8.2353 0.1759 0.0026 -0.000000 0.008498 12.02 500 780 
6.524 3 -0.359619 -1.376143 -9.767256 0.793457 1.434326 -9.521484 13.87 13.30 2.0 1.6 8.4923 8.3976 0.1844 0.0026 -0.000000 0.007469 12.01 500 790 
6.557 3 -1.150781 0.352427 -9.390854 -0.854492 -4.760742 -0.366211 13.93 13.48 2.8 0.8 7.3834 9.8580 0.1932 0.0026 -0.000000 0.007031 12.00 490 780 
6.590 3 -0.608955 -0.467505 -10.409775 0.946045 10.162354 0.335693 15.17 12.90 2.3 0.9 9.1954 9.1278 0.2018 0.0026 0.002591 0.007311 12.01 490 820 
6.623 3 -0.817534 -0.678481 -10.910845 1.892090 -0.701904 -3.631592 14.15 14.36 2.0 1.8 8.6680 9.1954 0.2109 0.0026 -0.000000 0.006488 12.01 490 780 
6.656 3 -1.217910 -0.043154 -9.213442 2.655029 0.122070 -0.091553 13.87 14.95 0.7 2.3 10.3178 9.0061 0.2201 0.0026 -0.000000 0.005506 12.02 490 820 
6.689 3 -0.160630 -0.783970 -9.652178 0.701904 -1.678467 -6.347656 14.29 15.19 1.1 2.3 10.0068 9.1954 0.2293 0.0026 -0.000000 0.005653 12.02 500 830 
6.722 3 -1.527183 -0.839111 -10.136464 2.227783 -0.030518 2.288818 15.40 14.42 2.0 1.7 9.6552 9.3848 0.2388 0.0026 0.002591 0.005027 12.01 500 820 
6.755 3 -0.757598 -0.266118 -10.790972 1.983643 8.697510 -4.241943 15.50 13.66 3.1 0.8 8.1948 9.8580 0.2480 0.0026 0.002591 0.002719 12.01 500 820 
6.788 3 -1.006934 -0.117476 -9.527510 0.915527 -0.183105 6.591797 15.19 13.60 1.8 0.6 9.8580 10.0879 0.2572 0.0027 0.002591 0.001500 12.01 490 820 
6.821 3 -0.958984 0.409966 -8.961709 -1.434326 -3.692627 4.394531 14.80 14.36 1.5 1.1 10.0068 9.9392 0.2663 0.0027 -0.000000 0.002302 12.01 500 830 
6.854 3 -0.062334 0.577788 -9.268583 1.251221 0.122070 -2.899170 14.22 16.03 1.7 2.7 9.0737 9.1954 0.2757 0.0026 -0.002591 0.004072 12.00 500 810 
6.887 3 -1.098037 -1.110024 -10.083720 -0.091553 -2.990723 -0.122070 14.46 15.51 1.8 2.0 9.1954 9.6552 0.2854 0.0026 -0.002591 0.002133 12.01 500 830 
6.920 3 -0.572993 0.383594 -9.609023 -1.190186 6.927490 7.263184 15.17 14.14 1.7 1.2 9.9392 9.6552 0.2948 0.0026 -0.000000 -0.000001 12.01 500 790 
6.953 3 -0.381196 -0.460312 -8.784297 -0.366211 1.983643 -3.417969 14.01 15.12 0.8 1.9 10.3990 9.7228 0.3042 0.0026 -0.002591 -0.000560 12.02 490 820 
6.986 3 -1.098037 -0.433940 -10.028579 1.434326 -7.507324 1.312256 14.21 15.54 0.8 2.1 10.5612 9.8580 0.3139 0.0026 -0.002591 0.000519 12.01 490 820 
7.019 3 -1.069268 0.489082 -10.035771 -0.610352 2.410889 -0.610352 15.45 13.88 2.2 0.5 9.6552 10.5612 0.3233 0.0026 -0.000000 -0.000809 12.01 500 830 
7.052 3 -0.899048 -0.318862 -9.585049 0.976562 2.227783 -2.655029 13.73 15.46 1.4 2.7 9.0061 8.9520 0.3328 0.0026 -0.002591 -0.000951 11.99 490 820 
7.085 3 -0.563403 -0.990151 -9.932680 0.762939 2.685547 -0.732422 13.65 15.82 0.9 2.9 9.7904 8.9520 0.3424 0.0026 -0.002591 -0.000643 12.00 500 820 
7.118 3 -1.443271 -0.187002 -10.649521 -0.823975 -4.882812 2.319336 14.95 14.87 1.6 1.6 9.9392 9.9392 0.3522 0.0026 -0.000000 -0.000706 12.01 500 790 
7.151 3 -0.549019 -0.052744 -10.059746 0.030518 6.286621 -3.021240 15.30 14.56 1.9 0.8 10.0068 10.8182 0.3619 0.0025 -0.000000 -0.001502 12.01 500 790 
7.184 3 -0.163027 -0.218169 -9.124736 -0.244141 1.953125 1.617432 14.73 14.89 2.0 1.8 9.1278 9.7904 0.3715 0.0025 -0.000000 -0.002323 12.02 500 830 
7.217 3 -0.342837 -0.016782 -9.863154 -0.335693 2.563477 2.105713 15.05 14.86 1.6 2.0 10.2367 9.3848 0.3815 0.0025 -0.000000 -0.002070 11.99 500 790 
7.250 3 -1.054883 -0.831919 -10.455327 0.183105 -1.647949 -1.770020 15.22 14.51 1.4 1.4 10.7235 9.9392 0.3912 0.0025 -0.000000 -0.003257 12.02 500 830 
7.283 3 -0.673687 0.050347 -9.707319 -0.213623 3.051758 -2.532959 13.72 15.62 1.1 2.0 9.7228 10.1555 0.4010 0.0025 -0.002591 -0.004190 12.00 500 830 
7.316 3 -1.107627 -0.443530 -8.875401 0.122070 -1.159668 -3.479004 14.90 15.18 1.9 2.1 9.3848 9.5876 0.4109 0.0025 -0.000000 -0.002514 12.02 490 790 
7.349 3 -0.374004 -0.009590 -9.743281 1.098633 7.873535 -2.105713 15.35 15.28 1.7 1.7 10.0879 10.0879 0.4205 0.0025 -0.000000 -0.002359 12.02 500 790 
7.382 3 -1.225103 -0.400376 -10.431353 -1.037598 -3.295898 4.699707 15.16 15.19 1.2 1.6 10.8182 10.2367 0.4305 0.0025 -0.000000 -0.004061 12.01 490 780 
7.415 3 -1.253872 -0.189399 -9.393251 -2.197266 -1.617432 3.173828 15.61 14.42 2.0 1.1 10.1555 10.0879 0.4402 0.0025 -0.000000 -0.004919 12.01 490 820 
7.448 3 -0.525044 0.421953 -9.676152 -0.427246 4.943848 2.685547 15.78 14.79 2.1 1.4 9.9392 10.0068 0.4498 0.0025 -0.000000 -0.003768 12.01 500 820 
7.481 3 -0.510659 -0.122271 -8.496601 -0.244141 4.272461 -1.708984 14.71 15.83 1.7 2.0 9.5200 10.0068 0.4597 0.0025 -0.002591 -0.004657 12.00 500 820 
7.514 3 -1.117217 -0.112681 -10.618354 1.861572 -1.190186 2.532959 15.67 14.24 2.1 1.0 9.9392 10.1555 0.4695 0.0025 -0.000000 -0.006484 12.01 490 820 
7.547 3 -1.421694 -0.158232 -10.328261 -1.495361 -1.068115 0.946045 14.48 14.94 1.2 1.1 10.3178 10.7235 0.4793 0.0025 -0.002591 -0.007251 12.02 490 820 
7.580 3 -0.371606 0.656904 -10.054951 -0.366211 8.056641 2.105713 15.39 14.00 2.6 0.8 8.8844 10.2367 0.4888 0.0024 -0.000000 -0.006500 12.00 500 790 
7.613 3 -0.167822 -0.311670 -9.136724 -1.403809 0.885010 -1.190186 14.16 14.92 2.0 1.9 8.7762 9.5200 0.4982 0.0024 -0.002591 -0.006817 12.02 490 820 
7.646 3 -0.587378 -0.021577 -10.488892 0.061035 -1.007080 1.342773 13.81 14.85 1.1 1.6 9.7228 10.0068 0.5079 0.0024 -0.002591 -0.007530 12.02 500 820 
7.679 3 -0.664097 0.115078 -9.834385 1.281738 0.396729 -2.044678 15.16 13.80 1.7 1.0 10.2367 9.8580 0.5173 0.0024 -0.000000 -0.006571 12.01 500 820 
7.712 3 -0.115078 -0.724033 -10.023784 0.854492 3.784180 -2.655029 14.82 14.58 1.5 1.7 10.0068 9.5876 0.5269 0.0024 -0.000000 -0.005822 12.01 500 780 
7.745 3 -0.527441 -0.572993 -10.057348 -0.030518 6.469727 3.814697 14.52 14.18 1.7 1.5 9.5876 9.4524 0.5366 0.0024 -0.000000 -0.007616 12.01 500 790 
7.778 3 -0.724033 0.280503 -9.985424 1.373291 0.549316 -0.610352 14.17 13.94 1.8 1.3 9.1954 9.5876 0.5458 0.0024 -0.000000 -0.008466 12.01 490 780 
7.811 3 -0.026372 0.062334 -9.872744 -0.793457 2.990723 -2.227783 13.14 15.00 0.8 2.3 9.6552 9.1278 0.5552 0.0024 -0.002591 -0.007945 12.02 500 820 
7.844 3 -1.342578 -0.640122 -8.940131 -0.030518 -4.669189 -1.922607 13.19 14.84 0.7 1.9 9.8580 9.6552 0.5645 0.0024 -0.002591 -0.007916 12.02 490 820 
7.877 3 -0.558608 -0.561006 -9.860757 0.091553 1.861572 -7.873535 14.60 13.25 2.1 1.2 9.2495 9.0737 0.5735 0.0024 -0.000000 -0.007736 12.00 490 820 
7.910 3 -0.433940 0.129463 -9.712114 -0.152588 1.434326 2.685547 14.08 13.86 2.0 1.5 8.6004 9.3848 0.5828 0.0024 -0.000000 -0.007204 12.00 500 790 
7.943 3 -1.349770 -0.388389 -9.275776 0.305176 -2.105713 0.549316 14.18 14.27 1.1 1.7 10.0879 9.3848 0.5920 0.0024 -0.000000 -0.006569 12.01 500 790 
7.976 3 -0.467505 0.510659 -9.930283 -2.319336 2.288818 1.037598 14.25 14.67 1.5 1.5 9.5876 10.0068 0.6012 0.0024 -0.000000 -0.006418 11.99 500 790 
8.009 3 -1.088447 -0.369209 -9.911103 2.624512 0.549316 -1.007080 14.00 14.24 1.0 1.7 10.0879 9.2495 0.6105 0.0024 -0.000000 -0.008479 12.00 500 790 
8.042 3 -0.980561 0.177412 -10.076528 -0.732422 -0.274658 -0.579834 14.00 14.01 2.0 1.8 8.6004 8.9520 0.6197 0.0024 -0.000000 -0.008353 12.01 500 790 
8.075 3 -0.218169 0.021577 -10.340249 2.075195 0.701904 0.915527 13.03 15.02 1.5 2.3 8.4517 8.9520 0.6283 0.0024 -0.002591 -0.007783 11.99 500 820 
8.108 3 -0.855894 -0.712046 -9.971040 1.525879 8.239746 0.823975 12.79 14.30 1.5 1.8 8.0866 9.1278 0.6372 0.0024 -0.002591 -0.009540 12.00 500 820 
8.141 3 -0.798354 -0.726431 -9.858359 0.366211 0.183105 4.760742 14.18 12.67 1.8 0.8 9.1278 8.9520 0.6458 0.0023 -0.000000 -0.009359 12.01 500 820 
8.174 3 -0.270913 -0.719238 -9.707319 0.396729 2.105713 -7.049561 13.15 13.32 1.1 1.5 9.3171 8.5463 0.6544 0.0023 -0.002591 -0.009156 12.02 490 820 
8.207 3 -1.016523 -0.968574 -9.668960 -1.403809 -6.896973 5.371094 13.02 13.74 1.6 1.4 8.3976 9.3171 0.6629 0.0023 -0.002591 -0.008043 12.01 490 820 
8.240 3 0.292490 0.400376 -9.867949 0.183105 4.974365 -2.014160 13.29 13.32 1.6 1.5 8.7221 8.6680 0.6713 0.0023 -0.002591 -0.008196 12.01 500 830 
8.273 3 -0.923022 -0.110283 -9.088774 -0.122070 -1.983643 1.403809 13.71 11.86 2.4 0.6 7.8973 8.7762 0.6799 0.0023 -0.000000 -0.009987 12.00 500 820 
8.306 3 -0.695264 -0.815137 -10.107695 0.549316 -3.265381 0.335693 12.47 13.44 1.0 1.8 8.7221 8.4517 0.6882 0.0022 -0.002591 -0.008317 12.00 500 820 
8.339 3 -0.719238 -0.783970 -10.184414 0.732422 0.854492 -5.950928 12.47 13.47 1.2 2.1 8.4517 8.0460 0.6966 0.0022 -0.002591 -0.007896 12.02 490 820 
8.372 3 0.220566 0.419556 -9.855962 -2.807617 1.068115 0.183105 13.57 12.05 2.2 0.9 8.0866 8.4923 0.7048 0.0022 -0.000000 -0.008332 12.00 490 820 
8.405 3 -0.426748 0.158232 -9.273378 -1.647949 -1.953125 0.183105 11.67 13.03 0.4 2.0 8.9520 7.8567 0.7131 0.0022 -0.002591 -0.009647 12.01 490 820 
8.438 3 -0.122271 0.021577 -9.918296 -0.946045 2.136230 -0.732422 12.09 12.68 1.7 1.9 7.4240 7.6268 0.7207 0.0022 -0.002591 -0.008145 12.00 490 800 
8.471 3 -0.889458 -0.230156 -9.891924 1.007080 -2.288818 -5.096436 11.83 12.58 1.2 1.7 7.9919 7.8567 0.7287 0.0022 -0.002591 -0.008300 12.00 490 820 
8.504 3 -0.385991 -0.258926 -9.683345 -0.579834 1.922607 2.868652 12.95 12.04 1.9 0.4 7.8161 9.3848 0.7366 0.0022 -0.000000 -0.006905 12.00 500 790 
8.537 3 -0.728828 -0.414761 -10.028579 1.495361 2.227783 -3.723145 12.64 11.88 1.7 1.4 7.9919 7.5862 0.7446 0.0022 -0.000000 -0.007748 12.02 500 820 
8.570 3 -0.498672 0.258926 -10.333056 0.427246 0.183105 -3.234863 12.09 11.42 2.1 0.7 6.9642 8.3435 0.7522 0.0021 -0.000000 -0.009244 12.01 500 790 
8.603 3 -0.098296 0.086309 -9.867949 -0.610352 -2.838135 2.166748 11.73 11.98 1.5 1.7 7.4240 7.5051 0.7599 0.0021 -0.000000 -0.007557 12.02 500 810 
8.636 3 -0.903843 0.182207 -9.438804 -1.403809 -0.488281 -4.241943 12.10 11.61 1.4 0.9 7.9513 8.1407 0.7675 0.0021 -0.000000 -0.007336 12.00 500 820 
8.669 3 -0.326055 -0.016782 -9.587446 0.488281 0.244141 -1.068115 12.12 11.88 1.6 0.5 7.6809 9.1278 0.7751 0.0021 -0.000000 -0.006633 12.00 490 780 
8.702 3 -1.105229 -0.047949 -10.011797 -0.640869 -2.227783 -1.678467 12.08 11.70 1.9 0.9 7.2211 8.2894 0.7828 0.0021 -0.000000 -0.006883 12.02 500 790 
8.735 3 -0.635327 0.155835 -10.330659 -0.732422 -4.180908 1.403809 11.87 11.55 1.1 1.0 8.1407 7.9513 0.7900 0.0021 -0.000000 -0.007270 12.00 500 790 
8.768 3 -0.549019 -0.616147 -10.138862 1.007080 -7.049561 3.448486 11.82 11.64 1.9 0.9 6.8290 8.2353 0.7972 0.0021 -0.000000 -0.006355 12.00 500 780 
8.801 3 -0.618545 0.050347 -9.546689 -1.983643 -2.166748 1.739502 11.81 11.26 1.4 1.4 7.6809 7.0724 0.8044 0.0021 -0.000000 -0.006787 12.02 490 820 
8.834 3 -0.263721 -0.232554 -10.026181 -0.427246 -0.122070 -5.584717 11.15 12.16 1.3 2.0 7.1806 6.8966 0.8115 0.0021 -0.002591 -0.005840 12.01 500 820 
8.867 3 -0.580186 0.433940 -10.237158 0.396729 -0.915527 6.652832 10.48 12.01 0.6 1.9 7.4645 7.0048 0.8187 0.0021 -0.002591 -0.007288 12.01 500 830 
8.900 3 -0.472300 -0.584980 -9.594639 0.579834 -5.615234 1.373291 10.91 11.18 1.0 1.0 7.3834 7.5051 0.8255 0.0021 -0.002591 -0.007253 12.02 490 820 
8.933 3 -0.513057 -0.750405 -9.376470 0.671387 -0.671387 7.446289 10.80 11.17 1.3 1.2 6.8290 7.1806 0.8320 0.0021 -0.002591 -0.006501 12.02 500 820 
8.966 3 -0.445928 0.635327 -9.875141 -0.549316 2.624512 7.965088 10.87 11.14 1.8 0.8 6.1123 7.7620 0.8388 0.0021 -0.002591 -0.005936 12.01 490 820 
8.999 3 -1.234692 0.004795 -9.582651 0.030518 -3.417969 -2.838135 10.89 10.81 1.6 0.5 6.4909 7.9919 0.8456 0.0021 -0.002591 -0.006101 12.01 500 820 
9.032 3 -0.323657 -0.383594 -10.659111 0.671387 5.462646 -3.173828 12.02 9.11 2.6 -0.7 6.1934 8.0460 0.8522 0.0020 -0.000000 -0.006513 12.02 490 820 
9.065 3 -0.640122 -1.042895 -9.484355 -0.091553 -2.197266 3.234863 9.76 10.53 0.9 1.4 6.4638 6.4909 0.8585 0.0020 -0.002591 -0.007001 12.01 500 820 
9.098 3 -0.788765 -0.179810 -9.959052 -0.823975 -6.103516 -3.662109 9.92 10.69 0.7 1.4 6.9236 6.7884 0.8649 0.0020 -0.002591 -0.004880 12.01 500 820 
9.131 3 -0.903843 -0.541826 -9.321328 0.885010 5.706787 -0.823975 10.43 9.81 1.7 0.4 5.7742 7.3428 0.8711 0.0020 -0.000000 -0.005136 12.00 490 780 
9.164 3 -0.565801 0.055142 -9.872744 -1.678467 -4.241943 2.990723 10.09 10.16 1.8 0.8 5.5308 7.1806 0.8775 0.0020 -0.000000 -0.004384 12.01 500 790 
9.197 3 -0.848701 -0.628135 -10.054951 0.854492 4.547119 -9.979248 10.36 10.10 1.3 1.4 6.3421 6.0582 0.8836 0.0020 -0.000000 -0.003540 12.00 490 780 
9.230 3 -0.666494 0.088706 -9.767256 0.244141 -3.204346 2.380371 9.51 10.08 1.0 1.8 6.1123 5.6525 0.8896 0.0020 -0.000000 -0.004923 12.02 500 790 
9.263 3 -0.501069 -0.419556 -10.021386 0.671387 -0.274658 -0.915527 9.58 9.83 0.9 1.2 6.2881 6.1393 0.8956 0.0020 -0.000000 -0.004374 12.02 490 780 
9.296 3 -0.606558 0.771982 -9.891924 -0.976562 -0.732422 0.640869 9.43 10.14 1.1 1.4 5.8418 6.0852 0.9016 0.0020 -0.000000 -0.003105 12.00 500 790 
9.329 3 -0.529839 -0.616147 -10.074131 0.305176 3.082275 -2.532959 9.10 10.71 0.4 2.6 6.4909 5.0169 0.9077 0.0020 -0.000000 -0.002518 12.01 490 820 
9.362 3 -0.290093 -0.433940 -10.042964 1.037598 3.204346 -1.983643 9.95 9.25 1.0 1.5 6.5856 5.2333 0.9135 0.0020 0.002591 -0.003618 12.01 500 820 
9.395 3 -0.448325 -0.026372 -9.594639 -0.305176 -2.777100 -0.610352 10.21 8.72 1.8 0.7 5.6795 5.8688 0.9195 0.0020 0.002591 -0.003519 12.00 490 820 
9.428 3 -1.040498 0.227759 -9.714512 1.007080 1.190186 2.807617 9.92 8.96 0.7 1.1 6.8560 5.4226 0.9251 0.0020 0.002591 -0.002908 12.00 500 820 
9.461 3 -0.975767 -0.750405 -9.951860 -0.885010 -3.082275 0.915527 10.32 8.89 1.9 0.9 5.5578 5.5984 0.9308 0.0020 0.002591 -0.001393 12.01 490 820 
9.494 3 -0.189399 -0.071924 -10.138862 0.366211 3.356934 -6.408691 9.16 9.73 1.3 1.9 5.3550 4.8411 0.9362 0.0021 -0.000000 -0.001555 12.01 490 780 
9.527 3 -1.107627 -0.129463 -9.400444 -1.647949 -2.044678 1.098633 9.07 9.71 0.9 1.5 5.7742 5.6254 0.9418 0.0021 -0.000000 -0.001713 12.02 490 780 
9.560 3 -0.318862 0.218169 -10.033374 -0.091553 6.683350 1.190186 8.87 9.44 1.4 1.1 4.9087 5.9770 0.9474 0.0021 -0.000000 -0.002173 12.01 500 820 
9.593 3 -0.599365 0.213374 -9.585049 -0.518799 -1.007080 -4.486084 8.44 9.24 0.7 1.8 5.5308 4.7870 0.9526 0.0021 -0.000000 -0.002506 12.01 500 780 
9.626 3 -0.479492 -0.501069 -9.597035 -0.427246 -6.225586 -2.868652 9.79 7.99 2.0 0.4 5.0034 5.5984 0.9581 0.0021 0.002591 -0.001114 12.02 500 820 
9.659 3 -0.843906 0.402773 -9.529907 -0.183105 1.953125 1.312256 9.65 8.64 1.4 0.7 5.4226 5.8283 0.9633 0.0021 0.002591 0.000408 12.01 490 820 
9.692 3 -0.019180 0.112681 -10.203593 0.915527 3.082275 -4.730225 10.32 8.61 2.2 1.3 5.0034 4.6383 0.9685 0.0021 0.002591 0.001929 12.01 500 810 
9.725 3 -1.265859 0.064731 -9.419623 -0.274658 -5.432129 2.258301 8.60 9.99 0.7 1.6 5.5578 5.8283 0.9739 0.0021 -0.000000 0.000385 12.00 500 820 
9.758 3 -0.381196 0.062334 -9.831987 0.030518 4.730225 2.746582 10.24 8.45 1.7 0.0 5.7201 6.4368 0.9794 0.0021 0.002591 0.000508 12.02 490 820 
9.791 3 -0.800752 -0.155835 -9.048018 1.007080 -0.610352 -2.838135 9.81 8.56 1.4 1.3 5.5984 4.7735 0.9846 0.0021 0.002591 0.000025 12.01 500 820 
9.824 3 0.122271 -0.023975 -10.158042 0.579834 0.854492 -4.791260 10.11 8.37 1.9 0.9 5.3820 5.1386 0.9898 0.0021 0.002591 0.000890 12.01 490 810 
9.857 3 -0.409966 0.059937 -9.740884 -0.213623 -2.380371 2.655029 8.31 9.18 0.7 1.3 5.3415 5.3144 0.9948 0.0021 -0.000000 -0.000681 12.02 500 820 
9.890 3 -0.961382 -0.759995 -9.791230 -0.122070 0.946045 -3.051758 8.82 8.79 2.0 1.1 3.8404 5.1927 0.9996 0.0021 -0.000000 0.001031 12.02 490 820 
9.923 3 -0.273311 -0.261323 -9.668960 -1.007080 -7.568359 8.422852 8.59 8.80 1.3 0.9 4.8006 5.5578 1.0045 0.0021 -0.000000 0.001147 12.00 490 780 
9.956 3 -0.918227 -0.918227 -9.539496 -1.647949 0.183105 -0.701904 9.03 8.51 1.3 1.1 5.1116 4.9899 1.0093 0.0021 -0.000000 0.002124 12.01 490 780 
9.989 3 -0.127065 -0.395581 -10.431353 -0.152588 -0.213623 -5.126953 8.36 9.21 1.3 1.6 4.6924 4.7735 1.0139 0.0021 -0.002591 0.002749 12.01 500 810 
10.022 3 -0.469902 -0.007192 -9.585049 -1.129150 -1.190186 2.624512 8.97 8.10 1.4 0.7 4.8817 5.2333 1.0189 0.0021 -0.000000 0.001851 12.02 500 790 
10.055 3 -0.402773 -0.117476 -9.963847 0.335693 2.563477 2.349854 7.88 9.01 1.2 1.6 4.2191 4.6248 1.0235 0.0021 -0.002591 0.002294 12.02 500 820 
10.088 3 -0.817534 -0.501069 -9.501138 -0.183105 -7.080078 1.342773 7.96 8.84 0.6 1.5 5.4496 4.7059 1.0280 0.0021 -0.002591 0.002845 12.01 490 810 
10.121 3 -0.426748 -0.158232 -10.265927 -0.274658 4.455566 2.502441 8.90 7.16 1.8 0.3 4.3273 4.8006 1.0326 0.0021 -0.000000 0.002133 12.00 500 820 
10.154 3 -0.752803 -0.544224 -9.769653 0.274658 -8.148193 -1.159668 9.07 7.31 1.7 0.6 4.7194 4.6112 1.0370 0.0021 -0.000000 0.003921 12.02 500 820 
10.187 3 -0.620942 -0.457915 -9.875141 0.030518 4.852295 -0.030518 8.59 7.94 1.8 1.1 3.9216 4.5166 1.0414 0.0021 -0.000000 0.004685 12.01 500 780 
10.220 3 -0.508262 -0.083911 -9.618613 0.274658 2.655029 -5.859375 7.74 9.12 0.7 2.0 4.8411 4.0974 1.0460 0.0021 -0.002591 0.005264 12.02 490 810 
10.254 3 -0.625737 -0.242144 -10.090913 -0.213623 -0.885010 1.983643 8.04 8.14 0.6 1.2 5.3820 4.6789 1.0506 0.0021 -0.000000 0.003665 12.01 490 780 
10.287 3 -0.769585 0.081514 -9.294956 0.427246 1.953125 -2.105713 6.92 9.20 -0.1 2.5 5.3144 3.7052 1.0553 0.0021 -0.002591 0.004247 12.00 500 820 
10.320 3 -0.266118 -0.023975 -9.707319 -0.701904 -3.875732 0.122070 7.55 7.95 -0.1 1.4 6.0311 4.2732 1.0599 0.0021 -0.000000 0.003636 12.02 490 780 
10.353 3 -1.107627 0.326055 -9.400444 0.396729 2.563477 0.549316 9.05 6.63 2.0 -0.2 4.2596 5.2333 1.0641 0.0021 0.002591 0.004949 12.02 500 820 
10.386 3 -0.517852 -0.179810 -9.779243 0.457764 -6.134033 -6.896973 9.16 6.78 2.2 -0.2 4.0433 5.4496 1.0685 0.0021 0.002591 0.006126 12.01 500 820 
10.419 3 -1.102832 -0.282900 -9.179877 0.640869 -1.922607 3.509521 6.99 8.69 0.1 1.6 4.9493 4.6518 1.0727 0.0021 -0.000000 0.005809 12.01 500 820 
10.452 3 -0.086309 -0.522646 -10.601572 -0.885010 2.624512 -0.030518 8.00 8.26 1.7 0.8 3.7458 5.2739 1.0772 0.0021 -0.000000 0.007333 12.01 490 770 
10.485 3 -1.026113 -0.242144 -9.493945 0.091553 -3.814697 1.617432 7.51 8.15 0.5 1.2 5.0981 4.6789 1.0816 0.0021 -0.000000 0.005963 12.01 500 790 
10.518 3 -0.354824 -0.280503 -10.476904 0.640869 4.302979 -3.356934 8.90 7.50 1.2 1.2 5.3550 4.0974 1.0862 0.0021 0.002591 0.007713 12.00 500 830 
10.551 3 -0.587378 -0.227759 -9.930283 -0.244141 1.098633 -2.990723 7.40 8.12 0.9 1.9 4.4625 3.6917 1.0908 0.0021 -0.000000 0.005957 12.01 500 820 
10.584 3 -0.961382 -0.426748 -9.505932 -0.305176 -0.152588 -2.807617 7.61 8.00 0.6 1.2 4.9087 4.5436 1.0952 0.0021 -0.000000 0.006603 12.01 490 780 
10.617 3 -0.786367 0.297285 -9.762461 0.305176 -2.929688 -4.089355 8.45 6.96 2.1 0.8 3.5970 4.2596 1.0995 0.0021 0.002591 0.006939 12.01 490 820 
10.650 3 -0.704853 0.170220 -9.364482 -0.183105 -2.929688 0.091553 8.36 7.41 1.2 0.6 4.6924 4.8411 1.1039 0.0021 0.002591 0.007942 12.02 500 830 
10.683 3 -0.537031 -0.508262 -9.697729 0.366211 6.805420 -2.105713 9.04 6.97 2.1 0.7 4.0974 4.1515 1.1083 0.0021 0.002591 0.008455 12.01 490 820 
10.716 3 -0.584980 0.002397 -9.911103 -0.396729 -5.828857 4.455566 8.68 7.25 1.5 0.8 4.5436 4.3949 1.1127 0.0021 0.002591 0.008273 12.02 500 830 
10.749 3 -1.145986 -0.242144 -9.462778 -0.396729 0.396729 -4.699707 8.29 8.61 1.1 0.5 4.7194 6.1123 1.1173 0.0021 -0.000000 0.009875 12.01 500 820 
10.782 3 -0.469902 -0.628135 -10.093310 -1.403809 -4.699707 2.532959 9.25 7.48 2.2 -0.3 4.2056 6.3151 1.1219 0.0021 0.002591 0.008823 12.02 500 820 
10.815 3 -0.676084 -0.824727 -9.407637 0.213623 7.720947 -1.495361 9.15 7.09 2.2 -0.3 3.9621 5.7471 1.1268 0.0021 0.002591 0.007532 11.98 500 820 
10.848 3 -0.666494 0.467505 -10.304287 0.213623 -5.065918 -2.532959 8.05 8.32 1.5 1.3 4.1379 4.6924 1.1314 0.0021 -0.000000 0.008166 12.02 500 790 
10.881 3 -0.846304 0.397979 -9.445995 -0.854492 0.671387 3.692627 8.75 7.70 1.8 0.9 4.2461 4.6924 1.1360 0.0021 0.002591 0.008452 12.01 500 820 
10.914 3 -0.402773 0.664097 -10.158042 0.701904 4.791260 4.211426 9.01 7.52 2.0 0.6 4.0974 4.8411 1.1408 0.0021 0.002591 0.008620 12.00 500 820 
10.947 3 -1.136396 -0.011987 -9.491548 -0.762939 -8.728027 0.183105 7.92 8.86 0.8 1.6 5.0440 4.6924 1.1454 0.0021 -0.000000 0.009124 12.02 500 790 
10.980 3 -0.558608 0.364414 -10.162837 0.396729 2.868652 4.608154 9.07 8.12 1.5 1.0 4.8546 4.8546 1.1505 0.0021 0.002591 0.009676 12.02 500 820 
11.013 3 -0.716841 -0.611353 -9.764858 0.885010 1.556396 -6.256104 10.09 8.10 2.0 0.4 5.0575 5.4496 1.1553 0.0021 0.002591 0.011054 12.00 500 830 
11.046 3 -0.963779 -0.724033 -9.870346 -0.183105 -3.845215 1.708984 9.83 8.36 1.9 0.6 5.0575 5.5578 1.1605 0.0022 0.002591 0.009917 12.00 490 820 
11.079 3 -1.203525 0.208579 -9.599433 -0.091553 3.814697 4.364014 9.58 7.89 1.7 0.6 5.0440 5.0575 1.1653 0.0022 0.002591 0.008018 12.00 500 820 
11.112 3 -0.510659 -0.194194 -10.016591 1.373291 2.075195 -5.828857 9.96 7.86 2.8 0.4 3.7999 5.1927 1.1702 0.0022 0.002591 0.009315 12.00 500 820 
11.145 3 -0.978164 -0.191797 -9.160698 0.030518 -7.629395 2.502441 9.65 8.34 2.1 0.6 4.3543 5.5308 1.1750 0.0022 0.002591 0.009551 12.02 500 820 
11.178 3 -1.349770 -0.496274 -9.055210 -0.244141 0.244141 2.227783 8.58 9.54 0.8 1.3 5.3009 5.5849 1.1800 0.0022 -0.000000 0.009502 12.01 500 830 
11.211 3 -0.800752 -0.079116 -10.153247 -1.129150 -7.202148 -1.037598 9.45 9.12 1.6 0.6 5.0440 6.1663 1.1848 0.0022 -0.000000 0.010361 12.01 490 780 
11.244 3 -0.748008 -0.453120 -9.225430 1.159668 -0.274658 6.927490 8.69 9.21 0.9 1.5 5.2198 4.9087 1.1896 0.0022 -0.000000 0.008847 12.01 500 790 
11.277 3 0.016782 -0.788765 -10.126875 0.030518 4.577637 -4.669189 9.64 8.71 1.7 0.8 5.1386 5.4902 1.1949 0.0022 -0.000000 0.009895 12.01 500 770 
11.310 3 -0.148643 -0.584980 -10.273120 -2.593994 -7.110596 -2.227783 8.69 9.98 0.9 1.5 5.3820 5.6795 1.1999 0.0022 -0.002591 0.010529 12.00 490 820 
11.343 3 -1.179551 -0.326055 -9.644985 -0.946045 0.335693 -1.220703 8.21 9.40 0.5 1.6 5.5173 4.9899 1.2047 0.0022 -0.002591 0.008218 12.01 500 820 
11.376 3 -0.596968 -0.326055 -9.402842 -1.159668 -5.340576 -1.312256 7.57 10.46 0.1 2.4 5.5984 4.7735 1.2097 0.0021 -0.005182 0.009904 12.01 490 820 
11.409 3 -0.052744 -0.009590 -10.709457 1.037598 -2.624512 0.183105 9.24 9.40 1.8 1.7 4.6248 4.8006 1.2147 0.0021 -0.002591 0.011154 12.01 500 810 
11.442 3 -1.141191 0.304478 -9.112749 -0.305176 2.777100 7.751465 9.25 9.30 1.0 0.9 5.7742 5.7742 1.2200 0.0021 -0.002591 0.010162 12.02 500 820 
11.475 3 -0.062334 0.457915 -9.616216 -0.488281 2.960205 -2.380371 8.66 10.48 0.8 2.6 5.5578 4.4084 1.2254 0.0021 -0.005182 0.011080 12.00 490 800 
11.508 3 -0.534634 0.112681 -9.239814 -0.213623 -3.845215 -2.563477 9.80 9.83 1.5 1.1 5.6931 6.1663 1.2312 0.0021 -0.002591 0.011172 12.01 500 830 
11.541 3 -0.700059 -0.587378 -10.750215 -0.640869 5.645752 2.899170 9.04 9.65 0.8 0.9 5.8959 6.2881 1.2368 0.0021 -0.002591 0.008375 12.00 500 830 
11.574 3 -1.107627 -0.433940 -10.047758 0.946045 -3.143311 -0.549316 8.99 9.69 0.8 1.9 6.0311 4.9223 1.2421 0.0021 -0.002591 0.008720 12.01 500 820 
11.607 3 -0.676084 -0.086309 -9.484355 0.762939 -2.136230 -4.241943 9.41 8.62 1.2 1.4 5.6931 4.7059 1.2475 0.0021 -0.000000 0.007976 12.01 490 780 
11.640 3 -1.462451 0.321260 -8.865810 -0.488281 -5.615234 -0.427246 9.70 9.44 1.0 0.4 6.1934 7.0724 1.2531 0.0020 -0.000000 0.010268 12.01 490 820 
11.673 3 -0.692866 -0.218169 -9.630600 -0.091553 2.838135 1.800537 10.29 8.82 2.0 0.5 5.1792 6.3151 1.2585 0.0020 0.002591 0.010001 12.01 500 820 
11.706 3 -0.479492 0.333247 -10.256337 0.610352 7.293701 -3.326416 9.31 10.26 1.1 2.0 5.6525 5.3009 1.2644 0.0021 -0.000000 0.010499 12.01 490 820 
11.739 3 -0.664097 -0.683276 -9.692934 0.000000 -4.943848 -2.288818 10.17 9.49 1.4 1.3 6.0852 5.7742 1.2702 0.0021 0.002591 0.010021 12.02 490 810 
11.772 3 -1.088447 -0.822329 -9.215839 0.274658 1.983643 1.678467 9.86 9.30 1.4 0.4 5.6931 6.8966 1.2762 0.0021 0.002591 0.008460 12.01 500 820 
11.805 3 -0.431543 0.098296 -9.995014 -1.098633 1.861572 -1.770020 10.58 8.92 1.8 1.0 5.8959 5.4632 1.2818 0.0021 0.002591 0.009452 12.02 500 820 
11.838 3 -1.107627 -0.028770 -9.640190 -0.457764 -9.521484 -0.610352 9.74 10.27 1.1 1.2 6.2204 6.5856 1.2876 0.0021 -0.000000 0.010347 12.01 490 820 
11.871 3 -0.321260 -0.067129 -10.119682 1.342773 -2.258301 -2.441406 9.97 10.67 1.5 1.6 5.7742 6.3692 1.2937 0.0021 -0.000000 0.011088 12.00 490 820 
11.904 3 -0.913433 -0.393184 -9.311738 0.885010 0.091553 -0.274658 10.97 9.90 1.1 1.3 7.3428 5.9229 1.2999 0.0021 0.002591 0.010180 12.00 500 830 
11.937 3 -1.138794 -0.047949 -9.352495 -0.274658 1.647949 0.152588 9.30 11.23 0.1 2.3 7.0724 5.8283 1.3061 0.0021 -0.000000 0.008559 12.02 490 820 
11.970 3 -1.227500 -0.122271 -9.467573 -1.892090 1.190186 -0.946045 9.52 10.88 0.4 2.1 6.9642 5.7742 1.3126 0.0021 -0.000000 0.007860 12.01 490 820 
12.003 3 -0.119873 0.345234 -9.889526 1.556396 1.434326 -4.302979 9.94 10.74 1.4 2.1 5.9770 5.5173 1.3186 0.0021 -0.000000 0.008907 12.02 490 770 
12.036 3 -0.903843 -0.134258 -9.491548 -0.915527 -7.232666 -1.922607 11.18 9.62 1.9 1.0 6.2475 6.1934 1.3248 0.0021 0.002591 0.008788 12.02 490 820 
12.069 3 -0.863086 0.165425 -9.395649 -2.258301 -0.823975 2.593994 10.90 10.34 1.1 1.2 7.0724 6.7208 1.3312 0.0021 0.002591 0.009008 12.01 500 820 
12.102 3 -0.191797 -0.350029 -9.872744 2.227783 4.791260 -2.288818 10.89 10.39 1.2 1.3 6.8290 6.4909 1.3377 0.0022 0.002591 0.008475 12.01 490 810 
12.135 3 -0.366812 -0.131860 -9.647383 -0.793457 2.685547 0.000000 11.07 10.60 1.5 1.6 6.6261 6.1393 1.3441 0.0022 0.002591 0.008825 12.00 500 820 
12.168 3 -0.963779 0.532236 -9.668960 0.793457 5.676270 -0.152588 9.87 11.57 1.1 2.0 6.0582 6.4638 1.3507 0.0022 -0.000000 0.007866 12.02 500 830 
12.201 3 -0.019180 -0.575391 -10.529648 1.190186 1.190186 -3.448486 10.28 11.55 1.5 2.4 5.9500 5.7471 1.3571 0.0022 -0.000000 0.008775 12.01 490 800 
12.234 3 -1.018921 -1.136396 -9.582651 -0.457764 -6.286621 -2.593994 10.97 11.49 1.1 2.1 7.1129 6.0582 1.3636 0.0022 -0.000000 0.009520 12.00 500 780 
12.267 3 -0.167822 -0.225361 -10.364223 -1.708984 0.366211 6.927490 10.88 11.68 0.8 2.0 7.4240 6.4638 1.3704 0.0022 -0.000000 0.008701 12.02 500 790 
12.300 3 -0.779175 0.069526 -9.767256 1.770020 2.258301 -0.976562 9.69 12.88 -0.3 2.8 7.9513 6.4638 1.3770 0.0022 -0.002591 0.007852 12.02 500 820 
12.333 3 -0.879868 -0.292490 -9.558677 -0.183105 -0.579834 4.119873 11.40 10.72 1.4 1.0 7.1806 6.9236 1.3837 0.0022 -0.000000 0.006573 12.00 500 820 
12.366 3 -0.584980 0.381196 -9.407637 -1.037598 -0.457764 8.819580 10.29 11.87 1.3 1.4 6.1123 7.4240 1.3903 0.0022 -0.002591 0.006815 12.01 500 820 
12.399 3 -1.098037 0.127065 -9.609023 2.136230 -1.037598 0.823975 12.22 10.30 2.6 0.3 6.1934 7.4645 1.3969 0.0022 -0.000000 0.007725 12.01 500 820 
12.432 3 -0.803149 0.225361 -9.863154 -1.037598 -3.204346 -2.319336 12.30 10.37 2.3 0.1 6.7613 7.8567 1.4037 0.0022 -0.000000 0.007612 12.01 500 830 
12.465 3 -0.963779 0.184604 -9.299750 0.762939 -2.166748 0.061035 11.79 10.80 1.6 1.2 7.2617 6.7884 1.4106 0.0022 -0.000000 0.007021 12.01 500 820 
12.498 3 -0.469902 -0.019180 -9.659369 1.770020 1.037598 0.213623 10.65 11.54 1.2 1.1 6.8560 7.6268 1.4176 0.0022 -0.002591 0.005839 12.01 490 820 
12.531 3 -0.750405 0.601763 -9.767256 -0.366211 -2.258301 2.227783 11.63 10.23 2.0 0.1 6.5585 7.9919 1.4242 0.0022 -0.000000 0.005468 12.02 500 830 
12.564 3 -0.318862 0.249336 -9.882334 -1.007080 2.197266 3.448486 11.15 10.91 1.2 1.6 7.1535 6.5585 1.4310 0.0022 -0.000000 0.006365 12.01 490 780 
12.597 3 -0.299683 -0.460312 -9.863154 -0.274658 5.737305 -3.448486 12.05 10.85 1.8 1.4 7.2211 6.5315 1.4379 0.0021 -0.000000 0.007930 12.01 490 820 
12.630 3 -0.299683 0.350029 -10.098105 0.152588 6.011963 0.640869 11.73 11.55 1.4 1.8 7.3428 6.7208 1.4451 0.0021 -0.000000 0.007730 12.01 500 790 
12.663 3 -0.951792 -0.194194 -9.479560 -0.488281 2.899170 0.610352 11.64 11.59 1.3 1.8 7.4645 6.7884 1.4523 0.0021 -0.000000 0.006785 12.01 500 790 
12.697 3 -0.009590 -0.079116 -10.496083 -0.854492 4.058838 -1.190186 11.56 11.30 1.6 1.7 7.0048 6.6261 1.4596 0.0021 -0.000000 0.005710 12.02 500 780 
12.730 3 -0.467505 -0.194194 -9.894321 -0.427246 -0.152588 -4.791260 11.47 11.50 1.5 2.0 7.1129 6.3151 1.4664 0.0021 -0.000000 0.005984 12.01 490 780 
12.763 3 -0.673687 -0.383594 -9.561074 0.213623 1.007080 -4.577637 10.99 11.70 0.7 2.3 7.8973 6.1663 1.4736 0.0021 -0.000000 0.005225 12.01 500 790 
12.796 3 -0.620942 -0.537031 -9.831987 0.793457 -2.227783 -3.448486 11.38 11.59 1.3 1.6 7.4645 7.1129 1.4809 0.0022 -0.000000 0.005675 12.01 500 790 
12.829 3 -0.357222 -0.321260 -10.179619 0.488281 0.335693 0.152588 11.20 11.60 1.4 1.2 7.0318 7.6268 1.4881 0.0022 -0.000000 0.005100 11.99 500 790 
12.862 3 -0.438735 -0.023975 -10.033374 -0.061035 0.823975 -1.129150 11.15 11.44 1.0 2.0 7.6809 6.2475 1.4949 0.0022 -0.000000 0.004811 12.01 490 780 
12.895 3 -1.131602 0.007192 -9.546689 0.396729 -2.349854 -3.753662 11.22 11.49 0.7 2.2 8.0460 6.0582 1.5021 0.0022 -0.000000 0.005161 12.01 500 790 
12.928 3 -0.908638 -0.362017 -9.580254 0.701904 1.831055 -3.234863 11.54 12.07 0.6 1.8 8.4517 7.1806 1.5094 0.0022 -0.000000 0.006553 12.00 490 780 
12.961 3 -0.697661 -0.237349 -10.069336 -1.220703 4.974365 -0.549316 12.99 10.80 2.0 0.1 7.7215 8.4517 1.5168 0.0022 0.002591 0.005784 12.02 500 830 
12.994 3 -0.649712 0.007192 -9.841577 -0.366211 1.403809 5.981445 12.75 11.37 2.0 0.9 7.4240 7.8973 1.5244 0.0022 0.002591 0.005856 12.00 500 820 
13.027 3 -0.843906 0.062334 -9.474766 -2.044678 5.493164 6.835938 11.63 12.91 0.5 1.9 8.5463 7.8567 1.5319 0.0022 -0.000000 0.005462 12.01 500 820 
13.060 3 -0.172617 -0.407568 -9.899116 2.319336 2.105713 0.976562 13.36 11.39 2.7 0.6 7.0048 8.2353 1.5397 0.0022 0.002591 0.005121 12.01 490 820 
13.093 3 -0.148643 -0.757598 -9.951860 1.007080 6.744385 3.234863 13.19 11.82 1.6 1.5 8.2353 7.3428 1.5473 0.0022 0.002591 0.004793 12.00 500 820 
13.126 3 -0.177412 -0.527441 -9.796025 1.159668 8.270264 0.976562 12.43 12.45 1.2 1.5 8.2894 7.7620 1.5552 0.0022 -0.000000 0.003644 12.00 500 790 
13.159 3 -0.954189 -0.299683 -9.031235 0.762939 6.500244 0.701904 11.17 12.84 1.0 2.2 7.3834 7.1535 1.5626 0.0022 -0.002591 0.001877 12.00 500 830 
13.192 3 -0.889458 0.153437 -9.760063 -0.335693 1.770020 2.014160 11.68 12.90 0.9 1.7 8.0460 7.8973 1.5702 0.0022 -0.002591 0.003443 12.01 500 830 
13.225 3 -0.460312 -0.242144 -9.923091 -0.701904 0.610352 8.148193 12.38 12.51 2.4 0.8 6.5315 8.8303 1.5779 0.0022 -0.002591 0.003795 12.01 490 820 
13.258 3 -0.827124 -1.026113 -9.630600 -1.068115 1.861572 1.922607 12.33 12.88 1.3 1.5 7.9513 8.3435 1.5855 0.0021 -0.002591 0.003847 12.01 500 830 
13.291 3 -0.350029 0.374004 -10.253941 0.396729 4.913330 1.983643 12.36 12.72 1.2 2.0 8.2353 7.3023 1.5931 0.0021 -0.002591 0.003019 12.00 500 820 
13.324 3 -0.311670 -0.309272 -9.532305 -1.342773 5.920410 1.312256 12.06 12.42 1.4 2.1 7.7620 6.9642 1.6012 0.0021 -0.002591 0.001673 12.01 490 820 
13.357 3 -1.066870 0.879868 -8.954516 2.105713 5.401611 -0.213623 12.01 12.47 0.7 1.8 8.7221 7.4240 1.6088 0.0021 -0.002591 0.001665 12.00 490 820 
13.390 3 -0.481890 0.028770 -9.692934 -1.251221 0.000000 3.509521 13.55 11.25 2.9 0.1 6.9236 8.8303 1.6166 0.0021 -0.000000 0.002453 12.01 500 820 
13.423 3 -0.047949 -0.589775 -10.052553 1.159668 3.723145 3.356934 11.76 13.04 1.2 2.1 7.6268 7.6809 1.6244 0.0020 -0.002591 0.002083 12.02 500 820 
13.456 3 -0.707251 0.457915 -9.992617 0.122070 3.967285 0.213623 12.61 11.69 1.8 1.2 7.5862 7.6809 1.6323 0.0020 -0.000000 0.001100 12.01 500 790 
13.489 3 -0.338042 -0.455518 -9.884731 -0.549316 2.014160 0.976562 12.31 11.96 1.7 1.8 7.3834 7.1129 1.6399 0.0020 -0.000000 0.001546 12.01 500 790 
13.522 3 -0.908638 -0.069526 -9.532305 0.457764 5.035400 -1.098633 12.14 12.25 1.0 1.9 8.3976 7.0724 1.6475 0.0020 -0.000000 0.001807 12.01 490 780 
13.555 3 -0.685674 0.194194 -10.107695 -1.037598 1.373291 1.525879 12.64 11.78 2.5 0.5 6.6261 8.7762 1.6552 0.0020 -0.000000 0.001745 12.00 500 780 
13.588 3 -0.716841 0.129463 -10.162837 -0.366211 1.525879 1.129150 11.25 13.12 1.2 2.2 7.2211 7.6809 1.6630 0.0020 -0.002591 0.001681 12.01 490 820 
13.621 3 -0.889458 -0.182207 -9.959052 1.159668 -2.593994 -5.218506 11.45 12.94 1.0 2.2 7.8161 7.4240 1.6706 0.0020 -0.002591 0.001794 12.02 500 830 
13.654 3 -0.131860 0.393184 -9.750473 -1.678467 2.563477 3.387451 12.35 12.40 1.8 2.1 7.3428 7.1129 1.6785 0.0020 -0.000000 0.002619 12.02 500 780 
13.687 3 -0.956587 -0.232554 -9.736089 2.868652 5.249023 -3.570557 12.57 12.43 1.4 2.1 8.2353 7.0724 1.6861 0.0020 -0.000000 0.002375 12.02 490 780 
13.720 3 -0.412363 0.908638 -9.570663 -1.342773 2.502441 -0.091553 12.90 12.16 2.2 0.6 7.4240 8.9520 1.6941 0.0020 -0.000000 0.001680 12.01 500 780 
13.753 3 -0.918227 -0.541826 -9.863154 0.946045 0.915527 0.701904 12.62 12.20 1.6 1.3 7.9513 8.0460 1.7022 0.0020 -0.000000 0.000856 12.01 500 790 
13.786 3 -0.673687 0.450723 -10.033374 0.335693 5.035400 -1.708984 12.53 12.05 2.4 1.1 6.5856 8.1948 1.7098 0.0020 -0.000000 0.000407 12.02 500 780 
13.819 3 -0.165425 -1.232295 -10.234760 1.312256 2.777100 1.098633 12.30 12.55 1.2 2.1 8.0866 7.2617 1.7178 0.0020 -0.000000 0.000946 12.01 500 790 
13.852 3 -1.618286 0.335645 -9.563472 2.105713 6.683350 0.457764 12.69 12.25 1.8 1.1 7.7620 8.2894 1.7255 0.0020 -0.000000 0.000690 12.01 500 780 
13.885 3 -0.577788 -0.297285 -9.697729 0.488281 2.899170 0.885010 12.18 12.28 1.4 1.8 7.7215 7.3023 1.7335 0.0020 -0.000000 -0.000186 12.01 500 790 
13.918 3 -1.028511 -0.057539 -9.901513 0.061035 1.464844 4.455566 13.57 10.96 2.4 0.7 7.6268 7.6809 1.7409 0.0020 0.002591 0.000217 12.01 500 820 
13.951 3 -0.580186 -0.867881 -9.918296 0.213623 0.427246 0.183105 12.68 11.89 2.5 1.1 6.5585 7.9513 1.7484 0.0020 -0.000000 0.000757 11.99 500 790 
13.984 3 -0.450723 -0.412363 -9.942270 -0.732422 1.861572 4.150391 11.49 13.52 0.6 2.6 8.1948 7.3834 1.7562 0.0020 -0.002591 0.001444 12.01 500 830 
14.017 3 -0.318862 0.486685 -9.894321 -1.861572 5.889893 0.762939 11.94 13.15 1.0 2.2 8.1948 7.3428 1.7638 0.0019 -0.002591 0.001025 12.01 490 820 
14.050 3 -0.587378 -0.359619 -9.963847 -0.183105 7.080078 1.892090 13.48 11.29 2.6 0.7 7.2617 7.8567 1.7717 0.0019 -0.000000 0.000115 12.00 490 820 
14.083 3 -0.659302 0.467505 -9.455585 -1.586914 -0.030518 6.408691 13.33 11.30 2.1 0.7 7.8161 7.9513 1.7793 0.0019 -0.000000 -0.000305 12.02 500 830 
14.116 3 -0.525044 -0.956587 -9.405239 -1.037598 -3.784180 2.197266 12.27 12.15 1.9 0.9 7.3023 8.5463 1.7871 0.0019 -0.002591 -0.000487 12.01 500 820 
14.149 3 -1.249077 -0.251733 -9.486753 -0.274658 3.509521 -1.892090 11.96 12.13 1.1 1.6 8.1407 7.6268 1.7948 0.0019 -0.002591 -0.001034 12.01 500 830 
14.182 3 -0.489082 0.182207 -10.040566 -1.495361 1.220703 -1.403809 11.70 11.98 1.1 1.8 7.9919 7.0318 1.8024 0.0018 -0.002591 -0.001274 12.01 490 820 
14.215 3 -0.131860 -0.206182 -10.100503 1.342773 -1.708984 -7.659912 11.76 11.91 1.3 1.5 7.6809 7.4240 1.8096 0.0018 -0.002591 -0.000504 12.01 490 800 
14.248 3 -0.551416 0.491479 -10.249146 1.617432 2.777100 -5.065918 11.40 12.51 1.5 2.5 6.9236 6.5315 1.8172 0.0018 -0.002591 0.000632 12.01 500 820 
14.281 3 -0.779175 1.234692 -9.436406 -0.061035 -0.671387 -4.852295 12.63 11.58 1.7 1.2 7.8973 7.5457 1.8247 0.0018 -0.000000 0.000827 12.01 500 830 
14.314 3 -0.841509 0.352427 -9.942270 -1.953125 0.244141 4.577637 12.48 12.00 1.9 1.0 7.3834 8.3435 1.8323 0.0018 -0.000000 0.000848 12.00 490 780 
14.347 3 -0.508262 -0.213374 -10.076528 -0.915527 -2.410889 0.213623 11.15 12.97 0.7 1.7 8.0460 8.2353 1.8401 0.0018 -0.002591 -0.000422 12.01 500 820 
14.380 3 -0.788765 -0.580186 -10.095708 -1.068115 -1.739502 -0.915527 12.49 11.37 2.0 0.9 7.3834 7.8973 1.8476 0.0018 -0.000000 -0.000620 12.01 500 790 
14.413 3 -0.822329 -0.405171 -9.719306 0.274658 -5.218506 0.183105 12.09 11.54 1.8 1.0 7.3428 8.0460 1.8552 0.0018 -0.000000 -0.000809 12.01 500 790 
14.446 3 -0.937407 -0.558608 -9.568266 1.983643 2.197266 -7.263184 11.18 12.71 0.5 2.2 8.4923 7.1129 1.8626 0.0018 -0.002591 -0.000265 12.00 490 820 
14.479 3 -0.803149 -0.203784 -9.673755 0.793457 -2.441406 -4.211426 12.15 11.88 2.2 0.8 6.7613 8.5463 1.8705 0.0018 -0.000000 -0.000216 12.02 490 780 
14.512 3 -1.050088 0.141450 -9.158300 -2.075195 -0.061035 1.892090 11.70 11.81 1.4 1.3 7.4645 7.8161 1.8777 0.0018 -0.000000 -0.001379 12.00 500 780 
14.545 3 -0.736021 0.038359 -9.652178 -0.518799 -4.028320 -2.349854 12.40 11.13 2.0 0.4 7.3834 8.2894 1.8853 0.0018 -0.000000 -0.001070 11.99 500 830 
14.578 3 -0.630532 -0.119873 -9.256597 0.427246 -4.119873 -0.762939 11.86 11.56 1.5 1.3 7.5862 7.4645 1.8926 0.0018 -0.000000 -0.000902 12.01 490 780 
14.611 3 -0.709648 -0.071924 -10.083720 0.732422 -3.356934 -3.753662 12.58 12.27 1.8 1.4 7.6809 7.8973 1.9002 0.0018 -0.000000 0.001756 12.01 490 780 
14.644 3 -0.409966 -0.676084 -10.083720 0.854492 1.495361 -3.143311 11.28 13.61 -0.3 2.7 9.5876 7.3023 1.9080 0.0018 -0.002591 0.000534 12.01 500 820 
14.677 3 -0.366812 -0.666494 -10.539238 2.075195 0.183105 1.831055 11.07 13.16 0.5 2.1 8.1948 7.7215 1.9157 0.0018 -0.002591 -0.001222 12.02 500 820 
14.710 3 -0.556211 0.067129 -10.201196 -0.518799 0.488281 0.915527 11.26 12.52 0.9 2.1 7.8567 7.0724 1.9229 0.0017 -0.002591 -0.001873 12.02 490 810 
14.743 3 -0.918227 -0.172617 -9.640190 -0.915527 -3.509521 3.723145 12.54 11.26 1.6 0.8 7.9919 7.7620 1.9303 0.0017 -0.000000 -0.001504 12.01 490 820 
14.776 3 -0.882266 -0.251733 -10.071733 2.563477 0.885010 -0.457764 11.78 12.24 1.7 0.7 7.1129 8.6680 1.9377 0.0017 -0.002591 -0.000973 12.02 500 830 
14.809 3 -0.851099 -0.304478 -9.371675 -0.091553 1.892090 -0.396729 11.30 11.95 0.7 1.2 8.1407 7.8161 1.9450 0.0017 -0.002591 -0.002542 12.02 490 820 
14.842 3 -1.189141 0.822329 -9.469971 -1.312256 0.122070 -0.732422 11.39 11.77 0.9 1.6 7.8567 6.9642 1.9518 0.0017 -0.002591 -0.001845 11.99 500 820 
14.875 3 -0.822329 0.316465 -10.057348 -0.335693 4.241943 0.183105 11.48 11.36 1.2 0.9 7.6268 7.6268 1.9590 0.0017 -0.002591 -0.002072 12.01 500 820 
14.908 3 -0.786367 0.534634 -10.076528 1.464844 0.610352 3.601074 11.84 11.18 1.8 0.5 6.9642 8.0866 1.9663 0.0016 -0.002591 -0.001006 12.01 490 820 
14.941 3 -0.834316 0.292490 -9.647383 0.793457 1.892090 2.349854 13.05 10.45 3.0 -0.3 6.3421 8.7221 1.9733 0.0016 -0.000000 0.000116 12.01 500 830 
14.974 3 -1.062075 1.074062 -10.184414 -1.770020 2.410889 -1.586914 11.51 11.37 1.9 0.9 6.5315 7.7620 1.9803 0.0016 -0.002591 -0.001305 12.00 500 820 
15.007 3 -0.433940 0.165425 -9.738486 -2.685547 0.152588 3.509521 11.09 11.46 1.7 1.2 6.5315 7.5051 1.9876 0.0016 -0.002591 -0.001399 12.01 490 820 
15.040 3 -0.520249 0.153437 -9.685741 -0.274658 -4.455566 -1.037598 10.71 11.69 0.7 1.6 7.5457 7.2617 1.9944 0.0016 -0.002591 -0.001152 12.01 500 820 
15.073 3 -1.225103 -0.127065 -9.321328 0.396729 -3.021240 -7.751465 10.98 11.73 1.0 1.9 7.5457 6.6532 2.0012 0.0016 -0.002591 -0.000015 12.01 490 820 
15.106 3 -0.414761 -0.158232 -10.273120 0.885010 0.885010 0.213623 11.63 10.72 1.2 1.2 7.8161 6.7613 2.0082 0.0016 -0.000000 -0.000932 12.01 500 820 
15.139 3 -0.903843 0.146245 -9.752871 2.960205 -0.640869 -2.502441 9.89 12.32 0.3 1.6 7.3834 7.8161 2.0153 0.0016 -0.002591 -0.001168 12.00 500 820 
15.173 3 -0.788765 -0.359619 -9.772051 -0.305176 1.190186 0.122070 10.99 10.66 1.2 0.9 7.0724 7.3023 2.0219 0.0015 -0.000000 -0.001629 11.99 500 780 
15.206 3 -0.251733 -0.577788 -10.237158 1.464844 8.636475 1.525879 10.78 10.65 1.5 1.5 6.4638 6.3151 2.0287 0.0015 -0.000000 -0.001218 12.00 500 790 
15.239 3 -0.606558 -0.203784 -9.839179 -0.335693 -4.180908 -3.143311 10.05 11.56 0.8 2.2 6.9236 6.1393 2.0353 0.0015 -0.002591 -0.000096 12.01 500 820 
15.272 3 -0.421953 0.364414 -9.992617 0.976562 2.197266 -4.516602 11.67 10.47 1.9 1.7 6.7208 5.8688 2.0420 0.0015 -0.000000 0.001352 12.02 500 830 
15.305 3 -0.748008 -0.680879 -9.407637 0.701904 1.434326 -3.753662 11.04 10.53 1.3 1.8 7.0318 5.8688 2.0488 0.0015 -0.000000 -0.000170 12.01 490 820 
15.338 3 -1.047690 -0.112681 -9.702524 -1.281738 -0.671387 -1.495361 9.43 11.23 0.4 1.7 6.9642 6.7884 2.0554 0.0015 -0.002591 -0.001791 12.00 500 820 
15.371 3 -0.582583 -0.069526 -10.131670 -1.159668 -5.126953 0.793457 10.85 10.05 1.7 1.0 6.3962 6.4909 2.0616 0.0015 -0.000000 -0.000016 11.99 490 820 
15.404 3 -0.508262 0.438735 -9.632998 -1.312256 0.518799 3.082275 9.58 11.76 0.2 2.4 7.3428 6.0311 2.0683 0.0015 -0.002591 0.001031 12.00 510 830 
15.437 3 -0.819932 0.853496 -9.115147 -1.007080 4.211426 -4.486084 9.85 11.71 0.9 2.4 6.4909 6.0852 2.0751 0.0015 -0.002591 0.001268 12.01 500 820 
15.470 3 -0.836714 -0.496274 -9.671357 -0.244141 -2.746582 -2.593994 10.00 11.83 0.5 1.9 7.4240 6.8560 2.0819 0.0015 -0.002591 0.001375 12.00 490 820 
15.503 3 0.131860 -0.095898 -10.599174 -1.586914 5.645752 1.892090 11.09 11.04 1.5 1.2 6.7208 7.1535 2.0886 0.0015 -0.000000 0.001659 12.01 490 800 
15.536 3 -0.805547 -0.354824 -9.726499 -1.434326 -3.448486 0.366211 11.89 9.55 2.1 0.6 6.7613 6.6261 2.0952 0.0015 0.002591 -0.000016 12.01 490 820 
15.569 3 -0.206182 -0.175015 -9.414829 0.946045 -4.333496 -4.058838 10.86 10.90 2.0 1.2 5.8688 7.0318 2.1018 0.0015 -0.000000 0.001112 12.01 490 780 
15.602 3 -0.798354 -1.110024 -9.601830 1.190186 -2.716064 7.568359 10.82 11.26 1.4 0.7 6.4909 8.0460 2.1082 0.0015 -0.000000 0.001609 12.01 500 790 
15.635 3 0.215771 -0.417158 -9.755268 1.007080 6.774902 3.356934 10.88 10.59 1.9 0.8 5.8283 7.2211 2.1147 0.0015 -0.000000 0.000268 11.98 500 790 
15.668 3 -0.932612 -0.023975 -9.908706 1.159668 2.807617 -1.647949 11.08 10.19 2.8 0.6 4.6924 7.1129 2.1211 0.0015 -0.000000 0.000454 12.01 500 790 
15.701 3 -0.129463 -0.932612 -10.342647 0.885010 -0.549316 5.554199 11.10 10.06 2.3 0.4 5.5173 7.3834 2.1271 0.0015 -0.000000 0.000699 12.01 490 770 
15.734 3 -0.805547 -0.261323 -9.347700 -1.220703 -4.547119 -0.793457 9.42 10.80 0.8 1.2 6.2475 7.0048 2.1333 0.0015 -0.002591 -0.000611 12.00 490 820 
15.767 3 -0.436338 -0.342837 -9.594639 -0.701904 -8.331299 1.251221 9.98 11.31 0.3 1.1 7.4645 7.5051 2.1394 0.0015 -0.002591 0.002457 12.01 500 830 
15.800 3 -1.165166 0.031167 -9.182275 1.373291 1.312256 2.960205 11.09 10.11 1.2 0.9 7.1806 6.5856 2.1456 0.0015 -0.000000 0.002082 12.00 500 820 
15.833 3 -0.786367 -0.031167 -9.244609 1.190186 4.638672 -1.770020 9.76 11.14 0.3 2.4 7.3428 5.3415 2.1518 0.0015 -0.002591 0.001267 12.00 490 820 
15.866 3 -0.572993 0.496274 -9.980630 -0.305176 3.173828 -4.364014 9.24 10.77 0.3 2.1 6.9236 5.5849 2.1582 0.0015 -0.002591 -0.000255 12.00 490 820 
15.899 3 -0.587378 -0.146245 -9.309340 -1.159668 -4.608154 -1.525879 10.74 9.44 2.1 1.0 5.7742 5.9500 2.1645 0.0015 -0.000000 0.001069 12.00 500 820 
15.932 3 -0.477095 -0.580186 -10.007002 -0.976562 -4.211426 3.204346 9.04 10.72 0.5 1.9 6.3151 5.8688 2.1703 0.0014 -0.002591 0.000961 12.02 500 830 
15.965 3 -0.982959 0.575391 -9.417226 -1.708984 5.187988 -2.868652 9.27 11.26 0.5 2.5 6.4368 5.4902 2.1763 0.0014 -0.002591 0.003198 11.99 500 820 
15.998 3 -0.728828 -0.052744 -9.342905 0.305176 -0.091553 0.732422 10.11 10.59 1.0 1.1 6.4909 7.0048 2.1825 0.0014 -0.000000 0.003004 12.01 500 820 
16.031 3 -0.266118 0.393184 -9.870346 0.030518 1.739502 -2.441406 9.70 10.09 1.4 1.1 5.6254 6.5585 2.1886 0.0014 -0.000000 0.001146 12.02 490 780 
16.064 3 -0.230156 -0.302080 -10.196401 0.091553 -6.134033 -4.364014 9.86 10.09 1.4 1.0 5.8283 6.7208 2.1946 0.0014 -0.000000 0.002246 12.01 490 780 
16.097 3 -0.688071 -0.091104 -9.515522 0.549316 0.122070 4.699707 10.09 9.16 0.9 1.3 6.7208 5.3009 2.2004 0.0014 0.002591 0.001345 12.01 490 820 
16.130 3 -0.982959 0.203784 -9.683345 -1.647949 -3.875732 2.868652 10.80 9.07 2.1 0.6 5.6931 6.1934 2.2064 0.0015 0.002591 0.003346 12.00 500 820 
16.163 3 -0.340439 -0.139053 -10.086118 -0.183105 -4.699707 -3.417969 10.19 10.11 1.3 1.4 6.3151 5.8959 2.2123 0.0015 -0.000000 0.004235 12.00 500 820 
16.196 3 -0.875073 -0.318862 -9.211044 0.213623 -0.762939 0.457764 11.17 9.15 1.9 0.6 6.3421 6.4368 2.2185 0.0015 0.002591 0.003475 12.00 500 830 
16.229 3 -0.815137 -0.040757 -9.635395 -0.061035 1.098633 1.678467 10.72 9.28 1.4 0.6 6.5856 6.5315 2.2245 0.0015 0.002591 0.002425 12.01 500 820 
16.262 3 -0.385991 0.239746 -9.899116 0.976562 2.807617 -2.838135 9.47 10.24 1.3 1.5 5.5173 6.0582 2.2307 0.0015 -0.000000 0.002262 12.01 500 820 
16.295 3 -0.807944 0.033564 -9.585049 1.281738 -0.671387 -2.105713 10.70 9.64 2.0 1.4 5.6795 5.6254 2.2365 0.0015 0.002591 0.003941 12.01 490 820 
16.328 3 -0.911035 -0.647314 -9.601830 -0.488281 -2.746582 0.915527 9.22 11.16 0.2 1.9 6.8966 6.3421 2.2428 0.0015 -0.000000 0.003602 12.00 490 820 
16.361 3 -0.139053 -0.086309 -10.131670 0.488281 1.068115 -0.335693 9.52 10.50 0.4 1.6 7.0048 6.1123 2.2488 0.0015 -0.000000 0.002695 12.00 490 780 
16.394 3 -0.690469 0.057539 -9.724101 -1.129150 2.136230 3.662109 10.60 9.65 1.7 0.6 6.0041 6.7884 2.2550 0.0015 0.002591 0.003274 12.01 500 820 
16.427 3 -0.503467 0.743213 -9.889526 -1.007080 4.425049 1.037598 9.22 11.04 0.5 2.2 6.4368 5.7201 2.2612 0.0015 -0.000000 0.003099 12.01 490 820 
16.460 3 -0.584980 0.160630 -9.654575 0.823975 -5.279541 -3.753662 10.62 9.37 1.6 0.7 6.3692 6.3962 2.2675 0.0015 0.002591 0.002598 12.02 500 820 
16.493 3 -0.362017 0.553813 -9.889526 -0.122070 -6.469727 -0.396729 11.17 9.75 2.1 0.6 6.0582 6.8290 2.2735 0.0015 0.002591 0.004916 12.02 500 820 
16.526 3 -0.889458 -0.819932 -9.215839 -0.122070 -2.502441 2.044678 11.12 10.18 1.4 1.6 6.7884 5.5984 2.2795 0.0016 0.002591 0.005089 12.01 500 820 
16.559 3 -0.649712 0.196592 -9.884731 0.793457 13.305664 2.716064 10.06 11.07 1.2 2.1 6.0041 5.7742 2.2857 0.0016 -0.000000 0.003750 12.02 500 820 
16.592 3 -0.431543 -1.045293 -10.165234 2.044678 4.455566 -8.117676 10.33 11.11 1.1 2.2 6.4909 5.8012 2.2922 0.0016 -0.000000 0.003815 12.01 490 820 
16.624 3 0.297285 -0.515454 -9.961450 -0.549316 0.946045 2.410889 10.11 10.82 1.4 1.5 5.9770 6.5585 2.2986 0.0016 -0.000000 0.002579 12.02 500 820 
16.657 3 -0.448325 -1.508003 -10.520059 0.122070 -1.464844 -6.469727 10.37 10.15 1.5 1.7 6.1663 5.5308 2.3046 0.0016 -0.000000 0.002277 12.00 500 780 
16.690 3 -1.431284 -0.865483 -9.441201 -1.770020 -5.920410 2.868652 10.62 9.97 1.6 1.2 6.1934 6.0852 2.3106 0.0016 -0.000000 0.002958 12.00 490 820 
16.723 3 -0.268516 -0.294888 -9.585049 -0.152588 3.326416 8.575439 10.44 10.36 1.3 1.6 6.2881 5.8688 2.3167 0.0016 -0.000000 0.003590 12.00 500 790 
16.756 3 -0.577788 -0.064731 -9.290161 1.739502 2.136230 2.990723 10.18 11.34 1.4 1.2 6.0582 7.2617 2.3229 0.0016 -0.002591 0.004604 12.00 500 820 
16.789 3 -0.733623 -0.472300 -9.839179 1.434326 -2.380371 -4.516602 10.16 10.73 1.3 1.1 6.2475 6.9236 2.3293 0.0015 -0.002591 0.002823 11.99 490 820 
16.822 3 -0.577788 0.534634 -10.217978 -0.152588 -2.746582 2.380371 9.38 10.97 0.7 2.1 6.3151 5.7201 2.3353 0.0015 -0.002591 0.002162 12.02 500 820 
16.855 3 -0.601763 0.515454 -9.673755 -2.288818 -3.082275 5.828857 9.63 10.61 0.6 1.2 6.7884 6.6532 2.3414 0.0015 -0.002591 0.002475 12.00 500 820 
16.888 3 -0.690469 -0.345234 -9.481957 0.366211 -0.701904 -0.396729 9.97 10.48 1.4 1.4 5.8012 6.2475 2.3474 0.0015 -0.002591 0.003596 12.01 500 820 
16.921 3 -0.733623 0.191797 -10.191607 0.030518 3.326416 -0.854492 9.52 11.19 0.4 2.6 6.8290 5.1927 2.3534 0.0015 -0.002591 0.004060 12.01 500 820 
16.954 3 -0.457915 -0.632930 -9.661767 -0.854492 -1.007080 0.701904 10.62 10.11 1.4 1.7 6.4909 5.5849 2.3596 0.0015 -0.000000 0.003994 11.99 500 820 
16.987 3 -0.690469 -0.064731 -9.481957 -0.305176 0.915527 -3.692627 10.95 9.62 1.7 0.9 6.4909 6.3421 2.3661 0.0015 -0.000000 0.003218 12.01 490 820 
17.020 3 -0.793560 -0.064731 -9.345303 1.617432 -0.885010 -0.244141 9.84 10.29 0.5 1.5 7.1129 6.1934 2.3721 0.0015 -0.000000 0.002316 12.00 500 790 
17.053 3 -0.525044 -0.450723 -10.162837 2.105713 4.180908 -3.051758 10.67 9.57 1.5 1.8 6.2204 5.0710 2.3783 0.0015 0.002591 0.003378 12.01 490 820 
17.086 3 -0.752803 -0.270913 -9.767256 0.335693 -5.554199 -2.563477 9.41 11.12 0.8 2.3 6.2475 5.8012 2.3845 0.0015 -0.000000 0.004118 12.00 500 820 
17.119 3 -0.568198 -0.249336 -10.438544 1.373291 -2.624512 -4.058838 11.08 10.30 1.6 1.4 6.6532 6.3151 2.3908 0.0015 0.002591 0.005519 12.02 490 820 
17.152 3 -0.659302 0.282900 -9.820000 -1.861572 1.495361 8.087158 10.75 10.47 1.0 0.9 7.1535 7.1535 2.3972 0.0015 0.002591 0.004168 12.00 500 820 
17.185 3 -0.908638 -0.110283 -9.726499 0.061035 2.105713 -6.713867 11.36 9.35 2.1 0.1 6.2475 7.2211 2.4036 0.0015 0.002591 0.002762 12.00 500 820 
17.218 3 -0.987754 -0.961382 -9.597035 1.068115 4.302979 -0.854492 11.03 9.28 1.8 0.4 6.3421 6.7884 2.4100 0.0015 0.002591 0.002171 12.01 490 820 
17.251 3 -0.417158 -0.026372 -10.297094 1.403809 0.000000 2.899170 10.85 10.00 1.8 1.1 6.0311 6.4909 2.4165 0.0016 0.002591 0.003925 12.02 490 810 
17.284 3 -0.376401 -0.697661 -10.268325 1.251221 -4.333496 -1.983643 9.89 11.20 1.2 1.6 6.1123 6.9236 2.4227 0.0016 -0.000000 0.004305 12.00 500 820 
17.317 3 -1.201128 -0.568198 -9.311738 -1.281738 -3.601074 0.823975 10.07 11.24 0.7 0.8 7.0724 8.0866 2.4291 0.0016 -0.000000 0.004154 12.01 500 830 
17.350 3 -0.546621 -0.011987 -10.229965 0.335693 0.091553 -0.030518 11.24 10.15 1.3 0.4 7.2211 7.5457 2.4357 0.0016 0.002591 0.003885 12.00 500 830 
17.383 3 -1.181948 -0.620942 -9.287764 -0.488281 5.462646 2.288818 9.73 11.05 0.7 1.4 6.5585 6.9642 2.4420 0.0016 -0.000000 0.002411 12.01 500 830 
17.416 3 -0.143848 0.266118 -10.138862 -0.152588 -3.326416 -1.739502 9.97 11.19 1.0 2.0 6.4368 6.2204 2.4484 0.0016 -0.000000 0.003757 12.01 500 820 
17.449 3 -0.556211 -0.604160 -10.651918 1.678467 -2.716064 1.953125 10.58 11.53 1.3 1.4 6.5315 7.3023 2.4548 0.0016 -0.000000 0.005452 12.01 500 820 
17.482 3 -1.119614 -0.477095 -10.004604 -0.061035 -5.706787 -2.014160 12.02 10.04 2.0 -0.0 6.8966 8.0460 2.4614 0.0016 0.002591 0.004370 12.02 500 820 
17.515 3 -0.357222 0.714443 -9.680947 -1.770020 -1.617432 2.014160 12.13 10.46 2.8 0.5 5.8283 7.7215 2.4683 0.0016 0.002591 0.004730 12.00 500 820 
17.548 3 -1.179551 0.441133 -9.664165 -1.129150 -0.701904 3.906250 11.69 9.87 1.9 0.2 6.8966 7.5862 2.4751 0.0016 0.002591 0.001734 12.02 500 830 
17.581 3 -0.877471 0.074321 -9.556279 -0.305176 -2.838135 2.563477 9.99 10.82 1.0 1.4 6.3692 6.7613 2.4813 0.0016 -0.000000 0.000981 12.01 500 830 
17.614 3 -0.122271 -0.424351 -10.244350 0.549316 5.889893 0.488281 10.65 10.61 1.6 1.7 6.0852 5.9229 2.4877 0.0016 -0.000000 0.002978 12.02 490 770 
17.647 3 -0.256528 -0.148643 -9.810410 1.342773 2.380371 2.227783 11.20 11.05 1.6 2.2 6.5856 5.5984 2.4942 0.0016 -0.000000 0.004991 12.01 500 790 
17.680 3 -0.882266 -1.054883 -10.105297 0.274658 -1.556396 -5.310059 10.40 11.99 0.9 2.1 6.9236 6.5856 2.5008 0.0016 -0.002591 0.004452 12.01 500 820 
17.713 3 -0.429145 0.175015 -10.270722 -0.946045 0.427246 0.793457 11.72 10.51 2.3 1.3 6.1393 6.4368 2.5074 0.0016 -0.000000 0.003718 12.01 500 790 
17.746 3 -0.915830 -0.647314 -9.589844 1.403809 -0.915527 -4.272461 11.38 10.19 1.9 1.2 6.5315 6.2204 2.5138 0.0016 -0.000000 0.002231 12.00 500 830 
17.779 3 -1.349770 -0.721636 -9.196660 0.305176 -1.953125 0.518799 10.11 11.07 0.9 1.6 6.7208 6.3962 2.5201 0.0016 -0.002591 0.001758 12.01 500 820 
17.812 3 -0.035962 -0.527441 -10.263530 -0.823975 5.310059 3.448486 10.23 11.52 1.4 2.3 5.9770 5.8283 2.5265 0.0016 -0.002591 0.003668 12.01 490 800 
17.845 3 -0.148643 -0.285298 -10.179619 -0.274658 6.805420 -0.793457 10.55 12.08 0.7 2.4 7.1806 6.3421 2.5333 0.0016 -0.002591 0.004684 12.00 490 820 
17.878 3 -0.189399 -0.103091 -10.445737 0.122070 3.021240 -3.295898 10.42 11.73 1.1 2.2 6.7613 6.3151 2.5402 0.0016 -0.002591 0.002906 12.01 490 820 
17.911 3 -0.376401 -0.529839 -10.136464 0.579834 0.122070 -0.549316 10.13 11.63 1.0 2.0 6.6937 6.6261 2.5470 0.0016 -0.002591 0.002038 12.02 500 820 
17.944 3 -1.268257 -0.584980 -9.573061 -0.976562 -3.448486 0.885010 11.34 10.16 1.5 1.2 7.1535 6.3151 2.5536 0.0016 -0.000000 0.001811 12.02 500 830 
17.977 3 -0.383594 0.678481 -9.829590 0.793457 -2.075195 -0.793457 10.13 11.15 1.3 0.9 6.2475 7.8161 2.5602 0.0015 -0.002591 0.001761 12.01 500 820 
18.010 3 -0.577788 -0.443530 -9.604228 0.518799 -1.281738 0.366211 10.70 10.78 1.4 1.2 6.5856 7.0318 2.5669 0.0015 -0.000000 0.002525 12.02 500 780 
18.043 3 -0.805547 0.558608 -9.635395 1.251221 5.035400 1.251221 11.54 10.05 1.8 0.7 6.6261 7.0724 2.5735 0.0015 0.002591 0.002592 12.01 500 830 
18.076 3 -0.946997 -0.771982 -10.232363 0.701904 -4.058838 -6.805420 10.27 11.49 1.1 2.0 6.5856 6.3962 2.5801 0.0016 -0.000000 0.003144 12.02 500 820 
18.109 3 -0.505864 -0.345234 -9.839179 -1.342773 4.425049 3.479004 10.64 11.38 1.0 2.3 6.9642 5.7471 2.5865 0.0016 -0.000000 0.003555 12.01 500 790 
18.142 3 -0.515454 -0.045552 -9.702524 -0.549316 -2.502441 2.563477 10.59 11.25 1.6 1.3 6.1934 7.3023 2.5934 0.0016 -0.000000 0.002780 12.01 500 820 
18.175 3 -0.915830 0.151040 -9.266186 0.183105 -2.838135 -5.126953 11.24 11.04 1.3 0.8 7.2617 7.8161 2.6002 0.0016 -0.000000 0.003341 12.01 500 780 
18.208 3 -0.385991 -0.234951 -10.189209 0.396729 -0.091553 1.495361 10.74 11.56 1.0 1.7 7.0318 7.0724 2.6070 0.0016 -0.000000 0.002902 12.01 500 830 
18.241 3 -0.956587 -0.616147 -9.666562 1.586914 0.854492 -5.096436 10.81 11.59 0.8 1.9 7.5457 6.7208 2.6142 0.0016 -0.000000 0.002524 12.01 500 790 
18.274 3 -0.843906 -0.371606 -9.515522 -0.427246 1.831055 -1.495361 11.76 10.17 2.2 0.7 6.3151 7.0318 2.6209 0.0016 0.002591 0.001411 12.00 490 820 
18.307 3 -0.340439 0.043154 -10.232363 -0.640869 -0.305176 6.866455 11.04 11.27 1.6 1.2 6.5315 7.3023 2.6279 0.0016 -0.000000 0.002264 12.01 490 780 
18.340 3 -0.843906 -0.354824 -9.901513 0.518799 -0.122070 0.732422 12.47 10.00 2.7 -0.0 6.3151 8.0460 2.6349 0.0016 0.002591 0.002311 12.01 500 830 
18.373 3 -0.829521 -0.817534 -10.388198 3.234863 1.892090 -2.532959 12.02 10.34 3.0 0.2 5.3820 8.0866 2.6418 0.0016 0.002591 0.001908 12.00 490 820 
18.406 3 -0.961382 -0.668892 -10.263530 -1.434326 -5.432129 1.861572 12.32 10.69 2.5 1.0 6.4638 7.1129 2.6490 0.0016 0.002591 0.002997 12.00 490 820 
18.438 3 -1.148384 -0.625737 -9.335712 0.915527 -5.371094 -0.671387 11.34 11.49 1.5 1.2 7.0724 7.5051 2.6560 0.0016 -0.000000 0.002115 12.02 500 790 
18.471 3 -0.285298 0.712046 -9.966245 -1.068115 -2.502441 5.920410 11.14 11.45 1.4 1.4 6.9236 7.3428 2.6628 0.0016 -0.000000 0.001562 12.00 500 780 
18.504 3 -1.071665 0.347632 -9.863154 -0.823975 -4.516602 4.150391 11.29 11.23 1.6 0.8 6.7884 7.8567 2.6697 0.0016 -0.000000 0.001503 12.02 500 780 
18.537 3 -0.664097 -0.175015 -9.654575 -0.488281 -6.469727 -0.152588 11.06 12.34 1.6 0.9 6.6937 8.7221 2.6767 0.0016 -0.002591 0.003148 12.00 500 820 
18.570 3 -1.050088 -0.477095 -9.376470 3.234863 0.854492 -1.403809 11.83 11.18 1.7 -0.3 7.1129 9.5200 2.6837 0.0016 -0.000000 0.001224 12.01 490 780 
18.603 3 -0.601763 -0.520249 -9.489150 0.823975 1.312256 1.922607 10.61 12.09 0.7 1.5 7.4645 7.5051 2.6908 0.0016 -0.002591 0.000706 12.01 490 820 
18.636 3 -0.431543 0.381196 -9.443599 1.953125 4.516602 3.173828 12.25 10.63 2.6 0.5 6.1123 7.5862 2.6978 0.0016 -0.000000 0.001282 12.01 500 820 
18.669 3 -0.894253 0.366812 -9.381265 -0.457764 0.793457 5.401611 10.84 12.27 1.3 1.8 6.6532 7.3023 2.7048 0.0016 -0.002591 0.001484 12.01 500 820 
18.702 3 -0.719238 0.050347 -9.798423 -0.061035 -0.335693 1.434326 11.33 12.19 2.3 0.9 5.8012 8.6004 2.7120 0.0016 -0.002591 0.001931 12.01 500 820 
18.735 3 -0.903843 -0.100693 -10.011797 -1.464844 3.570557 2.166748 11.12 12.21 1.6 1.0 6.4909 8.4517 2.7193 0.0015 -0.002591 0.000922 12.00 500 820 
18.768 3 -0.690469 0.141450 -10.102901 -1.312256 -2.441406 4.302979 10.92 12.00 1.6 1.3 6.4909 7.8973 2.7265 0.0015 -0.002591 0.000073 12.00 500 830 
18.801 3 -0.565801 -0.388389 -9.273378 -0.427246 -5.523682 -0.518799 10.51 11.92 0.6 1.8 7.5051 7.1535 2.7333 0.0015 -0.002591 -0.000409 12.00 500 820 
18.834 3 -0.944600 0.244541 -9.364482 -0.244141 -5.249023 0.549316 12.11 10.87 2.1 0.4 6.9236 8.0866 2.7404 0.0015 -0.000000 0.001170 12.00 500 820 
18.867 3 -1.028511 -0.093501 -9.664165 0.976562 0.701904 0.915527 11.53 11.20 2.0 0.3 6.4909 8.6680 2.7476 0.0015 -0.000000 0.000419 12.00 490 780 
18.900 3 -0.431543 0.316465 -10.045361 0.488281 -1.678467 -4.333496 11.63 11.52 1.1 1.5 7.8567 7.2617 2.7548 0.0015 -0.000000 0.001124 12.00 490 780 
18.933 3 -1.198730 0.287695 -9.230225 0.091553 -2.075195 4.669189 10.76 11.59 0.6 1.8 7.6809 6.9236 2.7616 0.0015 -0.000000 -0.000639 12.01 500 830 
18.966 3 -1.107627 0.381196 -9.410034 -0.793457 -1.800537 0.152588 11.07 11.14 1.2 0.9 7.2211 7.6809 2.7685 0.0015 -0.000000 -0.000330 12.00 500 790 
18.999 3 -0.378799 0.551416 -9.887129 -1.312256 5.340576 3.082275 11.24 11.06 0.7 0.8 7.9919 7.7215 2.7757 0.0015 -0.000000 0.000072 12.01 500 790 
19.032 3 -0.812739 0.750405 -9.973437 -1.068115 -6.011963 4.272461 11.39 11.39 1.6 1.2 7.0048 7.6268 2.7825 0.0015 -0.000000 0.001480 12.02 500 790 
19.065 3 -0.987754 0.227759 -9.913501 0.183105 3.875732 -1.892090 11.59 11.25 1.9 1.0 6.6532 7.6268 2.7898 0.0015 -0.000000 0.001216 12.00 500 790 
19.098 3 -0.227759 -0.088706 -10.023784 -0.671387 3.356934 -0.854492 12.42 9.94 2.5 0.3 6.5856 7.4645 2.7968 0.0015 0.002591 0.000024 12.01 500 830 
19.131 3 -0.508262 0.795957 -9.033632 -1.831055 -1.647949 -0.732422 11.64 10.06 1.5 0.8 7.3023 6.9642 2.8036 0.0015 0.002591 -0.000934 12.00 500 820 
19.164 3 -0.764790 0.486685 -9.630600 -1.739502 -2.929688 -3.234863 11.53 11.02 2.2 0.6 6.2475 7.8973 2.8106 0.0015 -0.000000 0.001543 12.01 500 790 
19.197 3 -0.692866 0.050347 -9.558677 -0.518799 -1.281738 -0.976562 10.54 11.76 0.9 1.6 7.0724 7.3834 2.8175 0.0015 -0.000000 0.000608 12.01 490 820 
19.230 3 -0.755200 -0.170220 -9.668960 0.762939 -1.251221 -2.166748 11.98 10.62 1.4 0.5 7.7620 7.8161 2.8245 0.0015 0.002591 0.000906 11.99 500 820 
19.263 3 -1.057280 -0.537031 -9.748075 1.892090 2.166748 -5.615234 11.79 10.62 2.0 0.5 6.6261 7.8161 2.8313 0.0016 0.002591 0.000422 12.02 500 820 
19.296 3 -1.054883 -0.520249 -9.719306 0.366211 6.317139 -0.640869 10.44 12.16 0.6 2.0 7.2211 7.1129 2.8384 0.0016 -0.000000 0.000724 12.01 500 820 
19.329 3 -0.644917 0.067129 -9.644985 1.159668 10.223389 -4.425049 12.22 10.55 1.5 0.9 7.7215 7.0318 2.8454 0.0016 0.002591 0.000671 12.01 500 820 
19.362 3 -1.009331 -0.338042 -9.215839 2.593994 2.655029 -2.655029 11.31 11.76 1.3 1.8 7.1129 6.7613 2.8524 0.0016 -0.000000 0.001269 12.00 500 780 
19.395 3 -0.824727 -0.131860 -9.918296 -0.152588 5.920410 3.204346 11.30 11.57 1.6 1.6 6.7884 6.7884 2.8592 0.0016 -0.000000 0.000420 12.01 490 780 
19.428 3 -0.779175 0.347632 -10.299492 -1.800537 1.708984 -0.244141 10.29 11.98 1.6 1.8 6.0041 6.8966 2.8663 0.0016 -0.002591 -0.000579 12.02 500 830 
19.461 3 -0.757598 -0.220566 -9.666562 -1.556396 -5.615234 3.601074 10.51 11.93 1.4 1.6 6.3421 7.3834 2.8731 0.0016 -0.002591 0.000405 12.01 500 820 
19.494 3 -1.062075 -0.522646 -9.915898 -3.570557 -3.295898 -0.488281 11.84 10.49 1.8 1.1 7.1129 6.6937 2.8797 0.0016 -0.000000 0.000588 12.01 500 820 
19.527 3 -0.479492 -0.539429 -9.752871 -1.281738 -3.814697 0.549316 10.45 11.94 0.8 2.0 7.1129 6.7884 2.8863 0.0016 -0.002591 0.000930 12.02 500 830 
19.560 3 -0.354824 0.369209 -9.407637 0.000000 2.441406 1.495361 11.19 10.86 1.1 1.4 7.2211 6.6937 2.8930 0.0015 -0.000000 0.000185 12.00 500 790 
19.593 3 -0.798354 -0.045552 -9.292559 1.312256 1.556396 4.241943 10.91 10.53 1.0 1.6 7.2211 6.0582 2.8998 0.0015 -0.000000 -0.000702 12.02 500 820 
19.626 3 -0.752803 0.616147 -9.354893 0.335693 -0.976562 1.098633 9.98 11.48 1.1 1.8 6.2881 6.6261 2.9064 0.0015 -0.002591 0.000175 12.01 500 820 
19.659 3 -0.429145 0.635327 -10.556020 0.549316 1.281738 -2.044678 10.49 11.40 1.8 1.4 5.7471 7.1535 2.9128 0.0015 -0.002591 0.001575 12.01 490 820 
19.692 3 -0.635327 -0.731226 -9.580254 -2.136230 -5.737305 -0.030518 10.43 11.77 0.9 1.8 7.1535 6.8966 2.9197 0.0015 -0.002591 0.002033 12.01 490 820 
19.725 3 -0.925420 -0.103091 -9.867949 -0.030518 0.457764 -0.488281 11.42 10.45 1.3 1.0 7.4240 6.7884 2.9263 0.0015 -0.000000 0.000803 12.01 500 830 
19.758 3 -0.877471 0.184604 -9.767256 0.213623 -0.823975 2.105713 11.37 10.50 1.4 0.9 7.2617 7.1129 2.9331 0.0015 -0.000000 0.000766 12.01 500 820 
19.791 3 -0.714443 -0.035962 -9.429214 0.640869 1.403809 0.183105 10.94 10.26 1.3 0.5 6.8966 7.5051 2.9400 0.0015 -0.000000 -0.000570 12.01 500 790 
19.824 3 -0.503467 -0.167822 -9.709717 -0.671387 0.030518 1.525879 10.54 10.27 1.4 1.2 6.4638 6.4638 2.9464 0.0015 -0.000000 -0.000281 12.00 500 780 
19.857 3 -0.865483 -0.177412 -9.959052 -1.007080 -4.577637 4.119873 9.56 11.68 0.8 2.2 6.4368 6.3421 2.9526 0.0015 -0.002591 0.001384 12.00 500 830 
19.890 3 -0.958984 0.426748 -9.508329 0.061035 -1.983643 0.549316 10.30 11.26 1.1 1.2 6.8290 7.1806 2.9590 0.0015 -0.002591 0.002125 12.02 500 820 
19.923 3 -0.707251 0.429145 -9.570663 0.061035 3.143311 0.244141 10.68 9.68 1.3 0.5 6.8560 6.9236 2.9657 0.0015 -0.000000 -0.000512 11.99 500 820 
19.956 3 -0.889458 -0.057539 -9.647383 -0.762939 -6.134033 1.556396 9.66 11.02 0.6 1.9 7.0048 6.2204 2.9719 0.0015 -0.002591 0.001001 12.01 490 820 
19.989 3 -0.378799 0.381196 -9.805614 0.549316 1.403809 0.793457 9.24 10.83 0.5 1.5 6.6532 6.5856 2.9783 0.0015 -0.002591 0.000298 12.00 500 820 
20.022 3 -1.225103 -0.795957 -9.855962 0.000000 -6.378174 0.671387 10.99 9.64 2.1 0.6 5.8959 6.7613 2.9845 0.0015 -0.000000 0.002342 12.00 500 820 
20.055 3 -0.640122 0.407568 -9.836782 -0.427246 1.922607 0.457764 9.58 11.27 0.9 1.9 6.3151 6.4368 2.9908 0.0015 -0.002591 0.002864 12.01 500 820 
20.088 3 -0.273311 0.086309 -9.702524 0.152588 -1.464844 -4.089355 9.59 11.57 0.8 2.3 6.5315 5.9770 2.9972 0.0015 -0.002591 0.003202 12.02 500 830 
20.121 3 -0.961382 0.400376 -9.676152 -0.366211 1.831055 0.793457 9.28 11.08 0.6 1.7 6.5585 6.5856 3.0036 0.0015 -0.002591 0.001072 12.00 500 820 
20.154 3 -0.338042 -0.163027 -10.198798 0.671387 -5.767822 -1.831055 9.33 11.20 0.4 1.9 6.9236 6.4368 3.0100 0.0014 -0.002591 0.001849 12.02 500 820 
20.187 3 -0.920625 -0.493877 -9.661767 0.793457 -0.213623 2.624512 10.53 10.07 1.6 0.7 6.0852 7.0048 3.0163 0.0014 -0.000000 0.002206 12.00 500 790 
20.220 3 -0.822329 0.071924 -9.477162 0.335693 -0.793457 -1.770020 11.07 10.34 2.0 0.5 5.9770 7.5051 3.0223 0.0014 -0.000000 0.003849 12.01 500 790 
20.252 3 -0.251733 -0.134258 -10.062143 1.556396 2.288818 -6.591797 10.77 10.82 1.2 1.4 6.9236 6.5856 3.0291 0.0014 -0.000000 0.003517 12.01 490 780 
20.285 3 -1.095640 0.155835 -9.839179 0.488281 -1.037598 -1.434326 11.59 9.49 2.1 0.8 6.3962 6.1934 3.0353 0.0014 0.002591 0.002094 12.01 490 820 
