%% logfile from robot 5
%  1    time 0.008 sec
%  2    mission (2) state 2
%  3  4  5 Acc x,y,z [m/s2]: -6.931059 -0.302080 -7.997930
%  6  7  8 Gyro x,y,z [deg/s]: 1.922607 -3.265381 -3.631592
%  9 10 Motor velocity ref left, right: 114.86 110.50
% 11 12 Motor voltage [V] left, right: 8.0 8.0
% 13 14 Wheel velocity [r/s] left, right: 10.6424 10.6424
% 15 16 17 18 Pose x,y,h,tilt [m,m,rad,rad]: 0.0014 0.0000 0.002591 0.508839
% 19    Battery voltage [V]: 11.78
% 20 21 Get data time [us]: 500 +ctrl 820
%% Configuration as seen in client (assumed updated from robot)
% [main]
% version = 2.159
% mission = 2
% statusinterval = 50
% usbdevicename = /dev/ttyACM0
% connect = True
% 
% [log]
% interval = 33
% mission_state = True
% acceleration = True
% gyro = True
% encoder = False
% motorref = True
% motorvoltage = True
% motorcurrent = False
% wheelvelocity = True
% robotpose = True
% linesensor = False
% batteryvoltage = True
% balancectrl = False
% controltime = True
% extrainfo = False
% logfilename = /home/jca/svnregbot/matlab/log_2015_10_30/bal_vel_20cm_3.log
% allow = True
% 
% [wheelVel]
% reguse = True
% usevelest = False
% usevelleadfwd = True
% acclimit = 100.0
% kp = 0.33
% taui = 0.0
% taud = 0.043
% alpha = 0.5
% imax = 8.0
% steptime = 0.3
% stepfromreg = -8.0
% steptoreg = -15.0
% stepfromv = 2.1
% steptov = 4.1
% motorvoltlimit = 8.0
% 
% [turn]
% reguse = True
% leadfwd = False
% kp = 52.0
% taui = 0.0
% taud = 0.06
% alpha = 0.1
% imax = 0.4
% outmax = 15.0
% stepontime = 0.1
% stepofftime = 0.6
% stepvaluereg = 5.0
% stepvaluemotreg = 5.0
% stepvaluemotv = 0.35
% stepvelocitymotreg = 20.0
% stepvelocitymotv = 20.0
% 
% [mission]
% mission = # demo mission
% 	vel=0.2, acc=1   : dist = 0.3
% 	tr=0.3 : turn=45
% 	vel=0.7, acc=3   : dist = 0.3
% 	vel=0.15, tr=-0.1,bal=0,log=3 : turn=-45,time=8,dist=0.75
% 	# go straight
% 	: dist = 0.3
% 	vel=0 : time=1
% filename = mission_1.mis
% 
% [balance]
% use = True
% kp = -200.0
% taui = 0.07
% taud = 0.1
% alpha = 0.2
% imax = 40.0
% outmax = 199.0
% leadfwd = True
% leadgyro = True
% 
% [balanceVel]
% use = True
% kp = 0.09
% taui = 0.0
% taud = 0.007
% alpha = 10.0
% zeta = 0.05
% imax = 0.1
% leadfwd = True
% outmax = 0.22
% steptime = 5.0
% stepfrom = 0.0
% stepto = 0.0
% stepfromvel = 0.0
% steptovel = 0.2
% stepfrommsec = 0.0
% steptomsec = 0.0
% stepfrommotvolt = 0.0
% steptomotvolt = 0.0
% 
% [balanceSS]
% use = False
% k_tilt = -8.0
% k_gyro = 0.02
% k_pos = 0.0
% k_vel = 0.0
% k_motor = 0.0
% outmax = 0.1
% steptime = 50.0
% stepfrom = 0.09
% stepto = 0.09
% steppos = -1
% 
% [lineSensor]
% maximum = 1024
% 
% [robot5]
% version = 2.156.13
% robotbase = 0.155
% gear = 9.68
% encoderppr = 48.0
% weelradiusleft = 0.0297
% weelradiusright = 0.0297
% balanceoffset = 0.07
% 
%% data log
0.041 2 -3.176636 1.246680 -11.821879 -3.906250 92.376709 -16.540527 137.74 139.84 8.0 8.0 30.7236 29.3848 0.0237 0.0001 0.000000 0.471759 11.85 500 830 
0.074 2 -1.671030 -1.325796 -12.016074 -11.901855 186.096191 -34.729004 122.36 129.32 8.0 8.0 39.7702 36.5383 0.0554 -0.0001 -0.015547 0.380959 11.87 500 830 
0.107 2 -1.138794 -2.327935 -6.497119 4.577637 301.513672 -40.771484 98.56 102.75 8.0 8.0 45.0711 40.9738 0.0930 -0.0009 -0.028502 0.233729 11.88 500 820 
0.140 2 -0.421953 0.944600 -5.423057 22.033691 402.130127 -42.938232 59.98 64.47 1.4 2.1 36.5383 37.5525 0.1327 -0.0022 -0.033685 0.028584 12.02 500 820 
0.173 2 -1.599106 1.119614 -5.866587 8.422852 270.355225 -25.482178 18.20 21.36 -3.8 -2.7 15.3618 15.7134 0.1580 -0.0029 -0.028502 -0.164027 12.01 500 820 
0.206 2 -0.258926 -0.812739 -9.680947 4.211426 78.674316 -13.214111 -19.11 -20.74 -5.7 -8.0 -9.9392 -6.2204 0.1590 -0.0030 -0.020729 -0.257863 11.87 500 820 
0.239 2 1.915571 0.362017 -11.574941 -9.826660 -109.344482 6.744385 -42.27 -47.52 -7.9 -8.0 -23.7188 -20.4869 0.1435 -0.0028 0.002591 -0.239985 11.88 500 830 
0.272 2 -2.335127 -0.390786 -7.530425 -1.586914 -279.235840 7.049561 -44.74 -47.05 -6.3 -5.9 -26.5045 -27.5863 0.1172 -0.0030 0.010364 -0.122086 11.93 490 820 
0.305 2 -2.116958 -1.335386 -6.216616 -14.770508 -374.816895 13.580322 -11.15 -11.63 3.2 3.5 -11.1697 -11.2644 0.0972 -0.0032 0.010364 0.083415 11.99 500 820 
0.338 2 -0.282900 -0.100693 -12.632221 -6.896973 -237.945557 2.532959 43.16 43.83 8.0 8.0 19.5944 18.5126 0.1032 -0.0032 0.010364 0.260566 11.79 500 830 
0.371 2 -4.617510 -4.147607 -15.880781 -3.662109 -101.837158 -3.082275 99.40 98.02 8.0 8.0 32.9819 32.1840 0.1307 -0.0029 0.007773 0.351708 11.84 500 830 
0.404 2 -1.467246 -1.213115 -14.332021 1.251221 17.089844 -13.305664 124.15 124.83 8.0 8.0 38.6343 36.5383 0.1652 -0.0027 0.002591 0.368242 11.88 500 820 
0.437 2 -0.899048 3.176636 -15.669805 -9.185791 127.166748 -22.216797 116.63 120.18 8.0 8.0 43.6107 39.7702 0.2030 -0.0029 -0.012956 0.318309 11.88 500 820 
0.470 2 -3.577012 0.103091 -9.985424 -5.950928 251.281738 -34.942627 95.93 99.16 8.0 8.0 45.0711 42.2584 0.2421 -0.0038 -0.025911 0.200689 11.88 500 830 
0.503 2 -1.843647 -1.841250 -5.425454 28.717041 334.869385 -34.027100 63.08 66.02 2.4 2.4 39.7702 40.9738 0.2841 -0.0050 -0.028502 0.026150 12.01 510 830 
0.536 2 -0.074321 2.155317 -6.892700 6.774902 197.509766 -15.350342 29.56 33.22 -2.8 0.5 25.0305 22.9074 0.3148 -0.0058 -0.025911 -0.129565 12.02 500 820 
0.569 2 -1.289834 0.220566 -9.177480 -1.129150 3.845215 -7.263184 7.51 10.70 -2.5 -2.0 9.0061 10.7235 0.3303 -0.0062 -0.023320 -0.181828 12.01 500 830 
0.602 2 -0.807944 -0.783970 -8.614077 -3.051758 -173.339844 6.164551 6.77 7.81 0.6 0.3 5.8959 6.7613 0.3367 -0.0063 -0.018138 -0.123929 12.02 500 820 
0.635 2 -0.546621 0.033564 -11.471850 -0.885010 -111.480713 -5.859375 22.82 21.03 6.7 3.5 9.9392 12.7519 0.3451 -0.0064 -0.012956 -0.027714 11.92 490 820 
0.668 2 -0.630532 -1.162768 -11.992099 -3.417969 22.979736 1.007080 29.49 28.58 5.0 2.8 17.1062 19.3104 0.3606 -0.0066 -0.010364 -0.007144 12.00 490 830 
0.701 2 -0.726431 0.052744 -8.738745 -2.197266 50.933838 -15.533447 26.69 27.36 2.0 2.0 19.3104 19.5944 0.3794 -0.0069 -0.010364 -0.032728 12.02 500 820 
0.734 2 -0.091104 -1.062075 -9.306943 2.563477 31.829834 -1.617432 22.50 23.31 1.3 1.5 17.1062 17.5525 0.3973 -0.0070 -0.007773 -0.055056 12.02 500 820 
0.767 2 -0.534634 -0.637725 -10.388198 0.793457 -13.366699 7.324219 21.19 20.88 2.1 1.3 15.3618 16.0920 0.4132 -0.0071 -0.005182 -0.057437 12.02 500 820 
0.800 2 -1.033306 -0.489082 -9.345303 0.244141 -19.897461 -3.570557 21.44 24.12 1.3 3.5 16.6870 15.7134 0.4286 -0.0072 -0.007773 -0.044655 12.02 500 830 
0.833 2 -1.325796 0.788765 -9.692934 -1.586914 9.460449 -12.634277 22.67 22.75 2.6 1.6 15.5376 16.9034 0.4441 -0.0073 -0.005182 -0.044672 12.00 500 830 
0.866 2 -0.438735 -0.028770 -8.784297 -0.976562 8.361816 -5.401611 22.30 20.41 2.3 0.9 15.9027 15.9027 0.4600 -0.0074 -0.002591 -0.049412 12.01 490 820 
0.899 2 -0.659302 -0.323657 -8.264048 0.000000 -3.204346 0.122070 20.95 20.17 2.0 1.5 15.1860 15.0237 0.4748 -0.0074 -0.002591 -0.049157 12.02 500 830 
0.932 2 -0.716841 -0.457915 -8.604487 -0.762939 -12.573242 -4.882812 21.18 21.04 2.2 1.9 15.0237 15.3618 0.4897 -0.0075 -0.002591 -0.043504 12.02 500 820 
0.965 2 -0.906240 -0.244541 -10.838921 2.807617 6.164551 3.509521 23.16 21.72 2.7 2.0 15.7134 15.5376 0.5047 -0.0075 0.000000 -0.037596 12.01 490 780 
0.998 2 -0.280503 -0.321260 -10.359428 3.356934 13.244629 -5.706787 20.84 21.55 1.4 2.1 15.7134 15.1860 0.5198 -0.0075 -0.002591 -0.044270 12.03 500 830 
1.031 2 -0.553813 0.565801 -9.086377 -0.640869 0.335693 -0.274658 20.86 19.61 2.6 1.5 13.9284 14.5369 0.5345 -0.0076 0.000000 -0.046092 12.00 500 790 
1.064 2 -0.402773 0.479492 -10.162837 -0.183105 -2.685547 3.204346 19.81 20.91 2.1 2.5 13.6579 14.0771 0.5487 -0.0076 -0.002591 -0.042473 12.02 500 820 
1.097 2 -1.325796 -0.306875 -10.004604 1.159668 -2.380371 2.410889 19.87 20.17 1.7 1.9 14.3746 14.2259 0.5628 -0.0076 -0.002591 -0.042102 12.01 490 820 
1.130 2 0.007192 -0.011987 -9.474766 -0.823975 8.453369 -0.976562 18.34 20.39 0.7 2.9 14.5369 12.8736 0.5762 -0.0077 -0.005182 -0.042800 12.02 500 810 
1.163 2 -0.776777 -0.738418 -9.050415 -0.671387 -2.593994 4.302979 18.64 18.56 1.4 1.9 13.9284 12.8736 0.5897 -0.0077 -0.002591 -0.043180 12.02 500 830 
1.196 2 0.143848 0.738418 -9.388456 -0.305176 -2.655029 2.655029 17.38 19.44 0.8 2.4 13.5227 12.9953 0.6027 -0.0078 -0.005182 -0.040817 12.02 500 830 
1.229 2 -1.165166 -0.266118 -10.050156 0.915527 0.152588 -11.718750 18.98 17.68 1.9 1.0 13.5227 13.3875 0.6154 -0.0078 -0.002591 -0.039009 12.01 500 820 
1.262 2 -0.613750 -0.501069 -9.990219 -0.915527 3.021240 0.885010 18.33 18.02 1.4 1.6 13.5227 12.9953 0.6282 -0.0079 -0.002591 -0.037929 12.02 490 820 
1.295 2 -0.611353 -0.148643 -10.637534 -1.708984 0.549316 0.579834 17.41 18.21 1.4 2.0 12.6302 12.6302 0.6407 -0.0079 -0.002591 -0.037925 12.01 490 820 
1.328 2 -0.290093 -0.376401 -9.906308 -0.305176 2.166748 1.983643 16.73 17.59 1.4 2.0 12.1704 11.9541 0.6531 -0.0079 -0.002591 -0.038656 12.02 500 820 
1.361 2 -0.441133 -0.357222 -9.359687 -0.854492 -3.936768 0.579834 16.20 17.55 1.1 2.1 12.0622 11.9541 0.6648 -0.0080 -0.002591 -0.037227 12.02 500 830 
1.394 2 -0.028770 -0.093501 -9.565868 -1.190186 -3.387451 -3.204346 16.88 17.67 1.2 1.8 12.5085 12.2921 0.6764 -0.0080 -0.002591 -0.033695 12.02 490 810 
1.427 2 -0.292490 -0.079116 -10.129272 -0.823975 3.875732 -8.636475 18.15 15.75 2.9 0.8 11.2644 11.9541 0.6883 -0.0080 0.000000 -0.034342 12.00 490 820 
1.460 2 -0.525044 -0.273311 -9.527510 1.525879 4.211426 -9.429932 15.66 16.81 0.8 2.0 11.9541 11.2644 0.6997 -0.0080 -0.002591 -0.036056 12.00 490 820 
1.493 2 -0.680879 -0.177412 -9.889526 -0.396729 -3.723145 -2.105713 15.99 15.77 1.4 1.6 11.4537 10.9940 0.7108 -0.0080 0.000000 -0.035082 12.02 500 780 
1.526 2 0.239746 0.230156 -10.385800 -0.854492 -4.364014 15.441895 17.23 15.58 2.5 1.8 10.7235 10.4801 0.7214 -0.0080 0.002591 -0.030590 12.01 500 830 
1.559 2 -0.498672 0.182207 -9.692934 -1.617432 6.958008 5.126953 16.11 15.94 2.2 1.0 10.3178 11.7512 0.7325 -0.0080 0.000000 -0.032060 12.02 500 780 
1.592 2 -0.335645 1.064473 -9.613818 -1.190186 4.150391 3.051758 15.98 14.80 2.3 1.3 10.0879 10.1555 0.7429 -0.0080 0.000000 -0.033172 12.01 500 820 
1.625 2 -0.774380 -0.405171 -9.539496 -1.312256 1.068115 4.547119 15.38 13.81 1.7 1.2 10.4801 9.4524 0.7529 -0.0081 0.000000 -0.034083 12.02 500 820 
1.658 2 -0.393184 -0.028770 -9.359687 -0.122070 -2.410889 2.746582 14.16 14.02 1.4 1.5 9.8580 9.2495 0.7624 -0.0081 -0.002591 -0.033004 12.02 500 830 
1.691 2 -1.165166 -0.973369 -10.177221 -0.457764 -10.375977 4.821777 14.30 13.88 1.6 1.3 9.7228 9.5200 0.7720 -0.0081 -0.002591 -0.030147 12.02 490 820 
1.724 2 -0.678481 0.546621 -9.772051 -0.366211 3.051758 -7.324219 14.14 14.97 1.2 1.8 10.1555 9.6552 0.7815 -0.0082 -0.005182 -0.026741 12.00 500 820 
1.757 2 0.433940 0.736021 -10.021386 -1.464844 10.528564 0.244141 15.10 13.50 2.0 0.1 9.7904 10.8993 0.7909 -0.0082 -0.002591 -0.027880 12.02 490 820 
1.790 2 -0.724033 -0.141450 -9.520317 0.732422 2.471924 -0.946045 13.61 12.51 1.6 0.6 9.1278 9.3171 0.8001 -0.0082 -0.002591 -0.031510 12.01 500 820 
1.823 2 -0.311670 0.117476 -10.277915 0.305176 -3.356934 2.563477 12.71 12.28 1.5 1.1 8.4517 8.4923 0.8086 -0.0083 -0.002591 -0.030416 12.01 500 820 
1.856 2 -0.527441 -0.050347 -9.798423 -1.068115 -11.871338 3.204346 13.01 13.25 1.6 1.3 8.6680 9.2495 0.8174 -0.0083 -0.002591 -0.025184 12.02 500 820 
1.889 2 -0.894253 0.695264 -9.333315 -2.288818 6.439209 -2.899170 12.94 12.89 1.3 1.1 8.8303 8.9520 0.8258 -0.0083 -0.002591 -0.025608 12.02 500 820 
1.922 2 -0.498672 0.187002 -9.896718 0.427246 1.831055 -3.082275 10.94 13.08 0.7 1.8 8.0460 8.2353 0.8341 -0.0083 -0.005182 -0.027910 12.02 500 820 
1.955 2 -0.608955 -0.081514 -9.726499 0.396729 -4.791260 -2.868652 11.94 11.46 1.4 0.8 7.9513 8.3435 0.8419 -0.0084 -0.002591 -0.026608 12.02 490 820 
1.988 2 -0.381196 -0.443530 -10.062143 0.488281 0.610352 1.861572 13.26 11.11 3.3 1.0 6.1663 7.6268 0.8497 -0.0084 0.000000 -0.022363 12.02 490 820 
2.021 2 -0.469902 -0.978164 -9.932680 1.342773 1.678467 -0.549316 12.17 10.94 1.4 1.2 8.0460 7.1806 0.8574 -0.0084 0.000000 -0.024394 12.02 500 820 
2.054 2 -0.671289 -0.009590 -9.453188 0.122070 -1.556396 -1.800537 11.49 10.45 1.7 0.4 6.9236 7.9919 0.8646 -0.0084 0.000000 -0.024933 12.01 500 780 
2.087 2 -0.342837 -0.661699 -10.217978 0.579834 -4.577637 -8.331299 11.90 10.68 1.6 1.5 7.5862 6.5585 0.8718 -0.0084 0.000000 -0.021516 12.00 490 820 
2.120 2 -0.644917 -0.011987 -10.028579 -0.427246 3.601074 -1.281738 11.10 10.80 1.0 1.2 7.5862 7.1129 0.8791 -0.0084 0.000000 -0.022359 12.01 490 780 
2.153 2 -0.294888 -0.182207 -9.882334 0.213623 -0.701904 0.061035 10.36 10.36 1.0 1.2 7.0318 6.6937 0.8859 -0.0084 0.000000 -0.023239 12.02 500 790 
2.186 2 -0.462710 0.225361 -9.707319 -0.030518 -4.974365 4.791260 9.87 10.86 0.8 1.9 6.7208 6.2204 0.8923 -0.0084 0.000000 -0.021005 12.02 500 820 
2.219 2 -0.179810 0.438735 -10.440942 -0.366211 1.647949 5.065918 10.38 10.76 1.8 1.2 5.6525 6.8560 0.8987 -0.0084 0.000000 -0.018838 12.02 500 780 
2.252 2 -0.764790 -0.632930 -9.565868 -0.488281 -2.441406 0.671387 9.62 10.14 0.9 1.3 6.3151 6.2204 0.9048 -0.0084 0.000000 -0.020762 12.01 490 770 
2.285 2 -0.764790 1.018921 -10.213183 0.671387 0.366211 -5.126953 9.07 11.26 1.0 2.1 5.7471 5.9500 0.9110 -0.0084 -0.002591 -0.017953 12.01 500 820 
2.318 2 -0.582583 0.364414 -9.594639 -0.366211 2.471924 6.347656 8.68 9.95 0.7 1.8 5.7201 5.4496 0.9168 -0.0084 0.000000 -0.020611 12.02 500 820 
2.351 2 -0.879868 -0.172617 -9.836782 -0.549316 -5.462646 2.136230 8.94 9.47 1.0 1.5 5.5578 5.3820 0.9224 -0.0084 0.000000 -0.018951 12.02 500 790 
2.384 2 -0.534634 0.086309 -10.464916 -0.579834 2.014160 1.708984 9.81 9.09 1.7 0.9 5.4902 5.6525 0.9277 -0.0084 0.000000 -0.016375 12.02 500 780 
2.417 2 -0.678481 -0.314067 -9.460381 -0.549316 -0.518799 3.570557 9.37 8.56 1.6 0.3 5.1386 6.1663 0.9329 -0.0084 0.000000 -0.017609 12.02 490 780 
2.450 2 -0.467505 0.050347 -10.026181 -0.549316 4.821777 2.929688 9.62 7.99 2.2 0.7 4.5166 5.0169 0.9381 -0.0084 0.000000 -0.016784 12.02 500 820 
2.483 2 -0.620942 0.040757 -9.568266 -0.244141 -5.523682 -0.213623 8.80 8.78 1.5 0.5 4.8411 6.0852 0.9431 -0.0084 -0.002591 -0.015751 12.02 490 810 
2.516 2 -0.352427 -0.570596 -9.553882 0.427246 3.356934 2.044678 8.37 8.58 1.2 0.9 4.9087 5.3820 0.9479 -0.0084 -0.002591 -0.016137 12.02 500 810 
2.549 2 -0.544224 0.057539 -9.585049 0.732422 -0.274658 4.028320 8.26 7.56 1.4 0.5 4.5031 5.0710 0.9528 -0.0085 -0.002591 -0.016988 12.01 500 820 
2.582 2 -0.198989 -0.023975 -10.325864 0.732422 1.220703 -4.760742 7.27 8.24 1.3 1.1 3.7999 4.6924 0.9570 -0.0085 -0.005182 -0.015550 12.02 500 820 
2.615 2 -1.042895 -0.400376 -9.050415 0.152588 -3.204346 2.807617 7.63 7.08 1.2 0.9 4.1650 4.0162 0.9612 -0.0085 -0.002591 -0.015576 12.02 490 810 
2.648 2 -0.239746 -0.438735 -10.275517 -0.518799 -1.068115 -4.028320 7.99 7.04 2.1 0.8 3.1914 4.0974 0.9652 -0.0085 -0.002591 -0.013139 12.02 490 810 
2.681 2 -0.997344 -0.810342 -9.052813 0.213623 6.256104 0.732422 6.96 6.38 1.5 -0.2 3.1778 5.1386 0.9692 -0.0085 -0.002591 -0.016153 12.02 500 820 
2.714 2 -0.330850 -0.050347 -9.908706 -1.098633 -1.403809 5.737305 5.64 5.86 0.3 1.2 3.9486 2.6099 0.9728 -0.0085 -0.002591 -0.017064 12.03 500 820 
2.747 2 -0.376401 -1.112422 -10.366621 -1.129150 -15.808105 -5.584717 6.53 6.98 1.3 1.1 3.3672 4.0703 0.9760 -0.0085 -0.002591 -0.009934 12.01 490 810 
2.780 2 -0.724033 -0.021577 -9.810410 -0.305176 11.169434 -9.338379 7.40 7.18 2.0 1.2 2.7451 3.6917 0.9797 -0.0085 -0.002591 -0.007851 12.01 500 820 
2.813 2 -0.409966 -0.395581 -9.800820 0.152588 7.446289 1.068115 6.77 5.97 1.3 -0.3 3.1914 5.0981 0.9835 -0.0086 0.000000 -0.012746 12.02 500 780 
2.846 2 -0.829521 -0.151040 -9.438804 0.183105 -1.739502 1.159668 5.35 5.56 0.7 0.7 2.9209 3.2860 0.9867 -0.0086 0.000000 -0.014720 12.02 500 780 
2.879 2 -0.558608 -0.035962 -9.887129 0.091553 -11.718750 0.946045 5.65 5.95 0.7 1.0 3.4077 3.2049 0.9895 -0.0086 0.000000 -0.010662 12.01 500 790 
2.912 2 -0.381196 -0.107886 -10.160439 0.946045 8.178711 1.739502 6.78 4.82 1.2 0.2 3.4348 3.1373 0.9925 -0.0086 0.002591 -0.009928 12.02 500 820 
2.945 2 -0.726431 -0.100693 -9.688139 0.488281 -0.396729 0.793457 5.55 4.25 1.2 -0.2 2.3800 3.3807 0.9953 -0.0085 0.002591 -0.012561 12.02 490 810 
2.978 2 -0.534634 0.079116 -9.752871 -0.488281 -9.277344 1.983643 4.34 5.68 -0.1 1.4 3.2725 2.3394 0.9975 -0.0085 0.000000 -0.009665 12.02 500 780 
3.011 2 -0.311670 0.175015 -10.381005 -0.823975 -0.427246 2.471924 6.61 4.59 1.6 0.1 2.6640 3.1102 1.0001 -0.0085 0.002591 -0.006348 12.01 500 820 
3.044 2 -0.563403 -0.047949 -9.887129 0.183105 1.983643 -4.211426 5.07 5.19 1.1 0.4 2.0825 3.2454 1.0028 -0.0085 0.000000 -0.008388 12.02 500 820 
3.077 2 -0.728828 0.292490 -9.784038 -1.007080 8.056641 1.556396 5.23 4.66 1.1 1.2 2.2718 1.4740 1.0052 -0.0085 0.000000 -0.008523 12.01 500 820 
3.110 2 -0.913433 -0.057539 -9.455585 -0.488281 -1.800537 2.319336 5.48 3.67 1.7 -0.2 1.6768 2.9344 1.0074 -0.0085 0.002591 -0.009279 12.02 500 820 
3.143 2 -0.383594 -0.007192 -9.829590 -0.671387 0.122070 -0.244141 3.72 4.29 0.4 1.3 1.9337 1.0683 1.0092 -0.0085 0.000000 -0.009930 12.02 490 770 
3.176 2 -0.970972 -0.031167 -9.767256 -0.976562 -12.054443 2.471924 5.21 3.54 1.5 -0.1 1.7580 2.6504 1.0110 -0.0085 0.002591 -0.006665 12.03 500 820 
3.209 2 -0.210977 0.522646 -9.987822 1.129150 5.249023 -5.859375 3.16 6.09 -0.5 2.0 2.7181 1.7985 1.0130 -0.0085 -0.002591 -0.005352 12.02 490 820 
3.242 2 -0.975767 -0.345234 -9.455585 1.617432 8.819580 4.821777 4.44 3.02 1.2 -0.4 1.6227 2.7451 1.0150 -0.0085 0.002591 -0.009258 12.00 500 820 
3.275 2 -0.326055 0.340439 -10.030976 -0.183105 -3.417969 6.500244 4.38 1.87 1.5 -0.7 1.0412 2.2042 1.0164 -0.0085 0.005182 -0.009603 12.02 500 820 
3.308 2 -0.608955 -0.158232 -9.889526 -0.976562 -5.432129 -4.608154 4.56 2.91 1.5 0.0 1.4469 1.8797 1.0178 -0.0085 0.002591 -0.004940 12.01 500 810 
3.341 2 -0.232554 -0.541826 -9.640190 -0.793457 -9.094238 -12.420654 4.02 4.73 0.3 0.8 2.3124 2.3800 1.0192 -0.0085 0.000000 -0.001826 12.03 500 780 
3.374 2 -0.726431 0.143848 -10.126875 -0.335693 2.868652 2.990723 4.23 4.19 1.0 0.5 1.2035 2.4747 1.0206 -0.0085 0.002591 -0.003403 12.00 500 820 
3.407 2 -0.750405 -0.424351 -9.752871 0.183105 1.434326 5.615234 2.97 3.44 0.6 1.0 0.7032 0.9466 1.0218 -0.0085 0.002591 -0.007564 12.02 490 810 
3.440 2 -0.563403 -0.227759 -9.695332 -0.549316 -8.392334 4.272461 2.63 3.65 0.4 1.3 1.0277 0.6356 1.0228 -0.0085 0.000000 -0.005984 12.03 490 780 
3.473 2 -0.726431 -1.644658 -10.544033 -1.770020 7.110596 -7.598877 4.70 3.14 1.8 -0.7 1.0142 3.2049 1.0242 -0.0085 0.002591 -0.002681 12.00 500 810 
3.506 2 -0.460312 -0.810342 -9.398046 -0.640869 8.270264 -7.659912 3.37 2.01 1.0 -0.5 0.8384 1.8661 1.0255 -0.0085 0.002591 -0.007883 12.02 500 820 
3.539 2 -0.683276 -0.601763 -9.493945 0.610352 -13.275146 -3.173828 3.49 1.57 1.3 -0.0 0.6897 0.8114 1.0263 -0.0085 0.002591 -0.005937 12.03 490 820 
3.572 2 -0.714443 -0.091104 -9.923091 0.457764 -6.591797 9.948730 4.49 2.40 1.7 0.5 0.5544 0.7843 1.0269 -0.0085 0.005182 -0.000858 12.02 490 810 
3.605 2 -0.596968 -0.258926 -9.671357 1.159668 2.929688 0.976562 2.87 2.80 0.6 0.7 0.6626 0.7167 1.0275 -0.0085 0.002591 -0.003790 12.02 500 820 
3.638 2 -0.781572 -0.112681 -9.539496 -0.183105 -10.223389 0.122070 3.15 2.89 1.0 0.9 0.4327 0.4057 1.0279 -0.0085 0.002591 -0.002087 12.03 500 820 
3.671 2 -0.855894 0.457915 -9.215839 1.770020 18.402100 -5.126953 4.06 3.62 1.1 0.7 1.0142 1.3117 1.0287 -0.0085 0.002591 0.000578 12.01 500 810 
3.704 2 -0.354824 0.050347 -10.210786 -0.335693 5.340576 -6.317139 3.06 2.92 0.6 0.0 0.9872 1.9878 1.0299 -0.0085 0.002591 -0.004190 12.00 500 810 
3.737 2 -0.700059 -0.175015 -9.918296 -0.915527 -3.417969 -1.983643 2.36 2.09 0.6 0.6 0.3651 0.3381 1.0299 -0.0085 0.002591 -0.005997 12.03 500 810 
3.770 2 -0.532236 -0.074321 -9.616216 -0.732422 -7.385254 2.075195 2.33 3.47 0.7 1.4 0.2028 0.1758 1.0301 -0.0085 0.000000 -0.001240 12.01 490 780 
3.803 2 -0.270913 -0.230156 -10.225170 -0.427246 8.544922 7.385254 2.45 2.22 0.4 0.6 0.6626 0.5274 1.0307 -0.0085 0.002591 -0.004183 12.02 500 820 
3.836 2 -0.503467 -0.266118 -9.896718 -0.335693 -8.148193 0.762939 2.28 2.01 0.7 0.6 0.2434 0.2299 1.0307 -0.0085 0.002591 -0.003436 12.01 500 820 
3.869 2 -0.616147 -0.129463 -9.752871 -0.030518 -2.014160 -0.183105 2.57 2.30 0.9 0.8 0.1487 0.1352 1.0307 -0.0085 0.002591 -0.001187 12.02 490 810 
3.902 2 -0.582583 -0.203784 -9.863154 -0.061035 -3.509521 -0.183105 2.90 2.63 1.0 0.9 0.1082 0.1082 1.0307 -0.0085 0.002591 0.000498 12.01 500 810 
3.935 2 -0.225361 -0.508262 -10.050156 -0.671387 12.420654 -3.051758 2.28 3.10 0.1 0.7 1.0412 0.6897 1.0317 -0.0085 0.000000 -0.000634 12.03 500 780 
3.968 2 -0.640122 -0.086309 -9.666562 -0.061035 -2.960205 -4.516602 2.08 2.09 0.6 0.5 0.3786 0.3381 1.0317 -0.0085 0.000000 -0.003260 12.03 490 770 
4.001 2 -0.719238 -0.258926 -9.805614 0.000000 -1.678467 2.532959 2.10 2.10 0.7 0.6 0.1893 0.1758 1.0317 -0.0085 0.000000 -0.002177 12.02 500 780 
4.034 2 -0.517852 -0.244541 -9.899116 -0.030518 -1.190186 -1.434326 2.17 2.17 0.7 0.7 0.1217 0.1217 1.0317 -0.0085 0.000000 -0.001200 12.02 500 780 
4.067 2 -0.676084 -0.143848 -9.719306 -0.183105 -1.068115 -0.305176 2.08 2.08 0.7 0.7 0.0947 0.0947 1.0317 -0.0085 0.000000 -0.001208 12.01 490 770 
4.100 2 -0.587378 -0.151040 -9.846372 -0.183105 -1.312256 1.098633 2.14 2.14 0.7 0.7 0.0676 0.0676 1.0317 -0.0085 0.000000 -0.000590 12.02 500 780 
4.133 2 -0.563403 -0.165425 -9.772051 0.183105 0.122070 -1.068115 2.12 2.12 0.7 0.7 0.0541 0.0541 1.0317 -0.0085 0.000000 -0.000538 12.02 500 780 
4.166 2 -0.649712 -0.095898 -9.812807 0.091553 -0.701904 0.427246 2.03 2.03 0.6 0.6 0.0541 0.0541 1.0317 -0.0085 0.000000 -0.000718 12.03 500 770 
4.199 2 -0.640122 -0.170220 -9.820000 -0.030518 -0.396729 0.366211 2.02 2.02 0.6 0.6 0.0406 0.0406 1.0317 -0.0085 0.000000 -0.000568 12.02 500 770 
4.232 2 -0.551416 -0.110283 -9.776845 -0.030518 0.366211 -0.671387 1.90 1.90 0.6 0.6 0.0406 0.0406 1.0317 -0.0085 0.000000 -0.000881 12.02 490 770 
4.265 2 -0.577788 -0.107886 -9.800820 0.000000 -0.457764 0.457764 1.76 1.76 0.5 0.5 0.0406 0.0270 1.0317 -0.0085 0.000000 -0.001138 12.02 500 780 
4.298 2 -0.683276 -0.136655 -9.851167 -0.061035 0.305176 -0.091553 1.62 1.62 0.5 0.5 0.0270 0.0270 1.0317 -0.0085 0.000000 -0.001302 12.01 490 770 
4.331 2 -0.587378 -0.119873 -9.846372 -0.091553 0.579834 -0.274658 1.38 1.38 0.4 0.4 0.0270 0.0270 1.0317 -0.0085 0.000000 -0.001810 12.00 490 770 
4.364 2 -0.616147 -0.124668 -9.870346 0.061035 0.213623 0.335693 1.13 1.13 0.3 0.3 0.0270 0.0270 1.0317 -0.0085 0.000000 -0.002157 12.01 500 770 
4.397 2 -0.611353 -0.052744 -9.791230 -0.030518 0.640869 -0.274658 0.81 0.81 0.2 0.2 0.0270 0.0270 1.0317 -0.0085 0.000000 -0.002640 12.00 490 770 
4.430 2 -0.606558 -0.057539 -9.829590 0.000000 0.701904 -0.030518 0.42 0.42 0.0 0.1 0.0270 0.0135 1.0317 -0.0085 0.000000 -0.003237 12.02 490 770 
4.463 2 -0.563403 -0.119873 -9.704922 0.091553 0.793457 0.091553 -0.02 -0.02 -0.1 -0.1 0.0135 0.0135 1.0317 -0.0085 0.000000 -0.003784 12.01 500 780 
4.496 2 -0.618545 -0.179810 -9.796025 0.122070 1.251221 -0.152588 -0.57 -0.57 -0.3 -0.3 0.0135 0.0135 1.0317 -0.0085 0.000000 -0.004592 12.01 490 770 
4.529 2 -0.568198 -0.098296 -9.812807 0.030518 1.556396 0.061035 -1.23 -1.23 -0.5 -0.5 0.0135 0.0135 1.0317 -0.0085 0.000000 -0.005520 12.02 500 780 
4.562 2 -0.544224 -0.139053 -9.920693 0.183105 1.892090 -0.213623 -2.00 -2.00 -0.8 -0.8 0.0135 0.0135 1.0317 -0.0085 0.000000 -0.006564 12.03 500 780 
4.595 2 -0.599365 -0.045552 -9.776845 0.061035 2.258301 -0.183105 -2.95 -2.95 -1.2 -1.2 0.0135 0.0135 1.0317 -0.0085 0.000000 -0.007910 12.01 490 770 
4.628 2 -0.280503 0.129463 -9.925488 -0.122070 -7.659912 5.889893 -3.56 -3.56 -1.0 -0.9 -0.7843 -0.8114 1.0309 -0.0085 0.000000 -0.006357 12.02 500 780 
4.661 2 -1.364155 -0.592173 -9.031235 0.549316 -6.744385 -7.171631 -4.88 -3.29 -1.9 -0.4 -0.3245 -1.1900 1.0303 -0.0085 -0.002591 -0.005677 12.03 500 810 
4.694 2 -0.501069 -0.112681 -10.426558 -0.396729 -9.826660 -1.892090 -3.22 -2.97 -0.7 -0.8 -0.5409 -0.4598 1.0299 -0.0085 -0.002591 0.001384 12.03 500 820 
4.727 2 -0.584980 -0.184604 -9.810410 0.274658 5.126953 1.617432 -2.91 -2.64 -0.9 -0.8 -0.2299 -0.2164 1.0299 -0.0085 -0.002591 0.002206 12.02 500 820 
4.760 2 -0.649712 -0.105488 -9.750473 0.152588 0.457764 -0.823975 -3.28 -3.01 -1.1 -1.0 -0.1487 -0.1352 1.0299 -0.0085 -0.002591 0.000122 12.02 500 810 
4.793 2 -0.537031 -0.170220 -9.810410 0.213623 1.129150 1.007080 -3.44 -3.17 -1.1 -1.1 -0.1082 -0.0947 1.0299 -0.0085 -0.002591 -0.000482 12.02 500 810 
4.826 2 -0.561006 -0.122271 -9.719306 0.213623 0.976562 -0.701904 -3.63 -3.36 -1.2 -1.1 -0.0811 -0.0811 1.0299 -0.0085 -0.002591 -0.001009 12.02 500 810 
4.859 2 -0.563403 -0.462710 -9.532305 0.335693 -10.559082 3.204346 -2.71 -4.29 0.0 -1.3 -1.3793 -0.7573 1.0289 -0.0085 0.000000 0.000344 12.01 500 780 
4.892 2 -0.338042 0.249336 -9.983027 -0.122070 -5.035400 7.751465 -2.75 -2.09 -0.7 -0.3 -0.3651 -0.7437 1.0285 -0.0085 -0.005182 0.005232 12.02 500 820 
4.925 2 -0.764790 -0.143848 -9.743281 0.183105 -3.021240 -1.037598 -1.98 -1.44 -0.5 -0.3 -0.1893 -0.2569 1.0285 -0.0085 -0.005182 0.006397 12.01 500 810 
4.958 2 -0.572993 -0.040757 -9.867949 -0.061035 -2.258301 -0.976562 -1.24 -0.70 -0.2 -0.1 -0.1217 -0.1487 1.0285 -0.0085 -0.005182 0.007096 12.02 500 820 
4.991 2 -0.616147 -0.141450 -9.748075 -0.183105 -5.706787 1.800537 -0.04 0.50 0.3 0.4 -0.0947 -0.1082 1.0285 -0.0085 -0.005182 0.009395 12.01 500 820 
5.024 3 -0.678481 -0.179810 -9.836782 -0.122070 -5.615234 -1.556396 -0.10 0.44 0.0 0.2 -0.0676 -0.0811 1.0285 -0.0085 -0.005182 0.012014 12.03 500 820 
5.057 3 -0.709648 -0.009590 -9.834385 -0.305176 -8.575439 1.251221 0.22 0.75 0.2 0.3 -0.0541 -0.0676 1.0285 -0.0085 -0.005182 0.015659 12.02 490 810 
5.090 3 -0.724033 -0.208579 -9.772051 -0.396729 -10.070801 -0.335693 1.19 1.73 0.6 0.8 -0.0541 -0.0541 1.0285 -0.0085 -0.005182 0.020569 12.03 490 800 
5.123 3 -0.987754 0.009590 -9.808012 -0.640869 -13.458252 0.549316 2.63 3.94 -0.2 1.2 2.0554 1.0548 1.0293 -0.0085 -0.005182 0.026610 12.03 500 820 
5.156 3 -0.374004 -0.076719 -10.263530 -0.274658 4.638672 2.685547 5.12 3.57 2.1 -0.4 0.7032 2.7451 1.0303 -0.0085 -0.002591 0.026142 12.00 500 810 
5.189 3 -0.625737 0.038359 -9.213442 0.305176 1.617432 -1.647949 3.67 4.33 0.5 0.7 1.5281 2.1772 1.0319 -0.0085 -0.002591 0.020069 12.02 500 820 
5.222 3 -0.702456 -0.297285 -9.798423 0.732422 7.324219 2.014160 4.80 4.33 1.1 1.2 1.8256 1.0142 1.0335 -0.0085 -0.002591 0.019694 12.02 500 820 
5.255 3 -0.570596 -0.160630 -10.083720 3.570557 3.479004 -4.791260 3.58 4.30 0.8 0.8 0.9466 2.2177 1.0353 -0.0085 0.000000 0.014456 12.02 500 780 
5.288 3 -1.167563 0.287695 -9.110352 0.122070 -5.859375 4.272461 3.37 4.24 0.6 1.3 1.1765 1.3928 1.0369 -0.0085 0.000000 0.013531 12.02 500 780 
5.321 3 -0.731226 -0.388389 -9.616216 0.000000 -7.324219 -1.983643 5.24 4.45 1.7 0.6 1.1224 2.3665 1.0387 -0.0085 0.002591 0.017493 12.01 500 820 
5.354 3 -0.721636 -0.884663 -9.589844 0.152588 -1.922607 -3.265381 3.68 6.37 -0.3 2.4 2.9209 1.1630 1.0407 -0.0085 -0.002591 0.016087 12.01 490 820 
5.387 3 -0.405171 0.026372 -10.321069 0.793457 2.319336 -5.493164 5.85 4.86 0.8 0.8 3.0291 2.5558 1.0431 -0.0085 0.002591 0.015433 12.02 500 820 
5.420 3 -0.604160 0.225361 -9.812807 -0.091553 -3.082275 3.784180 6.08 3.87 1.4 -0.9 2.7722 3.9351 1.0455 -0.0085 0.002591 0.012525 12.02 500 820 
5.453 3 -0.949395 0.445928 -9.316533 0.030518 -3.082275 -2.563477 4.79 5.68 -0.2 2.0 3.6782 1.3117 1.0477 -0.0085 0.000000 0.013166 12.01 500 780 
5.486 3 -0.673687 -0.105488 -9.863154 -0.457764 5.096436 -4.882812 6.03 5.46 1.8 0.7 1.7580 3.1508 1.0504 -0.0085 0.002591 0.013969 12.01 500 820 
5.519 3 -0.745610 -0.124668 -9.839179 -1.281738 4.302979 7.995605 5.95 5.38 1.5 0.3 2.2312 3.6917 1.0536 -0.0085 0.002591 0.011971 12.03 500 820 
5.552 3 -0.366812 -0.297285 -9.637793 -0.030518 -2.441406 -6.164551 6.25 5.61 0.4 1.5 4.3137 2.0149 1.0564 -0.0085 0.002591 0.012305 12.02 500 820 
5.585 3 -1.016523 -0.280503 -9.659369 -0.488281 -2.227783 -3.662109 6.53 6.14 0.6 1.0 4.0162 3.3536 1.0596 -0.0085 0.002591 0.012680 12.02 500 820 
5.618 3 -0.946997 -0.170220 -9.354893 1.098633 1.953125 -5.157471 6.18 6.67 0.9 1.5 3.0561 2.9344 1.0624 -0.0085 0.002591 0.011982 12.00 490 810 
5.651 3 -0.290093 -0.110283 -10.042964 1.434326 6.286621 -10.559082 8.13 5.97 2.4 0.8 2.6775 3.2725 1.0658 -0.0085 0.005182 0.013163 12.02 490 810 
5.684 3 -0.863086 -0.419556 -9.621011 0.427246 3.234863 1.159668 7.97 6.52 2.2 -0.1 2.6099 5.0710 1.0694 -0.0084 0.005182 0.011814 12.02 500 820 
5.717 3 -1.050088 -0.680879 -9.561074 1.037598 -5.615234 -5.218506 6.92 7.28 0.8 1.1 4.0974 3.9351 1.0733 -0.0084 0.002591 0.009587 12.03 500 820 
5.750 3 -0.642520 -0.040757 -10.294697 -0.213623 -0.030518 3.753662 8.09 6.75 1.2 1.4 4.3543 3.0291 1.0771 -0.0084 0.005182 0.010205 12.02 490 820 
5.783 3 -0.925420 -0.371606 -10.179619 0.335693 -5.737305 -2.838135 8.76 7.14 1.3 1.0 4.9223 3.8675 1.0811 -0.0084 0.005182 0.011091 12.03 500 830 
5.816 3 -0.740815 -0.791162 -9.793628 0.793457 0.061035 -0.488281 8.90 7.40 1.6 0.8 4.3678 4.4895 1.0851 -0.0084 0.005182 0.010274 12.02 490 810 
5.849 3 -0.136655 -0.889458 -10.623149 -0.488281 0.885010 1.129150 8.21 8.41 1.8 1.3 3.6647 4.5571 1.0893 -0.0084 0.002591 0.009678 12.02 500 810 
5.882 3 -1.117217 -0.491479 -9.462778 0.305176 0.549316 5.554199 7.80 8.37 0.8 1.0 4.6112 5.0034 1.0937 -0.0083 0.002591 0.007344 12.01 490 820 
5.915 3 -0.038359 -0.302080 -10.457725 0.305176 6.011963 -0.762939 8.92 7.77 2.3 1.1 3.6376 4.1650 1.0982 -0.0083 0.002591 0.008135 12.02 500 810 
5.948 3 -1.138794 -0.522646 -9.062402 -0.091553 -2.746582 8.941650 9.09 7.65 1.9 0.3 4.3543 5.1792 1.1026 -0.0083 0.002591 0.007174 12.03 500 820 
5.981 3 -0.632930 -0.431543 -10.134068 -1.403809 2.288818 3.570557 8.93 8.38 2.1 0.5 3.9216 5.4902 1.1068 -0.0083 0.000000 0.007778 12.02 500 790 
6.014 3 -0.719238 -0.918227 -10.098105 -1.495361 -5.340576 -1.251221 9.76 8.08 2.3 0.5 4.4219 5.2198 1.1116 -0.0083 0.000000 0.007980 12.02 500 820 
6.047 3 -1.313809 -0.709648 -8.664424 -0.854492 -0.610352 3.814697 9.90 8.00 2.1 -0.0 4.6789 5.9500 1.1164 -0.0083 0.000000 0.006865 12.02 500 820 
6.080 3 0.362017 0.402773 -10.862895 -1.861572 3.112793 -2.380371 9.32 9.43 1.9 1.8 4.5571 4.6383 1.1215 -0.0084 -0.002591 0.007850 12.02 500 820 
6.113 3 -0.748008 -0.702456 -9.618613 0.366211 -0.030518 1.861572 9.22 9.16 1.0 1.2 5.7201 5.1116 1.1263 -0.0084 -0.002591 0.005767 12.02 500 830 
6.146 3 -1.160371 -0.537031 -10.083720 0.396729 1.586914 1.464844 9.22 8.92 1.5 1.2 4.9899 5.0710 1.1315 -0.0084 -0.002591 0.004690 12.02 500 820 
6.179 3 -0.855894 -0.369209 -10.074131 0.427246 -3.936768 -3.143311 8.37 10.07 0.7 2.0 5.5308 4.9223 1.1365 -0.0084 -0.005182 0.005150 12.01 490 820 
6.212 3 -0.879868 0.441133 -8.954516 -1.190186 2.014160 2.044678 9.54 9.12 1.0 1.2 6.0852 5.2333 1.1415 -0.0084 -0.002591 0.004980 12.02 500 830 
6.245 3 -0.644917 0.038359 -9.748075 -0.122070 5.004883 0.183105 9.94 9.17 1.9 1.3 5.0034 5.1386 1.1468 -0.0084 -0.002591 0.005329 12.01 500 810 
6.278 3 -0.683276 -0.163027 -9.923091 -0.946045 -1.922607 0.518799 10.51 9.14 2.1 0.1 5.4091 6.8966 1.1524 -0.0085 -0.002591 0.005283 12.01 490 820 
6.311 3 -0.501069 -0.534634 -10.066938 -0.183105 -3.082275 0.762939 10.17 9.51 2.1 1.5 5.0034 5.2198 1.1580 -0.0085 -0.002591 0.004719 12.02 500 820 
6.344 3 -1.301821 0.021577 -9.110352 -0.762939 -1.098633 3.753662 9.62 10.03 0.7 1.6 6.4638 5.6525 1.1636 -0.0085 -0.002591 0.003393 12.01 500 810 
6.377 3 -0.867881 0.556211 -9.503535 -0.427246 4.302979 -2.777100 9.47 10.28 0.9 0.8 6.0041 7.1535 1.1697 -0.0085 -0.002591 0.002934 12.02 500 820 
6.410 3 -0.716841 -0.642520 -10.189209 -0.335693 -5.187988 -2.716064 10.56 9.32 1.6 1.4 6.2204 5.2739 1.1755 -0.0085 0.000000 0.003078 12.02 500 820 
6.443 3 -0.170220 -0.467505 -9.803218 0.213623 -1.678467 2.410889 8.86 11.23 0.2 2.1 6.6261 6.0311 1.1813 -0.0085 -0.002591 0.002967 12.03 500 820 
6.476 3 -0.896650 -0.210977 -9.074389 -0.610352 0.152588 1.800537 10.56 10.09 1.6 0.8 6.0582 6.8560 1.1871 -0.0085 0.000000 0.003593 12.02 500 790 
6.509 3 -0.632930 -0.098296 -10.143657 -0.885010 2.929688 0.152588 10.93 10.15 1.7 1.1 6.2881 6.3151 1.1936 -0.0085 0.000000 0.003395 12.02 490 820 
6.542 3 -0.908638 0.781572 -9.702524 -0.701904 5.157471 -2.441406 10.67 10.57 1.5 1.7 6.3692 5.9229 1.2000 -0.0085 0.000000 0.002833 12.02 500 780 
6.575 3 -0.582583 -0.011987 -9.779243 0.274658 2.105713 -3.509521 9.22 11.45 0.4 2.4 6.6937 5.7471 1.2062 -0.0085 -0.002591 0.000905 12.02 500 820 
6.608 3 -0.601763 -0.309272 -9.796025 -0.518799 -2.166748 2.166748 10.61 9.96 1.2 0.9 6.7884 6.4909 1.2124 -0.0085 0.000000 0.000581 12.01 500 820 
6.641 3 -0.676084 0.498672 -9.630600 -0.244141 4.211426 0.976562 9.35 11.68 0.4 2.7 6.6261 5.4632 1.2187 -0.0085 -0.002591 0.001704 12.01 500 830 
6.674 3 -0.561006 -0.419556 -10.126875 -0.457764 4.394531 -1.159668 11.85 9.63 2.6 0.7 5.7471 6.5315 1.2251 -0.0085 0.002591 0.002026 12.02 490 820 
6.707 3 -0.704853 -0.381196 -9.503535 -1.678467 4.608154 -1.495361 11.69 10.15 1.9 0.9 6.6937 6.6937 1.2319 -0.0085 0.002591 0.001778 12.02 500 820 
6.740 3 -0.505864 -0.210977 -9.808012 -1.373291 2.197266 -1.831055 10.42 11.71 1.1 2.3 6.6532 6.1393 1.2385 -0.0085 0.000000 0.001678 12.00 500 820 
6.773 3 -0.985356 -0.083911 -9.489150 0.823975 -4.333496 -3.021240 10.51 11.53 0.7 2.1 7.3834 6.3692 1.2454 -0.0085 0.000000 0.000671 12.02 500 790 
6.806 3 -0.505864 -0.438735 -10.249146 1.556396 -2.471924 -3.143311 11.92 10.66 1.3 0.9 7.8161 7.1806 1.2520 -0.0085 0.002591 0.001219 12.02 490 820 
6.839 3 -0.757598 -0.299683 -9.347700 1.708984 -0.823975 0.854492 12.24 10.97 1.6 0.6 7.5862 7.9513 1.2588 -0.0085 0.002591 0.001494 12.03 500 830 
6.872 3 -1.081255 0.069526 -9.772051 -1.098633 0.701904 4.150391 11.91 11.50 1.5 1.3 7.1806 7.5457 1.2661 -0.0085 0.002591 0.000892 12.02 500 820 
6.905 3 -1.062075 -0.740815 -9.678550 -0.488281 5.584717 3.692627 12.87 10.49 1.9 1.5 7.5051 6.2475 1.2731 -0.0085 0.005182 -0.000055 12.01 490 820 
6.938 3 -0.527441 0.170220 -9.671357 -0.793457 0.427246 2.197266 11.83 11.06 1.2 1.5 7.7215 6.7208 1.2801 -0.0085 0.002591 -0.001554 12.01 500 820 
6.971 3 -1.850840 -0.692866 -9.474766 0.885010 -3.356934 3.021240 12.23 10.77 2.0 0.7 6.9236 7.4645 1.2870 -0.0084 0.002591 -0.000966 12.02 490 820 
7.004 3 -0.961382 1.100435 -10.167631 -1.861572 -5.249023 1.220703 12.16 11.60 1.7 0.7 7.5051 8.1948 1.2940 -0.0084 0.000000 0.000606 12.01 500 820 
7.037 3 -0.071924 0.057539 -10.119682 1.556396 0.030518 2.655029 12.29 11.55 2.1 0.8 6.8966 8.0460 1.3012 -0.0084 0.000000 0.000153 12.01 500 770 
7.070 3 -0.865483 -0.726431 -9.644985 -0.579834 -6.744385 3.173828 10.84 12.97 0.7 1.9 7.5457 7.8567 1.3082 -0.0084 -0.002591 -0.000503 12.01 490 820 
7.103 3 -0.479492 0.115078 -10.448134 -0.457764 3.692627 1.892090 12.51 11.22 2.0 1.3 7.2211 6.9236 1.3153 -0.0085 0.000000 -0.000796 12.01 500 820 
7.136 3 -0.532236 0.505864 -9.568266 -0.030518 -4.760742 3.662109 11.20 12.01 0.9 1.3 7.7620 7.7215 1.3223 -0.0085 -0.002591 -0.002099 12.02 500 810 
7.169 3 -0.644917 -0.309272 -10.009399 0.396729 -6.225586 0.244141 11.90 11.85 1.5 0.8 7.5862 8.3435 1.3295 -0.0085 -0.002591 -0.000847 12.00 490 820 
7.202 3 -1.342578 -0.438735 -9.640190 0.976562 -1.708984 3.753662 11.37 12.45 1.1 1.3 7.5457 8.2353 1.3368 -0.0085 -0.002591 -0.001250 12.02 500 820 
7.235 3 -0.982959 -0.297285 -9.786435 0.183105 0.762939 0.915527 12.20 11.32 1.3 1.7 8.0460 6.5856 1.3442 -0.0085 0.000000 -0.002030 12.02 490 820 
7.268 3 -0.949395 -0.690469 -10.011797 1.617432 -1.586914 -1.953125 10.93 12.75 -0.3 2.4 9.2495 6.9236 1.3516 -0.0085 -0.002591 -0.001843 12.02 500 820 
7.301 3 -0.556211 -0.035962 -9.338110 0.640869 3.814697 0.549316 11.98 11.38 1.4 1.0 7.6809 7.7620 1.3587 -0.0085 0.000000 -0.002533 12.00 500 780 
7.334 3 0.031167 -0.076719 -9.755268 -0.854492 3.601074 2.563477 10.47 13.28 0.4 3.1 7.6268 6.5315 1.3661 -0.0085 -0.002591 -0.001411 12.01 500 810 
7.367 3 -0.374004 -0.860688 -10.237158 1.098633 6.500244 -2.563477 11.95 11.89 1.4 2.1 7.5457 6.5856 1.3735 -0.0085 0.000000 -0.001606 12.02 500 780 
7.400 3 -0.721636 -0.278105 -10.167631 0.030518 4.486084 1.708984 11.93 11.69 1.5 1.3 7.4240 7.5457 1.3811 -0.0085 0.000000 -0.002419 12.01 490 780 
7.433 3 -0.668892 -0.023975 -9.944668 0.701904 1.831055 -2.471924 12.40 11.50 1.9 0.9 7.3834 7.9513 1.3888 -0.0085 0.000000 -0.001892 11.99 500 780 
7.466 3 -1.110024 0.558608 -9.654575 -0.762939 -1.037598 -2.136230 12.57 11.48 2.2 0.5 7.0318 8.4517 1.3960 -0.0085 0.000000 -0.001839 12.02 500 830 
7.499 3 -1.071665 -0.884663 -10.354633 0.274658 -1.708984 -0.915527 12.51 12.22 1.5 0.9 7.9513 8.7221 1.4036 -0.0086 0.000000 -0.000983 12.03 500 780 
7.532 3 -0.568198 0.824727 -10.222774 -0.885010 3.936768 1.678467 12.25 12.80 1.2 2.0 8.0460 7.6809 1.4117 -0.0086 0.000000 -0.001071 12.02 490 780 
7.565 3 -0.309272 -0.421953 -9.949463 -0.915527 -0.976562 0.396729 11.92 12.54 1.1 1.8 8.0866 7.6809 1.4193 -0.0085 0.000000 -0.002923 12.02 490 820 
7.598 3 -0.491479 0.124668 -10.383403 0.610352 4.028320 -4.028320 13.64 11.06 2.3 0.6 7.8567 7.9513 1.4271 -0.0085 0.002591 -0.002552 12.00 500 820 
7.631 3 -0.786367 0.700059 -9.906308 -0.305176 -0.213623 -3.448486 12.47 12.33 1.6 1.2 7.8161 8.2894 1.4350 -0.0085 0.000000 -0.002680 12.01 500 790 
7.664 3 -0.561006 -0.848701 -10.304287 2.197266 -0.122070 -3.326416 13.57 11.48 3.0 0.3 6.6532 9.0061 1.4428 -0.0085 0.002591 -0.002338 12.01 490 820 
7.697 3 -0.853496 -0.198989 -10.253941 1.617432 3.234863 -2.288818 12.90 12.62 1.8 2.3 7.7215 6.9642 1.4508 -0.0085 0.002591 -0.001611 12.00 500 820 
7.730 3 -0.038359 0.031167 -10.524853 1.129150 5.584717 -2.746582 13.22 12.31 2.2 1.5 7.5862 7.7620 1.4585 -0.0085 0.002591 -0.002275 12.00 500 800 
7.763 3 -0.990151 0.805547 -9.522715 1.098633 2.868652 0.701904 13.75 12.06 2.3 0.9 7.9513 8.2353 1.4665 -0.0085 0.002591 -0.002312 12.02 500 820 
7.796 3 -1.301821 -0.081514 -9.959052 0.823975 1.007080 5.249023 13.65 12.21 2.1 0.7 7.9513 8.8844 1.4745 -0.0085 0.002591 -0.002861 12.02 500 820 
7.829 3 -0.596968 0.515454 -9.877539 -1.220703 5.706787 5.493164 13.80 12.00 2.2 1.3 8.0460 7.7215 1.4826 -0.0085 0.002591 -0.003228 12.01 490 820 
7.862 3 0.215771 -0.306875 -10.205991 0.701904 5.340576 5.065918 12.88 12.86 1.6 1.7 8.1407 7.8161 1.4904 -0.0085 0.000000 -0.003681 12.02 500 790 
7.895 3 -0.932612 0.393184 -9.285366 -0.640869 2.563477 -0.885010 11.75 13.76 0.5 2.7 8.6004 7.2211 1.4986 -0.0085 -0.002591 -0.004190 12.02 500 820 
7.928 3 -0.887061 -0.383594 -10.143657 1.159668 -0.122070 5.981445 12.12 13.79 1.5 1.9 7.5051 8.4923 1.5067 -0.0085 -0.002591 -0.003490 12.02 490 820 
7.961 3 -0.970972 0.376401 -9.472368 1.037598 5.187988 1.312256 11.95 13.55 0.6 2.5 8.7221 7.4645 1.5147 -0.0085 -0.002591 -0.004561 12.03 500 820 
7.994 3 -1.093242 -0.014385 -9.513124 1.190186 0.335693 -0.030518 11.77 13.63 0.9 2.8 8.0866 7.0048 1.5227 -0.0085 -0.002591 -0.004464 12.02 490 820 
8.027 3 -0.901445 0.237349 -9.115147 -0.976562 1.190186 1.800537 11.85 13.47 0.8 1.8 8.2894 8.3976 1.5308 -0.0085 -0.002591 -0.004826 12.02 500 820 
8.060 3 -0.534634 -0.340439 -9.971040 2.685547 -6.225586 -7.568359 13.73 12.12 2.7 0.4 7.5051 9.1954 1.5390 -0.0085 0.000000 -0.003470 12.02 500 820 
8.093 3 -0.673687 -0.338042 -9.510727 -0.396729 1.495361 2.075195 12.95 13.13 1.2 1.6 8.6680 8.5463 1.5470 -0.0085 0.000000 -0.003561 12.01 500 790 
8.126 3 -0.963779 -0.071924 -9.491548 -1.831055 -0.701904 5.249023 12.57 13.12 1.2 0.9 8.3976 9.5876 1.5555 -0.0085 0.000000 -0.005009 12.02 490 820 
8.159 3 -0.285298 -0.203784 -10.098105 -0.183105 -3.906250 -3.234863 12.93 12.89 0.7 1.6 9.7904 8.2353 1.5639 -0.0085 0.000000 -0.004497 12.02 500 790 
8.192 3 -0.419556 -0.795957 -10.040566 -0.244141 2.197266 -0.549316 12.30 13.12 1.1 1.8 8.4517 8.2353 1.5719 -0.0085 0.000000 -0.005094 12.01 500 820 
8.225 3 -1.033306 0.366812 -9.489150 -1.617432 -5.371094 -1.312256 13.46 12.97 2.0 1.5 8.3435 8.4517 1.5804 -0.0085 0.000000 -0.002984 12.02 490 820 
8.258 3 -0.834316 0.321260 -9.304545 -1.220703 2.319336 1.831055 12.58 13.32 1.4 1.4 8.2353 9.1278 1.5888 -0.0085 0.000000 -0.004888 12.00 490 820 
8.291 3 -0.925420 -0.309272 -9.724101 0.579834 -1.159668 -3.509521 12.82 13.16 1.4 1.4 8.4923 8.7762 1.5972 -0.0085 0.000000 -0.004703 12.01 500 780 
8.324 3 -1.126807 -0.613750 -9.352495 -1.159668 -7.324219 -2.319336 13.14 13.07 1.8 1.1 8.2894 9.1278 1.6057 -0.0085 0.000000 -0.004254 12.02 500 790 
8.357 3 -0.143848 0.081514 -10.311480 -1.129150 5.554199 -6.256104 13.18 13.34 1.5 2.3 8.5463 7.5862 1.6141 -0.0085 0.000000 -0.003674 12.02 500 780 
8.390 3 -0.616147 1.004536 -9.951860 -1.129150 1.586914 7.598877 14.42 12.39 3.3 0.6 7.1129 9.2495 1.6227 -0.0085 0.002591 -0.003735 12.02 500 820 
8.423 3 -0.378799 0.347632 -9.393251 0.061035 5.523682 -0.518799 14.35 12.26 2.1 0.5 8.7762 9.1954 1.6312 -0.0085 0.002591 -0.004945 12.00 500 820 
8.456 3 -1.215513 -0.273311 -9.743281 1.434326 0.610352 -2.532959 12.80 14.24 0.7 2.5 9.3171 8.1407 1.6398 -0.0085 0.000000 -0.004285 12.02 490 820 
8.489 3 -0.647314 0.280503 -9.690536 0.000000 -3.723145 1.983643 13.17 14.54 0.6 2.3 9.7904 8.7221 1.6487 -0.0085 0.000000 -0.003778 12.02 500 790 
8.522 3 -0.702456 0.335645 -9.743281 0.488281 2.532959 3.448486 14.50 13.06 1.8 1.4 9.3171 8.5463 1.6573 -0.0085 0.002591 -0.004854 12.02 500 830 
8.555 3 -0.371606 0.103091 -9.659369 0.518799 -0.640869 1.861572 13.08 14.12 1.6 1.7 8.3435 9.0737 1.6659 -0.0085 0.000000 -0.005987 12.01 500 820 
8.588 3 -0.141450 -1.201128 -10.532045 0.732422 2.746582 -1.007080 12.63 14.38 1.4 2.2 8.2353 8.5463 1.6746 -0.0085 -0.002591 -0.005955 12.02 490 810 
8.621 3 -1.565542 -0.031167 -9.498740 -1.190186 -3.143311 -0.488281 13.16 14.10 1.7 1.7 8.2894 8.9520 1.6830 -0.0085 -0.002591 -0.005194 12.01 500 820 
8.654 3 0.103091 0.776777 -9.712114 -1.678467 5.676270 -0.793457 14.46 12.71 2.5 1.4 8.2894 8.1948 1.6916 -0.0085 0.000000 -0.005256 12.00 490 800 
8.687 3 -0.771982 -0.007192 -9.599433 -0.854492 5.279541 5.584717 12.99 13.65 1.8 1.4 7.9919 9.1278 1.7003 -0.0085 -0.002591 -0.006419 12.01 490 820 
8.720 3 -0.743213 -0.086309 -9.731294 0.885010 -2.502441 -0.946045 13.26 13.14 1.4 1.3 9.0061 8.7762 1.7087 -0.0085 -0.002591 -0.006537 12.01 490 820 
8.753 3 -0.690469 -0.767187 -9.450790 1.617432 1.251221 -3.082275 11.99 14.63 0.1 2.9 9.5876 7.8161 1.7173 -0.0086 -0.005182 -0.005575 12.03 500 830 
8.786 3 -1.361758 -0.831919 -9.944668 1.831055 -5.126953 0.457764 13.21 13.92 1.3 1.8 9.0061 8.8844 1.7260 -0.0086 -0.002591 -0.004861 12.01 500 820 
8.819 3 -0.553813 -0.280503 -10.158042 0.946045 3.143311 1.861572 12.75 14.25 1.4 2.3 8.2894 8.4923 1.7348 -0.0086 -0.002591 -0.005491 12.02 490 820 
8.852 3 -1.026113 -0.189399 -9.743281 -0.762939 0.244141 1.617432 13.69 12.72 1.9 0.8 8.6004 9.1954 1.7434 -0.0086 0.000000 -0.006990 12.02 500 790 
8.885 3 -0.194194 -0.421953 -9.815205 -0.244141 -3.570557 -6.134033 13.86 12.56 1.9 1.1 8.8844 8.6680 1.7523 -0.0086 0.000000 -0.006364 12.03 500 820 
8.918 3 -1.006934 -0.421953 -9.661767 -1.373291 -3.601074 3.173828 12.77 14.43 1.3 1.7 8.4923 9.5876 1.7609 -0.0086 -0.002591 -0.004577 12.01 500 820 
8.951 3 -0.297285 0.282900 -10.035771 1.892090 3.906250 -6.317139 13.87 13.23 1.9 1.6 8.7762 8.4923 1.7696 -0.0086 0.000000 -0.005102 12.00 490 780 
8.984 3 -0.755200 -0.397979 -9.582651 -2.044678 3.997803 4.852295 13.36 13.54 1.5 1.3 8.6680 9.3171 1.7784 -0.0086 0.000000 -0.005941 12.02 500 820 
9.017 3 -0.141450 -0.563403 -9.714512 -0.701904 1.220703 -3.601074 13.45 13.27 1.6 1.7 8.7221 8.4923 1.7872 -0.0086 0.000000 -0.006323 12.02 490 780 
9.050 3 -1.270654 -0.251733 -9.493945 -2.349854 -7.507324 1.037598 12.72 14.96 0.5 1.9 9.7904 9.7904 1.7963 -0.0086 -0.002591 -0.004729 12.02 490 820 
9.083 3 -0.100693 0.098296 -10.069336 -0.701904 4.913330 -0.152588 13.92 13.80 1.4 1.3 9.5200 9.4524 1.8053 -0.0086 0.000000 -0.005315 12.00 490 770 
9.116 3 -1.313809 -0.225361 -9.040825 1.220703 -5.889893 -3.540039 14.22 13.83 1.2 1.3 10.1555 9.5876 1.8145 -0.0086 0.000000 -0.005309 12.02 490 780 
9.149 3 -0.369209 0.043154 -10.479301 1.586914 5.676270 -4.455566 14.09 13.62 1.8 1.1 9.0737 9.5876 1.8234 -0.0086 0.000000 -0.006329 12.01 490 820 
9.182 3 -0.122271 -0.501069 -10.081323 -0.579834 -2.807617 5.981445 14.78 13.33 2.2 2.1 8.9520 7.9919 1.8324 -0.0086 0.002591 -0.005303 12.02 500 810 
9.215 3 -1.138794 0.148643 -9.457983 2.075195 7.049561 1.556396 13.55 14.29 0.9 1.9 9.7228 8.9520 1.8414 -0.0086 0.000000 -0.006539 12.01 500 790 
9.248 3 -0.582583 0.127065 -9.589844 -1.495361 -4.669189 2.655029 14.15 13.89 1.6 2.1 9.3848 8.2353 1.8503 -0.0086 0.000000 -0.006129 12.02 500 820 
9.281 3 -0.937407 0.119873 -9.287764 -0.213623 2.655029 -1.434326 13.27 14.57 1.4 1.8 8.8303 9.2495 1.8593 -0.0086 -0.002591 -0.006731 12.01 500 830 
9.314 3 -0.232554 0.467505 -9.942270 -0.671387 -4.913330 -1.647949 13.87 14.82 1.5 2.1 9.1954 9.1278 1.8686 -0.0087 -0.002591 -0.005081 12.01 500 820 
9.347 3 -0.599365 -0.079116 -9.522715 -0.335693 3.112793 2.655029 13.54 14.72 1.1 1.9 9.4524 9.1954 1.8774 -0.0087 -0.002591 -0.006540 12.02 490 820 
9.380 3 -0.508262 0.450723 -9.544291 -0.976562 -0.091553 4.241943 13.49 13.95 1.3 1.4 9.2495 9.3171 1.8866 -0.0087 -0.002591 -0.008134 12.01 500 820 
9.413 3 -0.889458 0.489082 -9.067197 -1.770020 -4.882812 3.356934 14.05 13.86 2.3 1.0 8.3976 9.9392 1.8955 -0.0087 -0.002591 -0.006538 12.02 490 820 
9.446 3 -1.136396 -0.743213 -9.249404 -0.793457 5.126953 -0.061035 13.48 13.97 0.9 1.7 9.7904 9.1278 1.9047 -0.0087 -0.002591 -0.007735 12.02 500 820 
9.479 3 -0.158232 -0.867881 -9.163095 1.403809 -5.798340 1.342773 13.50 14.45 0.9 1.8 9.8580 9.3171 1.9135 -0.0088 -0.002591 -0.006372 12.01 500 820 
9.512 3 -1.277847 -0.759995 -10.112490 -0.030518 0.823975 -3.845215 13.57 14.13 1.3 2.0 9.3848 8.7762 1.9228 -0.0088 -0.002591 -0.006805 12.01 500 820 
9.545 3 -0.534634 -0.366812 -10.671099 1.556396 -5.065918 -4.211426 13.39 14.76 1.5 2.4 8.8303 8.8844 1.9316 -0.0088 -0.002591 -0.005885 12.01 490 820 
9.578 3 -0.704853 0.091104 -9.398046 -2.136230 2.136230 1.373291 14.40 13.53 2.0 0.8 9.0737 10.0879 1.9411 -0.0088 0.000000 -0.006740 12.02 500 790 
9.611 3 -0.079116 -0.270913 -9.652178 -5.401611 6.164551 3.875732 14.44 13.58 1.5 1.5 9.7904 9.0061 1.9499 -0.0088 0.000000 -0.006578 12.02 490 800 
9.644 3 -1.222705 -0.421953 -9.199058 -0.244141 -4.425049 -1.190186 14.39 13.07 2.2 0.7 8.9520 9.6552 1.9591 -0.0088 0.000000 -0.007769 12.02 490 820 
9.677 3 -0.321260 -0.069526 -10.297094 0.030518 -3.356934 -6.072998 13.70 15.05 1.3 2.0 9.4524 9.5876 1.9682 -0.0088 -0.002591 -0.004843 11.97 490 820 
9.710 3 -0.469902 -0.448325 -9.177480 1.831055 1.342773 -0.488281 14.39 13.87 1.5 1.0 9.7228 10.0068 1.9776 -0.0088 0.000000 -0.006903 12.01 490 780 
9.743 3 -0.982959 0.520249 -9.561074 -0.305176 1.617432 -0.732422 14.48 13.61 2.0 1.5 9.1954 9.0061 1.9868 -0.0088 0.000000 -0.007264 12.03 500 790 
9.776 3 0.107886 0.644917 -10.364223 0.152588 2.166748 -5.584717 14.39 13.43 2.3 1.5 8.5463 8.8303 1.9961 -0.0089 0.000000 -0.007557 12.02 500 770 
9.809 3 -1.337783 -0.911035 -9.148710 0.213623 -5.493164 -2.655029 14.27 14.11 1.2 0.7 10.0879 10.7235 2.0053 -0.0089 0.000000 -0.006529 12.01 490 780 
9.842 3 -0.872676 0.453120 -9.611421 1.190186 3.326416 2.136230 13.92 14.69 1.1 1.7 9.7904 9.7228 2.0146 -0.0089 0.000000 -0.006392 12.01 500 790 
9.875 3 -0.342837 0.021577 -9.654575 -0.305176 -1.861572 0.518799 14.13 14.51 1.3 2.6 9.7904 8.1407 2.0238 -0.0088 0.000000 -0.006563 12.02 500 780 
9.908 3 -0.807944 -0.225361 -9.354893 -0.030518 -2.593994 0.335693 14.44 14.12 2.2 1.2 8.7221 9.7904 2.0330 -0.0088 0.000000 -0.006969 12.00 500 780 
9.941 3 0.237349 0.105488 -10.253941 -0.518799 5.584717 1.342773 14.42 14.26 1.8 1.6 9.2495 9.3848 2.0423 -0.0088 0.000000 -0.006756 12.02 490 780 
9.974 3 -1.378540 -0.815137 -9.635395 0.701904 -3.143311 6.652832 13.20 15.40 0.9 2.3 9.3848 9.3848 2.0513 -0.0089 -0.002591 -0.007117 12.01 500 820 
10.007 3 -0.388389 -0.836714 -9.973437 0.091553 3.784180 1.831055 13.70 14.36 1.2 1.7 9.5200 9.1954 2.0606 -0.0089 -0.002591 -0.008085 12.02 490 820 
10.040 3 -0.702456 -0.474697 -10.177221 1.708984 -1.342773 -0.701904 14.11 13.83 1.4 1.0 9.7228 9.7228 2.0694 -0.0089 -0.002591 -0.007995 12.01 500 820 
10.073 3 -0.812739 0.467505 -9.671357 -1.556396 -2.838135 -2.624512 14.48 13.54 2.5 0.6 8.5463 10.0879 2.0786 -0.0089 -0.002591 -0.007141 12.02 500 820 
10.106 3 -0.258926 -0.213374 -10.316274 -0.732422 5.249023 -1.678467 14.12 14.25 1.9 2.2 8.8303 8.3435 2.0875 -0.0089 -0.002591 -0.006135 11.99 500 820 
10.139 3 -0.949395 -0.230156 -9.364482 -1.434326 -0.488281 2.166748 13.71 13.42 1.0 1.4 10.0068 9.0061 2.0967 -0.0090 -0.002591 -0.009004 12.02 500 830 
10.172 3 0.479492 -0.690469 -10.292299 1.403809 3.417969 -5.371094 12.83 15.23 0.8 2.8 9.3848 8.6004 2.1057 -0.0090 -0.005182 -0.006113 12.01 490 820 
10.205 3 -1.397720 -0.309272 -9.148710 1.007080 -3.479004 1.129150 14.81 13.21 2.1 1.0 9.2495 9.3848 2.1150 -0.0090 0.000000 -0.006813 12.02 500 820 
10.239 3 -0.640122 -0.290093 -10.340249 0.091553 3.265381 -1.251221 14.73 13.54 1.8 1.0 9.7904 9.6552 2.1242 -0.0090 0.000000 -0.006542 12.01 490 820 
10.272 3 -0.517852 -0.055142 -9.362084 -1.831055 -1.708984 2.014160 12.85 14.55 1.3 2.0 8.6004 9.1954 2.1333 -0.0090 -0.002591 -0.008160 12.02 500 820 
10.305 3 -0.656904 0.774380 -9.374072 -0.213623 -3.509521 -3.601074 14.65 13.13 1.3 0.6 10.4801 9.7904 2.1423 -0.0091 0.000000 -0.007011 12.02 500 830 
10.338 3 0.417158 0.776777 -9.853564 -0.122070 5.096436 -2.563477 14.26 13.85 1.8 1.7 9.0737 8.9520 2.1511 -0.0091 0.000000 -0.006044 12.00 500 780 
10.371 3 -1.380937 -1.054883 -9.383662 0.457764 1.037598 1.251221 13.66 13.99 1.0 2.1 9.7228 8.6680 2.1604 -0.0091 0.000000 -0.007257 12.02 500 830 
10.404 3 0.040757 -0.412363 -10.702266 0.213623 4.730225 -2.990723 13.79 13.49 1.5 1.6 9.3171 8.7762 2.1696 -0.0091 0.000000 -0.007789 12.02 490 770 
10.437 3 -0.846304 -0.474697 -9.398046 0.122070 -8.544922 -3.021240 12.70 14.88 0.5 1.9 9.7228 9.7228 2.1786 -0.0091 -0.002591 -0.006895 12.00 490 820 
10.470 3 -0.601763 0.990151 -9.652178 2.441406 3.204346 -5.187988 14.01 14.13 1.4 1.4 9.5876 9.6552 2.1877 -0.0091 0.000000 -0.005699 12.01 500 780 
10.503 3 -0.170220 0.436338 -10.074131 1.647949 -3.662109 0.488281 13.81 14.37 1.8 1.7 8.7221 9.4524 2.1969 -0.0091 0.000000 -0.005946 12.02 500 790 
10.536 3 -0.740815 0.515454 -9.666562 -0.061035 3.875732 4.150391 13.46 14.34 1.6 1.5 8.6680 9.7228 2.2058 -0.0091 0.000000 -0.006965 12.01 500 820 
10.569 3 -0.134258 -0.194194 -9.517920 -0.366211 3.601074 -1.312256 14.80 12.90 2.3 1.3 8.9520 8.6004 2.2148 -0.0091 0.002591 -0.006904 12.02 500 820 
10.602 3 -1.529580 -0.266118 -9.817602 -3.967285 -3.326416 8.483887 13.75 13.93 1.2 1.8 9.5200 8.7762 2.2238 -0.0091 0.000000 -0.006968 12.02 500 790 
10.635 3 -0.426748 0.757598 -9.510727 -2.960205 1.525879 -1.068115 14.25 13.10 1.9 0.5 9.1278 9.7904 2.2327 -0.0091 0.000000 -0.007425 12.02 490 820 
10.668 3 -0.153437 0.817534 -9.517920 -2.380371 -2.746582 -3.570557 13.76 14.12 1.7 1.9 9.0061 8.7221 2.2417 -0.0091 -0.002591 -0.005810 12.02 490 820 
10.701 3 0.297285 -0.218169 -9.963847 1.739502 1.312256 -5.279541 14.07 13.74 2.0 2.0 8.8303 8.1948 2.2505 -0.0091 -0.002591 -0.005923 12.01 500 820 
10.734 3 -1.014126 -0.927817 -9.215839 0.518799 -2.227783 7.263184 13.72 14.26 1.9 1.5 8.4517 9.5200 2.2594 -0.0091 -0.002591 -0.005891 12.00 490 820 
10.767 3 -0.529839 -0.671289 -9.772051 1.190186 10.162354 1.647949 14.60 12.77 2.5 0.6 8.3435 9.3848 2.2684 -0.0091 0.000000 -0.007277 12.02 500 830 
10.800 3 -1.006934 0.350029 -9.136724 0.305176 -5.828857 2.716064 13.55 13.87 1.1 1.6 9.7228 9.1278 2.2775 -0.0092 -0.002591 -0.007032 12.02 500 820 
10.833 3 -0.493877 -0.321260 -10.309082 0.946045 2.838135 -3.295898 13.53 13.89 1.0 1.4 9.8580 9.3171 2.2863 -0.0092 -0.002591 -0.006803 12.02 490 820 
10.866 3 -0.865483 0.155835 -9.601830 1.373291 -2.929688 -0.762939 14.43 12.78 2.1 1.0 8.9520 9.0737 2.2953 -0.0092 0.000000 -0.007075 12.02 490 820 
10.899 3 -0.640122 -0.798354 -9.949463 1.220703 4.394531 -2.532959 13.81 13.09 1.2 1.5 9.6552 8.4923 2.3042 -0.0092 0.000000 -0.007340 12.02 500 790 
10.932 3 -1.378540 -0.757598 -9.496343 0.122070 -7.537842 -5.340576 14.36 12.78 2.0 1.6 9.1954 8.1407 2.3130 -0.0092 0.000000 -0.006301 12.00 500 820 
10.965 3 -0.472300 0.304478 -10.325864 -1.098633 7.385254 -2.990723 14.19 13.15 1.6 1.3 9.3848 8.8844 2.3218 -0.0092 0.000000 -0.005878 12.01 490 780 
10.998 3 -0.608955 0.285298 -9.846372 0.610352 -4.455566 -1.037598 14.20 13.24 2.1 1.2 8.8303 9.1278 2.3307 -0.0093 0.000000 -0.005809 12.01 490 820 
11.031 3 -0.616147 -0.779175 -9.848769 1.373291 8.483887 1.464844 14.06 13.44 1.4 1.5 9.6552 8.7762 2.3395 -0.0093 0.000000 -0.006075 12.01 490 820 
11.064 3 -0.431543 -0.390786 -10.007002 0.518799 -4.913330 -0.976562 14.18 13.16 2.3 0.7 8.6004 9.8580 2.3487 -0.0093 0.000000 -0.006598 12.01 490 780 
11.097 3 -0.640122 0.436338 -9.692934 -0.762939 2.258301 -2.410889 14.40 13.26 2.0 0.7 9.1278 9.7228 2.3576 -0.0093 0.000000 -0.005998 12.01 500 820 
11.130 3 -0.381196 0.194194 -9.366879 -0.335693 0.976562 -0.976562 12.69 14.51 0.7 2.3 9.4524 8.7762 2.3666 -0.0093 -0.002591 -0.007087 12.02 500 830 
11.163 3 -0.683276 0.553813 -9.649780 -1.586914 1.464844 1.281738 14.05 13.37 1.9 1.3 8.7762 9.1278 2.3757 -0.0093 0.000000 -0.006221 12.01 500 790 
11.196 3 -0.239746 0.522646 -10.119682 1.708984 -3.753662 -4.394531 14.03 13.42 2.1 1.1 8.6004 9.3848 2.3845 -0.0093 0.000000 -0.006026 12.02 500 790 
11.229 3 -0.628135 0.393184 -9.386059 -1.922607 5.065918 3.295898 13.76 13.96 0.8 1.5 10.0879 9.3848 2.3933 -0.0093 0.000000 -0.005733 12.02 500 790 
11.262 3 0.007192 0.350029 -9.359687 -0.152588 3.662109 -0.457764 13.33 14.16 0.5 2.5 10.0879 8.0866 2.4022 -0.0093 0.000000 -0.006444 12.02 500 780 
11.295 3 -0.719238 -0.556211 -9.467573 -1.647949 -4.821777 6.164551 12.30 14.93 0.6 2.6 9.0737 8.6004 2.4108 -0.0093 -0.002591 -0.006765 12.02 490 820 
11.328 3 -0.594570 -0.134258 -9.980630 0.030518 0.274658 -0.762939 14.31 13.00 2.0 0.8 8.9520 9.1954 2.4194 -0.0093 0.000000 -0.006241 12.03 500 820 
11.361 3 -0.800752 0.771982 -9.436406 -1.525879 -1.281738 0.213623 13.61 14.19 1.6 1.7 8.9520 9.0061 2.4281 -0.0093 -0.002591 -0.005001 12.01 500 820 
11.394 3 -0.198989 -0.251733 -10.035771 1.678467 0.457764 1.373291 13.25 14.40 1.6 1.9 8.4923 8.9520 2.4369 -0.0093 -0.002591 -0.005668 12.02 500 820 
11.427 3 -0.963779 -0.203784 -9.563472 1.556396 1.800537 3.723145 12.84 13.30 1.3 1.3 8.6680 8.9520 2.4457 -0.0093 -0.002591 -0.008556 12.02 500 820 
11.460 3 -1.071665 -0.210977 -10.124477 0.732422 -3.814697 2.380371 13.71 13.01 2.2 1.1 8.1407 8.8844 2.4542 -0.0094 -0.002591 -0.006069 12.02 500 820 
11.493 3 -0.549019 -0.151040 -9.589844 -0.183105 6.134033 -4.150391 13.33 13.32 1.4 2.3 8.8844 7.5051 2.4626 -0.0094 -0.002591 -0.005820 12.02 500 820 
11.526 3 -1.258667 0.014385 -9.306943 -2.685547 -1.953125 3.204346 13.30 13.37 1.4 1.3 8.8303 9.1278 2.4714 -0.0094 -0.002591 -0.006015 12.00 500 820 
11.559 3 -0.553813 0.915830 -9.510727 -2.410889 4.394531 3.356934 12.93 13.22 1.1 1.4 9.0737 8.8303 2.4799 -0.0095 -0.002591 -0.007004 12.02 490 810 
11.592 3 -0.812739 0.445928 -9.438804 -1.464844 -3.387451 -3.265381 12.91 13.18 1.1 1.3 9.1278 8.9520 2.4887 -0.0095 -0.002591 -0.006473 12.01 500 820 
11.625 3 -0.450723 0.740815 -9.896718 0.305176 -3.295898 -4.150391 13.08 13.37 1.6 1.6 8.6004 8.6680 2.4972 -0.0095 -0.002591 -0.005330 12.02 500 820 
11.658 3 -0.990151 -0.354824 -9.326122 -0.030518 -1.983643 0.335693 14.03 12.44 1.8 1.4 9.0737 8.0866 2.5058 -0.0095 0.000000 -0.005403 12.02 490 810 
11.691 3 -0.604160 -0.690469 -9.784038 1.892090 1.159668 -1.434326 12.72 14.01 1.0 1.8 9.0737 9.0737 2.5144 -0.0095 -0.002591 -0.005226 12.02 500 820 
11.724 3 -0.647314 -0.397979 -9.997412 0.183105 -2.532959 -3.204346 13.74 12.18 1.9 0.9 8.6680 8.6680 2.5231 -0.0095 0.000000 -0.006651 12.02 500 820 
11.757 3 -1.102832 0.587378 -9.529907 -1.861572 -2.960205 0.427246 14.25 12.55 2.3 0.7 8.5463 9.1954 2.5315 -0.0096 0.000000 -0.004369 12.01 490 820 
11.790 3 0.215771 0.093501 -9.438804 -2.502441 0.396729 -3.356934 12.61 13.90 0.9 2.0 9.0737 8.6004 2.5401 -0.0096 -0.002591 -0.005173 12.02 500 820 
11.823 3 -0.678481 0.299683 -10.210786 -2.014160 3.814697 5.310059 13.61 13.07 1.8 1.1 8.4517 9.0737 2.5488 -0.0096 0.000000 -0.004967 12.01 500 790 
11.856 3 -0.716841 0.445928 -9.558677 0.885010 0.213623 -5.371094 13.87 12.42 1.7 1.1 9.0737 8.4923 2.5572 -0.0096 0.000000 -0.005974 12.02 500 820 
11.889 3 -0.803149 -0.755200 -9.412432 1.922607 -3.753662 -7.293701 12.75 14.35 0.3 2.2 9.9392 8.6680 2.5658 -0.0096 -0.002591 -0.004155 12.01 500 820 
11.922 3 -0.685674 -0.716841 -10.136464 1.495361 -3.448486 1.922607 13.59 13.55 1.6 1.5 8.8844 9.0061 2.5745 -0.0096 0.000000 -0.004794 12.02 490 780 
11.955 3 -0.748008 -0.040757 -9.963847 -0.244141 3.601074 1.373291 13.23 13.49 1.8 1.2 8.1948 9.3171 2.5833 -0.0096 0.000000 -0.005888 12.00 500 780 
11.988 3 -1.074062 -0.779175 -9.424418 0.030518 -3.936768 3.173828 13.33 13.04 1.5 1.5 8.8303 8.4923 2.5917 -0.0096 0.000000 -0.006459 12.01 500 790 
12.021 3 -0.608955 -0.155835 -10.062143 -2.227783 -5.187988 -1.861572 12.65 13.94 1.3 2.1 8.4923 8.3976 2.6000 -0.0096 -0.002591 -0.005170 12.02 500 820 
12.054 3 -0.558608 0.798354 -9.702524 1.068115 2.868652 0.274658 13.24 13.75 1.9 1.7 8.0866 8.6680 2.6084 -0.0096 -0.002591 -0.004122 12.02 500 830 
12.087 3 -0.611353 -0.371606 -9.752871 -0.854492 -1.342773 3.479004 13.03 13.46 1.8 2.0 7.9513 8.0460 2.6168 -0.0096 -0.002591 -0.005294 12.02 500 820 
12.120 3 -0.661699 0.632930 -9.884731 -2.136230 5.798340 3.082275 13.18 12.91 1.8 1.4 8.1948 8.3976 2.6253 -0.0097 -0.002591 -0.005825 12.02 500 820 
12.153 3 -0.625737 0.146245 -9.613818 -0.946045 0.579834 -0.366211 12.03 13.55 1.2 1.5 8.1407 8.8844 2.6335 -0.0097 -0.005182 -0.006382 12.03 500 820 
12.186 3 -0.572993 -1.515195 -9.947065 1.434326 -4.272461 1.892090 13.33 13.11 1.4 0.7 8.8844 9.7228 2.6417 -0.0097 -0.002591 -0.004190 12.01 490 820 
12.219 3 -0.647314 -0.438735 -9.621011 -0.457764 9.277344 1.892090 13.05 13.11 0.7 1.8 9.6552 7.9919 2.6502 -0.0098 -0.002591 -0.005093 12.02 500 820 
12.252 3 -0.812739 0.261323 -9.743281 -1.159668 -4.364014 2.349854 13.15 12.61 1.8 1.1 8.3435 8.7221 2.6586 -0.0098 -0.002591 -0.005797 12.02 500 830 
12.285 3 -0.031167 -0.213374 -9.867949 -0.335693 -4.882812 -0.183105 13.48 13.03 1.4 1.2 9.2495 8.8844 2.6671 -0.0098 -0.002591 -0.004060 12.02 490 800 
12.318 3 -0.479492 -0.064731 -9.767256 1.251221 2.410889 -3.448486 12.80 12.96 1.1 1.4 9.0061 8.5463 2.6755 -0.0098 -0.002591 -0.005863 12.00 500 820 
12.351 3 -0.467505 -0.649712 -10.227568 0.061035 -3.875732 0.885010 12.71 13.49 1.3 1.6 8.6004 8.8303 2.6839 -0.0099 -0.002591 -0.004722 12.03 500 820 
12.384 3 -0.189399 -0.275708 -9.923091 -1.281738 3.997803 3.692627 12.04 13.08 1.0 1.8 8.4517 8.0460 2.6920 -0.0099 -0.002591 -0.006613 12.03 500 820 
12.417 3 -0.726431 0.206182 -9.467573 0.915527 -5.859375 -5.249023 13.73 11.70 2.1 1.0 8.4517 7.9513 2.7002 -0.0099 0.000000 -0.004919 12.01 500 820 
12.450 3 -0.654507 -0.745610 -9.769653 1.892090 1.678467 -5.706787 14.30 12.35 2.7 0.5 7.9513 9.2495 2.7086 -0.0099 0.000000 -0.002583 12.01 500 790 
12.483 3 -0.697661 -0.194194 -10.172426 0.244141 0.274658 -3.540039 13.33 12.37 1.4 1.2 8.9520 8.4517 2.7171 -0.0099 0.000000 -0.005393 12.02 490 780 
12.516 3 0.100693 0.059937 -9.592241 -0.427246 -1.770020 5.798340 14.49 11.70 2.8 0.5 7.9919 8.7762 2.7253 -0.0099 0.002591 -0.004016 12.02 500 820 
12.549 3 -0.630532 -0.079116 -10.035771 0.701904 -2.624512 -3.143311 11.89 13.90 0.6 2.0 8.8844 8.6680 2.7337 -0.0099 -0.002591 -0.005141 12.00 490 810 
12.582 3 -0.016782 -0.294888 -11.148193 2.746582 5.340576 -3.051758 13.44 12.70 2.1 1.5 7.9919 8.1407 2.7420 -0.0099 0.000000 -0.003998 12.02 490 800 
12.615 3 -1.114819 -0.649712 -10.009399 0.518799 -0.061035 3.875732 12.75 13.36 1.9 1.1 7.4645 9.5200 2.7504 -0.0099 0.000000 -0.004574 12.02 500 830 
12.648 3 -1.059678 -0.035962 -9.875141 2.960205 2.655029 2.868652 13.34 12.49 2.3 1.7 7.3834 7.7620 2.7586 -0.0099 0.002591 -0.004874 12.00 500 820 
12.681 3 -0.733623 0.007192 -9.575459 2.349854 8.636475 -1.373291 11.74 13.60 0.2 2.4 9.0061 7.7620 2.7669 -0.0099 0.000000 -0.005885 12.02 500 830 
12.715 3 -0.942202 -0.328452 -9.354893 -0.335693 -5.340576 1.953125 12.25 13.36 0.7 1.7 8.8303 8.4923 2.7749 -0.0099 0.000000 -0.004905 12.01 500 820 
12.748 3 -0.429145 0.290093 -9.772051 1.068115 -0.701904 -0.183105 13.93 12.11 1.7 1.0 8.9520 8.3435 2.7831 -0.0099 0.002591 -0.003899 12.02 500 830 
12.781 3 -0.347632 -0.175015 -10.244350 0.946045 3.997803 -0.091553 12.67 13.03 1.2 1.6 8.5463 8.2894 2.7914 -0.0099 0.000000 -0.004730 12.01 490 780 
12.814 3 -0.973369 0.678481 -9.522715 0.488281 -5.004883 0.793457 13.50 12.73 2.1 0.9 8.0866 8.9520 2.7994 -0.0099 0.000000 -0.003535 12.01 490 820 
12.847 3 -0.891855 -0.695264 -9.467573 2.685547 -4.455566 3.662109 12.31 13.65 1.2 1.2 8.2353 9.3171 2.8076 -0.0099 -0.002591 -0.004330 12.00 500 820 
12.880 3 -0.103091 0.750405 -9.573061 -1.617432 -0.244141 -0.701904 13.74 12.24 2.0 1.3 8.5463 7.8567 2.8159 -0.0099 0.000000 -0.004237 12.01 500 800 
12.913 3 -1.023716 0.179810 -9.235020 -1.312256 -0.732422 0.976562 13.47 12.26 1.6 0.6 8.7762 9.0061 2.8239 -0.0099 0.000000 -0.004900 12.02 500 820 
12.946 3 -0.668892 -0.438735 -9.853564 1.129150 -3.479004 1.037598 12.07 13.51 1.0 1.9 8.3435 8.3435 2.8321 -0.0099 -0.002591 -0.004831 11.99 490 810 
12.979 3 -0.604160 -0.189399 -10.376210 1.495361 -0.183105 -5.096436 12.15 13.35 1.7 2.3 7.4645 7.6268 2.8402 -0.0099 -0.002591 -0.004465 12.03 500 820 
13.012 3 -0.604160 -1.093242 -9.829590 2.044678 0.976562 -7.415771 11.52 13.39 0.5 2.7 8.5463 7.1806 2.8482 -0.0099 -0.002591 -0.005385 12.02 490 820 
13.045 3 -0.630532 0.354824 -9.561074 -2.227783 -4.028320 3.570557 13.14 12.56 2.6 0.9 6.9642 9.0737 2.8564 -0.0099 0.000000 -0.003440 12.02 490 780 
13.078 3 -0.520249 -0.189399 -9.750473 -0.793457 -1.281738 -0.488281 12.55 12.53 1.2 1.2 8.4923 8.6004 2.8645 -0.0099 0.000000 -0.004931 12.02 500 790 
13.111 3 -0.563403 -0.520249 -10.007002 0.579834 -0.610352 -5.401611 12.64 12.45 2.2 1.3 7.1806 8.2894 2.8725 -0.0099 0.000000 -0.004258 12.02 500 790 
13.144 3 -0.843906 0.762393 -9.263789 -0.579834 -0.305176 -1.708984 12.71 12.13 1.8 0.7 7.9513 8.7762 2.8805 -0.0099 0.000000 -0.004664 12.01 500 780 
13.177 3 -0.316465 -0.911035 -10.464916 0.732422 -5.310059 -2.471924 13.25 11.92 2.7 0.4 7.1535 9.0737 2.8886 -0.0100 0.000000 -0.003685 12.00 500 830 
13.210 3 -0.932612 -0.170220 -9.764858 0.122070 3.784180 3.356934 12.73 12.74 1.6 1.7 8.0460 7.9919 2.8966 -0.0100 0.000000 -0.003105 12.02 490 780 
13.243 3 -0.654507 -0.074321 -10.167631 2.075195 3.662109 -2.716064 12.02 12.39 1.4 1.0 7.7620 8.7762 2.9046 -0.0100 0.000000 -0.005594 12.02 490 820 
13.276 3 -0.692866 0.244541 -9.515522 -1.312256 -4.302979 -3.540039 12.43 12.22 2.6 1.1 6.4638 8.3976 2.9127 -0.0100 0.000000 -0.004229 12.01 490 780 
13.309 3 -0.510659 -0.151040 -10.416967 1.892090 0.610352 -1.678467 12.29 12.45 1.8 1.0 7.3834 8.8303 2.9207 -0.0100 0.000000 -0.003886 12.01 500 780 
13.342 3 -0.664097 0.067129 -9.954258 -2.044678 -4.913330 -2.014160 13.39 11.42 1.9 0.9 8.3976 7.9919 2.9285 -0.0100 0.002591 -0.003529 12.02 500 830 
13.375 3 -0.409966 0.498672 -10.292299 -0.762939 5.920410 2.960205 12.61 13.02 1.5 1.8 8.0460 8.0866 2.9364 -0.0100 0.000000 -0.002013 12.02 500 780 
13.408 3 -0.887061 0.136655 -9.534702 -0.244141 0.366211 3.662109 13.78 11.52 2.3 0.5 8.0866 8.6004 2.9446 -0.0099 0.002591 -0.003461 12.02 500 820 
13.441 3 -0.244541 0.177412 -10.191607 -1.007080 1.678467 4.882812 13.78 11.93 2.3 0.9 7.9513 8.3435 2.9526 -0.0099 0.002591 -0.002856 12.02 500 830 
13.474 3 -0.587378 -0.695264 -9.956655 1.129150 8.972168 -1.312256 12.45 12.83 1.0 1.7 8.6680 7.9919 2.9609 -0.0099 0.000000 -0.004189 12.02 500 790 
13.507 3 -1.208320 -0.047949 -9.738486 -2.624512 1.586914 6.988525 12.40 12.73 1.6 1.3 7.6809 8.4923 2.9689 -0.0099 0.000000 -0.004517 12.02 500 790 
13.540 3 -1.546362 -0.551416 -9.302148 0.732422 -0.823975 0.610352 11.37 13.72 0.4 2.3 8.4517 7.8567 2.9767 -0.0099 -0.002591 -0.004349 12.00 500 820 
13.573 3 -0.716841 0.050347 -9.690536 0.457764 -3.112793 1.037598 13.15 12.04 1.7 1.0 8.3435 8.1948 2.9846 -0.0100 0.000000 -0.003941 12.01 500 820 
13.606 3 -0.623340 -0.376401 -9.901513 -0.579834 5.004883 -1.434326 12.03 13.51 0.6 2.5 8.7762 7.2617 2.9924 -0.0100 -0.002591 -0.003095 12.01 500 820 
13.639 3 -1.234692 0.553813 -9.491548 -0.152588 4.119873 2.716064 11.92 13.06 0.8 1.5 8.4923 8.4517 3.0004 -0.0100 -0.002591 -0.004763 12.02 500 820 
13.672 3 -0.877471 0.115078 -9.664165 -0.030518 -6.408691 0.823975 12.22 12.75 1.3 1.2 8.0866 8.7221 3.0084 -0.0100 -0.002591 -0.004325 12.01 500 820 
13.705 3 -0.613750 0.014385 -9.755268 2.014160 -0.885010 1.495361 11.98 12.90 1.1 1.6 8.0866 8.1948 3.0161 -0.0100 -0.002591 -0.004185 12.02 500 820 
13.738 3 -0.879868 -0.194194 -9.309340 -0.762939 -1.678467 -3.204346 12.07 12.89 1.0 1.9 8.4923 7.7215 3.0241 -0.0100 -0.002591 -0.003798 12.02 490 810 
13.771 3 -1.172358 -0.191797 -10.052553 1.007080 1.373291 -1.495361 11.60 13.22 0.4 2.5 8.8303 7.3023 3.0321 -0.0100 -0.002591 -0.004216 12.02 500 820 
13.804 3 -0.378799 -0.155835 -10.098105 1.281738 -1.373291 4.180908 11.51 13.40 0.9 1.8 8.0460 8.4923 3.0402 -0.0101 -0.002591 -0.004036 12.02 490 820 
13.837 3 -0.563403 -0.074321 -9.987822 0.152588 -2.868652 1.129150 11.36 13.70 -0.5 2.3 9.8580 7.9919 3.0482 -0.0101 -0.002591 -0.003703 12.02 500 820 
13.870 3 -0.388389 -0.103091 -10.009399 0.061035 1.403809 -1.007080 12.78 11.96 1.4 1.3 8.6004 7.8161 3.0560 -0.0101 0.000000 -0.004244 12.02 490 820 
13.903 3 -0.776777 -0.076719 -9.611421 -1.220703 -4.425049 -1.068115 12.60 12.39 1.2 1.2 8.6680 8.3976 3.0641 -0.0101 0.000000 -0.003620 12.01 500 780 
13.936 3 -1.150781 -0.400376 -9.498740 -1.464844 -3.601074 6.500244 12.75 12.50 1.4 1.3 8.4517 8.3976 3.0721 -0.0101 0.000000 -0.003307 12.02 490 780 
13.969 3 -0.453120 0.064731 -10.062143 -0.030518 3.875732 -2.868652 12.56 12.04 1.1 1.3 8.7221 7.8161 3.0801 -0.0101 0.000000 -0.004705 12.01 500 780 
14.002 3 -0.345234 -0.290093 -9.762461 -0.732422 -3.631592 -4.943848 11.70 13.21 0.9 1.9 8.2894 8.0460 3.0880 -0.0101 -0.002591 -0.003558 12.02 500 820 
14.035 3 -1.023716 -0.587378 -9.831987 1.037598 -1.617432 -4.791260 13.11 11.68 1.9 0.4 8.1948 8.7762 3.0958 -0.0101 0.000000 -0.003823 12.02 500 820 
14.068 3 -0.616147 0.026372 -9.805614 -0.152588 -2.960205 -1.770020 12.84 12.18 2.2 0.5 7.4240 9.2495 3.1038 -0.0101 0.000000 -0.003349 12.02 500 780 
14.101 3 -0.064731 0.127065 -9.460381 -0.518799 -2.807617 -0.610352 12.78 12.49 2.0 1.0 7.5862 8.8844 3.1119 -0.0101 0.000000 -0.003109 12.02 500 770 
14.134 3 -0.616147 -1.090845 -9.932680 1.831055 -0.335693 -4.608154 12.59 12.38 1.8 1.2 7.7215 8.3435 3.1199 -0.0101 0.000000 -0.003900 12.02 500 790 
14.167 3 -0.620942 0.544224 -9.611421 0.488281 -0.732422 -4.211426 12.67 12.74 1.7 1.3 7.9513 8.5463 3.1279 -0.0101 0.000000 -0.003114 12.01 490 780 
14.200 3 -0.556211 -0.970972 -9.798423 1.007080 -6.958008 -0.793457 12.46 13.28 1.7 1.4 7.6809 9.0737 3.1360 -0.0101 0.000000 -0.002779 12.01 500 820 
14.233 3 -0.697661 -0.608955 -10.256337 0.274658 0.335693 -1.708984 12.16 13.52 1.7 2.5 7.3023 7.5051 3.1440 -0.0101 0.000000 -0.002981 12.01 500 830 
14.266 3 -0.625737 -0.254131 -9.712114 0.488281 2.471924 -3.021240 12.12 12.92 1.2 1.8 8.0460 7.8567 3.1520 -0.0101 0.000000 -0.004555 12.01 490 780 
14.299 3 -0.661699 0.163027 -9.529907 -1.251221 -2.655029 -3.082275 11.54 13.66 1.0 2.3 7.8567 7.7620 3.1599 -0.0101 -0.002591 -0.003774 12.01 500 820 
14.332 3 -0.755200 -0.299683 -10.472109 1.190186 -3.784180 1.281738 13.55 12.05 2.4 0.5 7.7215 8.8303 3.1677 -0.0101 0.000000 -0.003011 12.00 490 820 
14.365 3 -0.733623 -0.613750 -10.143657 -1.495361 -0.549316 -3.204346 13.41 12.30 2.0 2.1 8.1407 6.7884 3.1757 -0.0101 0.000000 -0.002702 12.00 500 820 
14.398 3 -0.338042 -0.062334 -9.716908 -1.220703 3.753662 -0.854492 13.63 11.93 2.1 1.0 8.2894 8.0460 3.1838 -0.0101 0.000000 -0.003435 12.02 490 820 
14.431 3 -0.637725 0.498672 -9.465176 -0.793457 0.274658 0.152588 12.38 12.58 1.4 1.3 8.1407 8.1407 3.1916 -0.0101 -0.002591 -0.004688 12.01 500 810 
14.464 3 -0.539429 -0.999741 -10.404980 0.335693 -2.990723 5.767822 12.78 12.67 1.9 1.2 7.7215 8.4923 3.1996 -0.0101 -0.002591 -0.003352 12.02 490 810 
14.497 3 -0.232554 0.342837 -10.102901 -2.288818 4.547119 3.845215 12.59 12.99 1.7 1.7 7.7620 8.0866 3.2077 -0.0102 -0.002591 -0.003278 12.02 490 820 
14.530 3 -0.748008 -0.103091 -9.827192 -0.274658 3.509521 2.197266 12.45 12.73 2.2 1.1 7.0724 8.7762 3.2161 -0.0102 -0.002591 -0.004355 12.02 500 820 
14.563 3 -0.690469 -0.163027 -9.966245 -0.885010 2.380371 4.913330 13.60 11.60 2.5 0.5 7.5457 8.6680 3.2239 -0.0102 0.000000 -0.004186 12.02 490 820 
14.596 3 -0.834316 -0.110283 -9.534702 1.220703 -0.305176 -1.281738 13.58 11.48 2.0 0.6 8.3435 8.3976 3.2320 -0.0102 0.000000 -0.004450 12.02 490 820 
14.629 3 0.100693 -0.040757 -10.018989 -0.915527 -0.183105 -0.732422 13.24 11.81 2.1 1.5 7.8973 7.4645 3.2400 -0.0102 0.000000 -0.004030 12.00 490 800 
14.662 3 -0.695264 0.795957 -9.666562 -1.831055 6.256104 3.234863 12.93 12.17 1.4 1.0 8.6004 8.4923 3.2480 -0.0102 0.000000 -0.004176 12.02 500 820 
14.695 3 -0.503467 -0.680879 -9.644985 -0.335693 -2.258301 0.091553 11.49 13.47 0.8 2.1 8.2353 8.2353 3.2563 -0.0102 -0.002591 -0.004372 12.01 500 820 
14.728 3 -0.733623 0.397979 -9.477162 -0.579834 0.213623 1.159668 12.81 12.19 1.5 1.5 8.3435 7.7620 3.2641 -0.0102 0.000000 -0.004082 12.01 500 780 
14.761 3 -0.992549 -0.946997 -9.551484 1.922607 0.823975 -6.042480 11.46 13.79 0.1 2.9 9.1278 7.2211 3.2723 -0.0103 -0.002591 -0.003658 12.02 490 820 
14.794 3 -1.311411 -0.877471 -9.549087 -0.701904 1.922607 3.143311 12.61 12.97 1.8 1.0 7.5862 9.3848 3.2806 -0.0103 0.000000 -0.003584 12.01 500 820 
14.827 3 -0.613750 0.282900 -9.834385 -0.823975 2.197266 -1.831055 12.69 13.10 0.7 2.1 9.3848 7.7620 3.2890 -0.0103 0.000000 -0.003675 12.02 490 780 
14.860 3 -0.819932 -0.364414 -9.625805 -0.183105 0.732422 -2.899170 12.59 13.03 1.2 1.4 8.6004 8.8303 3.2974 -0.0103 0.000000 -0.004490 12.02 500 790 
14.893 3 -0.975767 -0.805547 -9.472368 1.068115 -3.845215 -2.807617 12.96 12.77 1.7 1.1 8.2894 8.8303 3.3055 -0.0103 0.000000 -0.004444 12.01 490 780 
14.926 3 -0.565801 0.172617 -9.621011 0.579834 0.213623 -4.150391 12.79 12.83 1.3 1.1 8.6004 8.9520 3.3139 -0.0103 0.000000 -0.004834 12.02 500 780 
14.959 3 -1.014126 0.525044 -9.513124 -0.610352 -3.356934 0.396729 12.78 13.82 1.6 1.6 8.0460 9.1954 3.3223 -0.0102 0.000000 -0.002906 12.00 500 820 
14.992 3 -0.496274 -0.970972 -9.915898 1.892090 1.739502 -3.479004 12.88 13.46 0.9 1.8 9.2495 8.4923 3.3308 -0.0102 0.000000 -0.004241 12.02 500 790 
15.025 3 0.287695 -0.541826 -10.364223 0.885010 -1.739502 -4.486084 12.96 13.35 1.8 1.9 7.9513 8.1948 3.3392 -0.0102 0.000000 -0.004136 12.00 500 780 
15.058 3 -0.457915 0.309272 -9.659369 -1.495361 -3.356934 4.302979 13.58 12.91 2.1 0.9 8.1407 9.1954 3.3476 -0.0102 0.000000 -0.004060 12.01 500 790 
15.091 3 -0.397979 0.338042 -9.932680 -1.220703 -0.488281 4.577637 13.60 13.32 2.4 2.1 7.5457 7.8161 3.3557 -0.0102 0.000000 -0.003269 12.01 490 780 
15.124 3 -0.949395 -0.062334 -10.062143 0.366211 5.645752 2.960205 12.55 14.00 0.9 1.9 9.0061 8.6680 3.3643 -0.0102 -0.002591 -0.004901 12.00 490 820 
15.157 3 -1.119614 -0.362017 -9.769653 -1.159668 -1.586914 4.974365 13.14 13.29 1.6 1.3 8.4923 8.8844 3.3727 -0.0103 -0.002591 -0.005328 12.02 500 820 
15.191 3 -0.402773 0.455518 -9.906308 -0.793457 1.892090 -1.556396 12.16 14.15 0.8 2.5 8.6680 7.8973 3.3814 -0.0103 -0.005182 -0.005350 12.02 500 830 
15.224 3 -0.714443 0.613750 -9.345303 -5.126953 -1.892090 7.568359 12.37 14.07 0.7 1.5 9.1278 9.3848 3.3898 -0.0103 -0.005182 -0.005278 12.01 500 830 
15.257 3 -0.071924 -0.795957 -10.201196 0.244141 -2.136230 -0.183105 12.55 14.33 1.0 2.4 8.7762 8.2894 3.3982 -0.0104 -0.005182 -0.004279 12.02 490 810 
15.290 3 -0.700059 -1.275449 -10.064541 0.335693 3.387451 -7.354736 12.73 14.02 1.1 1.9 8.8844 8.7762 3.4071 -0.0104 -0.005182 -0.004985 12.02 490 820 
15.323 3 -0.994946 -0.462710 -9.338110 0.000000 -7.171631 -2.349854 14.02 13.30 1.8 0.9 9.1278 9.6552 3.4157 -0.0104 -0.002591 -0.004319 12.02 490 820 
15.356 3 -0.345234 -0.232554 -10.217978 1.007080 8.117676 -1.739502 13.40 13.64 1.4 1.4 9.0737 9.1278 3.4245 -0.0105 -0.002591 -0.005374 12.00 490 820 
15.389 3 -0.256528 -0.064731 -9.517920 -0.244141 -4.394531 1.403809 12.66 14.09 0.9 1.7 9.0061 9.3848 3.4334 -0.0105 -0.002591 -0.006137 12.02 500 820 
15.422 3 -0.139053 -0.244541 -10.304287 0.122070 5.310059 -0.335693 14.21 12.96 2.5 1.3 8.1407 8.6680 3.4420 -0.0105 0.000000 -0.004954 12.02 490 810 
15.455 3 -0.776777 -0.587378 -10.201196 0.762939 -2.014160 0.854492 12.95 14.52 0.9 1.8 9.2495 9.5876 3.4511 -0.0105 -0.002591 -0.005101 12.02 500 820 
15.488 3 -0.901445 -0.385991 -9.647383 1.403809 4.486084 -0.183105 13.68 13.68 0.9 1.4 10.0068 9.3171 3.4601 -0.0105 0.000000 -0.005971 12.03 500 780 
15.521 3 -0.155835 -0.316465 -10.131670 0.762939 -0.427246 0.915527 13.67 13.35 1.3 1.3 9.3848 9.1278 3.4689 -0.0105 0.000000 -0.006830 12.02 500 790 
15.554 3 -0.678481 -0.184604 -9.652178 -0.518799 0.579834 -9.094238 14.26 12.73 1.9 0.9 9.3171 9.0061 3.4778 -0.0105 0.000000 -0.006465 12.02 490 820 
15.587 3 -0.875073 -0.429145 -9.740884 1.800537 -8.148193 -5.493164 14.30 13.36 1.9 1.5 9.1954 8.8844 3.4866 -0.0105 0.000000 -0.005059 12.02 500 820 
15.620 3 -1.028511 0.333247 -9.721704 -0.122070 5.187988 -1.098633 14.03 13.91 2.1 1.1 8.4923 9.9392 3.4958 -0.0105 0.000000 -0.005109 12.00 490 780 
15.653 3 0.472300 0.887061 -10.807754 1.098633 5.645752 2.075195 14.64 13.19 2.1 1.5 8.9520 8.7221 3.5049 -0.0105 0.002591 -0.005854 11.99 490 820 
15.686 3 -1.088447 -0.791162 -8.290420 -1.098633 -1.678467 -1.190186 13.47 14.63 0.8 2.2 9.7228 8.8844 3.5139 -0.0105 0.000000 -0.005757 12.02 490 780 
15.719 3 -0.163027 0.143848 -10.042964 0.000000 3.997803 -1.312256 15.05 13.41 1.8 1.0 9.9392 9.4524 3.5230 -0.0105 0.002591 -0.005629 12.02 500 820 
15.752 3 -0.937407 -0.985356 -9.541894 -0.213623 -4.486084 2.563477 15.33 13.21 2.5 1.0 9.1278 9.2495 3.5322 -0.0105 0.002591 -0.005955 12.02 490 820 
15.785 3 -0.352427 -0.656904 -10.508071 0.518799 5.981445 0.885010 13.71 13.76 1.1 1.1 9.6552 9.5876 3.5412 -0.0105 0.000000 -0.008355 12.01 500 790 
15.818 3 -1.426489 -0.453120 -9.712114 -1.525879 -8.972168 -0.488281 14.69 13.13 2.3 0.9 9.0061 9.3171 3.5501 -0.0105 0.000000 -0.006800 12.01 490 820 
15.851 3 -0.733623 -0.086309 -9.877539 0.579834 9.613037 -1.464844 13.70 14.16 1.2 1.8 9.5876 8.8844 3.5591 -0.0105 -0.002591 -0.006648 12.01 500 820 
15.884 3 -1.076460 -0.175015 -9.556279 1.373291 -7.324219 3.692627 13.83 14.21 1.2 1.5 9.7904 9.4524 3.5683 -0.0106 -0.002591 -0.006510 12.00 500 820 
15.917 3 -0.875073 0.019180 -10.148452 -0.335693 2.899170 1.770020 13.59 14.05 1.2 1.5 9.4524 9.2495 3.5772 -0.0106 -0.002591 -0.007328 12.01 500 820 
15.950 3 0.407568 0.620942 -10.448134 -1.464844 -2.868652 -1.708984 14.14 14.03 1.6 0.6 9.5200 10.6424 3.5864 -0.0106 -0.002591 -0.006321 12.02 500 830 
15.983 3 -1.229897 -0.831919 -9.484355 -1.220703 -1.647949 0.305176 13.86 14.51 1.6 1.3 9.1954 10.2367 3.5957 -0.0106 -0.002591 -0.006202 12.01 500 820 
16.016 3 -0.359619 0.390786 -10.316274 -1.281738 3.509521 3.021240 13.12 14.97 1.7 2.7 8.1948 8.5463 3.6049 -0.0106 -0.002591 -0.006756 12.01 500 820 
16.049 3 -0.093501 -0.160630 -9.712114 1.403809 0.274658 1.251221 13.09 14.49 0.8 1.8 9.6552 9.3848 3.6141 -0.0106 -0.002591 -0.008131 12.02 490 800 
16.082 3 -0.877471 0.148643 -10.395391 0.122070 -3.112793 -1.495361 14.26 13.00 1.8 1.0 9.4524 9.2495 3.6232 -0.0107 0.000000 -0.008176 12.00 500 820 
16.115 3 0.469902 0.088706 -9.858359 -0.823975 -2.960205 -6.134033 13.69 14.80 1.4 2.1 9.3848 9.2495 3.6322 -0.0107 -0.002591 -0.005198 11.98 500 830 
16.148 3 -1.354565 -0.685674 -8.964107 1.220703 -2.166748 -1.708984 14.83 13.51 1.8 1.0 9.7904 9.7228 3.6416 -0.0107 0.000000 -0.006448 12.02 500 820 
16.181 3 -0.366812 0.014385 -10.205991 0.183105 4.089355 -5.401611 14.67 13.58 2.1 1.2 9.1278 9.3848 3.6509 -0.0107 0.000000 -0.006845 12.01 500 820 
16.214 3 -0.232554 0.568198 -9.724101 -0.946045 -2.319336 0.579834 14.70 13.70 2.1 1.5 9.1954 9.0737 3.6601 -0.0107 0.000000 -0.006684 12.02 500 820 
16.247 3 -1.448066 -0.455518 -9.352495 -1.800537 -0.579834 1.556396 14.52 14.13 1.2 1.6 10.3178 9.3848 3.6698 -0.0107 0.000000 -0.006758 12.02 500 780 
16.280 3 -0.136655 0.091104 -10.371416 -0.061035 5.523682 -0.518799 13.07 15.39 0.6 1.8 9.7904 10.3178 3.6792 -0.0107 -0.002591 -0.007740 12.01 500 820 
16.313 3 -0.321260 0.556211 -9.340508 0.549316 -2.624512 -4.516602 14.54 13.95 2.4 1.2 8.6004 9.7228 3.6886 -0.0107 0.000000 -0.007483 12.01 490 780 
16.346 3 -1.476836 0.038359 -9.786435 -1.953125 -2.319336 3.692627 14.43 14.13 1.9 1.1 9.2495 10.2367 3.6979 -0.0107 0.000000 -0.007402 11.99 490 780 
16.379 3 -0.314067 0.004795 -10.373814 0.946045 9.674072 1.953125 13.17 15.54 0.5 2.6 10.0879 9.1954 3.7073 -0.0107 -0.002591 -0.007022 12.01 500 830 
16.412 3 -0.731226 -0.431543 -9.546689 0.152588 -4.882812 2.319336 14.92 13.98 1.3 1.8 10.6424 8.8303 3.7168 -0.0107 0.000000 -0.006988 12.01 500 820 
16.445 3 -0.035962 0.395581 -9.541894 -1.129150 1.831055 -0.396729 14.12 14.75 1.4 1.8 9.7228 9.4524 3.7262 -0.0107 -0.002591 -0.007269 12.00 490 800 
16.478 3 0.059937 0.210977 -9.951860 -0.701904 2.014160 -5.584717 13.46 15.94 0.9 2.6 9.7228 9.3848 3.7356 -0.0108 -0.005182 -0.006432 12.01 500 820 
16.511 3 -0.491479 -0.467505 -9.779243 1.037598 2.777100 7.049561 14.57 15.00 1.5 1.8 9.7904 9.7904 3.7451 -0.0108 -0.002591 -0.006726 11.99 500 820 
16.544 3 -0.618545 -0.187002 -9.772051 -0.091553 1.770020 -1.129150 14.67 14.06 1.2 1.4 10.6424 9.4524 3.7547 -0.0108 -0.002591 -0.008942 12.01 500 830 
16.577 3 -0.014385 -0.347632 -10.280313 1.037598 2.349854 -3.723145 13.41 15.63 0.4 2.5 10.4801 9.3171 3.7641 -0.0109 -0.005182 -0.007902 12.03 500 820 
16.610 3 -0.429145 -0.155835 -9.738486 1.220703 -3.906250 -2.685547 13.32 15.68 0.5 2.7 10.3178 9.1278 3.7738 -0.0109 -0.005182 -0.008039 12.02 500 830 
16.642 3 -1.414502 0.011987 -10.376210 -0.732422 -0.457764 2.349854 14.26 14.80 2.1 1.8 8.6680 9.7228 3.7832 -0.0109 -0.002591 -0.007716 12.02 490 820 
16.675 3 -0.592173 -0.342837 -9.877539 1.464844 5.950928 -1.800537 13.72 14.75 1.1 2.3 9.7228 8.9520 3.7929 -0.0109 -0.002591 -0.008901 12.01 490 820 
16.708 3 -0.546621 -0.385991 -9.642588 1.403809 -4.180908 -5.859375 14.88 14.01 1.4 1.9 10.4801 8.8844 3.8023 -0.0110 0.000000 -0.007761 12.00 500 790 
16.741 3 -1.145986 -0.702456 -10.318671 0.640869 -3.417969 0.610352 14.69 14.29 1.5 2.0 10.0879 9.0061 3.8119 -0.0110 0.000000 -0.007728 12.00 500 780 
16.774 3 0.047949 0.326055 -9.920693 1.220703 2.014160 4.974365 15.01 14.65 2.0 1.5 9.5200 9.9392 3.8216 -0.0110 0.000000 -0.006664 12.01 500 780 
16.807 3 -0.287695 -0.151040 -9.793628 0.366211 4.211426 -5.157471 14.56 14.34 1.3 1.9 10.2367 9.1278 3.8312 -0.0110 0.000000 -0.008741 12.01 490 780 
16.840 3 -0.707251 -0.599365 -9.644985 0.610352 0.610352 -3.112793 14.41 14.47 1.1 2.1 10.3990 9.0061 3.8409 -0.0110 0.000000 -0.008732 12.03 490 780 
16.873 3 -0.556211 -0.680879 -10.484097 0.274658 -2.319336 1.403809 14.53 14.17 1.2 1.8 10.3990 9.1954 3.8505 -0.0110 0.000000 -0.008986 12.02 500 820 
16.906 3 -0.503467 0.822329 -9.211044 0.793457 -0.823975 -0.244141 14.26 14.06 1.4 1.4 9.9392 9.5876 3.8601 -0.0110 0.000000 -0.009354 12.02 500 780 
16.939 3 -0.067129 -0.107886 -10.134068 0.823975 1.281738 -8.544922 14.62 14.43 1.7 1.9 9.5876 9.1954 3.8698 -0.0110 0.000000 -0.007253 12.01 490 770 
16.972 3 -1.086050 -0.381196 -9.539496 2.410889 -0.946045 0.976562 15.37 14.04 2.0 1.5 9.7904 9.5200 3.8792 -0.0110 0.002591 -0.007007 12.01 500 820 
17.005 3 -1.249077 -1.253872 -10.328261 -0.396729 0.091553 4.760742 14.16 15.53 0.7 2.7 10.5612 9.1278 3.8891 -0.0110 0.000000 -0.007170 12.02 500 790 
17.038 3 -0.345234 0.803149 -9.244609 -0.274658 2.868652 -1.007080 14.44 15.23 1.4 1.9 9.9392 9.7904 3.8987 -0.0109 0.000000 -0.007641 12.01 500 780 
17.071 3 0.208579 0.218169 -9.800820 0.427246 -0.335693 -5.004883 14.81 15.11 1.7 2.3 9.7904 9.0737 3.9083 -0.0109 0.000000 -0.007193 12.02 500 790 
17.104 3 -0.664097 -1.584722 -9.750473 0.793457 -1.464844 7.965088 14.85 15.05 1.4 2.1 10.2367 9.3848 3.9180 -0.0109 0.000000 -0.007727 12.01 500 790 
17.137 3 -0.004795 -0.508262 -10.421762 -0.579834 6.408691 7.080078 14.71 14.40 1.4 1.8 10.1555 9.0737 3.9276 -0.0109 0.000000 -0.009587 12.01 490 770 
17.170 3 0.182207 -0.700059 -9.872744 -0.091553 -0.213623 -2.593994 14.13 14.62 1.5 1.9 9.6552 9.1954 3.9371 -0.0110 -0.002591 -0.009501 12.02 500 820 
17.203 3 -0.879868 -0.445928 -10.045361 0.244141 -4.791260 1.495361 14.33 14.62 2.5 1.2 8.1948 10.3990 3.9463 -0.0110 -0.002591 -0.008320 11.99 500 820 
17.236 3 -0.680879 0.127065 -9.671357 -1.556396 5.371094 8.117676 15.36 13.41 2.4 0.7 9.2495 10.0068 3.9557 -0.0110 0.000000 -0.008497 12.02 490 820 
17.269 3 -0.412363 0.069526 -9.834385 -2.166748 1.037598 -1.525879 14.02 14.68 1.1 1.2 9.9392 10.4801 3.9652 -0.0110 -0.002591 -0.008545 12.01 500 820 
17.302 3 -1.064473 -0.501069 -9.966245 0.274658 -5.035400 -2.624512 14.16 14.73 1.4 1.6 9.7904 9.9392 3.9748 -0.0110 -0.002591 -0.007825 12.02 500 820 
17.335 3 -0.992549 -0.311670 -9.537099 -1.251221 -0.518799 -0.213623 15.01 13.64 2.4 0.2 9.0737 10.8993 3.9843 -0.0111 0.000000 -0.008369 12.02 500 790 
17.368 3 -0.127065 -0.637725 -10.850908 0.885010 5.340576 -1.220703 15.86 12.98 2.6 0.5 9.5200 9.9392 3.9937 -0.0111 0.002591 -0.007794 12.00 500 810 
17.401 3 -0.347632 0.038359 -10.059746 -0.457764 1.647949 4.669189 14.24 13.99 1.6 1.5 9.4524 9.3171 4.0031 -0.0111 0.000000 -0.008810 12.01 500 790 
17.434 3 -0.908638 0.007192 -9.659369 -0.915527 -3.601074 -2.227783 14.52 13.41 1.1 1.1 10.7235 9.4524 4.0124 -0.0111 0.000000 -0.008987 12.02 490 820 
17.467 3 -0.191797 0.103091 -9.575459 -1.220703 1.983643 -4.974365 14.80 13.64 1.5 1.4 10.2367 9.1954 4.0216 -0.0111 0.000000 -0.007250 12.02 500 820 
17.500 3 -1.155576 -1.119614 -9.299750 -0.518799 -5.065918 -2.075195 13.57 15.38 0.9 2.4 9.7904 9.3171 4.0310 -0.0111 -0.002591 -0.006336 12.02 500 820 
17.533 3 -0.561006 0.606558 -9.983027 -1.922607 5.035400 -3.112793 13.11 14.99 0.7 2.3 9.7228 9.0737 4.0403 -0.0111 -0.002591 -0.008374 12.02 490 820 
17.566 3 0.160630 -0.807944 -9.815205 -1.953125 -0.854492 -0.274658 14.64 13.90 1.7 1.9 9.7904 8.6680 4.0497 -0.0111 0.000000 -0.007080 12.01 490 780 
17.599 3 -1.452861 -1.196333 -9.776845 3.143311 -6.011963 -3.723145 13.33 15.64 0.3 2.4 10.4801 9.5876 4.0592 -0.0111 -0.002591 -0.006705 12.00 500 820 
17.632 3 -0.716841 -0.287695 -10.661509 1.892090 0.152588 1.922607 14.23 14.81 1.2 1.5 9.9392 10.1555 4.0686 -0.0111 0.000000 -0.007062 12.01 490 820 
17.665 3 -0.206182 -0.031167 -9.237416 -0.427246 2.655029 -5.737305 14.45 14.36 1.2 2.2 10.2367 8.5463 4.0778 -0.0111 0.000000 -0.007542 12.02 500 820 
17.698 3 -0.911035 -0.407568 -9.738486 0.122070 -6.805420 4.425049 14.22 14.24 2.4 1.3 8.2353 9.9392 4.0871 -0.0111 0.000000 -0.007917 12.02 500 790 
17.731 3 -1.356963 0.023975 -9.985424 -1.586914 7.415771 2.899170 14.64 13.68 1.4 0.9 10.0879 9.7228 4.0963 -0.0111 0.000000 -0.007995 12.02 500 820 
17.764 3 -0.673687 0.680879 -9.086377 1.617432 -5.187988 -0.915527 13.84 14.56 1.2 1.9 9.7904 9.0737 4.1053 -0.0111 -0.002591 -0.007451 12.02 500 820 
17.797 3 -0.570596 0.846304 -9.846372 0.823975 2.044678 -0.152588 14.06 14.21 1.3 1.2 9.7904 9.8580 4.1146 -0.0112 -0.002591 -0.007611 12.01 500 820 
17.830 3 0.083911 0.712046 -9.808012 1.770020 -3.326416 -2.197266 14.26 13.95 1.9 1.6 9.1954 9.0061 4.1238 -0.0112 -0.002591 -0.007383 12.02 500 810 
17.863 3 -2.157715 -0.335645 -9.359687 -0.488281 -0.610352 3.265381 15.45 13.12 2.9 0.7 8.5463 9.6552 4.1328 -0.0112 0.000000 -0.006560 12.00 490 820 
17.896 3 0.110283 0.124668 -10.697471 -1.708984 7.263184 5.035400 13.87 14.13 1.4 1.4 9.5200 9.5876 4.1423 -0.0112 -0.002591 -0.008037 12.03 500 810 
17.929 3 -0.369209 -0.673687 -9.527510 0.671387 -3.662109 -0.610352 13.89 13.89 1.2 1.3 9.8580 9.5876 4.1515 -0.0113 -0.002591 -0.008281 12.01 490 820 
17.962 3 -0.402773 -0.002397 -9.786435 0.427246 -0.366211 -0.549316 12.21 15.08 0.8 2.5 8.8303 9.0061 4.1605 -0.0113 -0.005182 -0.008482 12.01 500 830 
17.995 3 -0.249336 0.004795 -10.277915 -1.373291 -1.007080 -1.800537 13.36 14.47 1.3 2.4 9.0737 8.6004 4.1696 -0.0113 -0.002591 -0.006749 12.00 500 820 
18.028 3 -1.179551 -0.618545 -8.877797 -1.922607 -2.807617 -0.701904 14.34 13.22 1.8 1.1 9.2495 9.2495 4.1786 -0.0113 0.000000 -0.007295 12.02 490 780 
18.061 3 -0.124668 0.232554 -9.913501 -2.044678 2.258301 -7.629395 13.62 14.53 1.4 2.3 9.2495 8.6004 4.1876 -0.0113 -0.002591 -0.005772 12.01 500 810 
18.094 3 -0.908638 -0.505864 -10.371416 -0.122070 -1.617432 -0.427246 14.76 13.41 2.2 0.5 9.1278 10.3178 4.1967 -0.0114 0.000000 -0.006386 12.02 490 820 
18.127 3 -1.004536 -0.848701 -9.659369 1.068115 1.739502 2.044678 14.10 13.97 1.9 1.1 8.7762 10.0879 4.2059 -0.0114 0.000000 -0.006825 12.01 500 790 
18.160 3 0.069526 0.589775 -9.724101 -1.220703 0.854492 2.258301 14.12 13.65 1.4 1.5 9.7904 9.1278 4.2151 -0.0114 0.000000 -0.007708 12.01 500 810 
18.193 3 -0.659302 0.107886 -9.117543 -1.525879 -4.150391 -4.577637 14.54 13.49 1.2 1.2 10.5612 9.3848 4.2244 -0.0114 0.000000 -0.007053 12.02 490 820 
18.226 3 0.009590 0.405171 -9.824795 -0.488281 2.349854 -2.136230 14.30 13.66 1.5 1.4 9.7228 9.1954 4.2336 -0.0114 0.000000 -0.007062 12.02 490 770 
18.259 3 -1.215513 -0.011987 -9.963847 -0.732422 -2.929688 3.875732 15.42 12.62 2.7 0.6 8.8844 9.4524 4.2426 -0.0114 0.002591 -0.006694 12.01 490 820 
18.292 3 -0.743213 0.028770 -10.591982 1.953125 8.575439 -3.692627 13.82 13.68 1.6 1.5 9.0737 9.0061 4.2517 -0.0114 0.000000 -0.007657 12.01 500 780 
18.325 3 -0.608955 -0.335645 -9.532305 0.244141 -7.629395 0.061035 13.85 14.05 1.1 1.1 9.7904 10.0068 4.2609 -0.0114 0.000000 -0.006741 12.01 500 790 
18.358 3 -0.891855 0.143848 -9.484355 -0.793457 1.800537 0.396729 13.78 14.13 0.9 1.3 10.0068 9.7228 4.2697 -0.0114 0.000000 -0.006754 12.00 500 780 
18.391 3 0.107886 0.167822 -9.556279 0.244141 -1.251221 0.061035 14.06 14.15 1.4 1.9 9.6552 8.8844 4.2786 -0.0114 0.000000 -0.006045 12.02 500 770 
18.424 3 -0.261323 -0.057539 -8.717168 1.098633 -1.953125 -0.305176 12.91 14.94 1.2 2.0 8.8303 9.3848 4.2876 -0.0114 -0.002591 -0.006759 12.01 500 820 
18.456 3 -0.457915 0.160630 -9.975835 -1.464844 -4.425049 -0.488281 13.33 14.51 1.4 2.1 8.9520 8.8303 4.2964 -0.0114 -0.002591 -0.006430 12.02 500 820 
18.489 3 -0.592173 1.469643 -9.678550 -2.441406 4.791260 11.047363 14.50 13.25 2.6 0.3 8.1407 10.3178 4.3055 -0.0114 0.000000 -0.006654 12.01 510 800 
18.522 3 0.007192 0.047949 -9.736089 -0.640869 1.342773 -1.556396 12.96 14.13 1.0 2.2 9.2495 8.4517 4.3141 -0.0114 -0.002591 -0.007609 12.02 500 810 
18.555 3 -1.107627 0.630532 -8.985683 -1.403809 1.190186 2.807617 13.13 13.59 1.4 1.4 8.8303 8.9520 4.3229 -0.0114 -0.002591 -0.007664 12.01 500 820 
18.588 3 -0.565801 -1.258667 -10.428955 1.678467 -3.356934 -2.136230 13.22 13.33 1.3 0.9 9.0737 9.5876 4.3314 -0.0115 -0.002591 -0.007400 12.01 500 820 
18.621 3 -0.635327 -0.453120 -10.018989 1.617432 -2.716064 -4.699707 13.64 13.43 1.7 1.1 9.0061 9.3848 4.3402 -0.0115 -0.002591 -0.005600 12.01 490 820 
18.654 3 -0.680879 -0.328452 -9.270981 1.403809 -0.946045 4.028320 13.82 12.67 2.0 0.8 8.6004 9.2495 4.3488 -0.0115 0.000000 -0.006699 12.00 500 820 
18.687 3 -0.601763 -0.311670 -10.054951 0.579834 -0.762939 -3.845215 12.81 14.14 1.3 1.5 8.5463 9.5876 4.3575 -0.0115 -0.002591 -0.005348 12.03 500 820 
18.720 3 -1.011729 -0.381196 -9.738486 -0.091553 -5.004883 -0.579834 14.15 12.87 2.0 0.5 8.8303 9.8580 4.3661 -0.0115 0.000000 -0.005331 12.03 500 820 
18.753 3 -0.544224 0.086309 -10.325864 0.000000 4.241943 2.197266 13.90 13.37 2.0 1.3 8.6004 9.0737 4.3749 -0.0115 0.000000 -0.004834 12.02 490 780 
18.786 3 -0.688071 -0.263721 -10.107695 -0.701904 3.265381 5.645752 13.75 13.06 1.6 0.9 9.0061 9.3848 4.3838 -0.0115 0.000000 -0.006346 12.01 500 780 
18.819 3 -0.568198 -0.570596 -9.841577 -1.373291 -3.387451 0.823975 13.40 12.47 2.1 0.9 8.0460 8.9520 4.3922 -0.0115 0.000000 -0.007530 12.02 500 820 
18.852 3 -1.184346 -0.244541 -9.230225 -2.532959 -1.739502 -4.272461 13.84 12.60 1.4 1.0 9.4524 8.6680 4.4006 -0.0115 0.000000 -0.005653 12.01 500 820 
18.885 3 -0.124668 0.656904 -9.863154 -1.251221 -0.549316 -3.051758 12.43 14.17 0.9 1.9 8.8303 9.0737 4.4093 -0.0116 -0.002591 -0.005316 12.00 490 810 
18.918 3 -0.923022 0.409966 -9.043222 -1.190186 -0.457764 -1.953125 13.52 13.24 2.0 0.9 8.1948 9.5876 4.4179 -0.0116 0.000000 -0.005068 12.01 490 780 
18.951 3 -0.731226 -0.105488 -9.436406 0.579834 -3.173828 -4.760742 13.57 13.04 1.7 1.2 8.7762 8.8844 4.4263 -0.0116 0.000000 -0.005498 12.02 500 780 
18.984 3 -0.685674 -0.222964 -10.134068 3.021240 -4.058838 -7.263184 13.41 13.45 1.6 2.0 8.7762 8.1407 4.4352 -0.0116 0.000000 -0.004764 12.02 500 790 
19.017 3 -1.407310 -1.433682 -10.069336 -0.671387 -2.410889 0.061035 13.25 13.83 1.6 1.5 8.4517 9.3171 4.4436 -0.0116 0.000000 -0.004565 12.02 500 780 
19.050 3 -0.206182 0.613750 -10.249146 0.732422 3.814697 -1.281738 12.90 13.92 1.1 2.5 8.8844 7.7620 4.4520 -0.0115 0.000000 -0.005098 12.01 500 820 
19.083 3 -0.973369 -0.194194 -9.335712 0.427246 3.356934 7.171631 12.62 13.44 1.4 1.8 8.1407 8.3976 4.4604 -0.0115 0.000000 -0.006566 12.02 500 780 
19.116 3 -0.496274 0.604160 -10.095708 -1.007080 -3.112793 -0.244141 11.84 13.93 0.8 2.2 8.4517 8.2894 4.4687 -0.0115 -0.002591 -0.006302 12.02 490 810 
19.149 3 -0.690469 -0.561006 -9.851167 -1.647949 4.791260 1.800537 12.19 13.98 0.5 2.6 8.9520 7.7215 4.4767 -0.0115 -0.002591 -0.004621 11.99 490 820 
19.182 3 -1.287436 0.673687 -9.002465 -2.410889 1.312256 2.105713 13.62 12.24 1.4 0.9 9.2495 8.3976 4.4849 -0.0116 0.000000 -0.005410 12.02 500 820 
19.215 3 -1.313809 -0.383594 -9.796025 -0.579834 0.335693 3.295898 12.70 13.01 2.0 1.9 7.4645 7.6809 4.4932 -0.0116 -0.002591 -0.005154 12.01 500 820 
19.248 3 -0.342837 0.364414 -10.071733 1.068115 0.946045 -0.457764 12.66 12.50 1.2 1.5 8.7221 7.8161 4.5012 -0.0116 -0.002591 -0.005943 12.02 500 820 
19.281 3 -0.896650 -0.249336 -9.736089 -0.640869 -2.685547 -1.739502 11.59 13.58 0.4 2.6 8.8303 7.2617 4.5090 -0.0116 -0.005182 -0.005032 12.02 500 830 
19.314 3 -0.961382 1.253872 -9.251801 -3.875732 -1.190186 6.195068 12.83 12.59 1.7 0.8 8.0866 9.0061 4.5173 -0.0117 -0.002591 -0.004391 12.00 500 820 
19.347 3 -0.484287 -0.937407 -10.182016 1.495361 -2.227783 -0.610352 12.73 12.56 1.6 1.4 8.0866 8.1948 4.5253 -0.0117 -0.002591 -0.004424 12.00 500 820 
19.380 3 -0.683276 0.340439 -9.292559 -0.152588 -0.549316 1.556396 12.19 12.80 1.8 1.6 7.2617 8.1948 4.5333 -0.0117 -0.002591 -0.004743 12.02 500 830 
19.413 3 -0.191797 -0.076719 -10.110092 0.671387 3.753662 -2.166748 11.55 12.58 1.1 1.8 7.8161 7.6268 4.5409 -0.0117 -0.002591 -0.005952 12.01 490 820 
19.446 3 -0.875073 0.326055 -9.510727 -1.068115 -8.453369 -3.234863 12.99 11.50 1.9 1.0 7.9919 7.8973 4.5488 -0.0117 0.000000 -0.004150 12.00 500 820 
19.479 3 -1.172358 -1.105229 -9.860757 2.105713 -2.075195 2.380371 12.74 11.82 1.5 0.6 8.2353 8.6680 4.5564 -0.0117 0.000000 -0.003933 12.02 500 820 
19.512 3 -0.980561 -0.402773 -10.023784 0.183105 -1.892090 -2.014160 11.36 12.91 0.3 2.1 8.7221 7.4645 4.5642 -0.0118 -0.002591 -0.004025 12.02 490 820 
19.545 3 -0.644917 0.179810 -9.927885 -0.396729 -0.427246 -0.640869 11.42 12.97 1.2 2.0 7.5457 7.6809 4.5719 -0.0118 -0.002591 -0.003329 12.02 500 820 
19.578 3 -0.887061 -0.592173 -9.268583 0.701904 -1.220703 -0.823975 11.32 12.52 0.8 1.8 8.0460 7.5862 4.5795 -0.0118 -0.002591 -0.004284 12.02 500 830 
19.611 3 -1.179551 0.004795 -9.671357 0.183105 -2.441406 -5.493164 11.38 13.02 0.4 2.3 8.6004 7.3834 4.5871 -0.0118 -0.002591 -0.002637 12.01 500 820 
19.644 3 -1.141191 0.139053 -9.692934 -1.922607 -0.335693 4.791260 11.00 13.33 0.4 1.8 8.2353 8.3435 4.5947 -0.0118 -0.002591 -0.003257 12.01 500 820 
19.677 3 -0.649712 -0.131860 -9.623408 -1.464844 -2.716064 2.532959 10.88 12.86 0.5 2.4 7.9919 7.1129 4.6024 -0.0118 -0.002591 -0.004096 12.02 500 820 
19.710 3 -1.059678 -0.484287 -9.383662 0.976562 -5.493164 -2.227783 11.10 13.19 0.0 2.1 8.9520 7.7620 4.6100 -0.0118 -0.002591 -0.002616 12.02 500 820 
19.743 3 -0.932612 -0.139053 -9.623408 0.762939 3.387451 -2.868652 12.00 12.03 0.9 1.6 8.3976 7.4645 4.6174 -0.0118 0.000000 -0.003150 12.01 490 770 
19.776 3 -0.635327 -0.148643 -9.767256 1.159668 -0.152588 2.593994 11.50 12.50 0.5 2.1 8.4517 7.3023 4.6251 -0.0118 0.000000 -0.003148 12.02 500 830 
19.809 3 -0.865483 0.136655 -9.925488 -0.244141 9.582520 4.974365 11.45 12.54 0.7 1.6 7.9919 7.8161 4.6327 -0.0118 0.000000 -0.003113 12.01 500 780 
19.842 3 -0.261323 0.625737 -9.836782 0.579834 1.068115 -3.112793 11.65 11.99 1.4 1.5 7.4240 7.5457 4.6399 -0.0118 0.000000 -0.003373 12.01 500 780 
19.875 3 -1.167563 0.318862 -9.800820 -0.610352 1.800537 2.471924 11.87 11.81 1.4 1.8 7.4645 6.8560 4.6471 -0.0118 0.000000 -0.002704 12.02 500 780 
19.908 3 -0.843906 0.656904 -9.426816 -0.244141 1.373291 -0.030518 12.23 11.39 1.8 1.0 7.3428 7.5862 4.6544 -0.0118 0.000000 -0.002671 12.01 500 790 
19.941 3 -0.951792 -0.086309 -9.887129 -0.396729 0.305176 5.523682 12.55 11.44 2.3 0.2 6.7884 8.8844 4.6616 -0.0118 0.000000 -0.001685 12.00 490 780 
19.974 3 -0.822329 -0.151040 -9.371675 -0.671387 3.845215 6.072998 12.51 11.36 2.3 0.4 6.6261 8.4923 4.6688 -0.0118 0.000000 -0.002065 12.02 500 790 
20.007 3 -0.091104 0.088706 -9.436406 -0.335693 -2.777100 2.075195 11.33 11.66 1.4 1.4 7.2211 7.2211 4.6763 -0.0118 -0.002591 -0.003543 12.02 500 800 
20.040 3 -0.805547 0.146245 -9.654575 0.274658 -5.187988 -2.349854 10.56 12.53 1.1 1.9 6.8966 7.3023 4.6833 -0.0119 -0.005182 -0.002380 12.02 500 830 
20.073 3 -1.009331 0.630532 -9.992617 -1.464844 -0.457764 6.042480 12.24 10.99 2.4 0.3 6.6261 8.1948 4.6903 -0.0119 -0.002591 -0.001644 12.02 500 820 
20.106 3 -1.045293 0.069526 -9.083980 -0.335693 -5.706787 5.065918 11.63 11.21 2.0 0.6 6.5856 8.1407 4.6971 -0.0119 -0.002591 -0.002173 12.02 500 820 
20.139 3 -0.927817 0.019180 -9.544291 0.122070 -3.479004 -0.213623 11.58 11.04 1.6 -0.0 7.2617 8.8844 4.7044 -0.0119 -0.002591 -0.002354 12.02 500 820 
20.172 3 -1.229897 -0.043154 -9.191865 0.274658 -0.671387 -1.068115 10.59 10.83 1.3 1.3 6.6261 6.7884 4.7108 -0.0120 -0.002591 -0.003797 12.01 490 820 
20.205 3 -0.407568 -0.537031 -10.110092 1.464844 1.464844 -6.134033 10.72 10.64 1.3 1.5 6.7884 6.3151 4.7176 -0.0120 -0.002591 -0.002375 12.00 490 820 
20.238 3 -0.323657 -0.318862 -10.150849 1.739502 4.638672 -0.122070 11.59 10.15 1.9 1.6 6.6532 5.7201 4.7242 -0.0120 0.000000 -0.000835 12.02 500 820 
20.270 3 -0.187002 -0.062334 -9.853564 0.213623 -1.037598 -5.157471 10.04 11.52 1.1 2.1 6.3151 6.3151 4.7309 -0.0120 -0.002591 -0.000840 12.01 490 810 
